Log file open, 09/14/17 04:05:18
LogInit:Display: Running engine for game: MakeHimFall
LogPlatformFile: Not using cached read wrapper
LogInit:Display: RandInit(51129987) SRandInit(51129987).
LogTaskGraph: Started task graph with 5 named threads and 8 total threads with 1 sets of task threads.
LogStats: Stats thread started at 0.085693
LogInit: Using libcurl 7.47.1
LogInit:  - built for x86_64-pc-win32
LogInit:  - supports SSL with OpenSSL/1.0.2g
LogInit:  - supports HTTP deflate (compression) using libz 1.2.8
LogInit:  - other features:
LogInit:      CURL_VERSION_SSL
LogInit:      CURL_VERSION_LIBZ
LogInit:      CURL_VERSION_IPV6
LogInit:      CURL_VERSION_ASYNCHDNS
LogInit:      CURL_VERSION_LARGEFILE
LogInit:      CURL_VERSION_IDN
LogInit:  CurlRequestOptions (configurable via config and command line):
LogInit:  - bVerifyPeer = false  - Libcurl will NOT verify peer certificate
LogInit:  - bUseHttpProxy = false  - Libcurl will NOT use HTTP proxy
LogInit:  - bDontReuseConnections = false  - Libcurl will reuse connections
LogInit:  - CertBundlePath = nullptr  - Libcurl will use whatever was configured at build time.
LogInit: Build: ++UE4+Release-4.15-CL-3450819
LogInit: Engine Version: 4.15.3-3450819+++UE4+Release-4.15
LogInit: Compatible Engine Version: 4.15.0-3299760+++UE4+Release-4.15
LogInit: Net CL: 3299760
LogDevObjectVersion: Number of dev versions registered: 14
LogDevObjectVersion:   Dev-Blueprints (B0D832E4-1F89-4F0D-ACCF-7EB736FD4AA2): 8
LogDevObjectVersion:   Dev-Build (E1C64328-A22C-4D53-A36C-8E866417BD8C): 0
LogDevObjectVersion:   Dev-Core (375EC13C-06E4-48FB-B500-84F0262A717E): 2
LogDevObjectVersion:   Dev-Editor (E4B068ED-F494-42E9-A231-DA0B2E46BB41): 14
LogDevObjectVersion:   Dev-Framework (CFFC743F-43B0-4480-9391-14DF171D2073): 22
LogDevObjectVersion:   Dev-Mobile (B02B49B5-BB20-44E9-A304-32B752E40360): 0
LogDevObjectVersion:   Dev-Networking (A4E4105C-59A1-49B5-A7C5-40C4547EDFEE): 0
LogDevObjectVersion:   Dev-Online (39C831C9-5AE6-47DC-9A44-9C173E1C8E7C): 0
LogDevObjectVersion:   Dev-Physics (78F01B33-EBEA-4F98-B9B4-84EACCB95AA2): 0
LogDevObjectVersion:   Dev-Platform (6631380F-2D4D-43E0-8009-CF276956A95A): 0
LogDevObjectVersion:   Dev-Rendering (12F88B9F-8875-4AFC-A67C-D90C383ABD29): 12
LogDevObjectVersion:   Dev-Sequencer (7B5AE74C-D270-4C10-A958-57980B212A5A): 3
LogDevObjectVersion:   Dev-VR (D7296918-1DD6-4BDD-9DE2-64A83CC13884): 0
LogDevObjectVersion:   Dev-LoadTimes (C2A15278-BFE7-4AFE-6C17-90FF531DF755): 1
LogInit: Compiled (64-bit): May 21 2017 11:02:34
LogInit: Compiled with Visual C++: 19.00.23026.00
LogInit: Build Configuration: Development
LogInit: Branch Name: ++UE4+Release-4.15
LogInit: Command line:  
LogInit: Base directory: C:/Program Files/Epic Games/UE_4.15/Engine/Binaries/Win64/
LogInit: Installed Engine Build: 1
LogInit: Presizing for max 8388607 objects, including 0 objects not considered by GC, pre-allocating 0 bytes for permanent pool.
LogInit: Object subsystem initialized
[2017.09.14-08.05.19:253][  0]LogInit: Selected Device Profile: [Windows]
[2017.09.14-08.05.19:253][  0]LogInit: Applying CVar settings loaded from the selected device profile: [Windows]
[2017.09.14-08.05.19:261][  0]LogInit: Computer: JMAX-PC
[2017.09.14-08.05.19:261][  0]LogInit: User: JeanMaxime
[2017.09.14-08.05.19:261][  0]LogInit: CPU Page size=65536, Cores=4
[2017.09.14-08.05.19:261][  0]LogInit: High frequency timer resolution =2.435780 MHz
[2017.09.14-08.05.19:261][  0]LogMemory: Memory total: Physical=15.9GB (16GB approx)
[2017.09.14-08.05.19:261][  0]LogMemory: Platform Memory Stats for Windows
[2017.09.14-08.05.19:261][  0]LogMemory: Process Physical Memory: 262.72 MB used, 262.72 MB peak
[2017.09.14-08.05.19:261][  0]LogMemory: Process Virtual Memory: 262.36 MB used, 262.36 MB peak
[2017.09.14-08.05.19:261][  0]LogMemory: Physical Memory: 6615.07 MB used,  9651.93 MB free, 16267.00 MB total
[2017.09.14-08.05.19:261][  0]LogMemory: Virtual Memory: 631.09 MB used,  9651.93 MB free, 134217728.00 MB total
[2017.09.14-08.05.19:352][  0]LogTextLocalizationManager: No translations for ('fr-FR') exist, falling back to 'en' for localization and internationalization data.
[2017.09.14-08.05.20:085][  0]LogD3D11RHI: D3D11 adapters:
[2017.09.14-08.05.20:675][  0]LogD3D11RHI:    0. 'NVIDIA GeForce GTX 860M' (Feature Level 11_0)
[2017.09.14-08.05.20:675][  0]LogD3D11RHI:       4065/0/8133 MB DedicatedVideo/DedicatedSystem/SharedSystem, Outputs:1, VendorId:0x10de
[2017.09.14-08.05.20:681][  0]LogD3D11RHI:    1. 'Intel(R) HD Graphics 4600' (Feature Level 11_0)
[2017.09.14-08.05.20:681][  0]LogD3D11RHI:       112/0/2048 MB DedicatedVideo/DedicatedSystem/SharedSystem, Outputs:0, VendorId:0x8086
[2017.09.14-08.05.20:682][  0]LogD3D11RHI:    2. 'Microsoft Basic Render Driver' (Feature Level 11_0)
[2017.09.14-08.05.20:682][  0]LogD3D11RHI:       0/0/8133 MB DedicatedVideo/DedicatedSystem/SharedSystem, Outputs:0, VendorId:0x1414
[2017.09.14-08.05.20:682][  0]LogD3D11RHI: Chosen D3D11 Adapter: 0
[2017.09.14-08.05.20:688][  0]LogD3D11RHI: Creating new Direct3DDevice
[2017.09.14-08.05.20:688][  0]LogD3D11RHI:     GPU DeviceId: 0x1392 (for the marketing name, search the web for "GPU Device Id")
[2017.09.14-08.05.20:688][  0]LogWindows: EnumDisplayDevices:
[2017.09.14-08.05.20:688][  0]LogWindows:    0. 'Intel(R) HD Graphics 4600' (P:1 D:1)
[2017.09.14-08.05.20:689][  0]LogWindows:    1. 'Intel(R) HD Graphics 4600' (P:0 D:0)
[2017.09.14-08.05.20:689][  0]LogWindows:    2. 'Intel(R) HD Graphics 4600' (P:0 D:0)
[2017.09.14-08.05.20:689][  0]LogWindows: DebugString: PrimaryIsNotTheChoosenAdapter PrimaryIsNotTheChoosenAdapter PrimaryIsNotTheChoosenAdapter FoundDriverCount:0 
[2017.09.14-08.05.20:689][  0]LogD3D11RHI:     Adapter Name: NVIDIA GeForce GTX 860M
[2017.09.14-08.05.20:689][  0]LogD3D11RHI:   Driver Version: Unknown (internal:Unknown, unified:Unknown)
[2017.09.14-08.05.20:689][  0]LogD3D11RHI:      Driver Date: Unknown
[2017.09.14-08.05.20:689][  0]LogRHI: Texture pool is 1361 MB (70% of 1945 MB)
[2017.09.14-08.05.21:257][  0]LogD3D11RHI: Async texture creation enabled
[2017.09.14-08.05.21:292][  0]LogD3D11RHI: GPU Timing Frequency: 1000.000000 (Debug: 2 1)
[2017.09.14-08.05.21:292][  0]LogShaderCompilers: Guid format shader working directory is 17 characters bigger than the processId version (D:/GameJam1_MakeHimFall/MakeHimFall/Intermediate/Shaders/WorkingDirectory/8716/).
[2017.09.14-08.05.21:293][  0]LogShaderCompilers: Cleaned the shader compiler working directory 'C:/Users/Jean-Maxime/AppData/Local/Temp/UnrealShaderWorkingDir/200CDCB949B0808A5A33F6AE6E1EFC19/'.
[2017.09.14-08.05.21:293][  0]LogShaderCompilers:Display: Using Local Shader Compiler.
[2017.09.14-08.05.22:440][  0]LogTemp:Display: Loaded TP AllDesktopTargetPlatform
[2017.09.14-08.05.22:508][  0]LogTemp:Display: Loaded TP MacClientTargetPlatform
[2017.09.14-08.05.22:575][  0]LogTemp:Display: Loaded TP MacNoEditorTargetPlatform
[2017.09.14-08.05.22:640][  0]LogTemp:Display: Loaded TP MacServerTargetPlatform
[2017.09.14-08.05.22:712][  0]LogTemp:Display: Loaded TP MacTargetPlatform
[2017.09.14-08.05.22:778][  0]LogTemp:Display: Loaded TP WindowsClientTargetPlatform
[2017.09.14-08.05.22:845][  0]LogTemp:Display: Loaded TP WindowsNoEditorTargetPlatform
[2017.09.14-08.05.22:914][  0]LogTemp:Display: Loaded TP WindowsServerTargetPlatform
[2017.09.14-08.05.22:970][  0]LogTemp:Display: Loaded TP WindowsTargetPlatform
[2017.09.14-08.05.23:035][  0]LogTemp:Display: Loaded TP AndroidTargetPlatform
[2017.09.14-08.05.23:101][  0]LogTemp:Display: Loaded TP Android_ASTCTargetPlatform
[2017.09.14-08.05.23:167][  0]LogTemp:Display: Loaded TP Android_ATCTargetPlatform
[2017.09.14-08.05.23:232][  0]LogTemp:Display: Loaded TP Android_DXTTargetPlatform
[2017.09.14-08.05.23:297][  0]LogTemp:Display: Loaded TP Android_ETC1TargetPlatform
[2017.09.14-08.05.23:366][  0]LogTemp:Display: Loaded TP Android_ETC2TargetPlatform
[2017.09.14-08.05.23:494][  0]LogTemp:Display: Loaded TP Android_MultiTargetPlatform
[2017.09.14-08.05.23:494][  0]LogTemp:Display: Loaded TP Android_PVRTCTargetPlatform
[2017.09.14-08.05.23:544][  0]LogTemp:Display: Loaded TP HTML5TargetPlatform
[2017.09.14-08.05.23:657][  0]LogTemp:Display: Loaded TP IOSTargetPlatform
[2017.09.14-08.05.23:695][  0]LogTemp:Display: Loaded TP TVOSTargetPlatform
[2017.09.14-08.05.23:760][  0]LogTemp:Display: Loaded TP LinuxClientTargetPlatform
[2017.09.14-08.05.23:825][  0]LogTemp:Display: Loaded TP LinuxNoEditorTargetPlatform
[2017.09.14-08.05.23:889][  0]LogTemp:Display: Loaded TP LinuxServerTargetPlatform
[2017.09.14-08.05.23:956][  0]LogTemp:Display: Loaded TP LinuxTargetPlatform
[2017.09.14-08.05.23:956][  0]LogTargetPlatformManager:Display: Building Assets For Windows
[2017.09.14-08.05.24:479][  0]LogDerivedDataCache:Display: Max Cache Size: 512 MB
[2017.09.14-08.05.24:534][  0]LogDerivedDataCache: Loaded boot cache 0.05s 50MB C:/Users/Jean-Maxime/AppData/Local/UnrealEngine/4.15/DerivedDataCache/Boot.ddc.
[2017.09.14-08.05.24:534][  0]LogDerivedDataCache:Display: Loaded Boot cache: C:/Users/Jean-Maxime/AppData/Local/UnrealEngine/4.15/DerivedDataCache/Boot.ddc
[2017.09.14-08.05.24:534][  0]LogDerivedDataCache: FDerivedDataBackendGraph:  Pak pak cache file D:/GameJam1_MakeHimFall/MakeHimFall/DerivedDataCache/DDC.ddp not found, will not use a pak cache.
[2017.09.14-08.05.24:534][  0]LogDerivedDataCache: Unable to find inner node Pak for hierarchical cache Hierarchy.
[2017.09.14-08.05.24:534][  0]LogDerivedDataCache: FDerivedDataBackendGraph:  CompressedPak pak cache file D:/GameJam1_MakeHimFall/MakeHimFall/DerivedDataCache/Compressed.ddp not found, will not use a pak cache.
[2017.09.14-08.05.24:534][  0]LogDerivedDataCache: Unable to find inner node CompressedPak for hierarchical cache Hierarchy.
[2017.09.14-08.05.24:551][  0]LogDerivedDataCache:Display: Pak cache opened for reading ../../../Engine/DerivedDataCache/Compressed.ddp.
[2017.09.14-08.05.24:564][  0]LogDerivedDataCache: Using Local data cache path C:/Users/Jean-Maxime/AppData/Local/UnrealEngine/Common/DerivedDataCache: Writable
[2017.09.14-08.05.24:573][  0]LogSlate: Using Freetype 2.6.0
[2017.09.14-08.05.24:574][  0]LogSlate: SlateFontCache - WITH_FREETYPE: 1, WITH_HARFBUZZ: 1
[2017.09.14-08.05.24:574][  0]LogSlate: SlateFontCache - WITH_FREETYPE: 1, WITH_HARFBUZZ: 1
[2017.09.14-08.05.24:901][  0]LogInit: Selected Device Profile: [Windows]
[2017.09.14-08.05.24:904][  0]LogContentStreaming: Texture pool size is 0.00 MB
[2017.09.14-08.05.25:144][  0]LogMeshUtilities: Using QuadricMeshReduction for automatic static mesh reduction
[2017.09.14-08.05.25:199][  0]LogSimplygon: Simplygon DLL not present - disabling.
[2017.09.14-08.05.25:263][  0]LogMeshUtilities: Using SimplygonSwarm for distributed automatic mesh merging
[2017.09.14-08.05.25:263][  0]LogMeshUtilities: No automatic skeletal mesh reduction module available
[2017.09.14-08.05.25:263][  0]LogMeshUtilities: No automatic mesh merging module available
[2017.09.14-08.05.25:845][  0]LogNetVersion: GetLocalNetworkVersion: CL: 3299760, ProjectName: makehimfall, ProjectVersion: , EngineNetworkVersion: 2, GameNetworkVersion: 0, NetworkChecksum: 4172576148
[2017.09.14-08.05.25:893][  0]LogAssetRegistry: FAssetRegistry took 0.0218 seconds to start up
[2017.09.14-08.05.25:929][  0]LogPackageLocalizationCache: Processed 3 localized package path(s) for 1 prioritized culture(s) in 0.013114 seconds
[2017.09.14-08.05.25:935][  0]LogUObjectArray: 32493 objects as part of root set at end of initial load.
[2017.09.14-08.05.25:935][  0]LogUObjectAllocator: 7077032 out of 0 bytes used by permanent object pool.
[2017.09.14-08.05.25:935][  0]LogUObjectArray: CloseDisregardForGC: 0/0 objects in disregard for GC pool
[2017.09.14-08.05.26:003][  0]LogInit: WinSock: version 1.1 (2.2), MaxSocks=32767, MaxUdp=65467
[2017.09.14-08.05.28:118][  0]LogTcpMessaging: Initializing TcpMessaging bridge
[2017.09.14-08.05.28:168][  0]LogUdpMessaging: Initializing bridge on interface 0.0.0.0:0 to multicast group 230.0.0.1:6666.
[2017.09.14-08.05.28:752][  0]LogMaterial: Uniform references updated for custom material expression Custom.
[2017.09.14-08.05.29:236][  0]SourceControl: Info Source control is disabled
[2017.09.14-08.05.29:236][  0]SourceControl: Info Source control is disabled
[2017.09.14-08.05.29:300][  0]SourceControl: Info Source control is disabled
[2017.09.14-08.05.29:365][  0]SourceControl: Info Source control is disabled
[2017.09.14-08.05.31:000][  0]LogEngine: Initializing Engine...
[2017.09.14-08.05.31:001][  0]LogHMD: Failed to initialize OpenVR with code 110
[2017.09.14-08.05.31:113][  0]LogStats: UGameplayTagsManager::ConstructGameplayTagTree: Construct from data asset -  0.000 s
[2017.09.14-08.05.31:113][  0]LogStats: UGameplayTagsManager::ConstructGameplayTagTree: GameplayTagTreeChangedEvent.Broadcast -  0.000 s
[2017.09.14-08.05.31:269][  0]LogAIModule: Creating AISystem for world Untitled
[2017.09.14-08.05.31:279][  0]LogInit: XAudio2 using 'Speakers (Realtek High Definition Audio)' : 2 channels at 48 kHz using 32 bits per sample (channel mask 0x3)
[2017.09.14-08.05.31:408][  0]LogInit: FAudioDevice initialized.
[2017.09.14-08.05.31:435][  0]LogDerivedDataCache: Saved boot cache 0.03s 50MB C:/Users/Jean-Maxime/AppData/Local/UnrealEngine/4.15/DerivedDataCache/Boot.ddc.
[2017.09.14-08.05.31:441][  0]LogInit: Texture streaming: Enabled
[2017.09.14-08.05.31:547][  0]LogEngineSessionManager: EngineSessionManager initialized
[2017.09.14-08.05.31:657][  0]LogInit: Transaction tracking system initialized
[2017.09.14-08.05.32:103][  0]BlueprintLog: New page: Editor Load
[2017.09.14-08.05.33:200][  0]LocalizationService: Info Localization service is disabled
[2017.09.14-08.05.34:040][  0]LogConsoleResponse:Display: 
[2017.09.14-08.05.34:171][  0]LogCook:Display: Max memory allowance for cook 16384mb min free memory 0mb
[2017.09.14-08.05.34:171][  0]LogCook:Display: Mobile HDR setting 1
[2017.09.14-08.05.34:569][  0]LogFileCache: Scanning file cache for directory 'D:/GameJam1_MakeHimFall/MakeHimFall/Content/' took 0.01s
[2017.09.14-08.05.35:485][  0]SourceControl: Info Source control is disabled
[2017.09.14-08.05.35:486][  0]Cmd: MAP LOAD FILE="../../../Engine/Content/Maps/Templates/Template_Default.umap" TEMPLATE=1 SHOWPROGRESS=1 FEATURELEVEL=3
[2017.09.14-08.05.35:486][  0]LightingResults: New page: Lighting Build
[2017.09.14-08.05.35:539][  0]MapCheck: New page: Map Check
[2017.09.14-08.05.35:539][  0]LightingResults: New page: Lighting Build
[2017.09.14-08.05.35:734][  0]LogAIModule: Creating AISystem for world Untitled_1
[2017.09.14-08.05.35:751][  0]LogActorComponent: RegisterComponentWithWorld: (/Temp/Untitled_1.Untitled_1:PersistentLevel.WorldSettings_1.StaticMeshComponent0) Trying to register component with IsPendingKill() == true. Aborting.
[2017.09.14-08.05.35:755][  0]LogEditorServer: Finished looking for orphan Actors (0.000 secs)
[2017.09.14-08.05.35:758][  0]Cmd: MAP CHECKDEP NOCLEARLOG
[2017.09.14-08.05.35:838][  0]MapCheck: Info Map check complete: 0 Error(s), 0 Warning(s), took 79.29ms to complete.
[2017.09.14-08.05.35:838][  0]LogFileHelpers: Loading map 'Template_Default' took 0.353
[2017.09.14-08.05.35:896][  0]LogWindowsTextInputMethodSystem:Display: IME system now deactivated.
[2017.09.14-08.05.36:010][  0]LogCollectionManager: Loaded 0 collections in 0.002274 seconds
[2017.09.14-08.05.36:101][  0]LogFileCache: Scanning file cache for directory 'D:/GameJam1_MakeHimFall/MakeHimFall/Saved/Collections/' took 0.01s
[2017.09.14-08.05.36:101][  0]LogFileCache: Scanning file cache for directory 'D:/GameJam1_MakeHimFall/MakeHimFall/Content/Developers/JeanMaxime/Collections/' took 0.01s
[2017.09.14-08.05.36:101][  0]LogFileCache: Scanning file cache for directory 'D:/GameJam1_MakeHimFall/MakeHimFall/Content/Collections/' took 0.01s
[2017.09.14-08.05.36:101][  0]LogCollectionManager: Rebuilt the GUID cache for 0 collections in 0.000002 seconds
[2017.09.14-08.05.36:111][  0]LogContentBrowser: Native class hierarchy populated in 0.0090 seconds. Added 2245 classes and 453 folders.
[2017.09.14-08.05.36:191][  0]LogContentBrowser: Native class hierarchy updated for 'WidgetCarousel' in 0.0005 seconds. Added 0 classes and 0 folders.
[2017.09.14-08.05.36:257][  0]LogContentBrowser: Native class hierarchy updated for 'AddContentDialog' in 0.0005 seconds. Added 0 classes and 0 folders.
[2017.09.14-08.05.36:317][  0]LogContentBrowser: Native class hierarchy updated for 'SceneOutliner' in 0.0005 seconds. Added 1 classes and 2 folders.
[2017.09.14-08.05.36:369][  0]LogCrashTracker: Crashtracker disabled due to settings.
[2017.09.14-08.05.36:376][  0]LogUObjectGlobals:Warning: Failed to find object 'Class None.'
[2017.09.14-08.05.36:458][  0]LogContentBrowser: Native class hierarchy updated for 'HierarchicalLODOutliner' in 0.0005 seconds. Added 1 classes and 2 folders.
[2017.09.14-08.05.36:458][  0]LogLoad: (Engine Initialization) Total time: 19.54 seconds
[2017.09.14-08.05.36:458][  0]LogLoad: (Engine Initialization) Total Blueprint compile time: 0.10 seconds
[2017.09.14-08.05.36:458][  0]LogExternalProfiler: Found external profiler: VSPerf
[2017.09.14-08.05.36:458][  0]LogExternalProfiler: Using external profiler: VSPerf
[2017.09.14-08.05.36:477][  0]LogOcInput: OculusInput pre-init called
[2017.09.14-08.05.36:493][  0]LogAssetRegistry: Asset discovery search completed in 10.6217 seconds
[2017.09.14-08.05.36:493][  0]LogCollectionManager: Rebuilt the object cache for 0 collections in 0.000003 seconds (found 0 objects)
[2017.09.14-08.05.36:493][  0]LogCollectionManager: Fixed up redirectors for 0 collections in 0.000014 seconds (updated 0 objects)
[2017.09.14-08.05.36:495][  0]LogContentStreaming: Texture pool size now 1000 MB
[2017.09.14-08.05.36:505][  0]LogSlate: Took 0.000357 seconds to synchronously load lazily loaded font '../../../Engine/Content/Slate/Fonts/Roboto-Regular.ttf' (155K)
[2017.09.14-08.05.36:508][  0]LogSlate: Took 0.000278 seconds to synchronously load lazily loaded font '../../../Engine/Content/Slate/Fonts/Roboto-Bold.ttf' (160K)
[2017.09.14-08.05.36:514][  0]LogSlate: Took 0.000259 seconds to synchronously load lazily loaded font '../../../Engine/Content/Editor/Slate/Fonts/FontAwesome.ttf' (139K)
[2017.09.14-08.05.36:588][  0]LogSlate: Took 0.000579 seconds to synchronously load lazily loaded font '../../../Engine/Content/Slate/Fonts/Roboto-Light.ttf' (159K)
[2017.09.14-08.05.36:639][  0]LogRenderer: Reallocating scene render targets to support 964x436 NumSamples 1 (Frame:2).
[2017.09.14-08.10.21:928][906]LogSlate: Took 0.000220 seconds to synchronously load lazily loaded font '../../../Engine/Content/Slate/Fonts/Roboto-Light.ttf' (159K)
[2017.09.14-08.11.48:658][288]LogTextFormatter:Warning: Failed to parse argument "ExistingAsset" as a number (using "0" as a fallback). Please check your format string for errors: "{ExistingAsset} already exists. Do you want to replace it?".
[2017.09.14-08.11.50:484][288]Cmd: OBJ SAVEPACKAGE PACKAGE="/Game/Maps/Level_1" FILE="D:/GameJam1_MakeHimFall/MakeHimFall/Content/Maps/Level_1.umap" SILENT=true AUTOSAVING=false KEEPDIRTY=false
[2017.09.14-08.11.50:523][288]LogSavePackage: Save=22.95ms
[2017.09.14-08.11.50:523][288]LogSavePackage: Moving 'D:/GameJam1_MakeHimFall/MakeHimFall/Saved/Level_132156AEE4A6B8E686D28E18FBBDA0DF1.tmp' to 'D:/GameJam1_MakeHimFall/MakeHimFall/Content/Maps/Level_1.umap'
[2017.09.14-08.11.50:524][288]LogSavePackage:Display: Finished SavePackage D:/GameJam1_MakeHimFall/MakeHimFall/Content/Maps/Level_1.umap
[2017.09.14-08.11.50:540][288]LogFileHelpers: Saving map 'Level_1' took 0.264
[2017.09.14-08.11.55:555][588]Cmd: OBJ SAVEPACKAGE PACKAGE="/Game/Maps/Level_1" FILE="D:/GameJam1_MakeHimFall/MakeHimFall/Content/Maps/Level_1.umap" SILENT=true AUTOSAVING=false KEEPDIRTY=false
[2017.09.14-08.11.55:589][588]LogSavePackage: Save=22.54ms
[2017.09.14-08.11.55:589][588]LogSavePackage: Moving 'D:/GameJam1_MakeHimFall/MakeHimFall/Saved/Level_1C545176449F190A756FFCCA67E662713.tmp' to 'D:/GameJam1_MakeHimFall/MakeHimFall/Content/Maps/Level_1.umap'
[2017.09.14-08.11.55:590][588]LogSavePackage:Display: Finished SavePackage D:/GameJam1_MakeHimFall/MakeHimFall/Content/Maps/Level_1.umap
[2017.09.14-08.11.59:613][826]Cmd: OBJ SAVEPACKAGE PACKAGE="/Game/Characters/Jumper_BP" FILE="D:/GameJam1_MakeHimFall/MakeHimFall/Content/Characters/Jumper_BP.uasset" SILENT=true
[2017.09.14-08.11.59:628][826]LogSavePackage: Save=13.50ms
[2017.09.14-08.11.59:628][826]LogSavePackage: Moving 'D:/GameJam1_MakeHimFall/MakeHimFall/Saved/Jumper_BPE0F6F46B43B229C2EAF7D7866B79FF96.tmp' to 'D:/GameJam1_MakeHimFall/MakeHimFall/Content/Characters/Jumper_BP.uasset'
[2017.09.14-08.11.59:630][826]LogSavePackage:Display: Finished SavePackage D:/GameJam1_MakeHimFall/MakeHimFall/Content/Characters/Jumper_BP.uasset
[2017.09.14-08.18.10:409][180]LogMetaData: Removing '/Game/BP/Characters/Jumper_BP.Jumper_BP:UserConstructionScript.K2Node_FunctionEntry_0' ref from Metadata '/Game/Characters/Jumper_BP.PackageMetaData'
[2017.09.14-08.18.10:409][180]LogMetaData: Removing '/Game/BP/Characters/Jumper_BP.SKEL_Jumper_BP_C:UserConstructionScript' ref from Metadata '/Game/Characters/Jumper_BP.PackageMetaData'
[2017.09.14-08.18.10:409][180]LogMetaData: Removing '/Game/BP/Characters/Jumper_BP.SKEL_Jumper_BP_C' ref from Metadata '/Game/Characters/Jumper_BP.PackageMetaData'
[2017.09.14-08.18.10:409][180]LogMetaData: Removing '/Game/BP/Characters/Jumper_BP.Jumper_BP_C:UserConstructionScript' ref from Metadata '/Game/Characters/Jumper_BP.PackageMetaData'
[2017.09.14-08.18.10:409][180]LogMetaData: Removing '/Game/BP/Characters/Jumper_BP.Jumper_BP_C' ref from Metadata '/Game/Characters/Jumper_BP.PackageMetaData'
[2017.09.14-08.18.10:409][180]LogMetaData: Removing '/Game/BP/Characters/Jumper_BP.Jumper_BP:EventGraph.K2Node_Event_0' ref from Metadata '/Game/Characters/Jumper_BP.PackageMetaData'
[2017.09.14-08.18.10:409][180]LogMetaData: Removing '/Game/BP/Characters/Jumper_BP.Jumper_BP:EventGraph.K2Node_Event_1' ref from Metadata '/Game/Characters/Jumper_BP.PackageMetaData'
[2017.09.14-08.18.10:409][180]LogMetaData: Removing '/Game/BP/Characters/Jumper_BP.Jumper_BP:EventGraph.K2Node_Event_2' ref from Metadata '/Game/Characters/Jumper_BP.PackageMetaData'
[2017.09.14-08.18.10:424][180]Cmd: OBJ SAVEPACKAGE PACKAGE="/Game/BP/Characters/Jumper_BP" FILE="D:/GameJam1_MakeHimFall/MakeHimFall/Content/BP/Characters/Jumper_BP.uasset" SILENT=true
[2017.09.14-08.18.10:438][180]LogSavePackage: Save=13.00ms
[2017.09.14-08.18.10:438][180]LogSavePackage: Moving 'D:/GameJam1_MakeHimFall/MakeHimFall/Saved/Jumper_BP20C0D51E4BB7231E619DCF997BB78FF5.tmp' to 'D:/GameJam1_MakeHimFall/MakeHimFall/Content/BP/Characters/Jumper_BP.uasset'
[2017.09.14-08.18.10:440][180]LogSavePackage:Display: Finished SavePackage D:/GameJam1_MakeHimFall/MakeHimFall/Content/BP/Characters/Jumper_BP.uasset
[2017.09.14-08.20.18:261][241]LogMetaData: Removing '/Game/BP/GameModeMHF.GameModeMHF:UserConstructionScript.K2Node_FunctionEntry_0' ref from Metadata '/Game/BP/GameMode.PackageMetaData'
[2017.09.14-08.20.18:261][241]LogMetaData: Removing '/Game/BP/GameModeMHF.SKEL_GameModeMHF_C' ref from Metadata '/Game/BP/GameMode.PackageMetaData'
[2017.09.14-08.20.18:261][241]LogMetaData: Removing '/Game/BP/GameModeMHF.GameModeMHF_C' ref from Metadata '/Game/BP/GameMode.PackageMetaData'
[2017.09.14-08.20.18:261][241]LogMetaData: Removing '/Game/BP/GameModeMHF.GameModeMHF:EventGraph.K2Node_Event_0' ref from Metadata '/Game/BP/GameMode.PackageMetaData'
[2017.09.14-08.20.18:261][241]LogMetaData: Removing '/Game/BP/GameModeMHF.GameModeMHF:EventGraph.K2Node_Event_1' ref from Metadata '/Game/BP/GameMode.PackageMetaData'
[2017.09.14-08.20.18:276][241]Cmd: OBJ SAVEPACKAGE PACKAGE="/Game/BP/GameModeMHF" FILE="D:/GameJam1_MakeHimFall/MakeHimFall/Content/BP/GameModeMHF.uasset" SILENT=true
[2017.09.14-08.20.18:284][241]LogSavePackage: Save=7.70ms
[2017.09.14-08.20.18:284][241]LogSavePackage: Moving 'D:/GameJam1_MakeHimFall/MakeHimFall/Saved/GameModeMHF6BE64EBD4D4700792F44B282A17DABEB.tmp' to 'D:/GameJam1_MakeHimFall/MakeHimFall/Content/BP/GameModeMHF.uasset'
[2017.09.14-08.20.18:286][241]LogSavePackage:Display: Finished SavePackage D:/GameJam1_MakeHimFall/MakeHimFall/Content/BP/GameModeMHF.uasset
[2017.09.14-08.20.21:618][437]Cmd: OBJ SAVEPACKAGE PACKAGE="/Game/Maps/Level_1" FILE="D:/GameJam1_MakeHimFall/MakeHimFall/Content/Maps/Level_1.umap" SILENT=true AUTOSAVING=false KEEPDIRTY=false
[2017.09.14-08.20.21:663][437]LogSavePackage: Save=34.37ms
[2017.09.14-08.20.21:663][437]LogSavePackage: Moving 'D:/GameJam1_MakeHimFall/MakeHimFall/Saved/Level_101D651E34F2C7BFA3A80B880C126EF04.tmp' to 'D:/GameJam1_MakeHimFall/MakeHimFall/Content/Maps/Level_1.umap'
[2017.09.14-08.20.21:664][437]LogSavePackage:Display: Finished SavePackage D:/GameJam1_MakeHimFall/MakeHimFall/Content/Maps/Level_1.umap
[2017.09.14-08.29.04:266][758]Cmd: OBJ SAVEPACKAGE PACKAGE="/Game/Maps/Level_1" FILE="D:/GameJam1_MakeHimFall/MakeHimFall/Content/Maps/Level_1.umap" SILENT=true AUTOSAVING=false KEEPDIRTY=false
[2017.09.14-08.29.04:300][758]LogSavePackage: Save=22.44ms
[2017.09.14-08.29.04:300][758]LogSavePackage: Moving 'D:/GameJam1_MakeHimFall/MakeHimFall/Saved/Level_1B8E991E442F5705C9ADEDEA71431791C.tmp' to 'D:/GameJam1_MakeHimFall/MakeHimFall/Content/Maps/Level_1.umap'
[2017.09.14-08.29.04:301][758]LogSavePackage:Display: Finished SavePackage D:/GameJam1_MakeHimFall/MakeHimFall/Content/Maps/Level_1.umap
[2017.09.14-08.29.06:253][874]Cmd: OBJ SAVEPACKAGE PACKAGE="/Game/Maps/Level_1" FILE="D:/GameJam1_MakeHimFall/MakeHimFall/Content/Maps/Level_1.umap" SILENT=true AUTOSAVING=false KEEPDIRTY=false
[2017.09.14-08.29.06:285][874]LogSavePackage: Save=21.59ms
[2017.09.14-08.29.06:285][874]LogSavePackage: Moving 'D:/GameJam1_MakeHimFall/MakeHimFall/Saved/Level_1CC70317744A7E020ABA154B5E4865C98.tmp' to 'D:/GameJam1_MakeHimFall/MakeHimFall/Content/Maps/Level_1.umap'
[2017.09.14-08.29.06:286][874]LogSavePackage:Display: Finished SavePackage D:/GameJam1_MakeHimFall/MakeHimFall/Content/Maps/Level_1.umap
[2017.09.14-08.29.08:857][ 26]Cmd: OBJ SAVEPACKAGE PACKAGE="/Game/BP/GameMode" FILE="D:/GameJam1_MakeHimFall/MakeHimFall/Content/BP/GameMode.uasset" SILENT=true
[2017.09.14-08.29.08:860][ 26]LogSavePackage: Save=0.85ms
[2017.09.14-08.29.08:860][ 26]LogSavePackage: Moving 'D:/GameJam1_MakeHimFall/MakeHimFall/Saved/GameMode20D632D140B24C5A57BF23976C399541.tmp' to 'D:/GameJam1_MakeHimFall/MakeHimFall/Content/BP/GameMode.uasset'
[2017.09.14-08.29.08:861][ 26]LogSavePackage:Display: Finished SavePackage D:/GameJam1_MakeHimFall/MakeHimFall/Content/BP/GameMode.uasset
[2017.09.14-08.29.08:864][ 26]Cmd: OBJ SAVEPACKAGE PACKAGE="/Game/BP/Characters/towerMaster_BP" FILE="D:/GameJam1_MakeHimFall/MakeHimFall/Content/BP/Characters/towerMaster_BP.uasset" SILENT=true
[2017.09.14-08.29.08:872][ 26]LogSavePackage: Save=6.97ms
[2017.09.14-08.29.08:872][ 26]LogSavePackage: Moving 'D:/GameJam1_MakeHimFall/MakeHimFall/Saved/towerMaster_BP9C3C77054DAFD12052FE82B71E586B14.tmp' to 'D:/GameJam1_MakeHimFall/MakeHimFall/Content/BP/Characters/towerMaster_BP.uasset'
[2017.09.14-08.29.08:874][ 26]LogSavePackage:Display: Finished SavePackage D:/GameJam1_MakeHimFall/MakeHimFall/Content/BP/Characters/towerMaster_BP.uasset
[2017.09.14-08.32.48:591][255]LogEditorViewport: Clicking on Actor (LMB): PlayerStart (Player Start)
[2017.09.14-08.32.54:707][618]LogNavigationPoint: PostEditMove Clear paths rebuilt
[2017.09.14-08.32.55:423][660]Cmd: TRANSACTION UNDO
[2017.09.14-08.32.55:423][660]LogEditorTransaction: Undo Move Actors
[2017.09.14-08.32.55:430][660]LogSlate: Took 0.000307 seconds to synchronously load lazily loaded font '../../../Engine/Content/Slate/Fonts/Roboto-Light.ttf' (159K)
[2017.09.14-08.33.00:815][983]LogNavigationPoint: PostEditMove Clear paths rebuilt
[2017.09.14-08.33.14:596][808]LogSlate: Took 0.017633 seconds to synchronously load lazily loaded font '../../../Engine/Content/Editor/Slate/Fonts/Roboto-Italic.ttf' (157K)
[2017.09.14-08.33.19:791][119]LogEditorViewport: Clicking on Actor (LMB): PlayerStart (Player Start)
[2017.09.14-08.33.21:352][209]Cmd: EDIT COPY
[2017.09.14-08.33.21:756][232]Cmd: EDIT PASTE
[2017.09.14-08.33.21:761][232]LogNavigationPoint: PostEditMove Clear paths rebuilt
[2017.09.14-08.33.25:479][454]LogNavigationPoint: PostEditMove Clear paths rebuilt
[2017.09.14-08.33.47:070][746]Cmd: OBJ SAVEPACKAGE PACKAGE="/Game/Maps/Level_1" FILE="D:/GameJam1_MakeHimFall/MakeHimFall/Content/Maps/Level_1.umap" SILENT=true AUTOSAVING=false KEEPDIRTY=false
[2017.09.14-08.33.47:106][746]LogSavePackage: Save=24.40ms
[2017.09.14-08.33.47:106][746]LogSavePackage: Moving 'D:/GameJam1_MakeHimFall/MakeHimFall/Saved/Level_1B6301E0745ACED57E8852CA80EAAB21B.tmp' to 'D:/GameJam1_MakeHimFall/MakeHimFall/Content/Maps/Level_1.umap'
[2017.09.14-08.33.47:108][746]LogSavePackage:Display: Finished SavePackage D:/GameJam1_MakeHimFall/MakeHimFall/Content/Maps/Level_1.umap
[2017.09.14-08.34.43:113][103]Cmd: OBJ SAVEPACKAGE PACKAGE="/Game/Maps/Level_1" FILE="D:/GameJam1_MakeHimFall/MakeHimFall/Content/Maps/Level_1.umap" SILENT=true AUTOSAVING=false KEEPDIRTY=false
[2017.09.14-08.34.43:150][103]LogSavePackage: Save=25.67ms
[2017.09.14-08.34.43:150][103]LogSavePackage: Moving 'D:/GameJam1_MakeHimFall/MakeHimFall/Saved/Level_19B494CA44819B6947CAACCA55AC4936A.tmp' to 'D:/GameJam1_MakeHimFall/MakeHimFall/Content/Maps/Level_1.umap'
[2017.09.14-08.34.43:151][103]LogSavePackage:Display: Finished SavePackage D:/GameJam1_MakeHimFall/MakeHimFall/Content/Maps/Level_1.umap
[2017.09.14-08.34.45:054][216]Cmd: OBJ SAVEPACKAGE PACKAGE="/Game/Maps/Level_1" FILE="D:/GameJam1_MakeHimFall/MakeHimFall/Content/Maps/Level_1.umap" SILENT=true AUTOSAVING=false KEEPDIRTY=false
[2017.09.14-08.34.45:087][216]LogSavePackage: Save=23.91ms
[2017.09.14-08.34.45:087][216]LogSavePackage: Moving 'D:/GameJam1_MakeHimFall/MakeHimFall/Saved/Level_12293A18B4B3D493B50D81A9B8A2F09CC.tmp' to 'D:/GameJam1_MakeHimFall/MakeHimFall/Content/Maps/Level_1.umap'
[2017.09.14-08.34.45:088][216]LogSavePackage:Display: Finished SavePackage D:/GameJam1_MakeHimFall/MakeHimFall/Content/Maps/Level_1.umap
[2017.09.14-08.34.46:489][299]Cmd: OBJ SAVEPACKAGE PACKAGE="/Game/Maps/Level_1" FILE="D:/GameJam1_MakeHimFall/MakeHimFall/Content/Maps/Level_1.umap" SILENT=true AUTOSAVING=false KEEPDIRTY=false
[2017.09.14-08.34.46:526][299]LogSavePackage: Save=27.30ms
[2017.09.14-08.34.46:526][299]LogSavePackage: Moving 'D:/GameJam1_MakeHimFall/MakeHimFall/Saved/Level_161941B924C6207F384C391B14888E4C9.tmp' to 'D:/GameJam1_MakeHimFall/MakeHimFall/Content/Maps/Level_1.umap'
[2017.09.14-08.34.46:527][299]LogSavePackage:Display: Finished SavePackage D:/GameJam1_MakeHimFall/MakeHimFall/Content/Maps/Level_1.umap
[2017.09.14-08.34.48:684][426]Cmd: OBJ SAVEPACKAGE PACKAGE="/Game/HUD/mainMenu" FILE="D:/GameJam1_MakeHimFall/MakeHimFall/Content/HUD/mainMenu.uasset" SILENT=true
[2017.09.14-08.34.48:691][426]LogSavePackage: Save=5.35ms
[2017.09.14-08.34.48:691][426]LogSavePackage: Moving 'D:/GameJam1_MakeHimFall/MakeHimFall/Saved/mainMenu7805B36E451C02AC83C5338A3C8EC765.tmp' to 'D:/GameJam1_MakeHimFall/MakeHimFall/Content/HUD/mainMenu.uasset'
[2017.09.14-08.34.48:693][426]LogSavePackage:Display: Finished SavePackage D:/GameJam1_MakeHimFall/MakeHimFall/Content/HUD/mainMenu.uasset
[2017.09.14-08.35.21:512][179]Cmd: OBJ SAVEPACKAGE PACKAGE="/Game/Maps/LevelMenu" FILE="D:/GameJam1_MakeHimFall/MakeHimFall/Content/Maps/LevelMenu.umap" SILENT=true AUTOSAVING=false KEEPDIRTY=false
[2017.09.14-08.35.21:531][179]LogSavePackage: Save=6.65ms
[2017.09.14-08.35.21:531][179]LogSavePackage: Moving 'D:/GameJam1_MakeHimFall/MakeHimFall/Saved/LevelMenu1A55EAD94333339F0DFAC3B617186625.tmp' to 'D:/GameJam1_MakeHimFall/MakeHimFall/Content/Maps/LevelMenu.umap'
[2017.09.14-08.35.21:533][179]LogSavePackage:Display: Finished SavePackage D:/GameJam1_MakeHimFall/MakeHimFall/Content/Maps/LevelMenu.umap
[2017.09.14-08.35.21:533][179]LogFileHelpers: Saving map 'LevelMenu' took 0.106
[2017.09.14-08.35.21:553][179]Cmd: MAP LOAD FILE="D:/GameJam1_MakeHimFall/MakeHimFall/Content/Maps/LevelMenu.umap" TEMPLATE=0 SHOWPROGRESS=1 FEATURELEVEL=3
[2017.09.14-08.35.21:553][179]LightingResults: New page: Lighting Build
[2017.09.14-08.35.21:555][179]LoadErrors: New page: Loading map: LevelMenu.umap
[2017.09.14-08.35.21:556][179]MapCheck: New page: Map Check
[2017.09.14-08.35.21:556][179]LightingResults: New page: Lighting Build
[2017.09.14-08.35.21:565][179]LogEditorServer: Finished looking for orphan Actors (0.000 secs)
[2017.09.14-08.35.21:566][179]LogAIModule: Creating AISystem for world LevelMenu
[2017.09.14-08.35.21:568][179]LogSlate: Took 0.000229 seconds to synchronously load lazily loaded font '../../../Engine/Content/Slate/Fonts/Roboto-Regular.ttf' (155K)
[2017.09.14-08.35.21:585][179]Cmd: MAP CHECKDEP NOCLEARLOG
[2017.09.14-08.35.21:663][179]MapCheck: Info Map check complete: 0 Error(s), 0 Warning(s), took 77.662ms to complete.
[2017.09.14-08.35.21:663][179]LogFileHelpers: Loading map 'LevelMenu' took 0.129
[2017.09.14-08.35.23:435][282]LogAIModule: Creating AISystem for world Level_1
[2017.09.14-08.35.23:461][282]Cmd: MAP LOAD FILE="D:/GameJam1_MakeHimFall/MakeHimFall/Content/Maps/Level_1.umap" TEMPLATE=0 SHOWPROGRESS=1 FEATURELEVEL=3
[2017.09.14-08.35.23:461][282]LightingResults: New page: Lighting Build
[2017.09.14-08.35.23:463][282]LoadErrors: New page: Loading map: Level_1.umap
[2017.09.14-08.35.23:463][282]MapCheck: New page: Map Check
[2017.09.14-08.35.23:463][282]LightingResults: New page: Lighting Build
[2017.09.14-08.35.23:475][282]LogEditorServer: Finished looking for orphan Actors (0.000 secs)
[2017.09.14-08.35.23:486][282]Cmd: MAP CHECKDEP NOCLEARLOG
[2017.09.14-08.35.23:568][282]MapCheck: Info Map check complete: 0 Error(s), 0 Warning(s), took 82.144ms to complete.
[2017.09.14-08.35.23:568][282]LogFileHelpers: Loading map 'Level_1' took 0.107
[2017.09.14-08.35.54:662][767]Cmd: QUIT_EDITOR
[2017.09.14-08.35.54:696][767]LogWindowsTextInputMethodSystem:Display: IME system now deactivated.
[2017.09.14-08.35.54:717][767]LogExit: Preparing to exit.
[2017.09.14-08.35.54:896][767]LogExit: Editor shut down
[2017.09.14-08.35.54:896][767]LogExit: Transaction tracking system shut down
[2017.09.14-08.35.54:950][767]LogObj: Freed 0b from 0 cluster array pools.
[2017.09.14-08.35.54:950][767]LogExit: Object subsystem successfully closed.
[2017.09.14-08.35.54:965][767]LogD3D11RHI: Shutdown
[2017.09.14-08.35.54:965][767]LogD3D11RHI: CleanupD3DDevice
[2017.09.14-08.35.55:009][767]LogD3D11RHI: ~FD3D11DynamicRHI
[2017.09.14-08.35.55:041][767]LogModuleManager: Shutting down and abandoning module HierarchicalLODOutliner (498)
[2017.09.14-08.35.55:041][767]LogModuleManager: Shutting down and abandoning module CrashTracker (496)
[2017.09.14-08.35.55:041][767]LogModuleManager: Shutting down and abandoning module SceneOutliner (494)
[2017.09.14-08.35.55:041][767]LogModuleManager: Shutting down and abandoning module AddContentDialog (492)
[2017.09.14-08.35.55:041][767]LogDirectoryWatcher: A directory notification for 'C:/Program Files/Epic Games/UE_4.15/FeaturePacks/' was aborted.
[2017.09.14-08.35.55:042][767]LogModuleManager: Shutting down and abandoning module WidgetCarousel (491)
[2017.09.14-08.35.55:042][767]LogModuleManager: Shutting down and abandoning module EditorWidgets (488)
[2017.09.14-08.35.55:042][767]LogModuleManager: Shutting down and abandoning module CollectionManager (486)
[2017.09.14-08.35.55:042][767]LogDirectoryWatcher: A directory notification for 'D:/GameJam1_MakeHimFall/MakeHimFall/Content/Collections/' was aborted.
[2017.09.14-08.35.55:042][767]LogDirectoryWatcher: A directory notification for 'D:/GameJam1_MakeHimFall/MakeHimFall/Content/Developers/JeanMaxime/Collections/' was aborted.
[2017.09.14-08.35.55:042][767]LogDirectoryWatcher: A directory notification for 'D:/GameJam1_MakeHimFall/MakeHimFall/Saved/Collections/' was aborted.
[2017.09.14-08.35.55:042][767]LogModuleManager: Shutting down and abandoning module StatsViewer (484)
[2017.09.14-08.35.55:042][767]LogModuleManager: Shutting down and abandoning module FoliageEdit (482)
[2017.09.14-08.35.55:042][767]LogModuleManager: Shutting down and abandoning module LandscapeEditor (480)
[2017.09.14-08.35.55:042][767]LogModuleManager: Shutting down and abandoning module SceneDepthPickerMode (478)
[2017.09.14-08.35.55:042][767]LogModuleManager: Shutting down and abandoning module ActorPickerMode (476)
[2017.09.14-08.35.55:042][767]LogModuleManager: Shutting down and abandoning module GeometryMode (474)
[2017.09.14-08.35.55:042][767]LogModuleManager: Shutting down and abandoning module TextureAlignMode (472)
[2017.09.14-08.35.55:042][767]LogModuleManager: Shutting down and abandoning module BspMode (470)
[2017.09.14-08.35.55:042][767]LogModuleManager: Shutting down and abandoning module HardwareSurvey (468)
[2017.09.14-08.35.55:042][767]LogModuleManager: Shutting down and abandoning module SequenceRecorderSections (466)
[2017.09.14-08.35.55:042][767]LogModuleManager: Shutting down and abandoning module AutomationWorker (464)
[2017.09.14-08.35.55:042][767]LogModuleManager: Shutting down and abandoning module MatineeToLevelSequence (462)
[2017.09.14-08.35.55:042][767]LogModuleManager: Shutting down and abandoning module LevelSequenceEditor (460)
[2017.09.14-08.35.55:042][767]LogModuleManager: Shutting down and abandoning module PlacementMode (459)
[2017.09.14-08.35.55:042][767]LogModuleManager: Shutting down and abandoning module WmfMediaFactory (456)
[2017.09.14-08.35.55:042][767]LogModuleManager: Shutting down and abandoning module WmfMediaEditor (454)
[2017.09.14-08.35.55:042][767]LogModuleManager: Shutting down and abandoning module MfMediaFactory (452)
[2017.09.14-08.35.55:042][767]LogModuleManager: Shutting down and abandoning module MfMediaEditor (450)
[2017.09.14-08.35.55:042][767]LogModuleManager: Shutting down and abandoning module AvfMediaFactory (448)
[2017.09.14-08.35.55:042][767]LogModuleManager: Shutting down and abandoning module AvfMediaEditor (446)
[2017.09.14-08.35.55:042][767]LogModuleManager: Shutting down and abandoning module AndroidMediaFactory (444)
[2017.09.14-08.35.55:042][767]LogModuleManager: Shutting down and abandoning module Media (443)
[2017.09.14-08.35.55:042][767]LogModuleManager: Shutting down and abandoning module AndroidMediaEditor (440)
[2017.09.14-08.35.55:042][767]LogModuleManager: Shutting down and abandoning module CharacterAI (438)
[2017.09.14-08.35.55:042][767]LogModuleManager: Shutting down and abandoning module AudioCapture (436)
[2017.09.14-08.35.55:042][767]LogModuleManager: Shutting down and abandoning module SequenceRecorder (435)
[2017.09.14-08.35.55:042][767]LogModuleManager: Shutting down and abandoning module SmartSnapping (432)
[2017.09.14-08.35.55:042][767]LogModuleManager: Shutting down and abandoning module SessionServices (430)
[2017.09.14-08.35.55:042][767]LogModuleManager: Shutting down and abandoning module ViewportSnapping (428)
[2017.09.14-08.35.55:042][767]LogModuleManager: Shutting down and abandoning module ViewportInteraction (426)
[2017.09.14-08.35.55:042][767]LogModuleManager: Shutting down and abandoning module LogVisualizer (424)
[2017.09.14-08.35.55:043][767]LogModuleManager: Shutting down and abandoning module IntroTutorials (422)
[2017.09.14-08.35.55:043][767]LogModuleManager: Shutting down and abandoning module GameProjectGeneration (421)
[2017.09.14-08.35.55:043][767]LogModuleManager: Shutting down and abandoning module EditorLiveStreaming (418)
[2017.09.14-08.35.55:043][767]LogModuleManager: Shutting down and abandoning module IOSPlatformEditor (416)
[2017.09.14-08.35.55:043][767]LogModuleManager: Shutting down and abandoning module HTML5PlatformEditor (414)
[2017.09.14-08.35.55:043][767]LogModuleManager: Shutting down and abandoning module AndroidPlatformEditor (412)
[2017.09.14-08.35.55:043][767]LogModuleManager: Shutting down and abandoning module AndroidDeviceDetection (411)
[2017.09.14-08.35.55:350][767]LogModuleManager: Shutting down and abandoning module IOSRuntimeSettings (408)
[2017.09.14-08.35.55:350][767]LogModuleManager: Shutting down and abandoning module AndroidRuntimeSettings (406)
[2017.09.14-08.35.55:350][767]LogModuleManager: Shutting down and abandoning module InputBindingEditor (404)
[2017.09.14-08.35.55:350][767]LogModuleManager: Shutting down and abandoning module NiagaraEditor (402)
[2017.09.14-08.35.55:350][767]LogModuleManager: Shutting down and abandoning module MergeActors (400)
[2017.09.14-08.35.55:350][767]LogModuleManager: Shutting down and abandoning module SizeMap (398)
[2017.09.14-08.35.55:350][767]LogModuleManager: Shutting down and abandoning module TreeMap (396)
[2017.09.14-08.35.55:350][767]LogModuleManager: Shutting down and abandoning module ReferenceViewer (394)
[2017.09.14-08.35.55:350][767]LogModuleManager: Shutting down and abandoning module LocalizationDashboard (392)
[2017.09.14-08.35.55:350][767]LogModuleManager: Shutting down and abandoning module LocalizationService (391)
[2017.09.14-08.35.55:350][767]LogModuleManager: Shutting down and abandoning module HardwareTargeting (388)
[2017.09.14-08.35.55:350][767]LogModuleManager: Shutting down and abandoning module DeviceProfileEditor (386)
[2017.09.14-08.35.55:350][767]LogModuleManager: Shutting down and abandoning module UndoHistory (384)
[2017.09.14-08.35.55:350][767]LogModuleManager: Shutting down and abandoning module UserFeedback (382)
[2017.09.14-08.35.55:350][767]LogModuleManager: Shutting down and abandoning module XmlParser (380)
[2017.09.14-08.35.55:350][767]LogModuleManager: Shutting down and abandoning module Blutility (378)
[2017.09.14-08.35.55:350][767]LogModuleManager: Shutting down and abandoning module ProjectSettingsViewer (376)
[2017.09.14-08.35.55:350][767]LogModuleManager: Shutting down and abandoning module ProjectTargetPlatformEditor (375)
[2017.09.14-08.35.55:350][767]LogModuleManager: Shutting down and abandoning module EditorSettingsViewer (372)
[2017.09.14-08.35.55:350][767]LogModuleManager: Shutting down and abandoning module SettingsEditor (370)
[2017.09.14-08.35.55:350][767]LogModuleManager: Shutting down and abandoning module ProjectLauncher (368)
[2017.09.14-08.35.55:350][767]LogModuleManager: Shutting down and abandoning module SessionFrontend (366)
[2017.09.14-08.35.55:350][767]LogModuleManager: Shutting down and abandoning module ProfilerClient (364)
[2017.09.14-08.35.55:350][767]LogModuleManager: Shutting down and abandoning module DeviceManager (362)
[2017.09.14-08.35.55:350][767]LogModuleManager: Shutting down and abandoning module TargetDeviceServices (361)
[2017.09.14-08.35.55:405][767]LogModuleManager: Shutting down and abandoning module AutomationController (358)
[2017.09.14-08.35.55:405][767]LogModuleManager: Shutting down and abandoning module AutomationWindow (356)
[2017.09.14-08.35.55:405][767]LogModuleManager: Shutting down and abandoning module Layers (354)
[2017.09.14-08.35.55:405][767]LogModuleManager: Shutting down and abandoning module ComponentVisualizers (352)
[2017.09.14-08.35.55:405][767]LogModuleManager: Shutting down and abandoning module DetailCustomizations (350)
[2017.09.14-08.35.55:405][767]LogModuleManager: Shutting down and abandoning module PackagesDialog (348)
[2017.09.14-08.35.55:405][767]LogModuleManager: Shutting down and abandoning module Persona (346)
[2017.09.14-08.35.55:405][767]LogModuleManager: Shutting down and abandoning module AnimGraph (345)
[2017.09.14-08.35.55:405][767]LogModuleManager: Shutting down and abandoning module Kismet (342)
[2017.09.14-08.35.55:405][767]LogModuleManager: Shutting down and abandoning module GraphEditor (340)
[2017.09.14-08.35.55:405][767]LogModuleManager: Shutting down and abandoning module ClassViewer (338)
[2017.09.14-08.35.55:407][767]LogModuleManager: Shutting down and abandoning module Toolbox (336)
[2017.09.14-08.35.55:407][767]LogModuleManager: Shutting down and abandoning module ModuleUI (334)
[2017.09.14-08.35.55:407][767]LogModuleManager: Shutting down and abandoning module MovieSceneTools (332)
[2017.09.14-08.35.55:407][767]LogModuleManager: Shutting down and abandoning module OutputLog (330)
[2017.09.14-08.35.55:407][767]LogModuleManager: Shutting down and abandoning module GammaUI (328)
[2017.09.14-08.35.55:407][767]LogModuleManager: Shutting down and abandoning module Documentation (326)
[2017.09.14-08.35.55:407][767]LogModuleManager: Shutting down and abandoning module Niagara (324)
[2017.09.14-08.35.55:407][767]LogModuleManager: Shutting down and abandoning module StreamingPauseRendering (322)
[2017.09.14-08.35.55:407][767]LogModuleManager: Shutting down and abandoning module AnalyticsET (320)
[2017.09.14-08.35.55:407][767]LogModuleManager: Shutting down and abandoning module PortalServices (318)
[2017.09.14-08.35.55:407][767]LogModuleManager: Shutting down and abandoning module PortalRpc (316)
[2017.09.14-08.35.55:407][767]LogModuleManager: Shutting down and abandoning module MessagingRpc (314)
[2017.09.14-08.35.55:407][767]LogModuleManager: Shutting down and abandoning module AIModule (312)
[2017.09.14-08.35.55:407][767]LogModuleManager: Shutting down and abandoning module GameplayDebugger (311)
[2017.09.14-08.35.55:407][767]LogModuleManager: Shutting down and abandoning module AITestSuite (309)
[2017.09.14-08.35.55:407][767]LogModuleManager: Shutting down and abandoning module ProfilerService (306)
[2017.09.14-08.35.55:488][767]LogModuleManager: Shutting down and abandoning module TaskGraph (304)
[2017.09.14-08.35.55:488][767]LogModuleManager: Shutting down and abandoning module SteamVRController (302)
[2017.09.14-08.35.55:488][767]LogModuleManager: Shutting down and abandoning module SteamVR (300)
[2017.09.14-08.35.55:488][767]LogModuleManager: Shutting down and abandoning module ProceduralMeshComponentEditor (298)
[2017.09.14-08.35.55:488][767]LogModuleManager: Shutting down and abandoning module ProceduralMeshComponent (296)
[2017.09.14-08.35.55:488][767]LogModuleManager: Shutting down and abandoning module OculusLibrary (294)
[2017.09.14-08.35.55:488][767]LogModuleManager: Shutting down and abandoning module OculusInput (292)
[2017.09.14-08.35.55:488][767]LogModuleManager: Shutting down and abandoning module MobilePatchingUtils (290)
[2017.09.14-08.35.55:488][767]LogModuleManager: Shutting down and abandoning module CustomMeshComponent (288)
[2017.09.14-08.35.55:488][767]LogModuleManager: Shutting down and abandoning module CableComponent (286)
[2017.09.14-08.35.55:488][767]LogModuleManager: Shutting down and abandoning module ArchVisCharacter (284)
[2017.09.14-08.35.55:488][767]LogModuleManager: Shutting down and abandoning module MediaPlayerEditor (280)
[2017.09.14-08.35.55:488][767]LogModuleManager: Shutting down and abandoning module HTML5Networking (278)
[2017.09.14-08.35.55:488][767]LogModuleManager: Shutting down and abandoning module AlembicImporter (276)
[2017.09.14-08.35.55:488][767]LogModuleManager: Shutting down and abandoning module AlembicLibrary (275)
[2017.09.14-08.35.55:488][767]LogModuleManager: Shutting down and abandoning module GeometryCache (274)
[2017.09.14-08.35.55:488][767]LogModuleManager: Shutting down and abandoning module GeometryCacheEd (273)
[2017.09.14-08.35.55:488][767]LogModuleManager: Shutting down and abandoning module SuperSearchEditor (268)
[2017.09.14-08.35.55:488][767]LogModuleManager: Shutting down and abandoning module SuperSearch (267)
[2017.09.14-08.35.55:488][767]LogModuleManager: Shutting down and abandoning module SpeedTreeImporter (264)
[2017.09.14-08.35.55:488][767]LogModuleManager: Shutting down and abandoning module PluginBrowser (262)
[2017.09.14-08.35.55:488][767]LogModuleManager: Shutting down and abandoning module MobileLauncherProfileWizard (260)
[2017.09.14-08.35.55:488][767]LogModuleManager: Shutting down and abandoning module EpicSurvey (258)
[2017.09.14-08.35.55:488][767]LogModuleManager: Shutting down and abandoning module VisualStudioSourceCodeAccess (256)
[2017.09.14-08.35.55:488][767]LogModuleManager: Shutting down and abandoning module DesktopPlatform (255)
[2017.09.14-08.35.55:488][767]LogModuleManager: Shutting down and abandoning module UObjectPlugin (252)
[2017.09.14-08.35.55:488][767]LogModuleManager: Shutting down and abandoning module SubversionSourceControl (250)
[2017.09.14-08.35.55:488][767]LogModuleManager: Shutting down and abandoning module PerforceSourceControl (248)
[2017.09.14-08.35.55:489][767]LogModuleManager: Shutting down and abandoning module GitSourceControl (246)
[2017.09.14-08.35.55:489][767]LogModuleManager: Shutting down and abandoning module SourceControl (245)
[2017.09.14-08.35.55:489][767]LogModuleManager: Shutting down and abandoning module LightPropagationVolumeEditor (242)
[2017.09.14-08.35.55:489][767]LogModuleManager: Shutting down and abandoning module PaperTiledImporter (240)
[2017.09.14-08.35.55:489][767]LogModuleManager: Shutting down and abandoning module PaperSpriteSheetImporter (238)
[2017.09.14-08.35.55:489][767]LogModuleManager: Shutting down and abandoning module Paper2DEditor (236)
[2017.09.14-08.35.55:489][767]LogModuleManager: Shutting down and abandoning module MeshPaint (235)
[2017.09.14-08.35.55:489][767]LogModuleManager: Shutting down and abandoning module LevelEditor (233)
[2017.09.14-08.35.55:489][767]LogModuleManager: Shutting down and abandoning module PixelInspectorModule (232)
[2017.09.14-08.35.55:489][767]LogModuleManager: Shutting down and abandoning module MainFrame (230)
[2017.09.14-08.35.55:489][767]LogModuleManager: Shutting down and abandoning module HotReload (229)
[2017.09.14-08.35.55:490][767]LogModuleManager: Shutting down and abandoning module ContentBrowser (225)
[2017.09.14-08.35.55:491][767]LogModuleManager: Shutting down and abandoning module PhysXVehiclesEditor (222)
[2017.09.14-08.35.55:491][767]LogModuleManager: Shutting down and abandoning module PhysXVehicles (220)
[2017.09.14-08.35.55:491][767]LogModuleManager: Shutting down and abandoning module LocationServicesBPLibrary (218)
[2017.09.14-08.35.55:491][767]LogModuleManager: Shutting down and abandoning module UdpMessaging (216)
[2017.09.14-08.35.55:592][767]LogModuleManager: Shutting down and abandoning module TcpMessaging (214)
[2017.09.14-08.35.55:693][767]LogModuleManager: Shutting down and abandoning module GameplayTagsEditor (212)
[2017.09.14-08.35.55:693][767]LogModuleManager: Shutting down and abandoning module FacialAnimationEditor (210)
[2017.09.14-08.35.55:693][767]LogModuleManager: Shutting down and abandoning module FacialAnimation (208)
[2017.09.14-08.35.55:693][767]LogModuleManager: Shutting down and abandoning module LightPropagationVolumeRuntime (206)
[2017.09.14-08.35.55:693][767]LogModuleManager: Shutting down and abandoning module Paper2D (204)
[2017.09.14-08.35.55:693][767]LogModuleManager: Shutting down and abandoning module WindowsMoviePlayer (202)
[2017.09.14-08.35.55:693][767]LogModuleManager: Shutting down and abandoning module WmfMedia (200)
[2017.09.14-08.35.55:693][767]LogModuleManager: Shutting down and abandoning module MfMedia (198)
[2017.09.14-08.35.55:693][767]LogModuleManager: Shutting down and abandoning module MediaAssets (196)
[2017.09.14-08.35.55:693][767]LogModuleManager: Shutting down and abandoning module GameLiveStreaming (194)
[2017.09.14-08.35.55:693][767]LogModuleManager: Shutting down and abandoning module VREditor (192)
[2017.09.14-08.35.55:693][767]LogModuleManager: Shutting down and abandoning module GameplayTasksEditor (190)
[2017.09.14-08.35.55:693][767]LogModuleManager: Shutting down and abandoning module BehaviorTreeEditor (188)
[2017.09.14-08.35.55:693][767]LogModuleManager: Shutting down and abandoning module FunctionalTesting (186)
[2017.09.14-08.35.55:693][767]LogModuleManager: Shutting down and abandoning module CollisionAnalyzer (184)
[2017.09.14-08.35.55:693][767]LogModuleManager: Shutting down and abandoning module UMG (182)
[2017.09.14-08.35.55:693][767]LogModuleManager: Shutting down and abandoning module UMGEditor (181)
[2017.09.14-08.35.55:693][767]LogModuleManager: Shutting down and abandoning module Sequencer (180)
[2017.09.14-08.35.55:693][767]LogModuleManager: Shutting down and abandoning module AssetTools (178)
[2017.09.14-08.35.55:693][767]LogModuleManager: Shutting down and abandoning module MessageLog (177)
[2017.09.14-08.35.55:693][767]LogModuleManager: Shutting down and abandoning module WorkspaceMenuStructure (176)
[2017.09.14-08.35.55:693][767]LogModuleManager: Shutting down and abandoning module SlateReflector (170)
[2017.09.14-08.35.55:693][767]LogModuleManager: Shutting down and abandoning module Slate (168)
[2017.09.14-08.35.55:693][767]LogModuleManager: Shutting down and abandoning module EditorStyle (166)
[2017.09.14-08.35.55:696][767]LogModuleManager: Shutting down and abandoning module SourceCodeAccess (164)
[2017.09.14-08.35.55:696][767]LogModuleManager: Shutting down and abandoning module HeadMountedDisplay (162)
[2017.09.14-08.35.55:696][767]LogModuleManager: Shutting down and abandoning module XAudio2 (160)
[2017.09.14-08.35.55:696][767]LogModuleManager: Shutting down and abandoning module Networking (158)
[2017.09.14-08.35.55:696][767]LogModuleManager: Shutting down and abandoning module Core (154)
[2017.09.14-08.35.55:696][767]LogModuleManager: Shutting down and abandoning module AssetRegistry (152)
[2017.09.14-08.35.55:804][767]LogDirectoryWatcher: A directory notification for '../../../Engine/Content/' was aborted.
[2017.09.14-08.35.55:804][767]LogDirectoryWatcher: A directory notification for 'D:/GameJam1_MakeHimFall/MakeHimFall/Content/' was aborted.
[2017.09.14-08.35.55:804][767]LogDirectoryWatcher: A directory notification for '../../../Engine/Plugins/2D/Paper2D/Content/' was aborted.
[2017.09.14-08.35.55:805][767]LogModuleManager: Shutting down and abandoning module DirectoryWatcher (151)
[2017.09.14-08.35.55:805][767]LogModuleManager: Shutting down and abandoning module KismetCompiler (148)
[2017.09.14-08.35.55:805][767]LogModuleManager: Shutting down and abandoning module PhysXFormats (146)
[2017.09.14-08.35.55:805][767]LogModuleManager: Shutting down and abandoning module MeshUtilities (144)
[2017.09.14-08.35.55:805][767]LogModuleManager: Shutting down and abandoning module SimplygonSwarm (143)
[2017.09.14-08.35.55:805][767]LogModuleManager: Shutting down and abandoning module SimplygonMeshReduction (141)
[2017.09.14-08.35.55:805][767]LogModuleManager: Shutting down and abandoning module QuadricMeshReduction (139)
[2017.09.14-08.35.55:805][767]LogModuleManager: Shutting down and abandoning module PropertyEditor (137)
[2017.09.14-08.35.55:805][767]LogModuleManager: Shutting down and abandoning module DerivedDataCache (134)
[2017.09.14-08.35.55:849][767]LogDerivedDataCache: Shutdown
[2017.09.14-08.35.55:849][767]LogModuleManager: Shutting down and abandoning module TargetPlatform (132)
[2017.09.14-08.35.55:849][767]LogModuleManager: Shutting down and abandoning module VulkanShaderFormat (131)
[2017.09.14-08.35.55:849][767]LogModuleManager: Shutting down and abandoning module ShaderFormatOpenGL (129)
[2017.09.14-08.35.55:849][767]LogModuleManager: Shutting down and abandoning module ShaderFormatD3D (127)
[2017.09.14-08.35.55:849][767]LogModuleManager: Shutting down and abandoning module MetalShaderFormat (125)
[2017.09.14-08.35.55:849][767]LogModuleManager: Shutting down and abandoning module TextureFormatUncompressed (123)
[2017.09.14-08.35.55:849][767]LogModuleManager: Shutting down and abandoning module TextureFormatPVR (121)
[2017.09.14-08.35.55:849][767]LogModuleManager: Shutting down and abandoning module TextureFormatDXT (119)
[2017.09.14-08.35.55:849][767]LogModuleManager: Shutting down and abandoning module TextureFormatIntelISPCTexComp (117)
[2017.09.14-08.35.55:849][767]LogModuleManager: Shutting down and abandoning module TextureFormatASTC (115)
[2017.09.14-08.35.55:849][767]LogModuleManager: Shutting down and abandoning module ImageWrapper (114)
[2017.09.14-08.35.55:849][767]LogModuleManager: Shutting down and abandoning module TextureFormatAndroid (111)
[2017.09.14-08.35.55:849][767]LogModuleManager: Shutting down and abandoning module AudioFormatOpus (109)
[2017.09.14-08.35.55:849][767]LogModuleManager: Shutting down and abandoning module AudioFormatOgg (107)
[2017.09.14-08.35.55:849][767]LogModuleManager: Shutting down and abandoning module AudioFormatADPCM (105)
[2017.09.14-08.35.55:849][767]LogModuleManager: Shutting down and abandoning module LinuxTargetPlatform (103)
[2017.09.14-08.35.55:849][767]LogModuleManager: Shutting down and abandoning module LinuxServerTargetPlatform (101)
[2017.09.14-08.35.55:849][767]LogModuleManager: Shutting down and abandoning module LinuxNoEditorTargetPlatform (99)
[2017.09.14-08.35.55:849][767]LogModuleManager: Shutting down and abandoning module LinuxClientTargetPlatform (97)
[2017.09.14-08.35.55:849][767]LogModuleManager: Shutting down and abandoning module TVOSTargetPlatform (95)
[2017.09.14-08.35.55:849][767]LogModuleManager: Shutting down and abandoning module Messaging (93)
[2017.09.14-08.35.55:849][767]LogModuleManager: Shutting down and abandoning module IOSTargetPlatform (91)
[2017.09.14-08.35.55:849][767]LogModuleManager: Shutting down and abandoning module HTML5TargetPlatform (89)
[2017.09.14-08.35.55:849][767]LogModuleManager: Shutting down and abandoning module Android_PVRTCTargetPlatform (87)
[2017.09.14-08.35.55:849][767]LogModuleManager: Shutting down and abandoning module Android_MultiTargetPlatform (85)
[2017.09.14-08.35.55:849][767]LogModuleManager: Shutting down and abandoning module Android_ETC2TargetPlatform (83)
[2017.09.14-08.35.55:850][767]LogModuleManager: Shutting down and abandoning module Android_ETC1TargetPlatform (81)
[2017.09.14-08.35.55:850][767]LogModuleManager: Shutting down and abandoning module Android_DXTTargetPlatform (79)
[2017.09.14-08.35.55:850][767]LogModuleManager: Shutting down and abandoning module Android_ATCTargetPlatform (77)
[2017.09.14-08.35.55:850][767]LogModuleManager: Shutting down and abandoning module Android_ASTCTargetPlatform (75)
[2017.09.14-08.35.55:850][767]LogModuleManager: Shutting down and abandoning module AndroidTargetPlatform (73)
[2017.09.14-08.35.55:850][767]LogModuleManager: Shutting down and abandoning module WindowsTargetPlatform (71)
[2017.09.14-08.35.55:850][767]LogModuleManager: Shutting down and abandoning module WindowsServerTargetPlatform (69)
[2017.09.14-08.35.55:850][767]LogModuleManager: Shutting down and abandoning module WindowsNoEditorTargetPlatform (67)
[2017.09.14-08.35.55:850][767]LogModuleManager: Shutting down and abandoning module WindowsClientTargetPlatform (65)
[2017.09.14-08.35.55:850][767]LogModuleManager: Shutting down and abandoning module MacTargetPlatform (63)
[2017.09.14-08.35.55:850][767]LogModuleManager: Shutting down and abandoning module MacServerTargetPlatform (61)
[2017.09.14-08.35.55:850][767]LogModuleManager: Shutting down and abandoning module MacNoEditorTargetPlatform (59)
[2017.09.14-08.35.55:850][767]LogModuleManager: Shutting down and abandoning module MacClientTargetPlatform (57)
[2017.09.14-08.35.55:850][767]LogModuleManager: Shutting down and abandoning module AllDesktopTargetPlatform (55)
[2017.09.14-08.35.55:850][767]LogModuleManager: Shutting down and abandoning module InputCore (52)
[2017.09.14-08.35.55:850][767]LogModuleManager: Shutting down and abandoning module Settings (50)
[2017.09.14-08.35.55:850][767]LogModuleManager: Shutting down and abandoning module OculusRift (48)
[2017.09.14-08.35.55:850][767]LogModuleManager: Shutting down and abandoning module GearVR (46)
[2017.09.14-08.35.55:850][767]LogModuleManager: Shutting down and abandoning module ExampleDeviceProfileSelector (44)
[2017.09.14-08.35.55:850][767]LogModuleManager: Shutting down and abandoning module OnlineBlueprintSupport (42)
[2017.09.14-08.35.55:850][767]LogModuleManager: Shutting down and abandoning module OnlineSubsystem (38)
[2017.09.14-08.35.55:850][767]LogOnline:Display: Unloading online subsystem: NULL
[2017.09.14-08.35.55:850][767]LogModuleManager: Shutting down and abandoning module XMPP (37)
[2017.09.14-08.35.55:850][767]LogModuleManager: Shutting down and abandoning module HTTP (35)
[2017.09.14-08.35.55:850][767]LogHttp:Display: Http module shutting down, but needs to wait on 1 outstanding Http requests:
[2017.09.14-08.35.55:850][767]LogHttp:Display: 	verb=[POST] url=[https://datarouter.ol.epicgames.com/datarouter/api/v1/public/data?SessionID=%7B1EC85D9F-4F09-1460-E660-07BBB3C525D3%7D&AppID=UEEditor.Rocket.Release&AppVersion=4.15.3-3450819%2B%2B%2BUE4%2BRelease-4.15&UserID=813752124354e19d5db43da2575d523d%7Cb08348a7138a48b4a524bb2d648592d7%7Ca23590b9-0628-4d38-a4a7-d0c72dd4835d&AppEnvironment=datacollector-binary&UploadType=eteventstream] status=Processing
[2017.09.14-08.35.55:883][767]LogModuleManager: Shutting down and abandoning module SSL (34)
[2017.09.14-08.35.55:884][767]LogModuleManager: Shutting down and abandoning module AudioEditor (30)
[2017.09.14-08.35.55:884][767]LogModuleManager: Shutting down and abandoning module TextureCompressor (28)
[2017.09.14-08.35.55:884][767]LogModuleManager: Shutting down and abandoning module ShaderCore (26)
[2017.09.14-08.35.55:884][767]LogModuleManager: Shutting down and abandoning module Landscape (24)
[2017.09.14-08.35.55:884][767]LogModuleManager: Shutting down and abandoning module SlateRHIRenderer (22)
[2017.09.14-08.35.55:885][767]LogModuleManager: Shutting down and abandoning module OpenGLDrv (20)
[2017.09.14-08.35.55:885][767]LogModuleManager: Shutting down and abandoning module D3D11RHI (18)
[2017.09.14-08.35.55:885][767]LogModuleManager: Shutting down and abandoning module AnimGraphRuntime (16)
[2017.09.14-08.35.55:885][767]LogModuleManager: Shutting down and abandoning module Renderer (14)
[2017.09.14-08.35.55:885][767]LogModuleManager: Shutting down and abandoning module Engine (12)
[2017.09.14-08.35.55:885][767]LogModuleManager: Shutting down and abandoning module CoreUObject (10)
[2017.09.14-08.35.55:885][767]LogModuleManager: Shutting down and abandoning module NetworkFile (8)
[2017.09.14-08.35.55:885][767]LogModuleManager: Shutting down and abandoning module StreamingFile (6)
[2017.09.14-08.35.55:885][767]LogModuleManager: Shutting down and abandoning module SandboxFile (4)
[2017.09.14-08.35.55:885][767]LogModuleManager: Shutting down and abandoning module PakFile (2)
[2017.09.14-08.35.55:887][767]LogExit: Exiting.
[2017.09.14-08.35.55:888][767]Log file closed, 09/14/17 04:35:55
