Log file open, 09/21/17 09:48:45
LogWindows: LoadLibraryWithSearchPaths failed for file aqProf.dll. GetLastError=0
LogWindows: LoadLibraryWithSearchPaths failed for file VtuneApi.dll. GetLastError=0
LogWindows: LoadLibraryWithSearchPaths failed for file VtuneApi32e.dll. GetLastError=0
LogInit: Display: Running engine for game: MakeHimFall
LogPlatformFile: Not using cached read wrapper
LogInit: Display: RandInit(-917611070) SRandInit(-917611070).
LogTaskGraph: Started task graph with 5 named threads and 14 total threads with 3 sets of task threads.
LogStats: Stats thread started at 0.177205
LogD3D11RHI: Aftermath initialized
LogPluginManager: Mounting plugin Paper2D
LogPluginManager: Mounting plugin LightPropagationVolume
LogPluginManager: Mounting plugin CodeLiteSourceCodeAccess
LogPluginManager: Mounting plugin GitSourceControl
LogPluginManager: Mounting plugin KDevelopSourceCodeAccess
LogPluginManager: Mounting plugin NullSourceCodeAccess
LogPluginManager: Mounting plugin PerforceSourceControl
LogPluginManager: Mounting plugin SubversionSourceControl
LogPluginManager: Mounting plugin UObjectPlugin
LogPluginManager: Mounting plugin VisualStudioSourceCodeAccess
LogPluginManager: Mounting plugin XCodeSourceCodeAccess
LogPluginManager: Mounting plugin AssetManagerEditor
LogPluginManager: Mounting plugin AudioCapture
LogPluginManager: Mounting plugin FacialAnimation
LogPluginManager: Mounting plugin GameplayTagsEditor
LogPluginManager: Mounting plugin MobileLauncherProfileWizard
LogPluginManager: Mounting plugin PluginBrowser
LogPluginManager: Mounting plugin SpeedTreeImporter
LogPluginManager: Mounting plugin AlembicImporter
LogPluginManager: Mounting plugin CharacterAI
LogPluginManager: Mounting plugin HTML5Networking
LogPluginManager: Mounting plugin AndroidMedia
LogPluginManager: Mounting plugin AvfMedia
LogPluginManager: Mounting plugin MediaPlayerEditor
LogPluginManager: Mounting plugin WmfMedia
LogPluginManager: Mounting plugin TcpMessaging
LogPluginManager: Mounting plugin UdpMessaging
LogPluginManager: Mounting plugin LevelSequenceEditor
LogPluginManager: Mounting plugin MatineeToLevelSequence
LogPluginManager: Mounting plugin OnlineSubsystemGooglePlay
LogPluginManager: Mounting plugin OnlineSubsystemIOS
LogPluginManager: Mounting plugin OnlineSubsystem
LogPluginManager: Mounting plugin OnlineSubsystemNull
LogPluginManager: Mounting plugin OnlineSubsystemUtils
LogPluginManager: Mounting plugin AndroidDeviceProfileSelector
LogPluginManager: Mounting plugin AndroidMoviePlayer
LogPluginManager: Mounting plugin AndroidPermission
LogPluginManager: Mounting plugin AppleMoviePlayer
LogPluginManager: Mounting plugin ArchVisCharacter
LogPluginManager: Mounting plugin CableComponent
LogPluginManager: Mounting plugin CustomMeshComponent
LogPluginManager: Mounting plugin ExampleDeviceProfileSelector
LogPluginManager: Mounting plugin GoogleCloudMessaging
LogPluginManager: Mounting plugin ImmediatePhysics
LogPluginManager: Mounting plugin IOSDeviceProfileSelector
LogPluginManager: Mounting plugin LinuxDeviceProfileSelector
LogPluginManager: Mounting plugin LocationServicesBPLibrary
LogPluginManager: Mounting plugin MobilePatchingUtils
LogPluginManager: Mounting plugin OculusVR
LogPluginManager: Mounting plugin PhysXVehicles
LogPluginManager: Mounting plugin ProceduralMeshComponent
LogPluginManager: Mounting plugin RuntimePhysXCooking
LogPluginManager: Mounting plugin SteamVR
LogPluginManager: Mounting plugin WindowsMoviePlayer
LogInit: Using libcurl 7.47.1
LogInit:  - built for x86_64-pc-win32
LogInit:  - supports SSL with OpenSSL/1.0.2g
LogInit:  - supports HTTP deflate (compression) using libz 1.2.8
LogInit:  - other features:
LogInit:      CURL_VERSION_SSL
LogInit:      CURL_VERSION_LIBZ
LogInit:      CURL_VERSION_IPV6
LogInit:      CURL_VERSION_ASYNCHDNS
LogInit:      CURL_VERSION_LARGEFILE
LogInit:      CURL_VERSION_IDN
LogInit:  CurlRequestOptions (configurable via config and command line):
LogInit:  - bVerifyPeer = false  - Libcurl will NOT verify peer certificate
LogInit:  - bUseHttpProxy = false  - Libcurl will NOT use HTTP proxy
LogInit:  - bDontReuseConnections = false  - Libcurl will reuse connections
LogInit:  - CertBundlePath = nullptr  - Libcurl will use whatever was configured at build time.
LogInit: Build: ++UE4+Release-4.17-CL-3586342
LogInit: Engine Version: 4.17.1-3586342+++UE4+Release-4.17
LogInit: Compatible Engine Version: 4.17.0-3573198+++UE4+Release-4.17
LogInit: Net CL: 3573198
LogDevObjectVersion: Number of dev versions registered: 16
LogDevObjectVersion:   Dev-Blueprints (B0D832E4-1F89-4F0D-ACCF-7EB736FD4AA2): 10
LogDevObjectVersion:   Dev-Build (E1C64328-A22C-4D53-A36C-8E866417BD8C): 0
LogDevObjectVersion:   Dev-Core (375EC13C-06E4-48FB-B500-84F0262A717E): 2
LogDevObjectVersion:   Dev-Editor (E4B068ED-F494-42E9-A231-DA0B2E46BB41): 20
LogDevObjectVersion:   Dev-Framework (CFFC743F-43B0-4480-9391-14DF171D2073): 28
LogDevObjectVersion:   Dev-Mobile (B02B49B5-BB20-44E9-A304-32B752E40360): 0
LogDevObjectVersion:   Dev-Networking (A4E4105C-59A1-49B5-A7C5-40C4547EDFEE): 0
LogDevObjectVersion:   Dev-Online (39C831C9-5AE6-47DC-9A44-9C173E1C8E7C): 0
LogDevObjectVersion:   Dev-Physics (78F01B33-EBEA-4F98-B9B4-84EACCB95AA2): 0
LogDevObjectVersion:   Dev-Platform (6631380F-2D4D-43E0-8009-CF276956A95A): 0
LogDevObjectVersion:   Dev-Rendering (12F88B9F-8875-4AFC-A67C-D90C383ABD29): 19
LogDevObjectVersion:   Dev-Sequencer (7B5AE74C-D270-4C10-A958-57980B212A5A): 4
LogDevObjectVersion:   Dev-VR (D7296918-1DD6-4BDD-9DE2-64A83CC13884): 0
LogDevObjectVersion:   Dev-LoadTimes (C2A15278-BFE7-4AFE-6C17-90FF531DF755): 1
LogDevObjectVersion:   Private-Geometry (6EACA3D4-40EC-4CC1-B786-8BED09428FC5): 1
LogDevObjectVersion:   Dev-AnimPhys (29E575DD-E0A3-4627-9D10-D276232CDCEA): 7
LogInit: Compiled (64-bit): Aug 15 2017 02:05:26
LogInit: Compiled with Visual C++: 19.00.24215.01
LogInit: Build Configuration: Development
LogInit: Branch Name: ++UE4+Release-4.17
LogInit: Command line:  
LogInit: Base directory: C:/Program Files/Epic Games/UE_4.17/Engine/Binaries/Win64/
LogInit: Installed Engine Build: 1
LogInit: Presizing for max 8388607 objects, including 0 objects not considered by GC, pre-allocating 0 bytes for permanent pool.
LogInit: Object subsystem initialized
[2017.09.21-13.48.46:619][  0]LogInit: Selected Device Profile: [Windows]
[2017.09.21-13.48.46:619][  0]LogInit: Applying CVar settings loaded from the selected device profile: [Windows]
[2017.09.21-13.48.46:627][  0]LogInit: Computer: JMAX-PC
[2017.09.21-13.48.46:627][  0]LogInit: User: JeanMaxime
[2017.09.21-13.48.46:627][  0]LogInit: CPU Page size=4096, Cores=4
[2017.09.21-13.48.46:627][  0]LogInit: High frequency timer resolution =2.435780 MHz
[2017.09.21-13.48.46:627][  0]LogMemory: Memory total: Physical=15.9GB (16GB approx)
[2017.09.21-13.48.46:628][  0]LogMemory: Platform Memory Stats for Windows
[2017.09.21-13.48.46:628][  0]LogMemory: Process Physical Memory: 280.11 MB used, 280.11 MB peak
[2017.09.21-13.48.46:628][  0]LogMemory: Process Virtual Memory: 286.45 MB used, 286.45 MB peak
[2017.09.21-13.48.46:628][  0]LogMemory: Physical Memory: 6344.43 MB used,  9922.57 MB free, 16267.00 MB total
[2017.09.21-13.48.46:628][  0]LogMemory: Virtual Memory: 667.05 MB used,  9922.57 MB free, 134217728.00 MB total
[2017.09.21-13.48.46:811][  0]LogInit: Using OS detected language (fr-FR).
[2017.09.21-13.48.46:811][  0]LogInit: Using OS detected locale (fr-FR).
[2017.09.21-13.48.46:816][  0]LogTextLocalizationManager: No localization for 'fr-FR' exists, so 'en' will be used for the language.
[2017.09.21-13.48.46:816][  0]LogTextLocalizationManager: No localization for 'fr-FR' exists, so 'en' will be used for the locale.
[2017.09.21-13.48.47:588][  0]LogD3D11RHI: D3D11 adapters:
[2017.09.21-13.48.48:189][  0]LogD3D11RHI:    0. 'NVIDIA GeForce GTX 860M' (Feature Level 11_0)
[2017.09.21-13.48.48:189][  0]LogD3D11RHI:       4065/0/8133 MB DedicatedVideo/DedicatedSystem/SharedSystem, Outputs:1, VendorId:0x10de
[2017.09.21-13.48.48:195][  0]LogD3D11RHI:    1. 'Intel(R) HD Graphics 4600' (Feature Level 11_0)
[2017.09.21-13.48.48:195][  0]LogD3D11RHI:       112/0/2048 MB DedicatedVideo/DedicatedSystem/SharedSystem, Outputs:0, VendorId:0x8086
[2017.09.21-13.48.48:196][  0]LogD3D11RHI:    2. 'Microsoft Basic Render Driver' (Feature Level 11_0)
[2017.09.21-13.48.48:196][  0]LogD3D11RHI:       0/0/8133 MB DedicatedVideo/DedicatedSystem/SharedSystem, Outputs:0, VendorId:0x1414
[2017.09.21-13.48.48:196][  0]LogD3D11RHI: Chosen D3D11 Adapter: 0
[2017.09.21-13.48.48:204][  0]LogD3D11RHI: Creating new Direct3DDevice
[2017.09.21-13.48.48:204][  0]LogD3D11RHI:     GPU DeviceId: 0x1392 (for the marketing name, search the web for "GPU Device Id")
[2017.09.21-13.48.48:204][  0]LogWindows: EnumDisplayDevices:
[2017.09.21-13.48.48:204][  0]LogWindows:    0. 'Intel(R) HD Graphics 4600' (P:1 D:1)
[2017.09.21-13.48.48:204][  0]LogWindows:    1. 'Intel(R) HD Graphics 4600' (P:0 D:0)
[2017.09.21-13.48.48:204][  0]LogWindows:    2. 'Intel(R) HD Graphics 4600' (P:0 D:0)
[2017.09.21-13.48.48:205][  0]LogWindows: DebugString: PrimaryIsNotTheChoosenAdapter PrimaryIsNotTheChoosenAdapter PrimaryIsNotTheChoosenAdapter FoundDriverCount:0 
[2017.09.21-13.48.48:205][  0]LogD3D11RHI:     Adapter Name: NVIDIA GeForce GTX 860M
[2017.09.21-13.48.48:205][  0]LogD3D11RHI:   Driver Version: Unknown (internal:Unknown, unified:Unknown)
[2017.09.21-13.48.48:205][  0]LogD3D11RHI:      Driver Date: Unknown
[2017.09.21-13.48.48:205][  0]LogRHI: Texture pool is 1361 MB (70% of 1945 MB)
[2017.09.21-13.48.48:777][  0]LogD3D11RHI: Async texture creation enabled
[2017.09.21-13.48.48:815][  0]LogD3D11RHI: GPU Timing Frequency: 1000.000000 (Debug: 2 1)
[2017.09.21-13.48.48:815][  0]LogShaderCompilers: Guid format shader working directory is 16 characters bigger than the processId version (D:/GameJam1_MakeHimFall/MakeHimFall/Intermediate/Shaders/WorkingDirectory/13952/).
[2017.09.21-13.48.48:816][  0]LogShaderCompilers: Cleaned the shader compiler working directory 'C:/Users/Jean-Maxime/AppData/Local/Temp/UnrealShaderWorkingDir/CC6FB41640421F1AEC2A7F99C16F377B/'.
[2017.09.21-13.48.48:816][  0]LogShaderCompilers: Display: Using Local Shader Compiler.
[2017.09.21-13.48.49:804][  0]LogTemp: Display: Loaded TP AllDesktopTargetPlatform
[2017.09.21-13.48.49:868][  0]LogTemp: Display: Loaded TP MacClientTargetPlatform
[2017.09.21-13.48.49:934][  0]LogTemp: Display: Loaded TP MacNoEditorTargetPlatform
[2017.09.21-13.48.49:998][  0]LogTemp: Display: Loaded TP MacServerTargetPlatform
[2017.09.21-13.48.50:063][  0]LogTemp: Display: Loaded TP MacTargetPlatform
[2017.09.21-13.48.50:126][  0]LogTemp: Display: Loaded TP WindowsClientTargetPlatform
[2017.09.21-13.48.50:190][  0]LogTemp: Display: Loaded TP WindowsNoEditorTargetPlatform
[2017.09.21-13.48.50:254][  0]LogTemp: Display: Loaded TP WindowsServerTargetPlatform
[2017.09.21-13.48.50:310][  0]LogTemp: Display: Loaded TP WindowsTargetPlatform
[2017.09.21-13.48.50:372][  0]LogTemp: Display: Loaded TP AndroidTargetPlatform
[2017.09.21-13.48.50:434][  0]LogTemp: Display: Loaded TP Android_ASTCTargetPlatform
[2017.09.21-13.48.50:496][  0]LogTemp: Display: Loaded TP Android_ATCTargetPlatform
[2017.09.21-13.48.50:558][  0]LogTemp: Display: Loaded TP Android_DXTTargetPlatform
[2017.09.21-13.48.50:620][  0]LogTemp: Display: Loaded TP Android_ETC1TargetPlatform
[2017.09.21-13.48.50:682][  0]LogTemp: Display: Loaded TP Android_ETC2TargetPlatform
[2017.09.21-13.48.50:805][  0]LogTemp: Display: Loaded TP Android_MultiTargetPlatform
[2017.09.21-13.48.50:805][  0]LogTemp: Display: Loaded TP Android_PVRTCTargetPlatform
[2017.09.21-13.48.50:857][  0]LogTemp: Display: Loaded TP HTML5TargetPlatform
[2017.09.21-13.48.50:964][  0]LogTemp: Display: Loaded TP IOSTargetPlatform
[2017.09.21-13.48.50:996][  0]LogTemp: Display: Loaded TP TVOSTargetPlatform
[2017.09.21-13.48.51:058][  0]LogTemp: Display: Loaded TP LinuxClientTargetPlatform
[2017.09.21-13.48.51:119][  0]LogTemp: Display: Loaded TP LinuxNoEditorTargetPlatform
[2017.09.21-13.48.51:180][  0]LogTemp: Display: Loaded TP LinuxServerTargetPlatform
[2017.09.21-13.48.51:243][  0]LogTemp: Display: Loaded TP LinuxTargetPlatform
[2017.09.21-13.48.51:243][  0]LogTargetPlatformManager: Display: Building Assets For Windows
[2017.09.21-13.48.51:826][  0]LogDerivedDataCache: Display: Max Cache Size: 512 MB
[2017.09.21-13.48.51:925][  0]LogDerivedDataCache: Loaded boot cache 0.10s 93MB C:/Users/Jean-Maxime/AppData/Local/UnrealEngine/4.17/DerivedDataCache/Boot.ddc.
[2017.09.21-13.48.51:925][  0]LogDerivedDataCache: Display: Loaded Boot cache: C:/Users/Jean-Maxime/AppData/Local/UnrealEngine/4.17/DerivedDataCache/Boot.ddc
[2017.09.21-13.48.51:925][  0]LogDerivedDataCache: FDerivedDataBackendGraph:  Pak pak cache file D:/GameJam1_MakeHimFall/MakeHimFall/DerivedDataCache/DDC.ddp not found, will not use a pak cache.
[2017.09.21-13.48.51:925][  0]LogDerivedDataCache: Unable to find inner node Pak for hierarchical cache Hierarchy.
[2017.09.21-13.48.51:925][  0]LogDerivedDataCache: FDerivedDataBackendGraph:  CompressedPak pak cache file D:/GameJam1_MakeHimFall/MakeHimFall/DerivedDataCache/Compressed.ddp not found, will not use a pak cache.
[2017.09.21-13.48.51:925][  0]LogDerivedDataCache: Unable to find inner node CompressedPak for hierarchical cache Hierarchy.
[2017.09.21-13.48.51:942][  0]LogDerivedDataCache: Display: Pak cache opened for reading ../../../Engine/DerivedDataCache/Compressed.ddp.
[2017.09.21-13.48.51:955][  0]LogDerivedDataCache: Using Local data cache path C:/Users/Jean-Maxime/AppData/Local/UnrealEngine/Common/DerivedDataCache: Writable
[2017.09.21-13.48.51:966][  0]LogMaterial: Verifying Global Shaders for PCD3D_SM5
[2017.09.21-13.48.51:966][  0]LogSlate: Using Freetype 2.6.0
[2017.09.21-13.48.51:967][  0]LogSlate: SlateFontCache - WITH_FREETYPE: 1, WITH_HARFBUZZ: 1
[2017.09.21-13.48.51:967][  0]LogSlate: SlateFontCache - WITH_FREETYPE: 1, WITH_HARFBUZZ: 1
[2017.09.21-13.48.52:280][  0]LogAssetRegistry: FAssetRegistry took 0.0263 seconds to start up
[2017.09.21-13.48.52:400][  0]LogInit: Selected Device Profile: [Windows]
[2017.09.21-13.48.52:898][  0]LogSimplygon: Simplygon DLL not present - disabling.
[2017.09.21-13.48.52:952][  0]LogMeshReduction: Using SimplygonSwarm for distributed automatic mesh merging
[2017.09.21-13.48.52:952][  0]LogMeshReduction: Using QuadricMeshReduction for automatic static mesh reduction
[2017.09.21-13.48.52:952][  0]LogMeshReduction: No automatic skeletal mesh reduction module available
[2017.09.21-13.48.52:952][  0]LogMeshReduction: No automatic mesh merging module available
[2017.09.21-13.48.52:952][  0]LogMeshMerging: No automatic mesh merging module available
[2017.09.21-13.48.52:953][  0]LogContentStreaming: Texture pool size is 0.00 MB
[2017.09.21-13.48.53:444][  0]LogNetVersion: MakeHimFall , NetCL: 3573198, EngineNetVer: 2, GameNetVer: 0 (Checksum: 1490375989)
[2017.09.21-13.48.53:683][  0]LogPackageLocalizationCache: Processed 5 localized package path(s) for 1 prioritized culture(s) in 0.017596 seconds
[2017.09.21-13.48.53:690][  0]LogUObjectArray: 35825 objects as part of root set at end of initial load.
[2017.09.21-13.48.53:690][  0]LogUObjectAllocator: 7529104 out of 0 bytes used by permanent object pool.
[2017.09.21-13.48.53:690][  0]LogUObjectArray: CloseDisregardForGC: 0/0 objects in disregard for GC pool
[2017.09.21-13.48.53:760][  0]LogInit: WinSock: version 1.1 (2.2), MaxSocks=32767, MaxUdp=65467
[2017.09.21-13.48.57:102][  0]LogTcpMessaging: Initializing TcpMessaging bridge
[2017.09.21-13.48.57:152][  0]LogUdpMessaging: Initializing bridge on interface 0.0.0.0:0 to multicast group 230.0.0.1:6666.
[2017.09.21-13.48.57:974][  0]LogMaterial: Uniform references updated for custom material expression Custom.
[2017.09.21-13.48.58:496][  0]SourceControl: Source control is disabled
[2017.09.21-13.48.58:496][  0]SourceControl: Source control is disabled
[2017.09.21-13.48.58:560][  0]SourceControl: Source control is disabled
[2017.09.21-13.48.58:624][  0]SourceControl: Source control is disabled
[2017.09.21-13.48.59:388][  0]LogAndroidPermission: UAndroidPermissionCallbackProxy::GetInstance
[2017.09.21-13.48.59:713][  0]LogOcInput: OculusInput pre-init called
[2017.09.21-13.49.00:041][  0]LogEngine: Initializing Engine...
[2017.09.21-13.49.00:043][  0]LogHMD: Failed to initialize OpenVR with code 110
[2017.09.21-13.49.00:271][  0]LogStats: UGameplayTagsManager::ConstructGameplayTagTree: Construct from data asset -  0.000 s
[2017.09.21-13.49.00:271][  0]LogStats: UGameplayTagsManager::ConstructGameplayTagTree: GameplayTagTreeChangedEvent.Broadcast -  0.000 s
[2017.09.21-13.49.00:434][  0]LogAIModule: Creating AISystem for world Untitled
[2017.09.21-13.49.00:442][  0]LogInit: XAudio2 using 'Speakers (Realtek High Definition Audio)' : 2 channels at 48 kHz using 32 bits per sample (channel mask 0x3)
[2017.09.21-13.49.00:572][  0]LogInit: FAudioDevice initialized.
[2017.09.21-13.49.00:774][  0]LogDerivedDataCache: Saved boot cache 0.20s 93MB C:/Users/Jean-Maxime/AppData/Local/UnrealEngine/4.17/DerivedDataCache/Boot.ddc.
[2017.09.21-13.49.00:786][  0]LogInit: Texture streaming: Enabled
[2017.09.21-13.49.00:912][  0]LogEngineSessionManager: EngineSessionManager initialized
[2017.09.21-13.49.01:205][  0]LogInit: Transaction tracking system initialized
[2017.09.21-13.49.01:610][  0]BlueprintLog: New page: Editor Load
[2017.09.21-13.49.02:732][  0]LocalizationService: Localization service is disabled
[2017.09.21-13.49.03:609][  0]LogConsoleResponse: Display: 
[2017.09.21-13.49.03:822][  0]LogCook: Display: Max memory allowance for cook 16384mb min free memory 0mb
[2017.09.21-13.49.03:822][  0]LogCook: Display: Mobile HDR setting 1
[2017.09.21-13.49.03:822][  0]LogGameplayTags: Display: UGameplayTagsManager::DoneAddingNativeTags. DelegateIsBound: 0
[2017.09.21-13.49.04:734][  0]LogFileCache: Scanning file cache for directory 'D:/GameJam1_MakeHimFall/MakeHimFall/Content/' took 0.01s
[2017.09.21-13.49.05:222][  0]SourceControl: Source control is disabled
[2017.09.21-13.49.05:222][  0]Cmd: MAP LOAD FILE="D:/GameJam1_MakeHimFall/MakeHimFall/Content/Maps/LD_Slow_Him_Down.umap" TEMPLATE=0 SHOWPROGRESS=1 FEATURELEVEL=3
[2017.09.21-13.49.05:222][  0]LightingResults: New page: Lighting Build
[2017.09.21-13.49.05:278][  0]MapCheck: New page: Map Check
[2017.09.21-13.49.05:278][  0]LightingResults: New page: Lighting Build
[2017.09.21-13.49.05:759][  0]LogAIModule: Creating AISystem for world LD_Slow_Him_Down
[2017.09.21-13.49.05:786][  0]LogEditorServer: Finished looking for orphan Actors (0.000 secs)
[2017.09.21-13.49.05:799][  0]Cmd: MAP CHECKDEP NOCLEARLOG
[2017.09.21-13.49.05:904][  0]MapCheck: Map check complete: 0 Error(s), 0 Warning(s), took 104.938ms to complete.
[2017.09.21-13.49.05:904][  0]LogFileHelpers: Loading map 'LD_Slow_Him_Down' took 0.683
[2017.09.21-13.49.05:967][  0]LogWindowsTextInputMethodSystem: Display: IME system now deactivated.
[2017.09.21-13.49.06:061][  0]LogCollectionManager: Loaded 0 collections in 0.002913 seconds
[2017.09.21-13.49.06:158][  0]LogFileCache: Scanning file cache for directory 'D:/GameJam1_MakeHimFall/MakeHimFall/Saved/Collections/' took 0.01s
[2017.09.21-13.49.06:158][  0]LogFileCache: Scanning file cache for directory 'D:/GameJam1_MakeHimFall/MakeHimFall/Content/Developers/JeanMaxime/Collections/' took 0.01s
[2017.09.21-13.49.06:158][  0]LogFileCache: Scanning file cache for directory 'D:/GameJam1_MakeHimFall/MakeHimFall/Content/Collections/' took 0.01s
[2017.09.21-13.49.06:158][  0]LogCollectionManager: Rebuilt the GUID cache for 0 collections in 0.000000 seconds
[2017.09.21-13.49.06:167][  0]LogContentBrowser: Native class hierarchy populated in 0.0091 seconds. Added 2386 classes and 500 folders.
[2017.09.21-13.49.06:260][  0]LogContentBrowser: Native class hierarchy updated for 'WidgetCarousel' in 0.0010 seconds. Added 0 classes and 0 folders.
[2017.09.21-13.49.06:329][  0]LogContentBrowser: Native class hierarchy updated for 'AddContentDialog' in 0.0011 seconds. Added 0 classes and 0 folders.
[2017.09.21-13.49.06:396][  0]LogContentBrowser: Native class hierarchy updated for 'SceneOutliner' in 0.0007 seconds. Added 1 classes and 2 folders.
[2017.09.21-13.49.06:422][  0]LogSlate: Took 0.000384 seconds to synchronously load lazily loaded font '../../../Engine/Content/Slate/Fonts/Roboto-Regular.ttf' (155K)
[2017.09.21-13.49.06:425][  0]LogSlate: Took 0.000386 seconds to synchronously load lazily loaded font '../../../Engine/Content/Slate/Fonts/Roboto-Bold.ttf' (160K)
[2017.09.21-13.49.06:432][  0]LogSlate: Took 0.000280 seconds to synchronously load lazily loaded font '../../../Engine/Content/Editor/Slate/Fonts/FontAwesome.ttf' (139K)
[2017.09.21-13.49.06:552][  0]LogRenderer: Reallocating scene render targets to support 964x436 Format 10 NumSamples 1 (Frame:1).
[2017.09.21-13.49.06:765][  0]LogContentBrowser: Native class hierarchy updated for 'HierarchicalLODOutliner' in 0.0007 seconds. Added 1 classes and 2 folders.
[2017.09.21-13.49.06:766][  0]LogLoad: (Engine Initialization) Total time: 22.10 seconds
[2017.09.21-13.49.06:766][  0]LogLoad: (Engine Initialization) Total Blueprint compile time: 0.00 seconds
[2017.09.21-13.49.06:766][  0]LogExternalProfiler: Found external profiler: VSPerf
[2017.09.21-13.49.06:766][  0]LogExternalProfiler: Using external profiler: VSPerf
[2017.09.21-13.49.06:814][  0]LogContentStreaming: Texture pool size now 1000 MB
[2017.09.21-13.49.06:832][  0]LogSlate: Took 0.000264 seconds to synchronously load lazily loaded font '../../../Engine/Content/Slate/Fonts/Roboto-Light.ttf' (159K)
[2017.09.21-13.49.06:868][  1]LogFileCache: Retrieving MD5 hashes for directory 'D:/GameJam1_MakeHimFall/MakeHimFall/Content/' took 0.07s
[2017.09.21-13.49.06:879][  1]LogAssetRegistry: Asset discovery search completed in 14.6205 seconds
[2017.09.21-13.49.06:880][  1]LogCollectionManager: Rebuilt the object cache for 0 collections in 0.000001 seconds (found 0 objects)
[2017.09.21-13.49.06:881][  1]LogCollectionManager: Fixed up redirectors for 0 collections in 0.000040 seconds (updated 0 objects)
[2017.09.21-13.49.09:795][173]LogSlate: Took 0.000371 seconds to synchronously load lazily loaded font '../../../Engine/Content/Slate/Fonts/Roboto-Light.ttf' (159K)
[2017.09.21-13.49.43:295][180]LogTemp: Repeating last play command: New Editor Window (PIE)
[2017.09.21-13.49.43:337][180]LogBlueprintUserMessages: Early PlayInEditor Detection: Level '/Game/Maps/LD_Slow_Him_Down.LD_Slow_Him_Down:PersistentLevel' has LevelScriptBlueprint '/Game/Maps/LD_Slow_Him_Down.LD_Slow_Him_Down:PersistentLevel.LD_Slow_Him_Down' with GeneratedClass '/Game/Maps/LD_Slow_Him_Down.LD_Slow_Him_Down_C' with ClassGeneratedBy '/Game/Maps/LD_Slow_Him_Down.LD_Slow_Him_Down:PersistentLevel.LD_Slow_Him_Down'
[2017.09.21-13.49.43:337][180]LogPlayLevel: PlayLevel: No blueprints needed recompiling
[2017.09.21-13.49.43:339][180]PIE: New page: PIE session: LD_Slow_Him_Down (Sep 21, 2017, 5:49:43 AM)
[2017.09.21-13.49.43:342][180]LogPlayLevel: Creating play world package: /Game/Maps/UEDPIE_1_LD_Slow_Him_Down
[2017.09.21-13.49.43:352][180]LogPlayLevel: PIE: StaticDuplicateObject took: (0.009461s)
[2017.09.21-13.49.43:352][180]LogAIModule: Creating AISystem for world LD_Slow_Him_Down
[2017.09.21-13.49.43:352][180]LogPlayLevel: PIE: World Init took: (0.000821s)
[2017.09.21-13.49.43:353][180]LogPlayLevel: PIE: Created PIE world by copying editor world from /Game/Maps/LD_Slow_Him_Down.LD_Slow_Him_Down to /Game/Maps/UEDPIE_1_LD_Slow_Him_Down.LD_Slow_Him_Down (0.010654s)
[2017.09.21-13.49.43:365][180]LogInit: XAudio2 using 'Speakers (Realtek High Definition Audio)' : 2 channels at 48 kHz using 32 bits per sample (channel mask 0x3)
[2017.09.21-13.49.43:378][180]LogInit: FAudioDevice initialized.
[2017.09.21-13.49.43:429][180]LogLoad: Game class is 'BP_GameModeMHF_C'
[2017.09.21-13.49.43:435][180]LogWorld: Bringing World /Game/Maps/UEDPIE_1_LD_Slow_Him_Down.LD_Slow_Him_Down up for play (max tick rate 60) at 2017.09.21-09.49.43
[2017.09.21-13.49.43:435][180]LogWorld: Bringing up level for play took: 0.005129
[2017.09.21-13.49.43:491][180]LogContentBrowser: Native class hierarchy updated for 'MovieSceneCapture' in 0.0010 seconds. Added 11 classes and 0 folders.
[2017.09.21-13.49.43:497][180]PIE: Play in editor start time for /Game/Maps/UEDPIE_1_LD_Slow_Him_Down 0.58
[2017.09.21-13.49.43:498][180]PIE: New page: PIE session: LD_Slow_Him_Down (Sep 21, 2017, 5:49:43 AM)
[2017.09.21-13.49.43:499][180]LogPlayLevel: Creating play world package: /Game/Maps/UEDPIE_2_LD_Slow_Him_Down
[2017.09.21-13.49.43:509][180]LogPlayLevel: PIE: StaticDuplicateObject took: (0.010299s)
[2017.09.21-13.49.43:510][180]LogAIModule: Creating AISystem for world LD_Slow_Him_Down
[2017.09.21-13.49.43:510][180]LogPlayLevel: PIE: World Init took: (0.000610s)
[2017.09.21-13.49.43:510][180]LogPlayLevel: PIE: Created PIE world by copying editor world from /Game/Maps/LD_Slow_Him_Down.LD_Slow_Him_Down to /Game/Maps/UEDPIE_2_LD_Slow_Him_Down.LD_Slow_Him_Down (0.011208s)
[2017.09.21-13.49.43:563][180]LogLoad: Game class is 'BP_GameModeMHF_C'
[2017.09.21-13.49.43:568][180]LogWorld: Bringing World /Game/Maps/UEDPIE_2_LD_Slow_Him_Down.LD_Slow_Him_Down up for play (max tick rate 60) at 2017.09.21-09.49.43
[2017.09.21-13.49.43:569][180]LogWorld: Bringing up level for play took: 0.004905
[2017.09.21-13.49.43:574][180]PIE: Play in editor start time for /Game/Maps/UEDPIE_2_LD_Slow_Him_Down 0.657
[2017.09.21-13.49.43:582][180]LogBlueprintUserMessages: Late PlayInEditor Detection: Level '/Game/Maps/LD_Slow_Him_Down.LD_Slow_Him_Down:PersistentLevel' has LevelScriptBlueprint '/Game/Maps/LD_Slow_Him_Down.LD_Slow_Him_Down:PersistentLevel.LD_Slow_Him_Down' with GeneratedClass '/Game/Maps/LD_Slow_Him_Down.LD_Slow_Him_Down_C' with ClassGeneratedBy '/Game/Maps/LD_Slow_Him_Down.LD_Slow_Him_Down:PersistentLevel.LD_Slow_Him_Down'
[2017.09.21-13.49.43:610][180]LogRenderer: Reallocating scene render targets to support 964x516 Format 10 NumSamples 1 (Frame:1).
[2017.09.21-13.49.46:424][346]LogNet: Browse: /Game/Maps/LD_Slow_Him_Down?listen
[2017.09.21-13.49.46:424][346]LogLoad: LoadMap: /Game/Maps/LD_Slow_Him_Down?listen
[2017.09.21-13.49.46:438][346]Cmd: MEM
[2017.09.21-13.49.46:448][346]LogMemory: Platform Memory Stats for Windows
[2017.09.21-13.49.46:448][346]LogMemory: Process Physical Memory: 1123.61 MB used, 1243.57 MB peak
[2017.09.21-13.49.46:448][346]LogMemory: Process Virtual Memory: 1575.48 MB used, 1575.48 MB peak
[2017.09.21-13.49.46:448][346]LogMemory: Physical Memory: 7333.80 MB used,  8933.21 MB free, 16267.00 MB total
[2017.09.21-13.49.46:448][346]LogMemory: Virtual Memory: 2428.83 MB used,  8933.21 MB free, 134217728.00 MB total
[2017.09.21-13.49.46:448][346]LogMemory: 
[2017.09.21-13.49.46:448][346]Allocator Stats for TBB: (not implemented)
[2017.09.21-13.49.46:448][346]LogPlayLevel: Creating play world package: /Game/Maps/UEDPIE_1_LD_Slow_Him_Down
[2017.09.21-13.49.46:457][346]LogPlayLevel: PIE: StaticDuplicateObject took: (0.009542s)
[2017.09.21-13.49.46:458][346]LogAIModule: Creating AISystem for world LD_Slow_Him_Down
[2017.09.21-13.49.46:458][346]LogPlayLevel: PIE: World Init took: (0.000653s)
[2017.09.21-13.49.46:458][346]LogPlayLevel: PIE: Created PIE world by copying editor world from /Game/Maps/LD_Slow_Him_Down.LD_Slow_Him_Down to /Game/Maps/UEDPIE_1_LD_Slow_Him_Down.LD_Slow_Him_Down (0.010462s)
[2017.09.21-13.49.46:458][346]LogLoad: Game class is 'BP_GameModeMHF_C'
[2017.09.21-13.49.46:458][346]LogTemp: Display: ParseSettings for GameNetDriver
[2017.09.21-13.49.46:458][346]LogTemp: Display: ParseSettings for IpNetDriver_0
[2017.09.21-13.49.46:459][346]LogTemp: Display: ParseSettings for GameNetDriver
[2017.09.21-13.49.46:459][346]LogInit: WinSock: Socket queue 131072 / 131072
[2017.09.21-13.49.46:463][346]LogInit: WinSock: I am jmax-pc (172.21.205.141:0)
[2017.09.21-13.49.46:463][346]PacketHandlerLog: Loaded PacketHandler component: Engine.EngineHandlerComponentFactory (StatelessConnectHandlerComponent)
[2017.09.21-13.49.46:463][346]LogNet: GameNetDriver IpNetDriver_0 IpNetDriver listening on port 7777
[2017.09.21-13.49.46:468][346]LogWorld: Bringing World /Game/Maps/UEDPIE_1_LD_Slow_Him_Down.LD_Slow_Him_Down up for play (max tick rate 60) at 2017.09.21-09.49.46
[2017.09.21-13.49.46:469][346]LogWorld: Bringing up level for play took: 0.005116
[2017.09.21-13.49.46:471][346]LogLoad: Took 0.046593 seconds to LoadMap(/Game/Maps/UEDPIE_1_LD_Slow_Him_Down)
[2017.09.21-13.49.47:730][420]LogNet: Browse: 127.0.0.1//Game/Maps/LD_Slow_Him_Down
[2017.09.21-13.49.47:731][420]LogTemp: Display: ParseSettings for GameNetDriver
[2017.09.21-13.49.47:731][420]LogTemp: Display: ParseSettings for IpNetDriver_1
[2017.09.21-13.49.47:731][420]LogTemp: Display: ParseSettings for PendingNetDriver
[2017.09.21-13.49.47:731][420]LogInit: WinSock: Socket queue 32768 / 32768
[2017.09.21-13.49.47:731][420]PacketHandlerLog: Loaded PacketHandler component: Engine.EngineHandlerComponentFactory (StatelessConnectHandlerComponent)
[2017.09.21-13.49.47:731][420]LogNet: Game client on port 7777, rate 10000
[2017.09.21-13.49.47:746][421]LogNet: NotifyAcceptingConnection accepted from: 127.0.0.1:50279
[2017.09.21-13.49.47:746][421]LogHandshake: SendConnectChallenge. Timestamp: 1.339609, Cookie: 221106145013165062034145120012101222087118069133083177244115
[2017.09.21-13.49.47:747][421]LogHandshake: SendChallengeResponse. Timestamp: 1.339609, Cookie: 221106145013165062034145120012101222087118069133083177244115
[2017.09.21-13.49.47:763][422]LogNet: NotifyAcceptingConnection accepted from: 127.0.0.1:50279
[2017.09.21-13.49.47:763][422]LogHandshake: SendChallengeAck. InCookie: 221106145013165062034145120012101222087118069133083177244115
[2017.09.21-13.49.47:763][422]LogNet: Server accepting post-challenge connection from: 127.0.0.1:50279
[2017.09.21-13.49.47:763][422]PacketHandlerLog: Loaded PacketHandler component: Engine.EngineHandlerComponentFactory (StatelessConnectHandlerComponent)
[2017.09.21-13.49.47:763][422]LogNet: NotifyAcceptedConnection: Name: LD_Slow_Him_Down, TimeStamp: 09/21/17 09:49:47, [UNetConnection] RemoteAddr: 127.0.0.1:50279, Name: IpConnection_1, Driver: GameNetDriver IpNetDriver_0, IsServer: YES, PC: NULL, Owner: NULL
[2017.09.21-13.49.47:763][422]LogNet: AddClientConnection: Added client connection: [UNetConnection] RemoteAddr: 127.0.0.1:50279, Name: IpConnection_1, Driver: GameNetDriver IpNetDriver_0, IsServer: YES, PC: NULL, Owner: NULL
[2017.09.21-13.49.47:764][422]LogNetVersion: MakeHimFall 1.0.0.0, NetCL: 3573198, EngineNetVer: 2, GameNetVer: 0 (Checksum: 1351580797)
[2017.09.21-13.49.47:764][422]LogNet: UPendingNetGame::SendInitialJoin: Sending hello. [UNetConnection] RemoteAddr: 127.0.0.1:7777, Name: IpConnection_0, Driver: PendingNetDriver IpNetDriver_1, IsServer: NO, PC: NULL, Owner: NULL
[2017.09.21-13.49.47:780][423]LogNet: NotifyAcceptingChannel Control 0 server World /Game/Maps/UEDPIE_1_LD_Slow_Him_Down.LD_Slow_Him_Down: Accepted
[2017.09.21-13.49.47:780][423]LogNet: Remote platform little endian=1
[2017.09.21-13.49.47:780][423]LogNet: This platform little endian=1
[2017.09.21-13.49.47:797][424]LogNet: Login request: /Game/Maps/LD_Slow_Him_Down userId: Invalid
[2017.09.21-13.49.47:797][424]LogNet: Welcomed by server (Level: /Game/Maps/UEDPIE_1_LD_Slow_Him_Down, Game: /Game/BP/BP_GameModeMHF.BP_GameModeMHF_C)
[2017.09.21-13.49.47:798][424]LogLoad: LoadMap: 127.0.0.1//Game/Maps/UEDPIE_1_LD_Slow_Him_Down?game=/Game/BP/BP_GameModeMHF.BP_GameModeMHF_C
[2017.09.21-13.49.47:810][424]Cmd: MEM
[2017.09.21-13.49.47:820][424]LogMemory: Platform Memory Stats for Windows
[2017.09.21-13.49.47:820][424]LogMemory: Process Physical Memory: 1128.91 MB used, 1243.57 MB peak
[2017.09.21-13.49.47:820][424]LogMemory: Process Virtual Memory: 1574.18 MB used, 1607.98 MB peak
[2017.09.21-13.49.47:820][424]LogMemory: Physical Memory: 7345.37 MB used,  8921.64 MB free, 16267.00 MB total
[2017.09.21-13.49.47:820][424]LogMemory: Virtual Memory: 2462.56 MB used,  8921.64 MB free, 134217728.00 MB total
[2017.09.21-13.49.47:820][424]LogMemory: 
[2017.09.21-13.49.47:820][424]Allocator Stats for TBB: (not implemented)
[2017.09.21-13.49.47:829][424]LogAIModule: Creating AISystem for world LD_Slow_Him_Down
[2017.09.21-13.49.47:829][424]LogTemp: Display: ParseSettings for GameNetDriver
[2017.09.21-13.49.47:846][424]LogWorld: Bringing World /Game/Maps/UEDPIE_2_LD_Slow_Him_Down.LD_Slow_Him_Down up for play (max tick rate 60) at 2017.09.21-09.49.47
[2017.09.21-13.49.47:846][424]LogWorld: Bringing up level for play took: 0.016266
[2017.09.21-13.49.47:846][424]LogLoad: Took 0.048962 seconds to LoadMap(/Game/Maps/UEDPIE_1_LD_Slow_Him_Down)
[2017.09.21-13.49.47:859][425]LogNet: Client netspeed is 10000
[2017.09.21-13.49.47:859][425]LogNet: Join request: /Game/Maps/LD_Slow_Him_Down?SplitscreenCount=1
[2017.09.21-13.49.47:861][425]LogNet: Join succeeded: 259
[2017.09.21-13.50.00:777][200]LogBlueprintUserMessages: Early EndPlayMap Detection: Level '/Game/Maps/LD_Slow_Him_Down.LD_Slow_Him_Down:PersistentLevel' has LevelScriptBlueprint '/Game/Maps/LD_Slow_Him_Down.LD_Slow_Him_Down:PersistentLevel.LD_Slow_Him_Down' with GeneratedClass '/Game/Maps/LD_Slow_Him_Down.LD_Slow_Him_Down_C' with ClassGeneratedBy '/Game/Maps/LD_Slow_Him_Down.LD_Slow_Him_Down:PersistentLevel.LD_Slow_Him_Down'
[2017.09.21-13.50.00:882][200]LogBlueprintUserMessages: Late EndPlayMap Detection: Level '/Game/Maps/LD_Slow_Him_Down.LD_Slow_Him_Down:PersistentLevel' has LevelScriptBlueprint '/Game/Maps/LD_Slow_Him_Down.LD_Slow_Him_Down:PersistentLevel.LD_Slow_Him_Down' with GeneratedClass '/Game/Maps/LD_Slow_Him_Down.LD_Slow_Him_Down_C' with ClassGeneratedBy '/Game/Maps/LD_Slow_Him_Down.LD_Slow_Him_Down:PersistentLevel.LD_Slow_Him_Down'
[2017.09.21-13.50.00:892][200]LogNet: UChannel::CleanUp: ChIndex == 0. Closing connection. [UChannel] ChIndex: 0, Closing: 0 [UNetConnection] RemoteAddr: 127.0.0.1:50279, Name: IpConnection_1, Driver: GameNetDriver IpNetDriver_0, IsServer: YES, PC: PlayerController_1, Owner: PlayerController_1
[2017.09.21-13.50.00:892][200]LogNet: UNetConnection::Close: [UNetConnection] RemoteAddr: 127.0.0.1:50279, Name: IpConnection_1, Driver: GameNetDriver IpNetDriver_0, IsServer: YES, PC: PlayerController_1, Owner: PlayerController_1, Channels: 3, Time: 2017.09.21-13.50.00
[2017.09.21-13.50.00:892][200]LogNet: UChannel::Close: Sending CloseBunch. ChIndex == 0. Name: [UChannel] ChIndex: 0, Closing: 0 [UNetConnection] RemoteAddr: 127.0.0.1:50279, Name: IpConnection_1, Driver: GameNetDriver IpNetDriver_0, IsServer: YES, PC: PlayerController_1, Owner: PlayerController_1
[2017.09.21-13.50.00:892][200]LogNet: UChannel::CleanUp: ChIndex == 0. Closing connection. [UChannel] ChIndex: 0, Closing: 0 [UNetConnection] RemoteAddr: 127.0.0.1:7777, Name: IpConnection_0, Driver: GameNetDriver IpNetDriver_1, IsServer: NO, PC: PlayerController_1, Owner: PlayerController_1
[2017.09.21-13.50.00:892][200]LogNet: UNetConnection::Close: [UNetConnection] RemoteAddr: 127.0.0.1:7777, Name: IpConnection_0, Driver: GameNetDriver IpNetDriver_1, IsServer: NO, PC: PlayerController_1, Owner: PlayerController_1, Channels: 3, Time: 2017.09.21-13.50.00
[2017.09.21-13.50.00:892][200]LogNet: UChannel::Close: Sending CloseBunch. ChIndex == 0. Name: [UChannel] ChIndex: 0, Closing: 0 [UNetConnection] RemoteAddr: 127.0.0.1:7777, Name: IpConnection_0, Driver: GameNetDriver IpNetDriver_1, IsServer: NO, PC: PlayerController_1, Owner: PlayerController_1
[2017.09.21-13.50.00:895][200]LogExit: GameNetDriver None shut down
[2017.09.21-13.50.00:895][200]LogExit: GameNetDriver None shut down
[2017.09.21-13.50.03:367][342]LogWindowsTextInputMethodSystem: Display: IME system now deactivated.
[2017.09.21-13.50.03:536][343]Cmd: QUIT_EDITOR
[2017.09.21-13.50.04:472][343]LogExit: Preparing to exit.
[2017.09.21-13.50.05:318][343]LogExit: Editor shut down
[2017.09.21-13.50.05:320][343]LogExit: Transaction tracking system shut down
[2017.09.21-13.50.05:475][343]LogDirectoryWatcher: A directory notification for '../../../Engine/Content/' was aborted.
[2017.09.21-13.50.05:475][343]LogDirectoryWatcher: A directory notification for 'D:/GameJam1_MakeHimFall/MakeHimFall/Content/' was aborted.
[2017.09.21-13.50.05:475][343]LogDirectoryWatcher: A directory notification for '../../../Engine/Plugins/2D/Paper2D/Content/' was aborted.
[2017.09.21-13.50.05:475][343]LogDirectoryWatcher: A directory notification for '../../../Engine/Plugins/Runtime/Oculus/OculusVR/Content/' was aborted.
[2017.09.21-13.50.05:475][343]LogDirectoryWatcher: A directory notification for '../../../Engine/Plugins/Runtime/Steam/SteamVR/Content/' was aborted.
[2017.09.21-13.50.05:519][343]LogExit: Object subsystem successfully closed.
[2017.09.21-13.50.05:544][343]LogD3D11RHI: Shutdown
[2017.09.21-13.50.05:544][343]LogD3D11RHI: CleanupD3DDevice
[2017.09.21-13.50.05:598][343]LogD3D11RHI: ~FD3D11DynamicRHI
[2017.09.21-13.50.05:627][343]LogModuleManager: Shutting down and abandoning module MovieSceneCapture (532)
[2017.09.21-13.50.05:627][343]LogModuleManager: Shutting down and abandoning module HierarchicalLODOutliner (530)
[2017.09.21-13.50.05:627][343]LogModuleManager: Shutting down and abandoning module SceneOutliner (528)
[2017.09.21-13.50.05:627][343]LogModuleManager: Shutting down and abandoning module AddContentDialog (526)
[2017.09.21-13.50.05:627][343]LogDirectoryWatcher: A directory notification for 'C:/Program Files/Epic Games/UE_4.17/FeaturePacks/' was aborted.
[2017.09.21-13.50.05:628][343]LogModuleManager: Shutting down and abandoning module WidgetCarousel (525)
[2017.09.21-13.50.05:628][343]LogModuleManager: Shutting down and abandoning module EditorWidgets (522)
[2017.09.21-13.50.05:628][343]LogModuleManager: Shutting down and abandoning module CollectionManager (520)
[2017.09.21-13.50.05:628][343]LogDirectoryWatcher: A directory notification for 'D:/GameJam1_MakeHimFall/MakeHimFall/Content/Collections/' was aborted.
[2017.09.21-13.50.05:628][343]LogDirectoryWatcher: A directory notification for 'D:/GameJam1_MakeHimFall/MakeHimFall/Content/Developers/JeanMaxime/Collections/' was aborted.
[2017.09.21-13.50.05:628][343]LogDirectoryWatcher: A directory notification for 'D:/GameJam1_MakeHimFall/MakeHimFall/Saved/Collections/' was aborted.
[2017.09.21-13.50.05:628][343]LogModuleManager: Shutting down and abandoning module StatsViewer (518)
[2017.09.21-13.50.05:628][343]LogModuleManager: Shutting down and abandoning module FoliageEdit (516)
[2017.09.21-13.50.05:628][343]LogModuleManager: Shutting down and abandoning module LandscapeEditor (514)
[2017.09.21-13.50.05:628][343]LogModuleManager: Shutting down and abandoning module MeshPaintMode (512)
[2017.09.21-13.50.05:628][343]LogModuleManager: Shutting down and abandoning module SceneDepthPickerMode (510)
[2017.09.21-13.50.05:628][343]LogModuleManager: Shutting down and abandoning module ActorPickerMode (508)
[2017.09.21-13.50.05:628][343]LogModuleManager: Shutting down and abandoning module GeometryMode (506)
[2017.09.21-13.50.05:628][343]LogModuleManager: Shutting down and abandoning module TextureAlignMode (504)
[2017.09.21-13.50.05:628][343]LogModuleManager: Shutting down and abandoning module BspMode (502)
[2017.09.21-13.50.05:628][343]LogModuleManager: Shutting down and abandoning module PIEPreviewDeviceProfileSelector (500)
[2017.09.21-13.50.05:628][343]LogModuleManager: Shutting down and abandoning module HardwareSurvey (498)
[2017.09.21-13.50.05:628][343]LogModuleManager: Shutting down and abandoning module SequenceRecorderSections (496)
[2017.09.21-13.50.05:628][343]LogModuleManager: Shutting down and abandoning module AutomationWorker (494)
[2017.09.21-13.50.05:628][343]LogModuleManager: Shutting down and abandoning module MatineeToLevelSequence (492)
[2017.09.21-13.50.05:628][343]LogModuleManager: Shutting down and abandoning module LevelSequenceEditor (490)
[2017.09.21-13.50.05:629][343]LogModuleManager: Shutting down and abandoning module PlacementMode (489)
[2017.09.21-13.50.05:629][343]LogModuleManager: Shutting down and abandoning module WmfMediaFactory (486)
[2017.09.21-13.50.05:629][343]LogModuleManager: Shutting down and abandoning module WmfMediaEditor (484)
[2017.09.21-13.50.05:629][343]LogModuleManager: Shutting down and abandoning module AvfMediaFactory (482)
[2017.09.21-13.50.05:629][343]LogModuleManager: Shutting down and abandoning module AvfMediaEditor (480)
[2017.09.21-13.50.05:629][343]LogModuleManager: Shutting down and abandoning module AndroidMediaFactory (478)
[2017.09.21-13.50.05:629][343]LogModuleManager: Shutting down and abandoning module Media (477)
[2017.09.21-13.50.05:629][343]LogModuleManager: Shutting down and abandoning module AndroidMediaEditor (474)
[2017.09.21-13.50.05:629][343]LogModuleManager: Shutting down and abandoning module CharacterAI (472)
[2017.09.21-13.50.05:629][343]LogModuleManager: Shutting down and abandoning module AudioCapture (470)
[2017.09.21-13.50.05:629][343]LogModuleManager: Shutting down and abandoning module SequenceRecorder (469)
[2017.09.21-13.50.05:629][343]LogModuleManager: Shutting down and abandoning module SmartSnapping (466)
[2017.09.21-13.50.05:629][343]LogModuleManager: Shutting down and abandoning module SessionServices (464)
[2017.09.21-13.50.05:629][343]LogModuleManager: Shutting down and abandoning module ViewportSnapping (462)
[2017.09.21-13.50.05:629][343]LogModuleManager: Shutting down and abandoning module ViewportInteraction (460)
[2017.09.21-13.50.05:629][343]LogModuleManager: Shutting down and abandoning module ClothPainter (458)
[2017.09.21-13.50.05:629][343]LogModuleManager: Shutting down and abandoning module LogVisualizer (456)
[2017.09.21-13.50.05:629][343]LogModuleManager: Shutting down and abandoning module IntroTutorials (454)
[2017.09.21-13.50.05:629][343]LogModuleManager: Shutting down and abandoning module GameProjectGeneration (453)
[2017.09.21-13.50.05:629][343]LogModuleManager: Shutting down and abandoning module IOSPlatformEditor (450)
[2017.09.21-13.50.05:629][343]LogModuleManager: Shutting down and abandoning module HTML5PlatformEditor (448)
[2017.09.21-13.50.05:629][343]LogModuleManager: Shutting down and abandoning module AndroidPlatformEditor (446)
[2017.09.21-13.50.05:629][343]LogModuleManager: Shutting down and abandoning module AndroidDeviceDetection (445)
[2017.09.21-13.50.06:233][343]LogModuleManager: Shutting down and abandoning module WindowsPlatformEditor (442)
[2017.09.21-13.50.06:233][343]LogModuleManager: Shutting down and abandoning module IOSRuntimeSettings (440)
[2017.09.21-13.50.06:233][343]LogModuleManager: Shutting down and abandoning module AndroidRuntimeSettings (438)
[2017.09.21-13.50.06:233][343]LogModuleManager: Shutting down and abandoning module InputBindingEditor (436)
[2017.09.21-13.50.06:233][343]LogModuleManager: Shutting down and abandoning module MergeActors (434)
[2017.09.21-13.50.06:233][343]LogModuleManager: Shutting down and abandoning module SizeMap (432)
[2017.09.21-13.50.06:233][343]LogModuleManager: Shutting down and abandoning module TreeMap (430)
[2017.09.21-13.50.06:233][343]LogModuleManager: Shutting down and abandoning module ReferenceViewer (428)
[2017.09.21-13.50.06:233][343]LogModuleManager: Shutting down and abandoning module LocalizationDashboard (426)
[2017.09.21-13.50.06:233][343]LogModuleManager: Shutting down and abandoning module LocalizationService (425)
[2017.09.21-13.50.06:233][343]LogModuleManager: Shutting down and abandoning module HardwareTargeting (422)
[2017.09.21-13.50.06:233][343]LogModuleManager: Shutting down and abandoning module DeviceProfileEditor (420)
[2017.09.21-13.50.06:233][343]LogModuleManager: Shutting down and abandoning module UndoHistory (418)
[2017.09.21-13.50.06:233][343]LogModuleManager: Shutting down and abandoning module XmlParser (416)
[2017.09.21-13.50.06:233][343]LogModuleManager: Shutting down and abandoning module Blutility (414)
[2017.09.21-13.50.06:233][343]LogModuleManager: Shutting down and abandoning module ProjectSettingsViewer (412)
[2017.09.21-13.50.06:233][343]LogModuleManager: Shutting down and abandoning module ProjectTargetPlatformEditor (411)
[2017.09.21-13.50.06:234][343]LogModuleManager: Shutting down and abandoning module EditorSettingsViewer (408)
[2017.09.21-13.50.06:234][343]LogModuleManager: Shutting down and abandoning module SettingsEditor (406)
[2017.09.21-13.50.06:234][343]LogModuleManager: Shutting down and abandoning module ProjectLauncher (404)
[2017.09.21-13.50.06:234][343]LogModuleManager: Shutting down and abandoning module SessionFrontend (402)
[2017.09.21-13.50.06:234][343]LogModuleManager: Shutting down and abandoning module ProfilerClient (400)
[2017.09.21-13.50.06:234][343]LogModuleManager: Shutting down and abandoning module DeviceManager (398)
[2017.09.21-13.50.06:234][343]LogModuleManager: Shutting down and abandoning module TargetDeviceServices (397)
[2017.09.21-13.50.06:298][343]LogModuleManager: Shutting down and abandoning module AutomationController (394)
[2017.09.21-13.50.06:298][343]LogModuleManager: Shutting down and abandoning module AutomationWindow (392)
[2017.09.21-13.50.06:298][343]LogModuleManager: Shutting down and abandoning module Layers (390)
[2017.09.21-13.50.06:298][343]LogModuleManager: Shutting down and abandoning module ComponentVisualizers (388)
[2017.09.21-13.50.06:298][343]LogModuleManager: Shutting down and abandoning module DetailCustomizations (386)
[2017.09.21-13.50.06:298][343]LogModuleManager: Shutting down and abandoning module PackagesDialog (384)
[2017.09.21-13.50.06:298][343]LogModuleManager: Shutting down and abandoning module Persona (382)
[2017.09.21-13.50.06:298][343]LogModuleManager: Shutting down and abandoning module AdvancedPreviewScene (381)
[2017.09.21-13.50.06:298][343]LogModuleManager: Shutting down and abandoning module AnimGraph (379)
[2017.09.21-13.50.06:298][343]LogModuleManager: Shutting down and abandoning module Kismet (376)
[2017.09.21-13.50.06:299][343]LogModuleManager: Shutting down and abandoning module ClassViewer (374)
[2017.09.21-13.50.06:299][343]LogModuleManager: Shutting down and abandoning module Toolbox (372)
[2017.09.21-13.50.06:299][343]LogModuleManager: Shutting down and abandoning module ModuleUI (370)
[2017.09.21-13.50.06:299][343]LogModuleManager: Shutting down and abandoning module MovieSceneTools (368)
[2017.09.21-13.50.06:299][343]LogModuleManager: Shutting down and abandoning module OutputLog (366)
[2017.09.21-13.50.06:299][343]LogModuleManager: Shutting down and abandoning module GammaUI (364)
[2017.09.21-13.50.06:299][343]LogModuleManager: Shutting down and abandoning module Documentation (362)
[2017.09.21-13.50.06:299][343]LogModuleManager: Shutting down and abandoning module MovieSceneTracks (360)
[2017.09.21-13.50.06:299][343]LogModuleManager: Shutting down and abandoning module MovieScene (358)
[2017.09.21-13.50.06:299][343]LogModuleManager: Shutting down and abandoning module Niagara (356)
[2017.09.21-13.50.06:299][343]LogModuleManager: Shutting down and abandoning module NiagaraEditor (355)
[2017.09.21-13.50.06:299][343]LogModuleManager: Shutting down and abandoning module StreamingPauseRendering (352)
[2017.09.21-13.50.06:299][343]LogModuleManager: Shutting down and abandoning module LauncherPlatform (350)
[2017.09.21-13.50.06:299][343]LogModuleManager: Shutting down and abandoning module AnalyticsET (348)
[2017.09.21-13.50.06:299][343]LogModuleManager: Shutting down and abandoning module PortalServices (346)
[2017.09.21-13.50.06:299][343]LogModuleManager: Shutting down and abandoning module PortalRpc (344)
[2017.09.21-13.50.06:299][343]LogModuleManager: Shutting down and abandoning module MessagingRpc (342)
[2017.09.21-13.50.06:299][343]LogModuleManager: Shutting down and abandoning module AIModule (340)
[2017.09.21-13.50.06:299][343]LogModuleManager: Shutting down and abandoning module GameplayDebugger (339)
[2017.09.21-13.50.06:299][343]LogModuleManager: Shutting down and abandoning module AITestSuite (337)
[2017.09.21-13.50.06:299][343]LogModuleManager: Shutting down and abandoning module ProfilerService (334)
[2017.09.21-13.50.06:336][343]LogModuleManager: Shutting down and abandoning module TaskGraph (332)
[2017.09.21-13.50.06:336][343]LogModuleManager: Shutting down and abandoning module SteamVRController (330)
[2017.09.21-13.50.06:336][343]LogModuleManager: Shutting down and abandoning module ProceduralMeshComponentEditor (328)
[2017.09.21-13.50.06:336][343]LogModuleManager: Shutting down and abandoning module ProceduralMeshComponent (326)
[2017.09.21-13.50.06:336][343]LogModuleManager: Shutting down and abandoning module OculusInput (324)
[2017.09.21-13.50.06:336][343]LogModuleManager: Shutting down and abandoning module MobilePatchingUtils (322)
[2017.09.21-13.50.06:336][343]LogModuleManager: Shutting down and abandoning module CustomMeshComponent (320)
[2017.09.21-13.50.06:336][343]LogModuleManager: Shutting down and abandoning module CableComponent (318)
[2017.09.21-13.50.06:336][343]LogModuleManager: Shutting down and abandoning module ArchVisCharacter (316)
[2017.09.21-13.50.06:336][343]LogModuleManager: Shutting down and abandoning module AndroidPermission (314)
[2017.09.21-13.50.06:336][343]LogModuleManager: Shutting down and abandoning module MediaPlayerEditor (310)
[2017.09.21-13.50.06:336][343]LogModuleManager: Shutting down and abandoning module HTML5Networking (308)
[2017.09.21-13.50.06:336][343]LogModuleManager: Shutting down and abandoning module AlembicImporter (306)
[2017.09.21-13.50.06:336][343]LogModuleManager: Shutting down and abandoning module AlembicLibrary (305)
[2017.09.21-13.50.06:336][343]LogModuleManager: Shutting down and abandoning module GeometryCache (304)
[2017.09.21-13.50.06:336][343]LogModuleManager: Shutting down and abandoning module GeometryCacheEd (303)
[2017.09.21-13.50.06:336][343]LogModuleManager: Shutting down and abandoning module SpeedTreeImporter (298)
[2017.09.21-13.50.06:336][343]LogModuleManager: Shutting down and abandoning module PluginBrowser (296)
[2017.09.21-13.50.06:337][343]LogModuleManager: Shutting down and abandoning module MobileLauncherProfileWizard (294)
[2017.09.21-13.50.06:337][343]LogModuleManager: Shutting down and abandoning module VisualStudioSourceCodeAccess (292)
[2017.09.21-13.50.06:337][343]LogModuleManager: Shutting down and abandoning module DesktopPlatform (291)
[2017.09.21-13.50.06:337][343]LogModuleManager: Shutting down and abandoning module UObjectPlugin (288)
[2017.09.21-13.50.06:337][343]LogModuleManager: Shutting down and abandoning module SubversionSourceControl (286)
[2017.09.21-13.50.06:337][343]LogModuleManager: Shutting down and abandoning module PerforceSourceControl (284)
[2017.09.21-13.50.06:337][343]LogModuleManager: Shutting down and abandoning module GitSourceControl (282)
[2017.09.21-13.50.06:337][343]LogModuleManager: Shutting down and abandoning module SourceControl (281)
[2017.09.21-13.50.06:337][343]LogModuleManager: Shutting down and abandoning module LightPropagationVolumeEditor (278)
[2017.09.21-13.50.06:337][343]LogModuleManager: Shutting down and abandoning module PaperTiledImporter (276)
[2017.09.21-13.50.06:337][343]LogModuleManager: Shutting down and abandoning module PaperSpriteSheetImporter (274)
[2017.09.21-13.50.06:337][343]LogModuleManager: Shutting down and abandoning module Paper2DEditor (272)
[2017.09.21-13.50.06:337][343]LogModuleManager: Shutting down and abandoning module MeshPaint (271)
[2017.09.21-13.50.06:337][343]LogModuleManager: Shutting down and abandoning module LevelEditor (269)
[2017.09.21-13.50.06:338][343]LogModuleManager: Shutting down and abandoning module PixelInspectorModule (268)
[2017.09.21-13.50.06:338][343]LogModuleManager: Shutting down and abandoning module MainFrame (266)
[2017.09.21-13.50.06:338][343]LogModuleManager: Shutting down and abandoning module HotReload (265)
[2017.09.21-13.50.06:338][343]LogModuleManager: Shutting down and abandoning module RuntimePhysXCooking (260)
[2017.09.21-13.50.06:338][343]LogModuleManager: Shutting down and abandoning module PhysXVehiclesEditor (258)
[2017.09.21-13.50.06:338][343]LogModuleManager: Shutting down and abandoning module PhysXVehicles (256)
[2017.09.21-13.50.06:338][343]LogModuleManager: Shutting down and abandoning module OculusEditor (254)
[2017.09.21-13.50.06:338][343]LogModuleManager: Shutting down and abandoning module LocationServicesBPLibrary (252)
[2017.09.21-13.50.06:338][343]LogModuleManager: Shutting down and abandoning module ImmediatePhysicsEditor (250)
[2017.09.21-13.50.06:338][343]LogModuleManager: Shutting down and abandoning module ImmediatePhysics (248)
[2017.09.21-13.50.06:338][343]LogModuleManager: Shutting down and abandoning module UdpMessaging (246)
[2017.09.21-13.50.06:439][343]LogModuleManager: Shutting down and abandoning module TcpMessaging (244)
[2017.09.21-13.50.06:539][343]LogModuleManager: Shutting down and abandoning module GameplayTagsEditor (242)
[2017.09.21-13.50.06:539][343]LogModuleManager: Shutting down and abandoning module FacialAnimationEditor (240)
[2017.09.21-13.50.06:539][343]LogModuleManager: Shutting down and abandoning module FacialAnimation (238)
[2017.09.21-13.50.06:539][343]LogModuleManager: Shutting down and abandoning module AssetManagerEditor (236)
[2017.09.21-13.50.06:539][343]LogModuleManager: Shutting down and abandoning module GraphEditor (235)
[2017.09.21-13.50.06:539][343]LogModuleManager: Shutting down and abandoning module ContentBrowser (233)
[2017.09.21-13.50.06:540][343]LogModuleManager: Shutting down and abandoning module LightPropagationVolumeRuntime (230)
[2017.09.21-13.50.06:540][343]LogModuleManager: Shutting down and abandoning module Paper2D (228)
[2017.09.21-13.50.06:540][343]LogModuleManager: Shutting down and abandoning module WindowsMoviePlayer (226)
[2017.09.21-13.50.06:540][343]LogModuleManager: Shutting down and abandoning module WmfMedia (224)
[2017.09.21-13.50.06:540][343]LogModuleManager: Shutting down and abandoning module PacketHandler (222)
[2017.09.21-13.50.06:540][343]LogModuleManager: Shutting down and abandoning module ClothingSystemEditor (220)
[2017.09.21-13.50.06:540][343]LogModuleManager: Shutting down and abandoning module ClothingSystemRuntime (218)
[2017.09.21-13.50.06:540][343]LogModuleManager: Shutting down and abandoning module Overlay (216)
[2017.09.21-13.50.06:540][343]LogModuleManager: Shutting down and abandoning module OverlayEditor (215)
[2017.09.21-13.50.06:540][343]LogModuleManager: Shutting down and abandoning module MediaAssets (212)
[2017.09.21-13.50.06:540][343]LogModuleManager: Shutting down and abandoning module VREditor (210)
[2017.09.21-13.50.06:540][343]LogModuleManager: Shutting down and abandoning module StringTableEditor (208)
[2017.09.21-13.50.06:540][343]LogModuleManager: Shutting down and abandoning module GameplayTasksEditor (206)
[2017.09.21-13.50.06:540][343]LogModuleManager: Shutting down and abandoning module BehaviorTreeEditor (204)
[2017.09.21-13.50.06:540][343]LogModuleManager: Shutting down and abandoning module FunctionalTesting (202)
[2017.09.21-13.50.06:540][343]LogModuleManager: Shutting down and abandoning module CollisionAnalyzer (200)
[2017.09.21-13.50.06:540][343]LogModuleManager: Shutting down and abandoning module WorkspaceMenuStructure (199)
[2017.09.21-13.50.06:540][343]LogModuleManager: Shutting down and abandoning module UMG (196)
[2017.09.21-13.50.06:540][343]LogModuleManager: Shutting down and abandoning module UMGEditor (195)
[2017.09.21-13.50.06:540][343]LogModuleManager: Shutting down and abandoning module Sequencer (194)
[2017.09.21-13.50.06:540][343]LogModuleManager: Shutting down and abandoning module MessageLog (191)
[2017.09.21-13.50.06:540][343]LogModuleManager: Shutting down and abandoning module SlateReflector (186)
[2017.09.21-13.50.06:540][343]LogModuleManager: Shutting down and abandoning module Slate (184)
[2017.09.21-13.50.06:540][343]LogModuleManager: Shutting down and abandoning module EditorStyle (182)
[2017.09.21-13.50.06:543][343]LogModuleManager: Shutting down and abandoning module MRMesh (180)
[2017.09.21-13.50.06:543][343]LogModuleManager: Shutting down and abandoning module SourceCodeAccess (178)
[2017.09.21-13.50.06:543][343]LogModuleManager: Shutting down and abandoning module HeadMountedDisplay (176)
[2017.09.21-13.50.06:543][343]LogModuleManager: Shutting down and abandoning module XAudio2 (174)
[2017.09.21-13.50.06:543][343]LogModuleManager: Shutting down and abandoning module Networking (172)
[2017.09.21-13.50.06:543][343]LogModuleManager: Shutting down and abandoning module Core (168)
[2017.09.21-13.50.06:543][343]LogModuleManager: Shutting down and abandoning module KismetCompiler (164)
[2017.09.21-13.50.06:543][343]LogModuleManager: Shutting down and abandoning module LevelSequence (162)
[2017.09.21-13.50.06:543][343]LogModuleManager: Shutting down and abandoning module MeshUtilities (160)
[2017.09.21-13.50.06:543][343]LogModuleManager: Shutting down and abandoning module MeshMergeUtilities (159)
[2017.09.21-13.50.06:543][343]LogModuleManager: Shutting down and abandoning module MeshReductionInterface (158)
[2017.09.21-13.50.06:543][343]LogModuleManager: Shutting down and abandoning module SimplygonSwarm (157)
[2017.09.21-13.50.06:544][343]LogModuleManager: Shutting down and abandoning module SimplygonMeshReduction (155)
[2017.09.21-13.50.06:544][343]LogModuleManager: Shutting down and abandoning module QuadricMeshReduction (153)
[2017.09.21-13.50.06:544][343]LogModuleManager: Shutting down and abandoning module MaterialBaking (149)
[2017.09.21-13.50.06:544][343]LogModuleManager: Shutting down and abandoning module DirectoryWatcher (146)
[2017.09.21-13.50.06:544][343]LogModuleManager: Shutting down and abandoning module DerivedDataCache (144)
[2017.09.21-13.50.07:016][343]LogDerivedDataCache: Shutdown
[2017.09.21-13.50.07:016][343]LogModuleManager: Shutting down and abandoning module TargetPlatform (142)
[2017.09.21-13.50.07:016][343]LogModuleManager: Shutting down and abandoning module VulkanShaderFormat (141)
[2017.09.21-13.50.07:016][343]LogModuleManager: Shutting down and abandoning module ShaderFormatVectorVM (139)
[2017.09.21-13.50.07:016][343]LogModuleManager: Shutting down and abandoning module ShaderFormatOpenGL (137)
[2017.09.21-13.50.07:016][343]LogModuleManager: Shutting down and abandoning module ShaderFormatD3D (135)
[2017.09.21-13.50.07:016][343]LogModuleManager: Shutting down and abandoning module MetalShaderFormat (133)
[2017.09.21-13.50.07:016][343]LogModuleManager: Shutting down and abandoning module TextureFormatUncompressed (131)
[2017.09.21-13.50.07:016][343]LogModuleManager: Shutting down and abandoning module TextureFormatPVR (129)
[2017.09.21-13.50.07:016][343]LogModuleManager: Shutting down and abandoning module TextureFormatDXT (127)
[2017.09.21-13.50.07:016][343]LogModuleManager: Shutting down and abandoning module TextureFormatIntelISPCTexComp (125)
[2017.09.21-13.50.07:016][343]LogModuleManager: Shutting down and abandoning module TextureFormatASTC (123)
[2017.09.21-13.50.07:016][343]LogModuleManager: Shutting down and abandoning module ImageWrapper (122)
[2017.09.21-13.50.07:016][343]LogModuleManager: Shutting down and abandoning module TextureFormatAndroid (119)
[2017.09.21-13.50.07:016][343]LogModuleManager: Shutting down and abandoning module AudioFormatOpus (117)
[2017.09.21-13.50.07:016][343]LogModuleManager: Shutting down and abandoning module AudioFormatOgg (115)
[2017.09.21-13.50.07:016][343]LogModuleManager: Shutting down and abandoning module AudioFormatADPCM (113)
[2017.09.21-13.50.07:016][343]LogModuleManager: Shutting down and abandoning module LinuxTargetPlatform (111)
[2017.09.21-13.50.07:016][343]LogModuleManager: Shutting down and abandoning module LinuxServerTargetPlatform (109)
[2017.09.21-13.50.07:016][343]LogModuleManager: Shutting down and abandoning module LinuxNoEditorTargetPlatform (107)
[2017.09.21-13.50.07:016][343]LogModuleManager: Shutting down and abandoning module LinuxClientTargetPlatform (105)
[2017.09.21-13.50.07:016][343]LogModuleManager: Shutting down and abandoning module TVOSTargetPlatform (103)
[2017.09.21-13.50.07:016][343]LogModuleManager: Shutting down and abandoning module Messaging (101)
[2017.09.21-13.50.07:016][343]LogModuleManager: Shutting down and abandoning module IOSTargetPlatform (99)
[2017.09.21-13.50.07:016][343]LogModuleManager: Shutting down and abandoning module HTML5TargetPlatform (97)
[2017.09.21-13.50.07:016][343]LogModuleManager: Shutting down and abandoning module Android_PVRTCTargetPlatform (95)
[2017.09.21-13.50.07:016][343]LogModuleManager: Shutting down and abandoning module Android_MultiTargetPlatform (93)
[2017.09.21-13.50.07:016][343]LogModuleManager: Shutting down and abandoning module Android_ETC2TargetPlatform (91)
[2017.09.21-13.50.07:016][343]LogModuleManager: Shutting down and abandoning module Android_ETC1TargetPlatform (89)
[2017.09.21-13.50.07:016][343]LogModuleManager: Shutting down and abandoning module Android_DXTTargetPlatform (87)
[2017.09.21-13.50.07:016][343]LogModuleManager: Shutting down and abandoning module Android_ATCTargetPlatform (85)
[2017.09.21-13.50.07:016][343]LogModuleManager: Shutting down and abandoning module Android_ASTCTargetPlatform (83)
[2017.09.21-13.50.07:016][343]LogModuleManager: Shutting down and abandoning module AndroidTargetPlatform (81)
[2017.09.21-13.50.07:016][343]LogModuleManager: Shutting down and abandoning module WindowsTargetPlatform (79)
[2017.09.21-13.50.07:016][343]LogModuleManager: Shutting down and abandoning module WindowsServerTargetPlatform (77)
[2017.09.21-13.50.07:016][343]LogModuleManager: Shutting down and abandoning module WindowsNoEditorTargetPlatform (75)
[2017.09.21-13.50.07:016][343]LogModuleManager: Shutting down and abandoning module WindowsClientTargetPlatform (73)
[2017.09.21-13.50.07:016][343]LogModuleManager: Shutting down and abandoning module MacTargetPlatform (71)
[2017.09.21-13.50.07:016][343]LogModuleManager: Shutting down and abandoning module MacServerTargetPlatform (69)
[2017.09.21-13.50.07:016][343]LogModuleManager: Shutting down and abandoning module MacNoEditorTargetPlatform (67)
[2017.09.21-13.50.07:016][343]LogModuleManager: Shutting down and abandoning module MacClientTargetPlatform (65)
[2017.09.21-13.50.07:016][343]LogModuleManager: Shutting down and abandoning module AllDesktopTargetPlatform (63)
[2017.09.21-13.50.07:016][343]LogModuleManager: Shutting down and abandoning module InputCore (60)
[2017.09.21-13.50.07:016][343]LogModuleManager: Shutting down and abandoning module Settings (58)
[2017.09.21-13.50.07:016][343]LogModuleManager: Shutting down and abandoning module PhysXCooking (56)
[2017.09.21-13.50.07:016][343]LogModuleManager: Shutting down and abandoning module SteamVR (54)
[2017.09.21-13.50.07:016][343]LogModuleManager: Shutting down and abandoning module OculusHMD (52)
[2017.09.21-13.50.07:017][343]LogModuleManager: Shutting down and abandoning module ExampleDeviceProfileSelector (50)
[2017.09.21-13.50.07:017][343]LogModuleManager: Shutting down and abandoning module OnlineBlueprintSupport (48)
[2017.09.21-13.50.07:017][343]LogModuleManager: Shutting down and abandoning module OnlineSubsystem (44)
[2017.09.21-13.50.07:017][343]LogOnline: Display: Unloading online subsystem: NULL
[2017.09.21-13.50.07:017][343]LogModuleManager: Shutting down and abandoning module XMPP (43)
[2017.09.21-13.50.07:017][343]LogModuleManager: Shutting down and abandoning module HTTP (41)
[2017.09.21-13.50.07:017][343]LogHttp: Display: Http module shutting down, but needs to wait on 1 outstanding Http requests:
[2017.09.21-13.50.07:017][343]LogHttp: Display: 	verb=[POST] url=[https://datarouter.ol.epicgames.com/datarouter/api/v1/public/data?SessionID=%7B560B7AE2-483C-596B-5BE9-C29BB6DBDDC9%7D&AppID=UEEditor.Rocket.Release&AppVersion=4.17.1-3586342%2B%2B%2BUE4%2BRelease-4.17&UserID=813752124354e19d5db43da2575d523d%7Cb08348a7138a48b4a524bb2d648592d7%7Ca23590b9-0628-4d38-a4a7-d0c72dd4835d&AppEnvironment=datacollector-binary&UploadType=eteventstream] status=Processing
[2017.09.21-13.50.07:043][343]LogModuleManager: Shutting down and abandoning module SSL (40)
[2017.09.21-13.50.07:044][343]LogModuleManager: Shutting down and abandoning module AnimationModifiers (36)
[2017.09.21-13.50.07:044][343]LogModuleManager: Shutting down and abandoning module PropertyEditor (35)
[2017.09.21-13.50.07:044][343]LogModuleManager: Shutting down and abandoning module AudioEditor (32)
[2017.09.21-13.50.07:044][343]LogModuleManager: Shutting down and abandoning module TextureCompressor (30)
[2017.09.21-13.50.07:044][343]LogModuleManager: Shutting down and abandoning module ShaderCore (28)
[2017.09.21-13.50.07:044][343]LogModuleManager: Shutting down and abandoning module Landscape (26)
[2017.09.21-13.50.07:044][343]LogModuleManager: Shutting down and abandoning module SlateRHIRenderer (24)
[2017.09.21-13.50.07:045][343]LogModuleManager: Shutting down and abandoning module OpenGLDrv (22)
[2017.09.21-13.50.07:045][343]LogModuleManager: Shutting down and abandoning module D3D11RHI (20)
[2017.09.21-13.50.07:045][343]LogModuleManager: Shutting down and abandoning module AnimGraphRuntime (18)
[2017.09.21-13.50.07:045][343]LogModuleManager: Shutting down and abandoning module Renderer (16)
[2017.09.21-13.50.07:045][343]LogModuleManager: Shutting down and abandoning module Engine (14)
[2017.09.21-13.50.07:045][343]LogModuleManager: Shutting down and abandoning module CoreUObject (12)
[2017.09.21-13.50.07:045][343]LogModuleManager: Shutting down and abandoning module NetworkFile (10)
[2017.09.21-13.50.07:045][343]LogModuleManager: Shutting down and abandoning module CookedIterativeFile (8)
[2017.09.21-13.50.07:045][343]LogModuleManager: Shutting down and abandoning module StreamingFile (6)
[2017.09.21-13.50.07:045][343]LogModuleManager: Shutting down and abandoning module SandboxFile (4)
[2017.09.21-13.50.07:045][343]LogModuleManager: Shutting down and abandoning module PakFile (2)
[2017.09.21-13.50.07:048][343]LogExit: Exiting.
[2017.09.21-13.50.07:067][343]Log file closed, 09/21/17 09:50:07
