Log file open, 09/15/17 09:09:56
LogInit:Display: Running engine for game: MakeHimFall
LogPlatformFile: Not using cached read wrapper
LogInit:Display: RandInit(-1773403350) SRandInit(-1773403350).
LogTaskGraph: Started task graph with 5 named threads and 8 total threads with 1 sets of task threads.
LogStats: Stats thread started at 0.078693
LogInit: Using libcurl 7.47.1
LogInit:  - built for x86_64-pc-win32
LogInit:  - supports SSL with OpenSSL/1.0.2g
LogInit:  - supports HTTP deflate (compression) using libz 1.2.8
LogInit:  - other features:
LogInit:      CURL_VERSION_SSL
LogInit:      CURL_VERSION_LIBZ
LogInit:      CURL_VERSION_IPV6
LogInit:      CURL_VERSION_ASYNCHDNS
LogInit:      CURL_VERSION_LARGEFILE
LogInit:      CURL_VERSION_IDN
LogInit:  CurlRequestOptions (configurable via config and command line):
LogInit:  - bVerifyPeer = false  - Libcurl will NOT verify peer certificate
LogInit:  - bUseHttpProxy = false  - Libcurl will NOT use HTTP proxy
LogInit:  - bDontReuseConnections = false  - Libcurl will reuse connections
LogInit:  - CertBundlePath = nullptr  - Libcurl will use whatever was configured at build time.
LogInit: Build: ++UE4+Release-4.15-CL-3450819
LogInit: Engine Version: 4.15.3-3450819+++UE4+Release-4.15
LogInit: Compatible Engine Version: 4.15.0-3299760+++UE4+Release-4.15
LogInit: Net CL: 3299760
LogDevObjectVersion: Number of dev versions registered: 14
LogDevObjectVersion:   Dev-Blueprints (B0D832E4-1F89-4F0D-ACCF-7EB736FD4AA2): 8
LogDevObjectVersion:   Dev-Build (E1C64328-A22C-4D53-A36C-8E866417BD8C): 0
LogDevObjectVersion:   Dev-Core (375EC13C-06E4-48FB-B500-84F0262A717E): 2
LogDevObjectVersion:   Dev-Editor (E4B068ED-F494-42E9-A231-DA0B2E46BB41): 14
LogDevObjectVersion:   Dev-Framework (CFFC743F-43B0-4480-9391-14DF171D2073): 22
LogDevObjectVersion:   Dev-Mobile (B02B49B5-BB20-44E9-A304-32B752E40360): 0
LogDevObjectVersion:   Dev-Networking (A4E4105C-59A1-49B5-A7C5-40C4547EDFEE): 0
LogDevObjectVersion:   Dev-Online (39C831C9-5AE6-47DC-9A44-9C173E1C8E7C): 0
LogDevObjectVersion:   Dev-Physics (78F01B33-EBEA-4F98-B9B4-84EACCB95AA2): 0
LogDevObjectVersion:   Dev-Platform (6631380F-2D4D-43E0-8009-CF276956A95A): 0
LogDevObjectVersion:   Dev-Rendering (12F88B9F-8875-4AFC-A67C-D90C383ABD29): 12
LogDevObjectVersion:   Dev-Sequencer (7B5AE74C-D270-4C10-A958-57980B212A5A): 3
LogDevObjectVersion:   Dev-VR (D7296918-1DD6-4BDD-9DE2-64A83CC13884): 0
LogDevObjectVersion:   Dev-LoadTimes (C2A15278-BFE7-4AFE-6C17-90FF531DF755): 1
LogInit: Compiled (64-bit): May 21 2017 11:02:34
LogInit: Compiled with Visual C++: 19.00.23026.00
LogInit: Build Configuration: Development
LogInit: Branch Name: ++UE4+Release-4.15
LogInit: Command line: -EpicPortal 
LogInit: Base directory: C:/Program Files/Epic Games/UE_4.15/Engine/Binaries/Win64/
LogInit: Installed Engine Build: 1
LogInit: Presizing for max 8388607 objects, including 0 objects not considered by GC, pre-allocating 0 bytes for permanent pool.
LogInit: Object subsystem initialized
[2017.09.15-07.09.57:673][  0]LogInit: Selected Device Profile: [Windows]
[2017.09.15-07.09.57:673][  0]LogInit: Applying CVar settings loaded from the selected device profile: [Windows]
[2017.09.15-07.09.57:691][  0]LogInit: Computer: ACARTES-PC
[2017.09.15-07.09.57:691][  0]LogInit: User: Acartes
[2017.09.15-07.09.57:691][  0]LogInit: CPU Page size=65536, Cores=4
[2017.09.15-07.09.57:691][  0]LogInit: High frequency timer resolution =2.338444 MHz
[2017.09.15-07.09.57:691][  0]LogMemory: Memory total: Physical=7.9GB (8GB approx)
[2017.09.15-07.09.57:691][  0]LogMemory: Platform Memory Stats for Windows
[2017.09.15-07.09.57:691][  0]LogMemory: Process Physical Memory: 263.83 MB used, 263.83 MB peak
[2017.09.15-07.09.57:691][  0]LogMemory: Process Virtual Memory: 262.34 MB used, 262.34 MB peak
[2017.09.15-07.09.57:691][  0]LogMemory: Physical Memory: 6712.57 MB used,  1410.98 MB free, 8123.55 MB total
[2017.09.15-07.09.57:691][  0]LogMemory: Virtual Memory: 645.10 MB used,  1410.98 MB free, 134217728.00 MB total
[2017.09.15-07.09.57:786][  0]LogTextLocalizationManager: No specific translations for ('en-US') exist, so ('en') translations will be used.
[2017.09.15-07.09.58:469][  0]LogD3D11RHI: D3D11 adapters:
[2017.09.15-07.09.58:477][  0]LogD3D11RHI:    0. 'AMD Radeon HD 7570M' (Feature Level 11_0)
[2017.09.15-07.09.58:477][  0]LogD3D11RHI:       1004/0/3840 MB DedicatedVideo/DedicatedSystem/SharedSystem, Outputs:1, VendorId:0x1002
[2017.09.15-07.09.58:479][  0]LogD3D11RHI:    1. 'Microsoft Basic Render Driver' (Feature Level 11_0)
[2017.09.15-07.09.58:479][  0]LogD3D11RHI:       0/0/4061 MB DedicatedVideo/DedicatedSystem/SharedSystem, Outputs:0, VendorId:0x1414
[2017.09.15-07.09.58:479][  0]LogD3D11RHI: Chosen D3D11 Adapter: 0
[2017.09.15-07.09.58:484][  0]LogD3D11RHI: Creating new Direct3DDevice
[2017.09.15-07.09.58:484][  0]LogD3D11RHI:     GPU DeviceId: 0x6841 (for the marketing name, search the web for "GPU Device Id")
[2017.09.15-07.09.58:484][  0]LogWindows: EnumDisplayDevices:
[2017.09.15-07.09.58:485][  0]LogWindows:    0. 'AMD Radeon HD 7570M' (P:1 D:1)
[2017.09.15-07.09.58:485][  0]LogWindows:    1. 'AMD Radeon HD 7570M' (P:0 D:0)
[2017.09.15-07.09.58:485][  0]LogWindows:    2. 'AMD Radeon HD 7570M' (P:0 D:0)
[2017.09.15-07.09.58:485][  0]LogWindows:    3. 'AMD Radeon HD 7570M' (P:0 D:0)
[2017.09.15-07.09.58:485][  0]LogWindows:    4. 'AMD Radeon HD 7570M' (P:0 D:0)
[2017.09.15-07.09.58:485][  0]LogWindows:    5. 'AMD Radeon HD 7570M' (P:0 D:0)
[2017.09.15-07.09.58:486][  0]LogWindows: DebugString: FoundDriverCount:6 
[2017.09.15-07.09.58:486][  0]LogD3D11RHI:     Adapter Name: AMD Radeon HD 7570M
[2017.09.15-07.09.58:486][  0]LogD3D11RHI:   Driver Version: 15.201.1301.0 (internal:15.201.1301.0, unified:15.201.1301.0)
[2017.09.15-07.09.58:486][  0]LogD3D11RHI:      Driver Date: 8-19-2015
[2017.09.15-07.09.58:486][  0]LogRHI: Texture pool is 702 MB (70% of 1004 MB)
[2017.09.15-07.09.58:509][  0]LogD3D11RHI: AMD Pre GCN architecture detected, some driver workarounds will be in place
[2017.09.15-07.09.58:516][  0]LogD3D11RHI: Async texture creation enabled
[2017.09.15-07.09.58:528][  0]LogD3D11RHI: GPU Timing Frequency: 27.000000 (Debug: 2 1)
[2017.09.15-07.09.58:529][  0]LogShaderCompilers: Guid format shader working directory is -43 characters bigger than the processId version (../../../../../../Users/Acartes/Documents/Unreal Projects/GameJam1_MakeHimFall/MakeHimFall/Intermediate/Shaders/WorkingDirectory/14348/).
[2017.09.15-07.09.58:529][  0]LogShaderCompilers: Cleaned the shader compiler working directory 'C:/Users/Acartes/AppData/Local/Temp/UnrealShaderWorkingDir/4A1EEB90492AB3B4E2336F87DF66FA44/'.
[2017.09.15-07.09.58:529][  0]LogShaderCompilers:Display: Using Local Shader Compiler.
[2017.09.15-07.09.59:763][  0]LogTemp:Display: Loaded TP AllDesktopTargetPlatform
[2017.09.15-07.09.59:832][  0]LogTemp:Display: Loaded TP MacClientTargetPlatform
[2017.09.15-07.09.59:901][  0]LogTemp:Display: Loaded TP MacNoEditorTargetPlatform
[2017.09.15-07.09.59:969][  0]LogTemp:Display: Loaded TP MacServerTargetPlatform
[2017.09.15-07.10.00:040][  0]LogTemp:Display: Loaded TP MacTargetPlatform
[2017.09.15-07.10.00:109][  0]LogTemp:Display: Loaded TP WindowsClientTargetPlatform
[2017.09.15-07.10.00:180][  0]LogTemp:Display: Loaded TP WindowsNoEditorTargetPlatform
[2017.09.15-07.10.00:249][  0]LogTemp:Display: Loaded TP WindowsServerTargetPlatform
[2017.09.15-07.10.00:306][  0]LogTemp:Display: Loaded TP WindowsTargetPlatform
[2017.09.15-07.10.00:375][  0]LogTemp:Display: Loaded TP AndroidTargetPlatform
[2017.09.15-07.10.00:449][  0]LogTemp:Display: Loaded TP Android_ASTCTargetPlatform
[2017.09.15-07.10.00:528][  0]LogTemp:Display: Loaded TP Android_ATCTargetPlatform
[2017.09.15-07.10.00:596][  0]LogTemp:Display: Loaded TP Android_DXTTargetPlatform
[2017.09.15-07.10.00:666][  0]LogTemp:Display: Loaded TP Android_ETC1TargetPlatform
[2017.09.15-07.10.00:735][  0]LogTemp:Display: Loaded TP Android_ETC2TargetPlatform
[2017.09.15-07.10.00:872][  0]LogTemp:Display: Loaded TP Android_MultiTargetPlatform
[2017.09.15-07.10.00:872][  0]LogTemp:Display: Loaded TP Android_PVRTCTargetPlatform
[2017.09.15-07.10.00:920][  0]LogTemp:Display: Loaded TP HTML5TargetPlatform
[2017.09.15-07.10.01:037][  0]LogTemp:Display: Loaded TP IOSTargetPlatform
[2017.09.15-07.10.01:084][  0]LogTemp:Display: Loaded TP TVOSTargetPlatform
[2017.09.15-07.10.01:151][  0]LogTemp:Display: Loaded TP LinuxClientTargetPlatform
[2017.09.15-07.10.01:231][  0]LogTemp:Display: Loaded TP LinuxNoEditorTargetPlatform
[2017.09.15-07.10.01:302][  0]LogTemp:Display: Loaded TP LinuxServerTargetPlatform
[2017.09.15-07.10.01:370][  0]LogTemp:Display: Loaded TP LinuxTargetPlatform
[2017.09.15-07.10.01:370][  0]LogTargetPlatformManager:Display: Building Assets For Windows
[2017.09.15-07.10.01:926][  0]LogDerivedDataCache:Display: Max Cache Size: 512 MB
[2017.09.15-07.10.01:974][  0]LogDerivedDataCache: Loaded boot cache 0.05s 50MB C:/Users/Acartes/AppData/Local/UnrealEngine/4.15/DerivedDataCache/Boot.ddc.
[2017.09.15-07.10.01:974][  0]LogDerivedDataCache:Display: Loaded Boot cache: C:/Users/Acartes/AppData/Local/UnrealEngine/4.15/DerivedDataCache/Boot.ddc
[2017.09.15-07.10.01:975][  0]LogDerivedDataCache: FDerivedDataBackendGraph:  Pak pak cache file ../../../../../../Users/Acartes/Documents/Unreal Projects/GameJam1_MakeHimFall/MakeHimFall/DerivedDataCache/DDC.ddp not found, will not use a pak cache.
[2017.09.15-07.10.01:975][  0]LogDerivedDataCache: Unable to find inner node Pak for hierarchical cache Hierarchy.
[2017.09.15-07.10.01:975][  0]LogDerivedDataCache: FDerivedDataBackendGraph:  CompressedPak pak cache file ../../../../../../Users/Acartes/Documents/Unreal Projects/GameJam1_MakeHimFall/MakeHimFall/DerivedDataCache/Compressed.ddp not found, will not use a pak cache.
[2017.09.15-07.10.01:975][  0]LogDerivedDataCache: Unable to find inner node CompressedPak for hierarchical cache Hierarchy.
[2017.09.15-07.10.01:993][  0]LogDerivedDataCache:Display: Pak cache opened for reading ../../../Engine/DerivedDataCache/Compressed.ddp.
[2017.09.15-07.10.02:004][  0]LogDerivedDataCache: Using Local data cache path C:/Users/Acartes/AppData/Local/UnrealEngine/Common/DerivedDataCache: Writable
[2017.09.15-07.10.02:014][  0]LogSlate: Using Freetype 2.6.0
[2017.09.15-07.10.02:015][  0]LogSlate: SlateFontCache - WITH_FREETYPE: 1, WITH_HARFBUZZ: 1
[2017.09.15-07.10.02:015][  0]LogSlate: SlateFontCache - WITH_FREETYPE: 1, WITH_HARFBUZZ: 1
[2017.09.15-07.10.02:339][  0]LogInit: Selected Device Profile: [Windows]
[2017.09.15-07.10.02:342][  0]LogContentStreaming: Texture pool size is 0.00 MB
[2017.09.15-07.10.02:588][  0]LogMeshUtilities: Using QuadricMeshReduction for automatic static mesh reduction
[2017.09.15-07.10.02:643][  0]LogSimplygon: Simplygon DLL not present - disabling.
[2017.09.15-07.10.02:702][  0]LogMeshUtilities: Using SimplygonSwarm for distributed automatic mesh merging
[2017.09.15-07.10.02:702][  0]LogMeshUtilities: No automatic skeletal mesh reduction module available
[2017.09.15-07.10.02:702][  0]LogMeshUtilities: No automatic mesh merging module available
[2017.09.15-07.10.03:318][  0]LogNetVersion: GetLocalNetworkVersion: CL: 3299760, ProjectName: makehimfall, ProjectVersion: , EngineNetworkVersion: 2, GameNetworkVersion: 0, NetworkChecksum: 4172576148
[2017.09.15-07.10.03:371][  0]LogAssetRegistry: FAssetRegistry took 0.0218 seconds to start up
[2017.09.15-07.10.03:426][  0]LogPackageLocalizationCache: Processed 3 localized package path(s) for 2 prioritized culture(s) in 0.028518 seconds
[2017.09.15-07.10.03:432][  0]LogUObjectArray: 32493 objects as part of root set at end of initial load.
[2017.09.15-07.10.03:432][  0]LogUObjectAllocator: 7077032 out of 0 bytes used by permanent object pool.
[2017.09.15-07.10.03:432][  0]LogUObjectArray: CloseDisregardForGC: 0/0 objects in disregard for GC pool
[2017.09.15-07.10.03:513][  0]LogInit: WinSock: version 1.1 (2.2), MaxSocks=32767, MaxUdp=65467
[2017.09.15-07.10.05:450][  0]LogTcpMessaging: Initializing TcpMessaging bridge
[2017.09.15-07.10.05:499][  0]LogUdpMessaging: Initializing bridge on interface 0.0.0.0:0 to multicast group 230.0.0.1:6666.
[2017.09.15-07.10.06:054][  0]LogMaterial: Uniform references updated for custom material expression Custom.
[2017.09.15-07.10.06:528][  0]SourceControl: Info Source control is disabled
[2017.09.15-07.10.06:606][  0]SourceControl: Info Source control is disabled
[2017.09.15-07.10.06:670][  0]SourceControl: Info Source control is disabled
[2017.09.15-07.10.06:729][  0]SourceControl: Info Source control is disabled
[2017.09.15-07.10.07:107][  0]LogLinker:Warning: Can't find file '/Game/ThirdPersonBP/ThirdPersonOverview'
[2017.09.15-07.10.07:108][  0]LogLinker:Warning: Can't find file '/Game/ThirdPersonBP/ThirdPersonOverview'
[2017.09.15-07.10.07:108][  0]LogUObjectGlobals:Warning: Failed to find object 'Class /Game/ThirdPersonBP/ThirdPersonOverview.ThirdPersonOverview_C'
[2017.09.15-07.10.08:297][  0]LogEngine: Initializing Engine...
[2017.09.15-07.10.08:298][  0]LogHMD: Failed to initialize OpenVR with code 110
[2017.09.15-07.10.08:425][  0]LogStats: UGameplayTagsManager::ConstructGameplayTagTree: Construct from data asset -  0.000 s
[2017.09.15-07.10.08:425][  0]LogStats: UGameplayTagsManager::ConstructGameplayTagTree: GameplayTagTreeChangedEvent.Broadcast -  0.000 s
[2017.09.15-07.10.08:577][  0]LogAIModule: Creating AISystem for world Untitled
[2017.09.15-07.10.08:584][  0]LogInit: XAudio2 using 'Speakers / HP (IDT High Definition Audio CODEC)' : 2 channels at 48 kHz using 16 bits per sample (channel mask 0x3)
[2017.09.15-07.10.08:609][  0]LogInit: FAudioDevice initialized.
[2017.09.15-07.10.08:636][  0]LogDerivedDataCache: Saved boot cache 0.03s 50MB C:/Users/Acartes/AppData/Local/UnrealEngine/4.15/DerivedDataCache/Boot.ddc.
[2017.09.15-07.10.08:650][  0]LogInit: Texture streaming: Enabled
[2017.09.15-07.10.08:769][  0]LogEngineSessionManager: EngineSessionManager initialized
[2017.09.15-07.10.08:882][  0]LogInit: Transaction tracking system initialized
[2017.09.15-07.10.09:316][  0]BlueprintLog: New page: Editor Load
[2017.09.15-07.10.10:423][  0]LocalizationService: Info Localization service is disabled
[2017.09.15-07.10.11:447][  0]LogConsoleResponse:Display: 
[2017.09.15-07.10.11:601][  0]LogCook:Display: Max memory allowance for cook 16384mb min free memory 0mb
[2017.09.15-07.10.11:601][  0]LogCook:Display: Mobile HDR setting 1
[2017.09.15-07.10.12:320][  0]LogFileCache: Scanning file cache for directory 'C:/Users/Acartes/Documents/Unreal Projects/GameJam1_MakeHimFall/MakeHimFall/Content/' took 0.02s
[2017.09.15-07.10.12:873][  0]SourceControl: Info Source control is disabled
[2017.09.15-07.10.12:873][  0]Cmd: MAP LOAD FILE="../../../../../../Users/Acartes/Documents/Unreal Projects/GameJam1_MakeHimFall/MakeHimFall/Content/Maps/Level_1.umap" TEMPLATE=0 SHOWPROGRESS=1 FEATURELEVEL=3
[2017.09.15-07.10.12:874][  0]LightingResults: New page: Lighting Build
[2017.09.15-07.10.12:923][  0]MapCheck: New page: Map Check
[2017.09.15-07.10.12:923][  0]LightingResults: New page: Lighting Build
[2017.09.15-07.10.13:311][  0]LogAIModule: Creating AISystem for world Level_1
[2017.09.15-07.10.13:339][  0]LogEditorServer: Finished looking for orphan Actors (0.000 secs)
[2017.09.15-07.10.13:358][  0]Cmd: MAP CHECKDEP NOCLEARLOG
[2017.09.15-07.10.13:408][  0]MapCheck: Info Map check complete: 0 Error(s), 0 Warning(s), took 50.167ms to complete.
[2017.09.15-07.10.13:408][  0]LogFileHelpers: Loading map 'Level_1' took 0.535
[2017.09.15-07.10.13:478][  0]LogWindowsTextInputMethodSystem:Display: IME system now deactivated.
[2017.09.15-07.10.13:680][  0]LogCollectionManager: Loaded 0 collections in 0.001383 seconds
[2017.09.15-07.10.13:784][  0]LogFileCache: Scanning file cache for directory 'C:/Users/Acartes/Documents/Unreal Projects/GameJam1_MakeHimFall/MakeHimFall/Saved/Collections/' took 0.01s
[2017.09.15-07.10.13:784][  0]LogFileCache: Scanning file cache for directory 'C:/Users/Acartes/Documents/Unreal Projects/GameJam1_MakeHimFall/MakeHimFall/Content/Developers/Acartes/Collections/' took 0.01s
[2017.09.15-07.10.13:784][  0]LogFileCache: Scanning file cache for directory 'C:/Users/Acartes/Documents/Unreal Projects/GameJam1_MakeHimFall/MakeHimFall/Content/Collections/' took 0.01s
[2017.09.15-07.10.13:784][  0]LogCollectionManager: Rebuilt the GUID cache for 0 collections in 0.000002 seconds
[2017.09.15-07.10.13:799][  0]LogContentBrowser: Native class hierarchy populated in 0.0120 seconds. Added 2245 classes and 453 folders.
[2017.09.15-07.10.13:886][  0]LogContentBrowser: Native class hierarchy updated for 'WidgetCarousel' in 0.0006 seconds. Added 0 classes and 0 folders.
[2017.09.15-07.10.14:285][  0]LogContentBrowser: Native class hierarchy updated for 'AddContentDialog' in 0.0006 seconds. Added 0 classes and 0 folders.
[2017.09.15-07.10.14:346][  0]LogContentBrowser: Native class hierarchy updated for 'SceneOutliner' in 0.0006 seconds. Added 1 classes and 2 folders.
[2017.09.15-07.10.14:444][  0]LogCrashTracker: Crashtracker disabled due to settings.
[2017.09.15-07.10.14:458][  0]LogUObjectGlobals:Warning: Failed to find object 'Class None.'
[2017.09.15-07.10.14:533][  0]LogContentBrowser: Native class hierarchy updated for 'HierarchicalLODOutliner' in 0.0006 seconds. Added 1 classes and 2 folders.
[2017.09.15-07.10.14:534][  0]LogLoad: (Engine Initialization) Total time: 19.11 seconds
[2017.09.15-07.10.14:534][  0]LogLoad: (Engine Initialization) Total Blueprint compile time: 0.18 seconds
[2017.09.15-07.10.14:534][  0]LogExternalProfiler: Found external profiler: VSPerf
[2017.09.15-07.10.14:534][  0]LogExternalProfiler: Using external profiler: VSPerf
[2017.09.15-07.10.14:553][  0]LogOcInput: OculusInput pre-init called
[2017.09.15-07.10.14:592][  0]LogContentStreaming: Texture pool size now 400 MB
[2017.09.15-07.10.14:593][  0]LogSlate: Took 0.000220 seconds to synchronously load lazily loaded font '../../../Engine/Content/Slate/Fonts/Roboto-Regular.ttf' (155K)
[2017.09.15-07.10.14:597][  0]LogSlate: Took 0.000242 seconds to synchronously load lazily loaded font '../../../Engine/Content/Slate/Fonts/Roboto-Bold.ttf' (160K)
[2017.09.15-07.10.14:611][  0]LogSlate: Took 0.005973 seconds to synchronously load lazily loaded font '../../../Engine/Content/Editor/Slate/Fonts/FontAwesome.ttf' (139K)
[2017.09.15-07.10.14:787][  0]LogSlate: Took 0.005209 seconds to synchronously load lazily loaded font '../../../Engine/Content/Slate/Fonts/Roboto-Light.ttf' (159K)
[2017.09.15-07.10.14:847][  0]LogRenderer: Reallocating scene render targets to support 1068x576 NumSamples 1 (Frame:2).
[2017.09.15-07.10.15:067][  1]LogFileCache: Retrieving MD5 hashes for directory 'C:/Users/Acartes/Documents/Unreal Projects/GameJam1_MakeHimFall/MakeHimFall/Content/' took 0.50s
[2017.09.15-07.10.15:075][  1]LogAssetRegistry: Asset discovery search completed in 11.7259 seconds
[2017.09.15-07.10.15:075][  1]LogCollectionManager: Rebuilt the object cache for 0 collections in 0.000006 seconds (found 0 objects)
[2017.09.15-07.10.15:075][  1]LogCollectionManager: Fixed up redirectors for 0 collections in 0.000022 seconds (updated 0 objects)
[2017.09.15-07.13.33:418][596]LogSlate: Took 0.000164 seconds to synchronously load lazily loaded font '../../../Engine/Content/Slate/Fonts/Roboto-Light.ttf' (159K)
[2017.09.15-07.13.33:443][596]Cmd: MAP LOAD FILE="../../../../../../Users/Acartes/Documents/Unreal Projects/GameJam1_MakeHimFall/MakeHimFall/Content/Maps/Level_1.umap" TEMPLATE=0 SHOWPROGRESS=1 FEATURELEVEL=3
[2017.09.15-07.13.33:443][596]LightingResults: New page: Lighting Build
[2017.09.15-07.13.33:445][596]LoadErrors: New page: Loading map: Level_1.umap
[2017.09.15-07.13.33:446][596]MapCheck: New page: Map Check
[2017.09.15-07.13.33:446][596]LightingResults: New page: Lighting Build
[2017.09.15-07.13.33:479][596]LogAIModule: Creating AISystem for world Level_1
[2017.09.15-07.13.33:484][596]LogEditorServer: Finished looking for orphan Actors (0.000 secs)
[2017.09.15-07.13.33:518][596]Cmd: MAP CHECKDEP NOCLEARLOG
[2017.09.15-07.13.33:569][596]MapCheck: Info Map check complete: 0 Error(s), 0 Warning(s), took 51.065ms to complete.
[2017.09.15-07.13.33:570][596]LogFileHelpers: Loading map 'Level_1' took 0.129
[2017.09.15-07.13.34:625][632]LogAIModule: Creating AISystem for world LevelMenu
[2017.09.15-07.13.34:637][632]Cmd: MAP LOAD FILE="../../../../../../Users/Acartes/Documents/Unreal Projects/GameJam1_MakeHimFall/MakeHimFall/Content/Maps/LevelMenu.umap" TEMPLATE=0 SHOWPROGRESS=1 FEATURELEVEL=3
[2017.09.15-07.13.34:637][632]LightingResults: New page: Lighting Build
[2017.09.15-07.13.34:639][632]LoadErrors: New page: Loading map: LevelMenu.umap
[2017.09.15-07.13.34:639][632]MapCheck: New page: Map Check
[2017.09.15-07.13.34:639][632]LightingResults: New page: Lighting Build
[2017.09.15-07.13.34:655][632]LogEditorServer: Finished looking for orphan Actors (0.000 secs)
[2017.09.15-07.13.34:686][632]Cmd: MAP CHECKDEP NOCLEARLOG
[2017.09.15-07.13.34:737][632]MapCheck: Info Map check complete: 0 Error(s), 0 Warning(s), took 50.737ms to complete.
[2017.09.15-07.13.34:737][632]LogFileHelpers: Loading map 'LevelMenu' took 0.101
[2017.09.15-07.20.16:568][555]Cmd: QUIT_EDITOR
[2017.09.15-07.20.16:602][555]LogWindowsTextInputMethodSystem:Display: IME system now deactivated.
[2017.09.15-07.20.16:632][555]LogExit: Preparing to exit.
[2017.09.15-07.20.17:811][555]LogDirectoryWatcher: A directory notification for 'C:/Users/Acartes/Documents/Unreal Projects/GameJam1_MakeHimFall/MakeHimFall/Content/' was aborted.
[2017.09.15-07.20.17:828][555]LogExit: Editor shut down
[2017.09.15-07.20.17:828][555]LogExit: Transaction tracking system shut down
[2017.09.15-07.20.17:877][555]LogObj: Freed 0b from 0 cluster array pools.
[2017.09.15-07.20.17:877][555]LogExit: Object subsystem successfully closed.
[2017.09.15-07.20.17:890][555]LogD3D11RHI: Shutdown
[2017.09.15-07.20.17:890][555]LogD3D11RHI: CleanupD3DDevice
[2017.09.15-07.20.17:911][555]LogD3D11RHI: ~FD3D11DynamicRHI
[2017.09.15-07.20.17:928][555]LogModuleManager: Shutting down and abandoning module HierarchicalLODOutliner (498)
[2017.09.15-07.20.17:928][555]LogModuleManager: Shutting down and abandoning module CrashTracker (496)
[2017.09.15-07.20.17:928][555]LogModuleManager: Shutting down and abandoning module SceneOutliner (494)
[2017.09.15-07.20.17:928][555]LogModuleManager: Shutting down and abandoning module AddContentDialog (492)
[2017.09.15-07.20.17:928][555]LogDirectoryWatcher: A directory notification for 'C:/Program Files/Epic Games/UE_4.15/FeaturePacks/' was aborted.
[2017.09.15-07.20.17:930][555]LogModuleManager: Shutting down and abandoning module WidgetCarousel (491)
[2017.09.15-07.20.17:930][555]LogModuleManager: Shutting down and abandoning module EditorWidgets (488)
[2017.09.15-07.20.17:930][555]LogModuleManager: Shutting down and abandoning module CollectionManager (486)
[2017.09.15-07.20.17:930][555]LogDirectoryWatcher: A directory notification for 'C:/Users/Acartes/Documents/Unreal Projects/GameJam1_MakeHimFall/MakeHimFall/Content/Collections/' was aborted.
[2017.09.15-07.20.17:930][555]LogDirectoryWatcher: A directory notification for 'C:/Users/Acartes/Documents/Unreal Projects/GameJam1_MakeHimFall/MakeHimFall/Content/Developers/Acartes/Collections/' was aborted.
[2017.09.15-07.20.17:930][555]LogDirectoryWatcher: A directory notification for 'C:/Users/Acartes/Documents/Unreal Projects/GameJam1_MakeHimFall/MakeHimFall/Saved/Collections/' was aborted.
[2017.09.15-07.20.17:930][555]LogModuleManager: Shutting down and abandoning module StatsViewer (484)
[2017.09.15-07.20.17:930][555]LogModuleManager: Shutting down and abandoning module FoliageEdit (482)
[2017.09.15-07.20.17:930][555]LogModuleManager: Shutting down and abandoning module LandscapeEditor (480)
[2017.09.15-07.20.17:930][555]LogModuleManager: Shutting down and abandoning module SceneDepthPickerMode (478)
[2017.09.15-07.20.17:930][555]LogModuleManager: Shutting down and abandoning module ActorPickerMode (476)
[2017.09.15-07.20.17:930][555]LogModuleManager: Shutting down and abandoning module GeometryMode (474)
[2017.09.15-07.20.17:930][555]LogModuleManager: Shutting down and abandoning module TextureAlignMode (472)
[2017.09.15-07.20.17:930][555]LogModuleManager: Shutting down and abandoning module BspMode (470)
[2017.09.15-07.20.17:930][555]LogModuleManager: Shutting down and abandoning module HardwareSurvey (468)
[2017.09.15-07.20.17:930][555]LogModuleManager: Shutting down and abandoning module SequenceRecorderSections (466)
[2017.09.15-07.20.17:930][555]LogModuleManager: Shutting down and abandoning module AutomationWorker (464)
[2017.09.15-07.20.17:930][555]LogModuleManager: Shutting down and abandoning module MatineeToLevelSequence (462)
[2017.09.15-07.20.17:930][555]LogModuleManager: Shutting down and abandoning module LevelSequenceEditor (460)
[2017.09.15-07.20.17:930][555]LogModuleManager: Shutting down and abandoning module PlacementMode (459)
[2017.09.15-07.20.17:930][555]LogModuleManager: Shutting down and abandoning module WmfMediaFactory (456)
[2017.09.15-07.20.17:930][555]LogModuleManager: Shutting down and abandoning module WmfMediaEditor (454)
[2017.09.15-07.20.17:930][555]LogModuleManager: Shutting down and abandoning module MfMediaFactory (452)
[2017.09.15-07.20.17:930][555]LogModuleManager: Shutting down and abandoning module MfMediaEditor (450)
[2017.09.15-07.20.17:930][555]LogModuleManager: Shutting down and abandoning module AvfMediaFactory (448)
[2017.09.15-07.20.17:930][555]LogModuleManager: Shutting down and abandoning module AvfMediaEditor (446)
[2017.09.15-07.20.17:930][555]LogModuleManager: Shutting down and abandoning module AndroidMediaFactory (444)
[2017.09.15-07.20.17:930][555]LogModuleManager: Shutting down and abandoning module Media (443)
[2017.09.15-07.20.17:930][555]LogModuleManager: Shutting down and abandoning module AndroidMediaEditor (440)
[2017.09.15-07.20.17:930][555]LogModuleManager: Shutting down and abandoning module CharacterAI (438)
[2017.09.15-07.20.17:931][555]LogModuleManager: Shutting down and abandoning module AudioCapture (436)
[2017.09.15-07.20.17:931][555]LogModuleManager: Shutting down and abandoning module SequenceRecorder (435)
[2017.09.15-07.20.17:931][555]LogModuleManager: Shutting down and abandoning module SmartSnapping (432)
[2017.09.15-07.20.17:931][555]LogModuleManager: Shutting down and abandoning module SessionServices (430)
[2017.09.15-07.20.17:931][555]LogModuleManager: Shutting down and abandoning module ViewportSnapping (428)
[2017.09.15-07.20.17:931][555]LogModuleManager: Shutting down and abandoning module ViewportInteraction (426)
[2017.09.15-07.20.17:931][555]LogModuleManager: Shutting down and abandoning module LogVisualizer (424)
[2017.09.15-07.20.17:931][555]LogModuleManager: Shutting down and abandoning module IntroTutorials (422)
[2017.09.15-07.20.17:931][555]LogModuleManager: Shutting down and abandoning module GameProjectGeneration (421)
[2017.09.15-07.20.17:931][555]LogModuleManager: Shutting down and abandoning module EditorLiveStreaming (418)
[2017.09.15-07.20.17:931][555]LogModuleManager: Shutting down and abandoning module IOSPlatformEditor (416)
[2017.09.15-07.20.17:931][555]LogModuleManager: Shutting down and abandoning module HTML5PlatformEditor (414)
[2017.09.15-07.20.17:931][555]LogModuleManager: Shutting down and abandoning module AndroidPlatformEditor (412)
[2017.09.15-07.20.17:931][555]LogModuleManager: Shutting down and abandoning module AndroidDeviceDetection (411)
[2017.09.15-07.20.18:088][555]LogModuleManager: Shutting down and abandoning module IOSRuntimeSettings (408)
[2017.09.15-07.20.18:088][555]LogModuleManager: Shutting down and abandoning module AndroidRuntimeSettings (406)
[2017.09.15-07.20.18:088][555]LogModuleManager: Shutting down and abandoning module InputBindingEditor (404)
[2017.09.15-07.20.18:088][555]LogModuleManager: Shutting down and abandoning module NiagaraEditor (402)
[2017.09.15-07.20.18:088][555]LogModuleManager: Shutting down and abandoning module MergeActors (400)
[2017.09.15-07.20.18:088][555]LogModuleManager: Shutting down and abandoning module SizeMap (398)
[2017.09.15-07.20.18:088][555]LogModuleManager: Shutting down and abandoning module TreeMap (396)
[2017.09.15-07.20.18:088][555]LogModuleManager: Shutting down and abandoning module ReferenceViewer (394)
[2017.09.15-07.20.18:088][555]LogModuleManager: Shutting down and abandoning module LocalizationDashboard (392)
[2017.09.15-07.20.18:088][555]LogModuleManager: Shutting down and abandoning module LocalizationService (391)
[2017.09.15-07.20.18:088][555]LogModuleManager: Shutting down and abandoning module HardwareTargeting (388)
[2017.09.15-07.20.18:088][555]LogModuleManager: Shutting down and abandoning module DeviceProfileEditor (386)
[2017.09.15-07.20.18:088][555]LogModuleManager: Shutting down and abandoning module UndoHistory (384)
[2017.09.15-07.20.18:088][555]LogModuleManager: Shutting down and abandoning module UserFeedback (382)
[2017.09.15-07.20.18:088][555]LogModuleManager: Shutting down and abandoning module XmlParser (380)
[2017.09.15-07.20.18:089][555]LogModuleManager: Shutting down and abandoning module Blutility (378)
[2017.09.15-07.20.18:089][555]LogModuleManager: Shutting down and abandoning module ProjectSettingsViewer (376)
[2017.09.15-07.20.18:089][555]LogModuleManager: Shutting down and abandoning module ProjectTargetPlatformEditor (375)
[2017.09.15-07.20.18:089][555]LogModuleManager: Shutting down and abandoning module EditorSettingsViewer (372)
[2017.09.15-07.20.18:089][555]LogModuleManager: Shutting down and abandoning module SettingsEditor (370)
[2017.09.15-07.20.18:089][555]LogModuleManager: Shutting down and abandoning module ProjectLauncher (368)
[2017.09.15-07.20.18:089][555]LogModuleManager: Shutting down and abandoning module SessionFrontend (366)
[2017.09.15-07.20.18:089][555]LogModuleManager: Shutting down and abandoning module ProfilerClient (364)
[2017.09.15-07.20.18:089][555]LogModuleManager: Shutting down and abandoning module DeviceManager (362)
[2017.09.15-07.20.18:089][555]LogModuleManager: Shutting down and abandoning module TargetDeviceServices (361)
[2017.09.15-07.20.18:143][555]LogModuleManager: Shutting down and abandoning module AutomationController (358)
[2017.09.15-07.20.18:143][555]LogModuleManager: Shutting down and abandoning module AutomationWindow (356)
[2017.09.15-07.20.18:143][555]LogModuleManager: Shutting down and abandoning module Layers (354)
[2017.09.15-07.20.18:143][555]LogModuleManager: Shutting down and abandoning module ComponentVisualizers (352)
[2017.09.15-07.20.18:143][555]LogModuleManager: Shutting down and abandoning module DetailCustomizations (350)
[2017.09.15-07.20.18:143][555]LogModuleManager: Shutting down and abandoning module PackagesDialog (348)
[2017.09.15-07.20.18:143][555]LogModuleManager: Shutting down and abandoning module Persona (346)
[2017.09.15-07.20.18:143][555]LogModuleManager: Shutting down and abandoning module AnimGraph (345)
[2017.09.15-07.20.18:143][555]LogModuleManager: Shutting down and abandoning module Kismet (342)
[2017.09.15-07.20.18:143][555]LogModuleManager: Shutting down and abandoning module GraphEditor (340)
[2017.09.15-07.20.18:143][555]LogModuleManager: Shutting down and abandoning module ClassViewer (338)
[2017.09.15-07.20.18:143][555]LogModuleManager: Shutting down and abandoning module Toolbox (336)
[2017.09.15-07.20.18:143][555]LogModuleManager: Shutting down and abandoning module ModuleUI (334)
[2017.09.15-07.20.18:143][555]LogModuleManager: Shutting down and abandoning module MovieSceneTools (332)
[2017.09.15-07.20.18:143][555]LogModuleManager: Shutting down and abandoning module OutputLog (330)
[2017.09.15-07.20.18:143][555]LogModuleManager: Shutting down and abandoning module GammaUI (328)
[2017.09.15-07.20.18:143][555]LogModuleManager: Shutting down and abandoning module Documentation (326)
[2017.09.15-07.20.18:143][555]LogModuleManager: Shutting down and abandoning module Niagara (324)
[2017.09.15-07.20.18:143][555]LogModuleManager: Shutting down and abandoning module StreamingPauseRendering (322)
[2017.09.15-07.20.18:143][555]LogModuleManager: Shutting down and abandoning module AnalyticsET (320)
[2017.09.15-07.20.18:143][555]LogModuleManager: Shutting down and abandoning module PortalServices (318)
[2017.09.15-07.20.18:143][555]LogModuleManager: Shutting down and abandoning module PortalRpc (316)
[2017.09.15-07.20.18:143][555]LogModuleManager: Shutting down and abandoning module MessagingRpc (314)
[2017.09.15-07.20.18:143][555]LogModuleManager: Shutting down and abandoning module AIModule (312)
[2017.09.15-07.20.18:144][555]LogModuleManager: Shutting down and abandoning module GameplayDebugger (311)
[2017.09.15-07.20.18:144][555]LogModuleManager: Shutting down and abandoning module AITestSuite (309)
[2017.09.15-07.20.18:144][555]LogModuleManager: Shutting down and abandoning module ProfilerService (306)
[2017.09.15-07.20.18:312][555]LogModuleManager: Shutting down and abandoning module TaskGraph (304)
[2017.09.15-07.20.18:312][555]LogModuleManager: Shutting down and abandoning module SteamVRController (302)
[2017.09.15-07.20.18:312][555]LogModuleManager: Shutting down and abandoning module SteamVR (300)
[2017.09.15-07.20.18:312][555]LogModuleManager: Shutting down and abandoning module ProceduralMeshComponentEditor (298)
[2017.09.15-07.20.18:312][555]LogModuleManager: Shutting down and abandoning module ProceduralMeshComponent (296)
[2017.09.15-07.20.18:312][555]LogModuleManager: Shutting down and abandoning module OculusLibrary (294)
[2017.09.15-07.20.18:312][555]LogModuleManager: Shutting down and abandoning module OculusInput (292)
[2017.09.15-07.20.18:312][555]LogModuleManager: Shutting down and abandoning module MobilePatchingUtils (290)
[2017.09.15-07.20.18:312][555]LogModuleManager: Shutting down and abandoning module CustomMeshComponent (288)
[2017.09.15-07.20.18:312][555]LogModuleManager: Shutting down and abandoning module CableComponent (286)
[2017.09.15-07.20.18:312][555]LogModuleManager: Shutting down and abandoning module ArchVisCharacter (284)
[2017.09.15-07.20.18:312][555]LogModuleManager: Shutting down and abandoning module MediaPlayerEditor (280)
[2017.09.15-07.20.18:312][555]LogModuleManager: Shutting down and abandoning module HTML5Networking (278)
[2017.09.15-07.20.18:312][555]LogModuleManager: Shutting down and abandoning module AlembicImporter (276)
[2017.09.15-07.20.18:312][555]LogModuleManager: Shutting down and abandoning module AlembicLibrary (275)
[2017.09.15-07.20.18:312][555]LogModuleManager: Shutting down and abandoning module GeometryCache (274)
[2017.09.15-07.20.18:312][555]LogModuleManager: Shutting down and abandoning module GeometryCacheEd (273)
[2017.09.15-07.20.18:312][555]LogModuleManager: Shutting down and abandoning module SuperSearchEditor (268)
[2017.09.15-07.20.18:312][555]LogModuleManager: Shutting down and abandoning module SuperSearch (267)
[2017.09.15-07.20.18:312][555]LogModuleManager: Shutting down and abandoning module SpeedTreeImporter (264)
[2017.09.15-07.20.18:313][555]LogModuleManager: Shutting down and abandoning module PluginBrowser (262)
[2017.09.15-07.20.18:313][555]LogModuleManager: Shutting down and abandoning module MobileLauncherProfileWizard (260)
[2017.09.15-07.20.18:313][555]LogModuleManager: Shutting down and abandoning module EpicSurvey (258)
[2017.09.15-07.20.18:313][555]LogModuleManager: Shutting down and abandoning module VisualStudioSourceCodeAccess (256)
[2017.09.15-07.20.18:313][555]LogModuleManager: Shutting down and abandoning module DesktopPlatform (255)
[2017.09.15-07.20.18:313][555]LogModuleManager: Shutting down and abandoning module UObjectPlugin (252)
[2017.09.15-07.20.18:313][555]LogModuleManager: Shutting down and abandoning module SubversionSourceControl (250)
[2017.09.15-07.20.18:313][555]LogModuleManager: Shutting down and abandoning module PerforceSourceControl (248)
[2017.09.15-07.20.18:313][555]LogModuleManager: Shutting down and abandoning module GitSourceControl (246)
[2017.09.15-07.20.18:313][555]LogModuleManager: Shutting down and abandoning module SourceControl (245)
[2017.09.15-07.20.18:313][555]LogModuleManager: Shutting down and abandoning module LightPropagationVolumeEditor (242)
[2017.09.15-07.20.18:313][555]LogModuleManager: Shutting down and abandoning module PaperTiledImporter (240)
[2017.09.15-07.20.18:313][555]LogModuleManager: Shutting down and abandoning module PaperSpriteSheetImporter (238)
[2017.09.15-07.20.18:313][555]LogModuleManager: Shutting down and abandoning module Paper2DEditor (236)
[2017.09.15-07.20.18:313][555]LogModuleManager: Shutting down and abandoning module MeshPaint (235)
[2017.09.15-07.20.18:313][555]LogModuleManager: Shutting down and abandoning module LevelEditor (233)
[2017.09.15-07.20.18:313][555]LogModuleManager: Shutting down and abandoning module PixelInspectorModule (232)
[2017.09.15-07.20.18:313][555]LogModuleManager: Shutting down and abandoning module MainFrame (230)
[2017.09.15-07.20.18:314][555]LogModuleManager: Shutting down and abandoning module HotReload (229)
[2017.09.15-07.20.18:314][555]LogModuleManager: Shutting down and abandoning module ContentBrowser (225)
[2017.09.15-07.20.18:315][555]LogModuleManager: Shutting down and abandoning module PhysXVehiclesEditor (222)
[2017.09.15-07.20.18:315][555]LogModuleManager: Shutting down and abandoning module PhysXVehicles (220)
[2017.09.15-07.20.18:315][555]LogModuleManager: Shutting down and abandoning module LocationServicesBPLibrary (218)
[2017.09.15-07.20.18:315][555]LogModuleManager: Shutting down and abandoning module UdpMessaging (216)
[2017.09.15-07.20.18:416][555]LogModuleManager: Shutting down and abandoning module TcpMessaging (214)
[2017.09.15-07.20.18:680][555]LogModuleManager: Shutting down and abandoning module GameplayTagsEditor (212)
[2017.09.15-07.20.18:680][555]LogModuleManager: Shutting down and abandoning module FacialAnimationEditor (210)
[2017.09.15-07.20.18:680][555]LogModuleManager: Shutting down and abandoning module FacialAnimation (208)
[2017.09.15-07.20.18:680][555]LogModuleManager: Shutting down and abandoning module LightPropagationVolumeRuntime (206)
[2017.09.15-07.20.18:680][555]LogModuleManager: Shutting down and abandoning module Paper2D (204)
[2017.09.15-07.20.18:680][555]LogModuleManager: Shutting down and abandoning module WindowsMoviePlayer (202)
[2017.09.15-07.20.18:680][555]LogModuleManager: Shutting down and abandoning module WmfMedia (200)
[2017.09.15-07.20.18:680][555]LogModuleManager: Shutting down and abandoning module MfMedia (198)
[2017.09.15-07.20.18:680][555]LogModuleManager: Shutting down and abandoning module MediaAssets (196)
[2017.09.15-07.20.18:680][555]LogModuleManager: Shutting down and abandoning module GameLiveStreaming (194)
[2017.09.15-07.20.18:681][555]LogModuleManager: Shutting down and abandoning module VREditor (192)
[2017.09.15-07.20.18:681][555]LogModuleManager: Shutting down and abandoning module GameplayTasksEditor (190)
[2017.09.15-07.20.18:681][555]LogModuleManager: Shutting down and abandoning module BehaviorTreeEditor (188)
[2017.09.15-07.20.18:681][555]LogModuleManager: Shutting down and abandoning module FunctionalTesting (186)
[2017.09.15-07.20.18:681][555]LogModuleManager: Shutting down and abandoning module CollisionAnalyzer (184)
[2017.09.15-07.20.18:681][555]LogModuleManager: Shutting down and abandoning module UMG (182)
[2017.09.15-07.20.18:681][555]LogModuleManager: Shutting down and abandoning module UMGEditor (181)
[2017.09.15-07.20.18:681][555]LogModuleManager: Shutting down and abandoning module Sequencer (180)
[2017.09.15-07.20.18:681][555]LogModuleManager: Shutting down and abandoning module AssetTools (178)
[2017.09.15-07.20.18:681][555]LogModuleManager: Shutting down and abandoning module MessageLog (177)
[2017.09.15-07.20.18:681][555]LogModuleManager: Shutting down and abandoning module WorkspaceMenuStructure (176)
[2017.09.15-07.20.18:681][555]LogModuleManager: Shutting down and abandoning module SlateReflector (170)
[2017.09.15-07.20.18:681][555]LogModuleManager: Shutting down and abandoning module Slate (168)
[2017.09.15-07.20.18:681][555]LogModuleManager: Shutting down and abandoning module EditorStyle (166)
[2017.09.15-07.20.18:683][555]LogModuleManager: Shutting down and abandoning module SourceCodeAccess (164)
[2017.09.15-07.20.18:684][555]LogModuleManager: Shutting down and abandoning module HeadMountedDisplay (162)
[2017.09.15-07.20.18:684][555]LogModuleManager: Shutting down and abandoning module XAudio2 (160)
[2017.09.15-07.20.18:684][555]LogModuleManager: Shutting down and abandoning module Networking (158)
[2017.09.15-07.20.18:684][555]LogModuleManager: Shutting down and abandoning module Core (154)
[2017.09.15-07.20.18:684][555]LogModuleManager: Shutting down and abandoning module AssetRegistry (152)
[2017.09.15-07.20.18:783][555]LogDirectoryWatcher: A directory notification for '../../../Engine/Content/' was aborted.
[2017.09.15-07.20.18:783][555]LogDirectoryWatcher: A directory notification for '../../../../../../Users/Acartes/Documents/Unreal Projects/GameJam1_MakeHimFall/MakeHimFall/Content/' was aborted.
[2017.09.15-07.20.18:783][555]LogDirectoryWatcher: A directory notification for '../../../Engine/Plugins/2D/Paper2D/Content/' was aborted.
[2017.09.15-07.20.18:783][555]LogModuleManager: Shutting down and abandoning module DirectoryWatcher (151)
[2017.09.15-07.20.18:784][555]LogModuleManager: Shutting down and abandoning module KismetCompiler (148)
[2017.09.15-07.20.18:784][555]LogModuleManager: Shutting down and abandoning module PhysXFormats (146)
[2017.09.15-07.20.18:784][555]LogModuleManager: Shutting down and abandoning module MeshUtilities (144)
[2017.09.15-07.20.18:784][555]LogModuleManager: Shutting down and abandoning module SimplygonSwarm (143)
[2017.09.15-07.20.18:784][555]LogModuleManager: Shutting down and abandoning module SimplygonMeshReduction (141)
[2017.09.15-07.20.18:784][555]LogModuleManager: Shutting down and abandoning module QuadricMeshReduction (139)
[2017.09.15-07.20.18:784][555]LogModuleManager: Shutting down and abandoning module PropertyEditor (137)
[2017.09.15-07.20.18:784][555]LogModuleManager: Shutting down and abandoning module DerivedDataCache (134)
[2017.09.15-07.20.18:852][555]LogDerivedDataCache: Shutdown
[2017.09.15-07.20.18:852][555]LogModuleManager: Shutting down and abandoning module TargetPlatform (132)
[2017.09.15-07.20.18:852][555]LogModuleManager: Shutting down and abandoning module VulkanShaderFormat (131)
[2017.09.15-07.20.18:852][555]LogModuleManager: Shutting down and abandoning module ShaderFormatOpenGL (129)
[2017.09.15-07.20.18:852][555]LogModuleManager: Shutting down and abandoning module ShaderFormatD3D (127)
[2017.09.15-07.20.18:852][555]LogModuleManager: Shutting down and abandoning module MetalShaderFormat (125)
[2017.09.15-07.20.18:852][555]LogModuleManager: Shutting down and abandoning module TextureFormatUncompressed (123)
[2017.09.15-07.20.18:852][555]LogModuleManager: Shutting down and abandoning module TextureFormatPVR (121)
[2017.09.15-07.20.18:852][555]LogModuleManager: Shutting down and abandoning module TextureFormatDXT (119)
[2017.09.15-07.20.18:852][555]LogModuleManager: Shutting down and abandoning module TextureFormatIntelISPCTexComp (117)
[2017.09.15-07.20.18:852][555]LogModuleManager: Shutting down and abandoning module TextureFormatASTC (115)
[2017.09.15-07.20.18:852][555]LogModuleManager: Shutting down and abandoning module ImageWrapper (114)
[2017.09.15-07.20.18:852][555]LogModuleManager: Shutting down and abandoning module TextureFormatAndroid (111)
[2017.09.15-07.20.18:852][555]LogModuleManager: Shutting down and abandoning module AudioFormatOpus (109)
[2017.09.15-07.20.18:852][555]LogModuleManager: Shutting down and abandoning module AudioFormatOgg (107)
[2017.09.15-07.20.18:852][555]LogModuleManager: Shutting down and abandoning module AudioFormatADPCM (105)
[2017.09.15-07.20.18:852][555]LogModuleManager: Shutting down and abandoning module LinuxTargetPlatform (103)
[2017.09.15-07.20.18:853][555]LogModuleManager: Shutting down and abandoning module LinuxServerTargetPlatform (101)
[2017.09.15-07.20.18:853][555]LogModuleManager: Shutting down and abandoning module LinuxNoEditorTargetPlatform (99)
[2017.09.15-07.20.18:853][555]LogModuleManager: Shutting down and abandoning module LinuxClientTargetPlatform (97)
[2017.09.15-07.20.18:853][555]LogModuleManager: Shutting down and abandoning module TVOSTargetPlatform (95)
[2017.09.15-07.20.18:853][555]LogModuleManager: Shutting down and abandoning module Messaging (93)
[2017.09.15-07.20.18:853][555]LogModuleManager: Shutting down and abandoning module IOSTargetPlatform (91)
[2017.09.15-07.20.18:853][555]LogModuleManager: Shutting down and abandoning module HTML5TargetPlatform (89)
[2017.09.15-07.20.18:853][555]LogModuleManager: Shutting down and abandoning module Android_PVRTCTargetPlatform (87)
[2017.09.15-07.20.18:853][555]LogModuleManager: Shutting down and abandoning module Android_MultiTargetPlatform (85)
[2017.09.15-07.20.18:853][555]LogModuleManager: Shutting down and abandoning module Android_ETC2TargetPlatform (83)
[2017.09.15-07.20.18:853][555]LogModuleManager: Shutting down and abandoning module Android_ETC1TargetPlatform (81)
[2017.09.15-07.20.18:853][555]LogModuleManager: Shutting down and abandoning module Android_DXTTargetPlatform (79)
[2017.09.15-07.20.18:853][555]LogModuleManager: Shutting down and abandoning module Android_ATCTargetPlatform (77)
[2017.09.15-07.20.18:853][555]LogModuleManager: Shutting down and abandoning module Android_ASTCTargetPlatform (75)
[2017.09.15-07.20.18:853][555]LogModuleManager: Shutting down and abandoning module AndroidTargetPlatform (73)
[2017.09.15-07.20.18:853][555]LogModuleManager: Shutting down and abandoning module WindowsTargetPlatform (71)
[2017.09.15-07.20.18:853][555]LogModuleManager: Shutting down and abandoning module WindowsServerTargetPlatform (69)
[2017.09.15-07.20.18:853][555]LogModuleManager: Shutting down and abandoning module WindowsNoEditorTargetPlatform (67)
[2017.09.15-07.20.18:853][555]LogModuleManager: Shutting down and abandoning module WindowsClientTargetPlatform (65)
[2017.09.15-07.20.18:853][555]LogModuleManager: Shutting down and abandoning module MacTargetPlatform (63)
[2017.09.15-07.20.18:853][555]LogModuleManager: Shutting down and abandoning module MacServerTargetPlatform (61)
[2017.09.15-07.20.18:853][555]LogModuleManager: Shutting down and abandoning module MacNoEditorTargetPlatform (59)
[2017.09.15-07.20.18:853][555]LogModuleManager: Shutting down and abandoning module MacClientTargetPlatform (57)
[2017.09.15-07.20.18:853][555]LogModuleManager: Shutting down and abandoning module AllDesktopTargetPlatform (55)
[2017.09.15-07.20.18:853][555]LogModuleManager: Shutting down and abandoning module InputCore (52)
[2017.09.15-07.20.18:853][555]LogModuleManager: Shutting down and abandoning module Settings (50)
[2017.09.15-07.20.18:853][555]LogModuleManager: Shutting down and abandoning module OculusRift (48)
[2017.09.15-07.20.18:853][555]LogModuleManager: Shutting down and abandoning module GearVR (46)
[2017.09.15-07.20.18:853][555]LogModuleManager: Shutting down and abandoning module ExampleDeviceProfileSelector (44)
[2017.09.15-07.20.18:853][555]LogModuleManager: Shutting down and abandoning module OnlineBlueprintSupport (42)
[2017.09.15-07.20.18:853][555]LogModuleManager: Shutting down and abandoning module OnlineSubsystem (38)
[2017.09.15-07.20.18:853][555]LogOnline:Display: Unloading online subsystem: NULL
[2017.09.15-07.20.18:853][555]LogModuleManager: Shutting down and abandoning module XMPP (37)
[2017.09.15-07.20.18:853][555]LogModuleManager: Shutting down and abandoning module HTTP (35)
[2017.09.15-07.20.18:853][555]LogHttp:Display: Http module shutting down, but needs to wait on 1 outstanding Http requests:
[2017.09.15-07.20.18:853][555]LogHttp:Display: 	verb=[POST] url=[https://datarouter.ol.epicgames.com/datarouter/api/v1/public/data?SessionID=%7B61B13BE5-4910-89F6-3637-79B3FA1F26FD%7D&AppID=UEEditor.Rocket.Release&AppVersion=4.15.3-3450819%2B%2B%2BUE4%2BRelease-4.15&UserID=104e8add4b519fdf59e17e92197436bb%7C0997f36773af4226a15caa923efe3a72%7C18a888f3-0d6a-4e3d-827c-144de089b57a&AppEnvironment=datacollector-binary&UploadType=eteventstream] status=Processing
[2017.09.15-07.20.18:862][555]LogModuleManager: Shutting down and abandoning module SSL (34)
[2017.09.15-07.20.18:863][555]LogModuleManager: Shutting down and abandoning module AudioEditor (30)
[2017.09.15-07.20.18:863][555]LogModuleManager: Shutting down and abandoning module TextureCompressor (28)
[2017.09.15-07.20.18:863][555]LogModuleManager: Shutting down and abandoning module ShaderCore (26)
[2017.09.15-07.20.18:863][555]LogModuleManager: Shutting down and abandoning module Landscape (24)
[2017.09.15-07.20.18:863][555]LogModuleManager: Shutting down and abandoning module SlateRHIRenderer (22)
[2017.09.15-07.20.18:864][555]LogModuleManager: Shutting down and abandoning module OpenGLDrv (20)
[2017.09.15-07.20.18:864][555]LogModuleManager: Shutting down and abandoning module D3D11RHI (18)
[2017.09.15-07.20.18:864][555]LogModuleManager: Shutting down and abandoning module AnimGraphRuntime (16)
[2017.09.15-07.20.18:864][555]LogModuleManager: Shutting down and abandoning module Renderer (14)
[2017.09.15-07.20.18:864][555]LogModuleManager: Shutting down and abandoning module Engine (12)
[2017.09.15-07.20.18:864][555]LogModuleManager: Shutting down and abandoning module CoreUObject (10)
[2017.09.15-07.20.18:864][555]LogModuleManager: Shutting down and abandoning module NetworkFile (8)
[2017.09.15-07.20.18:864][555]LogModuleManager: Shutting down and abandoning module StreamingFile (6)
[2017.09.15-07.20.18:864][555]LogModuleManager: Shutting down and abandoning module SandboxFile (4)
[2017.09.15-07.20.18:864][555]LogModuleManager: Shutting down and abandoning module PakFile (2)
[2017.09.15-07.20.18:865][555]LogExit: Exiting.
[2017.09.15-07.20.18:882][555]Log file closed, 09/15/17 09:20:18
