Log file open, 09/21/17 12:01:03
LogWindows: LoadLibraryWithSearchPaths failed for file aqProf.dll. GetLastError=0
LogWindows: LoadLibraryWithSearchPaths failed for file VtuneApi.dll. GetLastError=0
LogWindows: LoadLibraryWithSearchPaths failed for file VtuneApi32e.dll. GetLastError=0
LogInit: Display: Running engine for game: MakeHimFall
LogPlatformFile: Not using cached read wrapper
LogInit: Display: RandInit(1258146585) SRandInit(1258146585).
LogTaskGraph: Started task graph with 5 named threads and 14 total threads with 3 sets of task threads.
LogStats: Stats thread started at 0.179095
LogD3D11RHI: Aftermath initialized
LogPluginManager: Mounting plugin Paper2D
LogPluginManager: Mounting plugin LightPropagationVolume
LogPluginManager: Mounting plugin CodeLiteSourceCodeAccess
LogPluginManager: Mounting plugin GitSourceControl
LogPluginManager: Mounting plugin KDevelopSourceCodeAccess
LogPluginManager: Mounting plugin NullSourceCodeAccess
LogPluginManager: Mounting plugin PerforceSourceControl
LogPluginManager: Mounting plugin SubversionSourceControl
LogPluginManager: Mounting plugin UObjectPlugin
LogPluginManager: Mounting plugin VisualStudioSourceCodeAccess
LogPluginManager: Mounting plugin XCodeSourceCodeAccess
LogPluginManager: Mounting plugin AssetManagerEditor
LogPluginManager: Mounting plugin AudioCapture
LogPluginManager: Mounting plugin FacialAnimation
LogPluginManager: Mounting plugin GameplayTagsEditor
LogPluginManager: Mounting plugin MobileLauncherProfileWizard
LogPluginManager: Mounting plugin PluginBrowser
LogPluginManager: Mounting plugin SpeedTreeImporter
LogPluginManager: Mounting plugin AlembicImporter
LogPluginManager: Mounting plugin CharacterAI
LogPluginManager: Mounting plugin HTML5Networking
LogPluginManager: Mounting plugin AndroidMedia
LogPluginManager: Mounting plugin AvfMedia
LogPluginManager: Mounting plugin MediaPlayerEditor
LogPluginManager: Mounting plugin WmfMedia
LogPluginManager: Mounting plugin TcpMessaging
LogPluginManager: Mounting plugin UdpMessaging
LogPluginManager: Mounting plugin LevelSequenceEditor
LogPluginManager: Mounting plugin MatineeToLevelSequence
LogPluginManager: Mounting plugin OnlineSubsystemGooglePlay
LogPluginManager: Mounting plugin OnlineSubsystemIOS
LogPluginManager: Mounting plugin OnlineSubsystem
LogPluginManager: Mounting plugin OnlineSubsystemNull
LogPluginManager: Mounting plugin OnlineSubsystemUtils
LogPluginManager: Mounting plugin AndroidDeviceProfileSelector
LogPluginManager: Mounting plugin AndroidMoviePlayer
LogPluginManager: Mounting plugin AndroidPermission
LogPluginManager: Mounting plugin AppleMoviePlayer
LogPluginManager: Mounting plugin ArchVisCharacter
LogPluginManager: Mounting plugin CableComponent
LogPluginManager: Mounting plugin CustomMeshComponent
LogPluginManager: Mounting plugin ExampleDeviceProfileSelector
LogPluginManager: Mounting plugin GoogleCloudMessaging
LogPluginManager: Mounting plugin ImmediatePhysics
LogPluginManager: Mounting plugin IOSDeviceProfileSelector
LogPluginManager: Mounting plugin LinuxDeviceProfileSelector
LogPluginManager: Mounting plugin LocationServicesBPLibrary
LogPluginManager: Mounting plugin MobilePatchingUtils
LogPluginManager: Mounting plugin OculusVR
LogPluginManager: Mounting plugin PhysXVehicles
LogPluginManager: Mounting plugin ProceduralMeshComponent
LogPluginManager: Mounting plugin RuntimePhysXCooking
LogPluginManager: Mounting plugin SteamVR
LogPluginManager: Mounting plugin WindowsMoviePlayer
LogInit: Using libcurl 7.47.1
LogInit:  - built for x86_64-pc-win32
LogInit:  - supports SSL with OpenSSL/1.0.2g
LogInit:  - supports HTTP deflate (compression) using libz 1.2.8
LogInit:  - other features:
LogInit:      CURL_VERSION_SSL
LogInit:      CURL_VERSION_LIBZ
LogInit:      CURL_VERSION_IPV6
LogInit:      CURL_VERSION_ASYNCHDNS
LogInit:      CURL_VERSION_LARGEFILE
LogInit:      CURL_VERSION_IDN
LogInit:  CurlRequestOptions (configurable via config and command line):
LogInit:  - bVerifyPeer = false  - Libcurl will NOT verify peer certificate
LogInit:  - bUseHttpProxy = false  - Libcurl will NOT use HTTP proxy
LogInit:  - bDontReuseConnections = false  - Libcurl will reuse connections
LogInit:  - CertBundlePath = nullptr  - Libcurl will use whatever was configured at build time.
LogInit: Build: ++UE4+Release-4.17-CL-3586342
LogInit: Engine Version: 4.17.1-3586342+++UE4+Release-4.17
LogInit: Compatible Engine Version: 4.17.0-3573198+++UE4+Release-4.17
LogInit: Net CL: 3573198
LogDevObjectVersion: Number of dev versions registered: 16
LogDevObjectVersion:   Dev-Blueprints (B0D832E4-1F89-4F0D-ACCF-7EB736FD4AA2): 10
LogDevObjectVersion:   Dev-Build (E1C64328-A22C-4D53-A36C-8E866417BD8C): 0
LogDevObjectVersion:   Dev-Core (375EC13C-06E4-48FB-B500-84F0262A717E): 2
LogDevObjectVersion:   Dev-Editor (E4B068ED-F494-42E9-A231-DA0B2E46BB41): 20
LogDevObjectVersion:   Dev-Framework (CFFC743F-43B0-4480-9391-14DF171D2073): 28
LogDevObjectVersion:   Dev-Mobile (B02B49B5-BB20-44E9-A304-32B752E40360): 0
LogDevObjectVersion:   Dev-Networking (A4E4105C-59A1-49B5-A7C5-40C4547EDFEE): 0
LogDevObjectVersion:   Dev-Online (39C831C9-5AE6-47DC-9A44-9C173E1C8E7C): 0
LogDevObjectVersion:   Dev-Physics (78F01B33-EBEA-4F98-B9B4-84EACCB95AA2): 0
LogDevObjectVersion:   Dev-Platform (6631380F-2D4D-43E0-8009-CF276956A95A): 0
LogDevObjectVersion:   Dev-Rendering (12F88B9F-8875-4AFC-A67C-D90C383ABD29): 19
LogDevObjectVersion:   Dev-Sequencer (7B5AE74C-D270-4C10-A958-57980B212A5A): 4
LogDevObjectVersion:   Dev-VR (D7296918-1DD6-4BDD-9DE2-64A83CC13884): 0
LogDevObjectVersion:   Dev-LoadTimes (C2A15278-BFE7-4AFE-6C17-90FF531DF755): 1
LogDevObjectVersion:   Private-Geometry (6EACA3D4-40EC-4CC1-B786-8BED09428FC5): 1
LogDevObjectVersion:   Dev-AnimPhys (29E575DD-E0A3-4627-9D10-D276232CDCEA): 7
LogInit: Compiled (64-bit): Aug 15 2017 02:05:26
LogInit: Compiled with Visual C++: 19.00.24215.01
LogInit: Build Configuration: Development
LogInit: Branch Name: ++UE4+Release-4.17
LogInit: Command line:  
LogInit: Base directory: C:/Program Files/Epic Games/UE_4.17/Engine/Binaries/Win64/
LogInit: Installed Engine Build: 1
LogInit: Presizing for max 8388607 objects, including 0 objects not considered by GC, pre-allocating 0 bytes for permanent pool.
LogInit: Object subsystem initialized
[2017.09.21-16.01.04:557][  0]LogInit: Selected Device Profile: [Windows]
[2017.09.21-16.01.04:557][  0]LogInit: Applying CVar settings loaded from the selected device profile: [Windows]
[2017.09.21-16.01.04:565][  0]LogInit: Computer: JMAX-PC
[2017.09.21-16.01.04:565][  0]LogInit: User: JeanMaxime
[2017.09.21-16.01.04:565][  0]LogInit: CPU Page size=4096, Cores=4
[2017.09.21-16.01.04:565][  0]LogInit: High frequency timer resolution =2.435780 MHz
[2017.09.21-16.01.04:565][  0]LogMemory: Memory total: Physical=15.9GB (16GB approx)
[2017.09.21-16.01.04:565][  0]LogMemory: Platform Memory Stats for Windows
[2017.09.21-16.01.04:565][  0]LogMemory: Process Physical Memory: 280.32 MB used, 280.32 MB peak
[2017.09.21-16.01.04:565][  0]LogMemory: Process Virtual Memory: 286.38 MB used, 286.38 MB peak
[2017.09.21-16.01.04:565][  0]LogMemory: Physical Memory: 6997.51 MB used,  9269.50 MB free, 16267.00 MB total
[2017.09.21-16.01.04:565][  0]LogMemory: Virtual Memory: 667.05 MB used,  9269.50 MB free, 134217728.00 MB total
[2017.09.21-16.01.04:747][  0]LogInit: Using OS detected language (fr-FR).
[2017.09.21-16.01.04:748][  0]LogInit: Using OS detected locale (fr-FR).
[2017.09.21-16.01.04:752][  0]LogTextLocalizationManager: No localization for 'fr-FR' exists, so 'en' will be used for the language.
[2017.09.21-16.01.04:752][  0]LogTextLocalizationManager: No localization for 'fr-FR' exists, so 'en' will be used for the locale.
[2017.09.21-16.01.05:579][  0]LogD3D11RHI: D3D11 adapters:
[2017.09.21-16.01.06:172][  0]LogD3D11RHI:    0. 'NVIDIA GeForce GTX 860M' (Feature Level 11_0)
[2017.09.21-16.01.06:172][  0]LogD3D11RHI:       4065/0/8133 MB DedicatedVideo/DedicatedSystem/SharedSystem, Outputs:1, VendorId:0x10de
[2017.09.21-16.01.06:177][  0]LogD3D11RHI:    1. 'Intel(R) HD Graphics 4600' (Feature Level 11_0)
[2017.09.21-16.01.06:177][  0]LogD3D11RHI:       112/0/2048 MB DedicatedVideo/DedicatedSystem/SharedSystem, Outputs:0, VendorId:0x8086
[2017.09.21-16.01.06:179][  0]LogD3D11RHI:    2. 'Microsoft Basic Render Driver' (Feature Level 11_0)
[2017.09.21-16.01.06:179][  0]LogD3D11RHI:       0/0/8133 MB DedicatedVideo/DedicatedSystem/SharedSystem, Outputs:0, VendorId:0x1414
[2017.09.21-16.01.06:179][  0]LogD3D11RHI: Chosen D3D11 Adapter: 0
[2017.09.21-16.01.06:186][  0]LogD3D11RHI: Creating new Direct3DDevice
[2017.09.21-16.01.06:186][  0]LogD3D11RHI:     GPU DeviceId: 0x1392 (for the marketing name, search the web for "GPU Device Id")
[2017.09.21-16.01.06:186][  0]LogWindows: EnumDisplayDevices:
[2017.09.21-16.01.06:186][  0]LogWindows:    0. 'Intel(R) HD Graphics 4600' (P:1 D:1)
[2017.09.21-16.01.06:186][  0]LogWindows:    1. 'Intel(R) HD Graphics 4600' (P:0 D:0)
[2017.09.21-16.01.06:186][  0]LogWindows:    2. 'Intel(R) HD Graphics 4600' (P:0 D:0)
[2017.09.21-16.01.06:186][  0]LogWindows: DebugString: PrimaryIsNotTheChoosenAdapter PrimaryIsNotTheChoosenAdapter PrimaryIsNotTheChoosenAdapter FoundDriverCount:0 
[2017.09.21-16.01.06:186][  0]LogD3D11RHI:     Adapter Name: NVIDIA GeForce GTX 860M
[2017.09.21-16.01.06:186][  0]LogD3D11RHI:   Driver Version: Unknown (internal:Unknown, unified:Unknown)
[2017.09.21-16.01.06:186][  0]LogD3D11RHI:      Driver Date: Unknown
[2017.09.21-16.01.06:187][  0]LogRHI: Texture pool is 1361 MB (70% of 1945 MB)
[2017.09.21-16.01.06:761][  0]LogD3D11RHI: Async texture creation enabled
[2017.09.21-16.01.06:800][  0]LogD3D11RHI: GPU Timing Frequency: 1000.000000 (Debug: 2 1)
[2017.09.21-16.01.06:800][  0]LogShaderCompilers: Guid format shader working directory is 18 characters bigger than the processId version (D:/GameJam1_MakeHimFall/MakeHimFall/Intermediate/Shaders/WorkingDirectory/264/).
[2017.09.21-16.01.06:800][  0]LogShaderCompilers: Cleaned the shader compiler working directory 'C:/Users/Jean-Maxime/AppData/Local/Temp/UnrealShaderWorkingDir/CC5C8AF24AF896B678581999D68DEDA2/'.
[2017.09.21-16.01.06:800][  0]LogShaderCompilers: Display: Using Local Shader Compiler.
[2017.09.21-16.01.07:808][  0]LogTemp: Display: Loaded TP AllDesktopTargetPlatform
[2017.09.21-16.01.07:870][  0]LogTemp: Display: Loaded TP MacClientTargetPlatform
[2017.09.21-16.01.07:934][  0]LogTemp: Display: Loaded TP MacNoEditorTargetPlatform
[2017.09.21-16.01.07:996][  0]LogTemp: Display: Loaded TP MacServerTargetPlatform
[2017.09.21-16.01.08:060][  0]LogTemp: Display: Loaded TP MacTargetPlatform
[2017.09.21-16.01.08:124][  0]LogTemp: Display: Loaded TP WindowsClientTargetPlatform
[2017.09.21-16.01.08:185][  0]LogTemp: Display: Loaded TP WindowsNoEditorTargetPlatform
[2017.09.21-16.01.08:248][  0]LogTemp: Display: Loaded TP WindowsServerTargetPlatform
[2017.09.21-16.01.08:305][  0]LogTemp: Display: Loaded TP WindowsTargetPlatform
[2017.09.21-16.01.08:367][  0]LogTemp: Display: Loaded TP AndroidTargetPlatform
[2017.09.21-16.01.08:429][  0]LogTemp: Display: Loaded TP Android_ASTCTargetPlatform
[2017.09.21-16.01.08:489][  0]LogTemp: Display: Loaded TP Android_ATCTargetPlatform
[2017.09.21-16.01.08:550][  0]LogTemp: Display: Loaded TP Android_DXTTargetPlatform
[2017.09.21-16.01.08:610][  0]LogTemp: Display: Loaded TP Android_ETC1TargetPlatform
[2017.09.21-16.01.08:671][  0]LogTemp: Display: Loaded TP Android_ETC2TargetPlatform
[2017.09.21-16.01.08:792][  0]LogTemp: Display: Loaded TP Android_MultiTargetPlatform
[2017.09.21-16.01.08:792][  0]LogTemp: Display: Loaded TP Android_PVRTCTargetPlatform
[2017.09.21-16.01.08:841][  0]LogTemp: Display: Loaded TP HTML5TargetPlatform
[2017.09.21-16.01.08:948][  0]LogTemp: Display: Loaded TP IOSTargetPlatform
[2017.09.21-16.01.08:979][  0]LogTemp: Display: Loaded TP TVOSTargetPlatform
[2017.09.21-16.01.09:040][  0]LogTemp: Display: Loaded TP LinuxClientTargetPlatform
[2017.09.21-16.01.09:105][  0]LogTemp: Display: Loaded TP LinuxNoEditorTargetPlatform
[2017.09.21-16.01.09:167][  0]LogTemp: Display: Loaded TP LinuxServerTargetPlatform
[2017.09.21-16.01.09:228][  0]LogTemp: Display: Loaded TP LinuxTargetPlatform
[2017.09.21-16.01.09:228][  0]LogTargetPlatformManager: Display: Building Assets For Windows
[2017.09.21-16.01.09:803][  0]LogDerivedDataCache: Display: Max Cache Size: 512 MB
[2017.09.21-16.01.09:902][  0]LogDerivedDataCache: Loaded boot cache 0.10s 93MB C:/Users/Jean-Maxime/AppData/Local/UnrealEngine/4.17/DerivedDataCache/Boot.ddc.
[2017.09.21-16.01.09:902][  0]LogDerivedDataCache: Display: Loaded Boot cache: C:/Users/Jean-Maxime/AppData/Local/UnrealEngine/4.17/DerivedDataCache/Boot.ddc
[2017.09.21-16.01.09:902][  0]LogDerivedDataCache: FDerivedDataBackendGraph:  Pak pak cache file D:/GameJam1_MakeHimFall/MakeHimFall/DerivedDataCache/DDC.ddp not found, will not use a pak cache.
[2017.09.21-16.01.09:902][  0]LogDerivedDataCache: Unable to find inner node Pak for hierarchical cache Hierarchy.
[2017.09.21-16.01.09:902][  0]LogDerivedDataCache: FDerivedDataBackendGraph:  CompressedPak pak cache file D:/GameJam1_MakeHimFall/MakeHimFall/DerivedDataCache/Compressed.ddp not found, will not use a pak cache.
[2017.09.21-16.01.09:902][  0]LogDerivedDataCache: Unable to find inner node CompressedPak for hierarchical cache Hierarchy.
[2017.09.21-16.01.09:920][  0]LogDerivedDataCache: Display: Pak cache opened for reading ../../../Engine/DerivedDataCache/Compressed.ddp.
[2017.09.21-16.01.09:932][  0]LogDerivedDataCache: Using Local data cache path C:/Users/Jean-Maxime/AppData/Local/UnrealEngine/Common/DerivedDataCache: Writable
[2017.09.21-16.01.09:943][  0]LogMaterial: Verifying Global Shaders for PCD3D_SM5
[2017.09.21-16.01.09:943][  0]LogSlate: Using Freetype 2.6.0
[2017.09.21-16.01.09:944][  0]LogSlate: SlateFontCache - WITH_FREETYPE: 1, WITH_HARFBUZZ: 1
[2017.09.21-16.01.09:944][  0]LogSlate: SlateFontCache - WITH_FREETYPE: 1, WITH_HARFBUZZ: 1
[2017.09.21-16.01.10:254][  0]LogAssetRegistry: FAssetRegistry took 0.0261 seconds to start up
[2017.09.21-16.01.10:371][  0]LogInit: Selected Device Profile: [Windows]
[2017.09.21-16.01.10:867][  0]LogSimplygon: Simplygon DLL not present - disabling.
[2017.09.21-16.01.10:924][  0]LogMeshReduction: Using SimplygonSwarm for distributed automatic mesh merging
[2017.09.21-16.01.10:925][  0]LogMeshReduction: Using QuadricMeshReduction for automatic static mesh reduction
[2017.09.21-16.01.10:925][  0]LogMeshReduction: No automatic skeletal mesh reduction module available
[2017.09.21-16.01.10:925][  0]LogMeshReduction: No automatic mesh merging module available
[2017.09.21-16.01.10:925][  0]LogMeshMerging: No automatic mesh merging module available
[2017.09.21-16.01.10:926][  0]LogContentStreaming: Texture pool size is 0.00 MB
[2017.09.21-16.01.11:470][  0]LogNetVersion: MakeHimFall , NetCL: 3573198, EngineNetVer: 2, GameNetVer: 0 (Checksum: 1490375989)
[2017.09.21-16.01.11:728][  0]LogPackageLocalizationCache: Processed 5 localized package path(s) for 1 prioritized culture(s) in 0.019579 seconds
[2017.09.21-16.01.11:735][  0]LogUObjectArray: 35825 objects as part of root set at end of initial load.
[2017.09.21-16.01.11:735][  0]LogUObjectAllocator: 7529112 out of 0 bytes used by permanent object pool.
[2017.09.21-16.01.11:735][  0]LogUObjectArray: CloseDisregardForGC: 0/0 objects in disregard for GC pool
[2017.09.21-16.01.11:808][  0]LogInit: WinSock: version 1.1 (2.2), MaxSocks=32767, MaxUdp=65467
[2017.09.21-16.01.15:198][  0]LogTcpMessaging: Initializing TcpMessaging bridge
[2017.09.21-16.01.15:246][  0]LogUdpMessaging: Initializing bridge on interface 0.0.0.0:0 to multicast group 230.0.0.1:6666.
[2017.09.21-16.01.16:053][  0]LogMaterial: Uniform references updated for custom material expression Custom.
[2017.09.21-16.01.16:559][  0]SourceControl: Source control is disabled
[2017.09.21-16.01.16:560][  0]SourceControl: Source control is disabled
[2017.09.21-16.01.16:622][  0]SourceControl: Source control is disabled
[2017.09.21-16.01.16:686][  0]SourceControl: Source control is disabled
[2017.09.21-16.01.17:444][  0]LogAndroidPermission: UAndroidPermissionCallbackProxy::GetInstance
[2017.09.21-16.01.17:770][  0]LogOcInput: OculusInput pre-init called
[2017.09.21-16.01.18:105][  0]LogEngine: Initializing Engine...
[2017.09.21-16.01.18:108][  0]LogHMD: Failed to initialize OpenVR with code 110
[2017.09.21-16.01.18:342][  0]LogStats: UGameplayTagsManager::ConstructGameplayTagTree: Construct from data asset -  0.000 s
[2017.09.21-16.01.18:342][  0]LogStats: UGameplayTagsManager::ConstructGameplayTagTree: GameplayTagTreeChangedEvent.Broadcast -  0.000 s
[2017.09.21-16.01.18:509][  0]LogAIModule: Creating AISystem for world Untitled
[2017.09.21-16.01.18:517][  0]LogInit: XAudio2 using 'Speakers (Realtek High Definition Audio)' : 2 channels at 48 kHz using 32 bits per sample (channel mask 0x3)
[2017.09.21-16.01.18:772][  0]LogInit: FAudioDevice initialized.
[2017.09.21-16.01.18:911][  0]LogDerivedDataCache: Saved boot cache 0.14s 93MB C:/Users/Jean-Maxime/AppData/Local/UnrealEngine/4.17/DerivedDataCache/Boot.ddc.
[2017.09.21-16.01.18:922][  0]LogInit: Texture streaming: Enabled
[2017.09.21-16.01.19:049][  0]LogEngineSessionManager: EngineSessionManager initialized
[2017.09.21-16.01.19:326][  0]LogInit: Transaction tracking system initialized
[2017.09.21-16.01.19:728][  0]BlueprintLog: New page: Editor Load
[2017.09.21-16.01.20:840][  0]LocalizationService: Localization service is disabled
[2017.09.21-16.01.21:692][  0]LogConsoleResponse: Display: 
[2017.09.21-16.01.21:905][  0]LogCook: Display: Max memory allowance for cook 16384mb min free memory 0mb
[2017.09.21-16.01.21:905][  0]LogCook: Display: Mobile HDR setting 1
[2017.09.21-16.01.21:905][  0]LogGameplayTags: Display: UGameplayTagsManager::DoneAddingNativeTags. DelegateIsBound: 0
[2017.09.21-16.01.22:788][  0]LogFileCache: Scanning file cache for directory 'D:/GameJam1_MakeHimFall/MakeHimFall/Content/' took 0.01s
[2017.09.21-16.01.23:258][  0]SourceControl: Source control is disabled
[2017.09.21-16.01.23:258][  0]Cmd: MAP LOAD FILE="D:/GameJam1_MakeHimFall/MakeHimFall/Content/Maps/LD_Slow_Him_Down.umap" TEMPLATE=0 SHOWPROGRESS=1 FEATURELEVEL=3
[2017.09.21-16.01.23:259][  0]LightingResults: New page: Lighting Build
[2017.09.21-16.01.23:312][  0]MapCheck: New page: Map Check
[2017.09.21-16.01.23:312][  0]LightingResults: New page: Lighting Build
[2017.09.21-16.01.23:566][  0]LogBlueprint: Warning: [Compiler BP_Jumper] InputAction Event references unknown Action 'Exit' for  InputAction Exit
[2017.09.21-16.01.23:575][  0]LogBlueprint: Warning: [Compiler BP_TowerMaster] InputAction Event references unknown Action 'Exit' for  InputAction Exit
[2017.09.21-16.01.23:602][  0]LogBlueprint: Warning: [Compiler BP_Jumper] [0020.95] Compile of BP_Jumper successful, but with 1 Warning(s) [in 76 ms] (/Game/BP/Characters/BP_Jumper.BP_Jumper)
[2017.09.21-16.01.23:602][  0]LogBlueprint: Warning: [Compiler BP_TowerMaster] [0020.95] Compile of BP_TowerMaster successful, but with 1 Warning(s) [in 76 ms] (/Game/BP/Characters/BP_TowerMaster.BP_TowerMaster)
[2017.09.21-16.01.23:754][  0]LogTexture: Display: Building textures: Tuto4_-_Jumper (AutoDXT, 1920X1080)
[2017.09.21-16.01.23:814][  0]LogTexture: Display: Building textures: Tuto3_-_Jumper (AutoDXT, 1920X1080)
[2017.09.21-16.01.23:840][  0]LogTexture: Display: Building textures: Tuto1_-_Jumper (AutoDXT, 1920X1080)
[2017.09.21-16.01.23:840][  0]LogAudioDerivedData: Display: Building compressed audio format OGG wave Bird_Flap_01...
[2017.09.21-16.01.23:940][  0]LogTexture: Display: Building textures: Tuto5_-_Jumper (AutoDXT, 1920X1080)
[2017.09.21-16.01.23:940][  0]LogTexture: Display: Building textures: Tuto2_-_Jumper (AutoDXT, 1920X1080)
[2017.09.21-16.01.23:940][  0]LogAudioDerivedData: Display: Building compressed audio format OGG wave punch2_-_validé_01...
[2017.09.21-16.01.23:950][  0]LogAudioDerivedData: Display: Building compressed audio format OGG wave Hurt_01...
[2017.09.21-16.01.24:202][  0]LogAIModule: Creating AISystem for world LD_Slow_Him_Down
[2017.09.21-16.01.24:228][  0]LogEditorServer: Finished looking for orphan Actors (0.000 secs)
[2017.09.21-16.01.24:242][  0]Cmd: MAP CHECKDEP NOCLEARLOG
[2017.09.21-16.01.24:354][  0]MapCheck: Map check complete: 0 Error(s), 0 Warning(s), took 111.598ms to complete.
[2017.09.21-16.01.24:354][  0]LogFileHelpers: Loading map 'LD_Slow_Him_Down' took 1.096
[2017.09.21-16.01.24:498][  0]LogCollectionManager: Loaded 0 collections in 0.002168 seconds
[2017.09.21-16.01.24:589][  0]LogFileCache: Scanning file cache for directory 'D:/GameJam1_MakeHimFall/MakeHimFall/Saved/Collections/' took 0.01s
[2017.09.21-16.01.24:589][  0]LogFileCache: Scanning file cache for directory 'D:/GameJam1_MakeHimFall/MakeHimFall/Content/Developers/JeanMaxime/Collections/' took 0.01s
[2017.09.21-16.01.24:589][  0]LogFileCache: Scanning file cache for directory 'D:/GameJam1_MakeHimFall/MakeHimFall/Content/Collections/' took 0.01s
[2017.09.21-16.01.24:589][  0]LogCollectionManager: Rebuilt the GUID cache for 0 collections in 0.000000 seconds
[2017.09.21-16.01.24:598][  0]LogContentBrowser: Native class hierarchy populated in 0.0095 seconds. Added 2386 classes and 500 folders.
[2017.09.21-16.01.24:677][  0]LogContentBrowser: Native class hierarchy updated for 'WidgetCarousel' in 0.0007 seconds. Added 0 classes and 0 folders.
[2017.09.21-16.01.24:739][  0]LogContentBrowser: Native class hierarchy updated for 'AddContentDialog' in 0.0009 seconds. Added 0 classes and 0 folders.
[2017.09.21-16.01.24:793][  0]LogContentBrowser: Native class hierarchy updated for 'SceneOutliner' in 0.0007 seconds. Added 1 classes and 2 folders.
[2017.09.21-16.01.24:818][  0]LogSlate: Took 0.000375 seconds to synchronously load lazily loaded font '../../../Engine/Content/Slate/Fonts/Roboto-Regular.ttf' (155K)
[2017.09.21-16.01.24:821][  0]LogSlate: Took 0.000257 seconds to synchronously load lazily loaded font '../../../Engine/Content/Slate/Fonts/Roboto-Bold.ttf' (160K)
[2017.09.21-16.01.24:827][  0]LogSlate: Took 0.000297 seconds to synchronously load lazily loaded font '../../../Engine/Content/Editor/Slate/Fonts/FontAwesome.ttf' (139K)
[2017.09.21-16.01.24:951][  0]LogRenderer: Reallocating scene render targets to support 964x436 Format 10 NumSamples 1 (Frame:1).
[2017.09.21-16.01.25:127][  0]LogContentBrowser: Native class hierarchy updated for 'HierarchicalLODOutliner' in 0.0007 seconds. Added 1 classes and 2 folders.
[2017.09.21-16.01.25:127][  0]LogLoad: (Engine Initialization) Total time: 22.48 seconds
[2017.09.21-16.01.25:127][  0]LogLoad: (Engine Initialization) Total Blueprint compile time: 0.00 seconds
[2017.09.21-16.01.25:128][  0]LogExternalProfiler: Found external profiler: VSPerf
[2017.09.21-16.01.25:128][  0]LogExternalProfiler: Using external profiler: VSPerf
[2017.09.21-16.01.25:496][  0]LogContentStreaming: Texture pool size now 1000 MB
[2017.09.21-16.01.25:513][  0]LogSlate: Took 0.000219 seconds to synchronously load lazily loaded font '../../../Engine/Content/Slate/Fonts/Roboto-Light.ttf' (159K)
[2017.09.21-16.01.25:799][  1]LogFileCache: Retrieving MD5 hashes for directory 'D:/GameJam1_MakeHimFall/MakeHimFall/Content/' took 0.32s
[2017.09.21-16.01.25:806][  1]LogAssetRegistry: Asset discovery search completed in 15.5743 seconds
[2017.09.21-16.01.25:808][  1]LogCollectionManager: Rebuilt the object cache for 0 collections in 0.000000 seconds (found 0 objects)
[2017.09.21-16.01.25:808][  1]LogCollectionManager: Fixed up redirectors for 0 collections in 0.000039 seconds (updated 0 objects)
[2017.09.21-16.01.26:469][  3]LogSlate: Took 0.000301 seconds to synchronously load lazily loaded font '../../../Engine/Content/Slate/Fonts/Roboto-Light.ttf' (159K)
[2017.09.21-16.02.16:549][215]LogTemp: Repeating last play command: New Editor Window (PIE)
[2017.09.21-16.02.16:591][215]LogBlueprintUserMessages: Early PlayInEditor Detection: Level '/Game/Maps/LD_Slow_Him_Down.LD_Slow_Him_Down:PersistentLevel' has LevelScriptBlueprint '/Game/Maps/LD_Slow_Him_Down.LD_Slow_Him_Down:PersistentLevel.LD_Slow_Him_Down' with GeneratedClass '/Game/Maps/LD_Slow_Him_Down.LD_Slow_Him_Down_C' with ClassGeneratedBy '/Game/Maps/LD_Slow_Him_Down.LD_Slow_Him_Down:PersistentLevel.LD_Slow_Him_Down'
[2017.09.21-16.02.16:591][215]LogPlayLevel: PlayLevel: No blueprints needed recompiling
[2017.09.21-16.02.16:592][215]PIE: New page: PIE session: LD_Slow_Him_Down (Sep 21, 2017, 8:02:16 AM)
[2017.09.21-16.02.16:595][215]LogPlayLevel: Creating play world package: /Game/Maps/UEDPIE_1_LD_Slow_Him_Down
[2017.09.21-16.02.16:605][215]LogPlayLevel: PIE: StaticDuplicateObject took: (0.009497s)
[2017.09.21-16.02.16:605][215]LogAIModule: Creating AISystem for world LD_Slow_Him_Down
[2017.09.21-16.02.16:606][215]LogPlayLevel: PIE: World Init took: (0.000617s)
[2017.09.21-16.02.16:606][215]LogPlayLevel: PIE: Created PIE world by copying editor world from /Game/Maps/LD_Slow_Him_Down.LD_Slow_Him_Down to /Game/Maps/UEDPIE_1_LD_Slow_Him_Down.LD_Slow_Him_Down (0.010407s)
[2017.09.21-16.02.16:618][215]LogInit: XAudio2 using 'Speakers (Realtek High Definition Audio)' : 2 channels at 48 kHz using 32 bits per sample (channel mask 0x3)
[2017.09.21-16.02.16:631][215]LogInit: FAudioDevice initialized.
[2017.09.21-16.02.16:687][215]LogLoad: Game class is 'BP_GameModeMHF_C'
[2017.09.21-16.02.16:693][215]LogWorld: Bringing World /Game/Maps/UEDPIE_1_LD_Slow_Him_Down.LD_Slow_Him_Down up for play (max tick rate 60) at 2017.09.21-12.02.16
[2017.09.21-16.02.16:694][215]LogWorld: Bringing up level for play took: 0.005345
[2017.09.21-16.02.16:753][215]LogContentBrowser: Native class hierarchy updated for 'MovieSceneCapture' in 0.0007 seconds. Added 11 classes and 0 folders.
[2017.09.21-16.02.16:759][215]PIE: Play in editor start time for /Game/Maps/UEDPIE_1_LD_Slow_Him_Down 0.232
[2017.09.21-16.02.16:761][215]PIE: New page: PIE session: LD_Slow_Him_Down (Sep 21, 2017, 8:02:16 AM)
[2017.09.21-16.02.16:762][215]LogPlayLevel: Creating play world package: /Game/Maps/UEDPIE_2_LD_Slow_Him_Down
[2017.09.21-16.02.16:772][215]LogPlayLevel: PIE: StaticDuplicateObject took: (0.010108s)
[2017.09.21-16.02.16:773][215]LogAIModule: Creating AISystem for world LD_Slow_Him_Down
[2017.09.21-16.02.16:773][215]LogPlayLevel: PIE: World Init took: (0.000673s)
[2017.09.21-16.02.16:773][215]LogPlayLevel: PIE: Created PIE world by copying editor world from /Game/Maps/LD_Slow_Him_Down.LD_Slow_Him_Down to /Game/Maps/UEDPIE_2_LD_Slow_Him_Down.LD_Slow_Him_Down (0.011151s)
[2017.09.21-16.02.16:827][215]LogLoad: Game class is 'BP_GameModeMHF_C'
[2017.09.21-16.02.16:834][215]LogWorld: Bringing World /Game/Maps/UEDPIE_2_LD_Slow_Him_Down.LD_Slow_Him_Down up for play (max tick rate 60) at 2017.09.21-12.02.16
[2017.09.21-16.02.16:835][215]LogWorld: Bringing up level for play took: 0.006516
[2017.09.21-16.02.16:840][215]PIE: Play in editor start time for /Game/Maps/UEDPIE_2_LD_Slow_Him_Down 0.313
[2017.09.21-16.02.16:849][215]LogBlueprintUserMessages: Late PlayInEditor Detection: Level '/Game/Maps/LD_Slow_Him_Down.LD_Slow_Him_Down:PersistentLevel' has LevelScriptBlueprint '/Game/Maps/LD_Slow_Him_Down.LD_Slow_Him_Down:PersistentLevel.LD_Slow_Him_Down' with GeneratedClass '/Game/Maps/LD_Slow_Him_Down.LD_Slow_Him_Down_C' with ClassGeneratedBy '/Game/Maps/LD_Slow_Him_Down.LD_Slow_Him_Down:PersistentLevel.LD_Slow_Him_Down'
[2017.09.21-16.02.16:879][215]LogRenderer: Reallocating scene render targets to support 964x516 Format 10 NumSamples 1 (Frame:1).
[2017.09.21-16.02.18:660][319]LogNet: Browse: /Game/Maps/LD_Slow_Him_Down?listen
[2017.09.21-16.02.18:660][319]LogLoad: LoadMap: /Game/Maps/LD_Slow_Him_Down?listen
[2017.09.21-16.02.18:673][319]Cmd: MEM
[2017.09.21-16.02.18:683][319]LogMemory: Platform Memory Stats for Windows
[2017.09.21-16.02.18:683][319]LogMemory: Process Physical Memory: 1106.20 MB used, 1380.33 MB peak
[2017.09.21-16.02.18:683][319]LogMemory: Process Virtual Memory: 1559.66 MB used, 1561.67 MB peak
[2017.09.21-16.02.18:683][319]LogMemory: Physical Memory: 7897.93 MB used,  8369.07 MB free, 16267.00 MB total
[2017.09.21-16.02.18:683][319]LogMemory: Virtual Memory: 2455.05 MB used,  8369.07 MB free, 134217728.00 MB total
[2017.09.21-16.02.18:683][319]LogMemory: 
[2017.09.21-16.02.18:683][319]Allocator Stats for TBB: (not implemented)
[2017.09.21-16.02.18:683][319]LogPlayLevel: Creating play world package: /Game/Maps/UEDPIE_1_LD_Slow_Him_Down
[2017.09.21-16.02.18:692][319]LogPlayLevel: PIE: StaticDuplicateObject took: (0.008972s)
[2017.09.21-16.02.18:692][319]LogAIModule: Creating AISystem for world LD_Slow_Him_Down
[2017.09.21-16.02.18:692][319]LogPlayLevel: PIE: World Init took: (0.000649s)
[2017.09.21-16.02.18:693][319]LogPlayLevel: PIE: Created PIE world by copying editor world from /Game/Maps/LD_Slow_Him_Down.LD_Slow_Him_Down to /Game/Maps/UEDPIE_1_LD_Slow_Him_Down.LD_Slow_Him_Down (0.009938s)
[2017.09.21-16.02.18:693][319]LogLoad: Game class is 'BP_GameModeMHF_C'
[2017.09.21-16.02.18:693][319]LogTemp: Display: ParseSettings for GameNetDriver
[2017.09.21-16.02.18:693][319]LogTemp: Display: ParseSettings for IpNetDriver_0
[2017.09.21-16.02.18:693][319]LogTemp: Display: ParseSettings for GameNetDriver
[2017.09.21-16.02.18:693][319]LogInit: WinSock: Socket queue 131072 / 131072
[2017.09.21-16.02.18:698][319]LogInit: WinSock: I am jmax-pc (172.21.205.141:0)
[2017.09.21-16.02.18:698][319]PacketHandlerLog: Loaded PacketHandler component: Engine.EngineHandlerComponentFactory (StatelessConnectHandlerComponent)
[2017.09.21-16.02.18:698][319]LogNet: GameNetDriver IpNetDriver_0 IpNetDriver listening on port 7777
[2017.09.21-16.02.18:705][319]LogWorld: Bringing World /Game/Maps/UEDPIE_1_LD_Slow_Him_Down.LD_Slow_Him_Down up for play (max tick rate 60) at 2017.09.21-12.02.18
[2017.09.21-16.02.18:706][319]LogWorld: Bringing up level for play took: 0.006949
[2017.09.21-16.02.18:708][319]LogLoad: Took 0.048405 seconds to LoadMap(/Game/Maps/UEDPIE_1_LD_Slow_Him_Down)
[2017.09.21-16.02.19:653][374]LogNet: Browse: 127.0.0.1//Game/Maps/LD_Slow_Him_Down
[2017.09.21-16.02.19:653][374]LogTemp: Display: ParseSettings for GameNetDriver
[2017.09.21-16.02.19:653][374]LogTemp: Display: ParseSettings for IpNetDriver_1
[2017.09.21-16.02.19:653][374]LogTemp: Display: ParseSettings for PendingNetDriver
[2017.09.21-16.02.19:653][374]LogInit: WinSock: Socket queue 32768 / 32768
[2017.09.21-16.02.19:654][374]PacketHandlerLog: Loaded PacketHandler component: Engine.EngineHandlerComponentFactory (StatelessConnectHandlerComponent)
[2017.09.21-16.02.19:654][374]LogNet: Game client on port 7777, rate 10000
[2017.09.21-16.02.19:669][375]LogNet: NotifyAcceptingConnection accepted from: 127.0.0.1:64982
[2017.09.21-16.02.19:669][375]LogHandshake: SendConnectChallenge. Timestamp: 1.027061, Cookie: 187157165095047159087049074060111064216166165196198164120201
[2017.09.21-16.02.19:669][375]LogHandshake: SendChallengeResponse. Timestamp: 1.027061, Cookie: 187157165095047159087049074060111064216166165196198164120201
[2017.09.21-16.02.19:685][376]LogNet: NotifyAcceptingConnection accepted from: 127.0.0.1:64982
[2017.09.21-16.02.19:685][376]LogHandshake: SendChallengeAck. InCookie: 187157165095047159087049074060111064216166165196198164120201
[2017.09.21-16.02.19:685][376]LogNet: Server accepting post-challenge connection from: 127.0.0.1:64982
[2017.09.21-16.02.19:685][376]PacketHandlerLog: Loaded PacketHandler component: Engine.EngineHandlerComponentFactory (StatelessConnectHandlerComponent)
[2017.09.21-16.02.19:686][376]LogNet: NotifyAcceptedConnection: Name: LD_Slow_Him_Down, TimeStamp: 09/21/17 12:02:19, [UNetConnection] RemoteAddr: 127.0.0.1:64982, Name: IpConnection_1, Driver: GameNetDriver IpNetDriver_0, IsServer: YES, PC: NULL, Owner: NULL
[2017.09.21-16.02.19:686][376]LogNet: AddClientConnection: Added client connection: [UNetConnection] RemoteAddr: 127.0.0.1:64982, Name: IpConnection_1, Driver: GameNetDriver IpNetDriver_0, IsServer: YES, PC: NULL, Owner: NULL
[2017.09.21-16.02.19:686][376]LogNetVersion: MakeHimFall 1.0.0.0, NetCL: 3573198, EngineNetVer: 2, GameNetVer: 0 (Checksum: 1351580797)
[2017.09.21-16.02.19:686][376]LogNet: UPendingNetGame::SendInitialJoin: Sending hello. [UNetConnection] RemoteAddr: 127.0.0.1:7777, Name: IpConnection_0, Driver: PendingNetDriver IpNetDriver_1, IsServer: NO, PC: NULL, Owner: NULL
[2017.09.21-16.02.19:702][377]LogNet: NotifyAcceptingChannel Control 0 server World /Game/Maps/UEDPIE_1_LD_Slow_Him_Down.LD_Slow_Him_Down: Accepted
[2017.09.21-16.02.19:702][377]LogNet: Remote platform little endian=1
[2017.09.21-16.02.19:702][377]LogNet: This platform little endian=1
[2017.09.21-16.02.19:719][378]LogNet: Login request: /Game/Maps/LD_Slow_Him_Down userId: Invalid
[2017.09.21-16.02.19:719][378]LogNet: Welcomed by server (Level: /Game/Maps/UEDPIE_1_LD_Slow_Him_Down, Game: /Game/BP/BP_GameModeMHF.BP_GameModeMHF_C)
[2017.09.21-16.02.19:720][378]LogLoad: LoadMap: 127.0.0.1//Game/Maps/UEDPIE_1_LD_Slow_Him_Down?game=/Game/BP/BP_GameModeMHF.BP_GameModeMHF_C
[2017.09.21-16.02.19:733][378]Cmd: MEM
[2017.09.21-16.02.19:742][378]LogMemory: Platform Memory Stats for Windows
[2017.09.21-16.02.19:742][378]LogMemory: Process Physical Memory: 1129.05 MB used, 1380.33 MB peak
[2017.09.21-16.02.19:742][378]LogMemory: Process Virtual Memory: 1583.85 MB used, 1586.13 MB peak
[2017.09.21-16.02.19:742][378]LogMemory: Physical Memory: 7913.10 MB used,  8353.90 MB free, 16267.00 MB total
[2017.09.21-16.02.19:742][378]LogMemory: Virtual Memory: 2464.78 MB used,  8353.90 MB free, 134217728.00 MB total
[2017.09.21-16.02.19:742][378]LogMemory: 
[2017.09.21-16.02.19:742][378]Allocator Stats for TBB: (not implemented)
[2017.09.21-16.02.19:751][378]LogAIModule: Creating AISystem for world LD_Slow_Him_Down
[2017.09.21-16.02.19:752][378]LogTemp: Display: ParseSettings for GameNetDriver
[2017.09.21-16.02.19:772][378]LogWorld: Bringing World /Game/Maps/UEDPIE_2_LD_Slow_Him_Down.LD_Slow_Him_Down up for play (max tick rate 60) at 2017.09.21-12.02.19
[2017.09.21-16.02.19:773][378]LogWorld: Bringing up level for play took: 0.020272
[2017.09.21-16.02.19:773][378]LogLoad: Took 0.053190 seconds to LoadMap(/Game/Maps/UEDPIE_1_LD_Slow_Him_Down)
[2017.09.21-16.02.19:785][379]LogNet: Client netspeed is 10000
[2017.09.21-16.02.19:785][379]LogNet: Join request: /Game/Maps/LD_Slow_Him_Down?SplitscreenCount=1
[2017.09.21-16.02.19:786][379]LogNet: Join succeeded: 259
[2017.09.21-16.02.33:742][215]LogBlueprintUserMessages: Early EndPlayMap Detection: Level '/Game/Maps/LD_Slow_Him_Down.LD_Slow_Him_Down:PersistentLevel' has LevelScriptBlueprint '/Game/Maps/LD_Slow_Him_Down.LD_Slow_Him_Down:PersistentLevel.LD_Slow_Him_Down' with GeneratedClass '/Game/Maps/LD_Slow_Him_Down.LD_Slow_Him_Down_C' with ClassGeneratedBy '/Game/Maps/LD_Slow_Him_Down.LD_Slow_Him_Down:PersistentLevel.LD_Slow_Him_Down'
[2017.09.21-16.02.33:844][215]LogBlueprintUserMessages: Late EndPlayMap Detection: Level '/Game/Maps/LD_Slow_Him_Down.LD_Slow_Him_Down:PersistentLevel' has LevelScriptBlueprint '/Game/Maps/LD_Slow_Him_Down.LD_Slow_Him_Down:PersistentLevel.LD_Slow_Him_Down' with GeneratedClass '/Game/Maps/LD_Slow_Him_Down.LD_Slow_Him_Down_C' with ClassGeneratedBy '/Game/Maps/LD_Slow_Him_Down.LD_Slow_Him_Down:PersistentLevel.LD_Slow_Him_Down'
[2017.09.21-16.02.33:855][215]LogNet: UChannel::CleanUp: ChIndex == 0. Closing connection. [UChannel] ChIndex: 0, Closing: 0 [UNetConnection] RemoteAddr: 127.0.0.1:64982, Name: IpConnection_1, Driver: GameNetDriver IpNetDriver_0, IsServer: YES, PC: PlayerController_1, Owner: PlayerController_1
[2017.09.21-16.02.33:855][215]LogNet: UNetConnection::Close: [UNetConnection] RemoteAddr: 127.0.0.1:64982, Name: IpConnection_1, Driver: GameNetDriver IpNetDriver_0, IsServer: YES, PC: PlayerController_1, Owner: PlayerController_1, Channels: 3, Time: 2017.09.21-16.02.33
[2017.09.21-16.02.33:855][215]LogNet: UChannel::Close: Sending CloseBunch. ChIndex == 0. Name: [UChannel] ChIndex: 0, Closing: 0 [UNetConnection] RemoteAddr: 127.0.0.1:64982, Name: IpConnection_1, Driver: GameNetDriver IpNetDriver_0, IsServer: YES, PC: PlayerController_1, Owner: PlayerController_1
[2017.09.21-16.02.33:855][215]LogNet: UChannel::CleanUp: ChIndex == 0. Closing connection. [UChannel] ChIndex: 0, Closing: 0 [UNetConnection] RemoteAddr: 127.0.0.1:7777, Name: IpConnection_0, Driver: GameNetDriver IpNetDriver_1, IsServer: NO, PC: PlayerController_1, Owner: PlayerController_1
[2017.09.21-16.02.33:855][215]LogNet: UNetConnection::Close: [UNetConnection] RemoteAddr: 127.0.0.1:7777, Name: IpConnection_0, Driver: GameNetDriver IpNetDriver_1, IsServer: NO, PC: PlayerController_1, Owner: PlayerController_1, Channels: 3, Time: 2017.09.21-16.02.33
[2017.09.21-16.02.33:855][215]LogNet: UChannel::Close: Sending CloseBunch. ChIndex == 0. Name: [UChannel] ChIndex: 0, Closing: 0 [UNetConnection] RemoteAddr: 127.0.0.1:7777, Name: IpConnection_0, Driver: GameNetDriver IpNetDriver_1, IsServer: NO, PC: PlayerController_1, Owner: PlayerController_1
[2017.09.21-16.02.33:858][215]LogExit: GameNetDriver None shut down
[2017.09.21-16.02.33:858][215]LogExit: GameNetDriver None shut down
[2017.09.21-16.02.41:611][680]LogSlate: Took 0.000209 seconds to synchronously load lazily loaded font '../../../Engine/Content/Slate/Fonts/Roboto-Light.ttf' (159K)
[2017.09.21-16.02.41:983][680]LogContentBrowser: Native class hierarchy updated for 'BlueprintGraph' in 0.0010 seconds. Added 113 classes and 0 folders.
[2017.09.21-16.02.42:610][680]LogSlate: Took 0.000218 seconds to synchronously load lazily loaded font '../../../Engine/Content/Slate/Fonts/Roboto-Regular.ttf' (155K)
[2017.09.21-16.02.42:674][680]LogSlate: Took 0.000340 seconds to synchronously load lazily loaded font '../../../Engine/Content/Editor/Slate/Fonts/Roboto-BoldCondensed.ttf' (158K)
[2017.09.21-16.02.44:352][766]LogSlate: Took 0.000654 seconds to synchronously load lazily loaded font '../../../Engine/Content/Editor/Slate/Fonts/Roboto-Italic.ttf' (157K)
[2017.09.21-16.02.49:445][ 70]BlueprintLog: New page: Compile BP_Jumper
[2017.09.21-16.02.49:530][ 70]LogBlueprint: Warning: [Compiler BP_Jumper] InputAction Event references unknown Action 'Exit' for  InputAction Exit
[2017.09.21-16.02.49:798][ 70]LogBlueprint: Warning: [Compiler BP_Jumper] [0107.15] Compile of BP_Jumper successful, but with 1 Warning(s) [in 353 ms] (/Game/BP/Characters/BP_Jumper.BP_Jumper)
[2017.09.21-16.03.10:382][215]LogTemp: Executing iPhonePackager certificates Engine -bundlename com.YourCompany.MakeHimFall
[2017.09.21-16.03.10:382][215]LogTemp: CWD: C:\Program Files\Epic Games\UE_4.17\Engine\Binaries\DotNET\IOS
[2017.09.21-16.03.10:382][215]LogTemp: Initial Dir: C:\Program Files\Epic Games\UE_4.17
[2017.09.21-16.03.10:382][215]LogTemp: Env CWD: C:\Program Files\Epic Games\UE_4.17\Engine\Binaries\DotNET\IOS
[2017.09.21-16.03.10:382][215]LogTemp: BranchPath = JMAX-PC/C/Program Files/Epic Games/UE_4.17/Engine/Binaries --- GameBranchPath = JMAX-PC/C/Program Files/Epic Games/UE_4.17/Engine/Binaries
[2017.09.21-16.03.10:382][215]LogTemp: IPP ERROR: Could not find provision directory 'C:\Users\Jean-Maxime\AppData\Local/Apple Computer/MobileDevice/Provisioning Profiles/'.
[2017.09.21-16.06.39:870][712]Cmd: OBJ SAVEPACKAGE PACKAGE="/Game/BP/Characters/BP_Jumper" FILE="D:/GameJam1_MakeHimFall/MakeHimFall/Content/BP/Characters/BP_Jumper.uasset" SILENT=true
[2017.09.21-16.06.40:014][712]LogSavePackage: Save=123.47ms
[2017.09.21-16.06.40:014][712]LogSavePackage: Moving 'D:/GameJam1_MakeHimFall/MakeHimFall/Saved/BP_Jumper5529626E4982BF61639B35AC4E1D2510.tmp' to 'D:/GameJam1_MakeHimFall/MakeHimFall/Content/BP/Characters/BP_Jumper.uasset'
[2017.09.21-16.06.40:015][712]LogSavePackage: Display: Finished SavePackage D:/GameJam1_MakeHimFall/MakeHimFall/Content/BP/Characters/BP_Jumper.uasset
[2017.09.21-16.06.40:565][745]BlueprintLog: New page: Compile BP_Jumper
[2017.09.21-16.06.40:647][745]LogBlueprint: Warning: [Compiler BP_Jumper] Input Axis Event references unknown Axis 'MoveRight' for  InputAxis MoveRight
[2017.09.21-16.06.40:914][745]LogBlueprint: Warning: [Compiler BP_Jumper] [0338.26] Compile of BP_Jumper successful, but with 1 Warning(s) [in 348 ms] (/Game/BP/Characters/BP_Jumper.BP_Jumper)
[2017.09.21-16.07.14:293][688]LogEditorTransaction: Undo Create Pin Link
[2017.09.21-16.07.14:798][709]LogEditorTransaction: Undo Create Pin Link
[2017.09.21-16.07.15:315][731]LogEditorTransaction: Undo Move Node
[2017.09.21-16.07.15:801][751]LogEditorTransaction: Undo Delete current selection
[2017.09.21-16.07.53:305][969]BlueprintLog: New page: Compile BP_Jumper
[2017.09.21-16.07.54:463][  8]Cmd: OBJ SAVEPACKAGE PACKAGE="/Game/BP/Characters/BP_Jumper" FILE="D:/GameJam1_MakeHimFall/MakeHimFall/Content/BP/Characters/BP_Jumper.uasset" SILENT=true
[2017.09.21-16.07.54:608][  8]LogSavePackage: Save=126.78ms
[2017.09.21-16.07.54:608][  8]LogSavePackage: Moving 'D:/GameJam1_MakeHimFall/MakeHimFall/Saved/BP_Jumper3778654F489556113476D59892BE00C5.tmp' to 'D:/GameJam1_MakeHimFall/MakeHimFall/Content/BP/Characters/BP_Jumper.uasset'
[2017.09.21-16.07.54:610][  8]LogSavePackage: Display: Finished SavePackage D:/GameJam1_MakeHimFall/MakeHimFall/Content/BP/Characters/BP_Jumper.uasset
[2017.09.21-16.08.04:616][580]BlueprintLog: New page: Compile BP_TowerMaster
[2017.09.21-16.08.04:687][580]LogBlueprint: Warning: [Compiler BP_TowerMaster] Input Axis Event references unknown Axis 'MoveRight' for  InputAxis MoveRight
[2017.09.21-16.08.04:965][580]LogBlueprint: Warning: [Compiler BP_TowerMaster] [0422.31] Compile of BP_TowerMaster successful, but with 1 Warning(s) [in 347 ms] (/Game/BP/Characters/BP_TowerMaster.BP_TowerMaster)
[2017.09.21-16.08.24:268][694]BlueprintLog: New page: Compile BP_TowerMaster
[2017.09.21-16.08.25:655][755]Cmd: OBJ SAVEPACKAGE PACKAGE="/Game/BP/Characters/BP_TowerMaster" FILE="D:/GameJam1_MakeHimFall/MakeHimFall/Content/BP/Characters/BP_TowerMaster.uasset" SILENT=true
[2017.09.21-16.08.25:784][755]LogSavePackage: Save=110.35ms
[2017.09.21-16.08.25:784][755]LogSavePackage: Moving 'D:/GameJam1_MakeHimFall/MakeHimFall/Saved/BP_TowerMaster985B770C4572A89DD933AF95EC185C78.tmp' to 'D:/GameJam1_MakeHimFall/MakeHimFall/Content/BP/Characters/BP_TowerMaster.uasset'
[2017.09.21-16.08.25:786][755]LogSavePackage: Display: Finished SavePackage D:/GameJam1_MakeHimFall/MakeHimFall/Content/BP/Characters/BP_TowerMaster.uasset
[2017.09.21-16.08.26:552][801]LogTemp: Repeating last play command: New Editor Window (PIE)
[2017.09.21-16.08.26:579][801]LogBlueprintUserMessages: Early PlayInEditor Detection: Level '/Game/Maps/LD_Slow_Him_Down.LD_Slow_Him_Down:PersistentLevel' has LevelScriptBlueprint '/Game/Maps/LD_Slow_Him_Down.LD_Slow_Him_Down:PersistentLevel.LD_Slow_Him_Down' with GeneratedClass '/Game/Maps/LD_Slow_Him_Down.LD_Slow_Him_Down_C' with ClassGeneratedBy '/Game/Maps/LD_Slow_Him_Down.LD_Slow_Him_Down:PersistentLevel.LD_Slow_Him_Down'
[2017.09.21-16.08.26:579][801]LogPlayLevel: PlayLevel: No blueprints needed recompiling
[2017.09.21-16.08.26:580][801]PIE: New page: PIE session: LD_Slow_Him_Down (Sep 21, 2017, 8:08:26 AM)
[2017.09.21-16.08.26:581][801]LogPlayLevel: Creating play world package: /Game/Maps/UEDPIE_1_LD_Slow_Him_Down
[2017.09.21-16.08.26:590][801]LogPlayLevel: PIE: StaticDuplicateObject took: (0.009520s)
[2017.09.21-16.08.26:591][801]LogAIModule: Creating AISystem for world LD_Slow_Him_Down
[2017.09.21-16.08.26:591][801]LogPlayLevel: PIE: World Init took: (0.000645s)
[2017.09.21-16.08.26:591][801]LogPlayLevel: PIE: Created PIE world by copying editor world from /Game/Maps/LD_Slow_Him_Down.LD_Slow_Him_Down to /Game/Maps/UEDPIE_1_LD_Slow_Him_Down.LD_Slow_Him_Down (0.010435s)
[2017.09.21-16.08.26:611][801]LogInit: XAudio2 using 'Speakers (Realtek High Definition Audio)' : 2 channels at 48 kHz using 32 bits per sample (channel mask 0x3)
[2017.09.21-16.08.26:625][801]LogInit: FAudioDevice initialized.
[2017.09.21-16.08.26:674][801]LogLoad: Game class is 'BP_GameModeMHF_C'
[2017.09.21-16.08.26:679][801]LogWorld: Bringing World /Game/Maps/UEDPIE_1_LD_Slow_Him_Down.LD_Slow_Him_Down up for play (max tick rate 60) at 2017.09.21-12.08.26
[2017.09.21-16.08.26:680][801]LogWorld: Bringing up level for play took: 0.005092
[2017.09.21-16.08.26:691][801]PIE: Play in editor start time for /Game/Maps/UEDPIE_1_LD_Slow_Him_Down 0.163
[2017.09.21-16.08.26:693][801]PIE: New page: PIE session: LD_Slow_Him_Down (Sep 21, 2017, 8:08:26 AM)
[2017.09.21-16.08.26:694][801]LogPlayLevel: Creating play world package: /Game/Maps/UEDPIE_2_LD_Slow_Him_Down
[2017.09.21-16.08.26:704][801]LogPlayLevel: PIE: StaticDuplicateObject took: (0.009645s)
[2017.09.21-16.08.26:704][801]LogAIModule: Creating AISystem for world LD_Slow_Him_Down
[2017.09.21-16.08.26:704][801]LogPlayLevel: PIE: World Init took: (0.000676s)
[2017.09.21-16.08.26:705][801]LogPlayLevel: PIE: Created PIE world by copying editor world from /Game/Maps/LD_Slow_Him_Down.LD_Slow_Him_Down to /Game/Maps/UEDPIE_2_LD_Slow_Him_Down.LD_Slow_Him_Down (0.010645s)
[2017.09.21-16.08.26:783][801]LogLoad: Game class is 'BP_GameModeMHF_C'
[2017.09.21-16.08.26:789][801]LogWorld: Bringing World /Game/Maps/UEDPIE_2_LD_Slow_Him_Down.LD_Slow_Him_Down up for play (max tick rate 60) at 2017.09.21-12.08.26
[2017.09.21-16.08.26:790][801]LogWorld: Bringing up level for play took: 0.005981
[2017.09.21-16.08.26:800][801]PIE: Play in editor start time for /Game/Maps/UEDPIE_2_LD_Slow_Him_Down 0.273
[2017.09.21-16.08.26:817][801]LogBlueprintUserMessages: Late PlayInEditor Detection: Level '/Game/Maps/LD_Slow_Him_Down.LD_Slow_Him_Down:PersistentLevel' has LevelScriptBlueprint '/Game/Maps/LD_Slow_Him_Down.LD_Slow_Him_Down:PersistentLevel.LD_Slow_Him_Down' with GeneratedClass '/Game/Maps/LD_Slow_Him_Down.LD_Slow_Him_Down_C' with ClassGeneratedBy '/Game/Maps/LD_Slow_Him_Down.LD_Slow_Him_Down:PersistentLevel.LD_Slow_Him_Down'
[2017.09.21-16.08.30:010][983]LogNet: Browse: /Game/Maps/LD_Slow_Him_Down?listen
[2017.09.21-16.08.30:015][983]LogLoad: LoadMap: /Game/Maps/LD_Slow_Him_Down?listen
[2017.09.21-16.08.30:038][983]Cmd: MEM
[2017.09.21-16.08.30:056][983]LogMemory: Platform Memory Stats for Windows
[2017.09.21-16.08.30:056][983]LogMemory: Process Physical Memory: 1512.59 MB used, 1512.60 MB peak
[2017.09.21-16.08.30:056][983]LogMemory: Process Virtual Memory: 2097.59 MB used, 2104.11 MB peak
[2017.09.21-16.08.30:056][983]LogMemory: Physical Memory: 7870.13 MB used,  8396.87 MB free, 16267.00 MB total
[2017.09.21-16.08.30:056][983]LogMemory: Virtual Memory: 3046.44 MB used,  8396.87 MB free, 134217728.00 MB total
[2017.09.21-16.08.30:056][983]LogMemory: 
[2017.09.21-16.08.30:056][983]Allocator Stats for TBB: (not implemented)
[2017.09.21-16.08.30:056][983]LogPlayLevel: Creating play world package: /Game/Maps/UEDPIE_1_LD_Slow_Him_Down
[2017.09.21-16.08.30:065][983]LogPlayLevel: PIE: StaticDuplicateObject took: (0.008894s)
[2017.09.21-16.08.30:066][983]LogAIModule: Creating AISystem for world LD_Slow_Him_Down
[2017.09.21-16.08.30:066][983]LogPlayLevel: PIE: World Init took: (0.000622s)
[2017.09.21-16.08.30:066][983]LogPlayLevel: PIE: Created PIE world by copying editor world from /Game/Maps/LD_Slow_Him_Down.LD_Slow_Him_Down to /Game/Maps/UEDPIE_1_LD_Slow_Him_Down.LD_Slow_Him_Down (0.009794s)
[2017.09.21-16.08.30:066][983]LogLoad: Game class is 'BP_GameModeMHF_C'
[2017.09.21-16.08.30:066][983]LogTemp: Display: ParseSettings for GameNetDriver
[2017.09.21-16.08.30:066][983]LogTemp: Display: ParseSettings for IpNetDriver_2
[2017.09.21-16.08.30:066][983]LogTemp: Display: ParseSettings for GameNetDriver
[2017.09.21-16.08.30:067][983]LogInit: WinSock: Socket queue 131072 / 131072
[2017.09.21-16.08.30:067][983]PacketHandlerLog: Loaded PacketHandler component: Engine.EngineHandlerComponentFactory (StatelessConnectHandlerComponent)
[2017.09.21-16.08.30:067][983]LogNet: GameNetDriver IpNetDriver_2 IpNetDriver listening on port 7777
[2017.09.21-16.08.30:072][983]LogWorld: Bringing World /Game/Maps/UEDPIE_1_LD_Slow_Him_Down.LD_Slow_Him_Down up for play (max tick rate 60) at 2017.09.21-12.08.30
[2017.09.21-16.08.30:073][983]LogWorld: Bringing up level for play took: 0.005457
[2017.09.21-16.08.30:076][983]LogLoad: Took 0.061292 seconds to LoadMap(/Game/Maps/UEDPIE_1_LD_Slow_Him_Down)
[2017.09.21-16.08.31:284][ 53]LogNet: Browse: 127.0.0.1//Game/Maps/LD_Slow_Him_Down
[2017.09.21-16.08.31:285][ 53]LogTemp: Display: ParseSettings for GameNetDriver
[2017.09.21-16.08.31:285][ 53]LogTemp: Display: ParseSettings for IpNetDriver_3
[2017.09.21-16.08.31:285][ 53]LogTemp: Display: ParseSettings for PendingNetDriver
[2017.09.21-16.08.31:285][ 53]LogInit: WinSock: Socket queue 32768 / 32768
[2017.09.21-16.08.31:285][ 53]PacketHandlerLog: Loaded PacketHandler component: Engine.EngineHandlerComponentFactory (StatelessConnectHandlerComponent)
[2017.09.21-16.08.31:285][ 53]LogNet: Game client on port 7777, rate 10000
[2017.09.21-16.08.31:301][ 54]LogNet: NotifyAcceptingConnection accepted from: 127.0.0.1:52877
[2017.09.21-16.08.31:301][ 54]LogHandshake: SendConnectChallenge. Timestamp: 1.309156, Cookie: 138009073000100096054014011198224227096150080034150145104193
[2017.09.21-16.08.31:302][ 54]LogHandshake: SendChallengeResponse. Timestamp: 1.309156, Cookie: 138009073000100096054014011198224227096150080034150145104193
[2017.09.21-16.08.31:318][ 55]LogNet: NotifyAcceptingConnection accepted from: 127.0.0.1:52877
[2017.09.21-16.08.31:318][ 55]LogHandshake: SendChallengeAck. InCookie: 138009073000100096054014011198224227096150080034150145104193
[2017.09.21-16.08.31:318][ 55]LogNet: Server accepting post-challenge connection from: 127.0.0.1:52877
[2017.09.21-16.08.31:318][ 55]PacketHandlerLog: Loaded PacketHandler component: Engine.EngineHandlerComponentFactory (StatelessConnectHandlerComponent)
[2017.09.21-16.08.31:318][ 55]LogNet: NotifyAcceptedConnection: Name: LD_Slow_Him_Down, TimeStamp: 09/21/17 12:08:31, [UNetConnection] RemoteAddr: 127.0.0.1:52877, Name: IpConnection_3, Driver: GameNetDriver IpNetDriver_2, IsServer: YES, PC: NULL, Owner: NULL
[2017.09.21-16.08.31:318][ 55]LogNet: AddClientConnection: Added client connection: [UNetConnection] RemoteAddr: 127.0.0.1:52877, Name: IpConnection_3, Driver: GameNetDriver IpNetDriver_2, IsServer: YES, PC: NULL, Owner: NULL
[2017.09.21-16.08.31:319][ 55]LogNet: UPendingNetGame::SendInitialJoin: Sending hello. [UNetConnection] RemoteAddr: 127.0.0.1:7777, Name: IpConnection_2, Driver: PendingNetDriver IpNetDriver_3, IsServer: NO, PC: NULL, Owner: NULL
[2017.09.21-16.08.31:335][ 56]LogNet: NotifyAcceptingChannel Control 0 server World /Game/Maps/UEDPIE_1_LD_Slow_Him_Down.LD_Slow_Him_Down: Accepted
[2017.09.21-16.08.31:335][ 56]LogNet: Remote platform little endian=1
[2017.09.21-16.08.31:335][ 56]LogNet: This platform little endian=1
[2017.09.21-16.08.31:352][ 57]LogNet: Login request: /Game/Maps/LD_Slow_Him_Down userId: Invalid
[2017.09.21-16.08.31:352][ 57]LogNet: Welcomed by server (Level: /Game/Maps/UEDPIE_1_LD_Slow_Him_Down, Game: /Game/BP/BP_GameModeMHF.BP_GameModeMHF_C)
[2017.09.21-16.08.31:358][ 57]LogLoad: LoadMap: 127.0.0.1//Game/Maps/UEDPIE_1_LD_Slow_Him_Down?game=/Game/BP/BP_GameModeMHF.BP_GameModeMHF_C
[2017.09.21-16.08.31:382][ 57]Cmd: MEM
[2017.09.21-16.08.31:398][ 57]LogMemory: Platform Memory Stats for Windows
[2017.09.21-16.08.31:398][ 57]LogMemory: Process Physical Memory: 1546.16 MB used, 1546.48 MB peak
[2017.09.21-16.08.31:398][ 57]LogMemory: Process Virtual Memory: 2148.02 MB used, 2153.70 MB peak
[2017.09.21-16.08.31:398][ 57]LogMemory: Physical Memory: 7900.25 MB used,  8366.75 MB free, 16267.00 MB total
[2017.09.21-16.08.31:398][ 57]LogMemory: Virtual Memory: 3102.44 MB used,  8366.75 MB free, 134217728.00 MB total
[2017.09.21-16.08.31:398][ 57]LogMemory: 
[2017.09.21-16.08.31:398][ 57]Allocator Stats for TBB: (not implemented)
[2017.09.21-16.08.31:408][ 57]LogAIModule: Creating AISystem for world LD_Slow_Him_Down
[2017.09.21-16.08.31:408][ 57]LogTemp: Display: ParseSettings for GameNetDriver
[2017.09.21-16.08.31:429][ 57]LogWorld: Bringing World /Game/Maps/UEDPIE_2_LD_Slow_Him_Down.LD_Slow_Him_Down up for play (max tick rate 60) at 2017.09.21-12.08.31
[2017.09.21-16.08.31:429][ 57]LogWorld: Bringing up level for play took: 0.020327
[2017.09.21-16.08.31:429][ 57]LogLoad: Took 0.071997 seconds to LoadMap(/Game/Maps/UEDPIE_1_LD_Slow_Him_Down)
[2017.09.21-16.08.31:449][ 58]LogNet: Client netspeed is 10000
[2017.09.21-16.08.31:449][ 58]LogNet: Join request: /Game/Maps/LD_Slow_Him_Down?SplitscreenCount=1
[2017.09.21-16.08.31:450][ 58]LogNet: Join succeeded: 263
[2017.09.21-16.08.45:998][890]LogBlueprintUserMessages: Early EndPlayMap Detection: Level '/Game/Maps/LD_Slow_Him_Down.LD_Slow_Him_Down:PersistentLevel' has LevelScriptBlueprint '/Game/Maps/LD_Slow_Him_Down.LD_Slow_Him_Down:PersistentLevel.LD_Slow_Him_Down' with GeneratedClass '/Game/Maps/LD_Slow_Him_Down.LD_Slow_Him_Down_C' with ClassGeneratedBy '/Game/Maps/LD_Slow_Him_Down.LD_Slow_Him_Down:PersistentLevel.LD_Slow_Him_Down'
[2017.09.21-16.08.46:102][890]LogBlueprintUserMessages: Late EndPlayMap Detection: Level '/Game/Maps/LD_Slow_Him_Down.LD_Slow_Him_Down:PersistentLevel' has LevelScriptBlueprint '/Game/Maps/LD_Slow_Him_Down.LD_Slow_Him_Down:PersistentLevel.LD_Slow_Him_Down' with GeneratedClass '/Game/Maps/LD_Slow_Him_Down.LD_Slow_Him_Down_C' with ClassGeneratedBy '/Game/Maps/LD_Slow_Him_Down.LD_Slow_Him_Down:PersistentLevel.LD_Slow_Him_Down'
[2017.09.21-16.08.46:122][890]LogNet: UChannel::CleanUp: ChIndex == 0. Closing connection. [UChannel] ChIndex: 0, Closing: 0 [UNetConnection] RemoteAddr: 127.0.0.1:52877, Name: IpConnection_3, Driver: GameNetDriver IpNetDriver_2, IsServer: YES, PC: None, Owner: None
[2017.09.21-16.08.46:122][890]LogNet: UNetConnection::Close: [UNetConnection] RemoteAddr: 127.0.0.1:52877, Name: IpConnection_3, Driver: GameNetDriver IpNetDriver_2, IsServer: YES, PC: None, Owner: None, Channels: 2, Time: 2017.09.21-16.08.46
[2017.09.21-16.08.46:122][890]LogNet: UChannel::Close: Sending CloseBunch. ChIndex == 0. Name: [UChannel] ChIndex: 0, Closing: 0 [UNetConnection] RemoteAddr: 127.0.0.1:52877, Name: IpConnection_3, Driver: GameNetDriver IpNetDriver_2, IsServer: YES, PC: None, Owner: None
[2017.09.21-16.08.46:122][890]LogNet: UChannel::CleanUp: ChIndex == 0. Closing connection. [UChannel] ChIndex: 0, Closing: 0 [UNetConnection] RemoteAddr: 127.0.0.1:7777, Name: IpConnection_2, Driver: GameNetDriver IpNetDriver_3, IsServer: NO, PC: None, Owner: None
[2017.09.21-16.08.46:122][890]LogNet: UNetConnection::Close: [UNetConnection] RemoteAddr: 127.0.0.1:7777, Name: IpConnection_2, Driver: GameNetDriver IpNetDriver_3, IsServer: NO, PC: None, Owner: None, Channels: 2, Time: 2017.09.21-16.08.46
[2017.09.21-16.08.46:122][890]LogNet: UChannel::Close: Sending CloseBunch. ChIndex == 0. Name: [UChannel] ChIndex: 0, Closing: 0 [UNetConnection] RemoteAddr: 127.0.0.1:7777, Name: IpConnection_2, Driver: GameNetDriver IpNetDriver_3, IsServer: NO, PC: None, Owner: None
[2017.09.21-16.08.46:125][890]LogExit: GameNetDriver None shut down
[2017.09.21-16.08.46:125][890]LogExit: GameNetDriver None shut down
[2017.09.21-16.08.47:722][979]LogActorComponent: UnregisterComponent: (/Engine/Transient.EditorFloorComp) Not registered. Aborting.
[2017.09.21-16.08.51:329][ 13]Cmd: OBJ SAVEPACKAGE PACKAGE="/Game/Maps/LD_Slow_Him_Down" FILE="D:/GameJam1_MakeHimFall/MakeHimFall/Content/Maps/LD_Slow_Him_Down.umap" SILENT=true AUTOSAVING=false KEEPDIRTY=false
[2017.09.21-16.08.51:616][ 13]LogSavePackage: Save=252.93ms
[2017.09.21-16.08.51:616][ 13]LogSavePackage: Moving 'D:/GameJam1_MakeHimFall/MakeHimFall/Saved/LD_Slow_Him_DownEE873FFF4CC55530BD7EAE84B8FFF054.tmp' to 'D:/GameJam1_MakeHimFall/MakeHimFall/Content/Maps/LD_Slow_Him_Down.umap'
[2017.09.21-16.08.51:618][ 13]LogSavePackage: Display: Finished SavePackage D:/GameJam1_MakeHimFall/MakeHimFall/Content/Maps/LD_Slow_Him_Down.umap
[2017.09.21-16.08.51:653][ 13]LogFileHelpers: Saving map 'LD_Slow_Him_Down' took 0.453
[2017.09.21-16.08.51:751][ 13]LogWindowsTextInputMethodSystem: Display: IME system now deactivated.
[2017.09.21-16.08.51:914][ 14]Cmd: QUIT_EDITOR
[2017.09.21-16.08.52:833][ 14]LogExit: Preparing to exit.
[2017.09.21-16.08.53:560][ 14]LogExit: Editor shut down
[2017.09.21-16.08.53:564][ 14]LogExit: Transaction tracking system shut down
[2017.09.21-16.08.53:737][ 14]LogDirectoryWatcher: A directory notification for '../../../Engine/Content/' was aborted.
[2017.09.21-16.08.53:737][ 14]LogDirectoryWatcher: A directory notification for 'D:/GameJam1_MakeHimFall/MakeHimFall/Content/' was aborted.
[2017.09.21-16.08.53:737][ 14]LogDirectoryWatcher: A directory notification for '../../../Engine/Plugins/2D/Paper2D/Content/' was aborted.
[2017.09.21-16.08.53:737][ 14]LogDirectoryWatcher: A directory notification for '../../../Engine/Plugins/Runtime/Oculus/OculusVR/Content/' was aborted.
[2017.09.21-16.08.53:737][ 14]LogDirectoryWatcher: A directory notification for '../../../Engine/Plugins/Runtime/Steam/SteamVR/Content/' was aborted.
[2017.09.21-16.08.53:812][ 14]LogExit: Object subsystem successfully closed.
[2017.09.21-16.08.53:826][ 14]LogD3D11RHI: Shutdown
[2017.09.21-16.08.53:826][ 14]LogD3D11RHI: CleanupD3DDevice
[2017.09.21-16.08.53:891][ 14]LogD3D11RHI: ~FD3D11DynamicRHI
[2017.09.21-16.08.53:927][ 14]LogModuleManager: Shutting down and abandoning module ExternalImagePicker (540)
[2017.09.21-16.08.53:927][ 14]LogModuleManager: Shutting down and abandoning module BlueprintGraph (538)
[2017.09.21-16.08.53:927][ 14]LogModuleManager: Shutting down and abandoning module BlueprintProfiler (536)
[2017.09.21-16.08.53:927][ 14]LogModuleManager: Shutting down and abandoning module MovieSceneCapture (532)
[2017.09.21-16.08.53:927][ 14]LogModuleManager: Shutting down and abandoning module HierarchicalLODOutliner (530)
[2017.09.21-16.08.53:927][ 14]LogModuleManager: Shutting down and abandoning module SceneOutliner (528)
[2017.09.21-16.08.53:927][ 14]LogModuleManager: Shutting down and abandoning module AddContentDialog (526)
[2017.09.21-16.08.53:927][ 14]LogDirectoryWatcher: A directory notification for 'C:/Program Files/Epic Games/UE_4.17/FeaturePacks/' was aborted.
[2017.09.21-16.08.53:928][ 14]LogModuleManager: Shutting down and abandoning module WidgetCarousel (525)
[2017.09.21-16.08.53:928][ 14]LogModuleManager: Shutting down and abandoning module EditorWidgets (522)
[2017.09.21-16.08.53:928][ 14]LogModuleManager: Shutting down and abandoning module CollectionManager (520)
[2017.09.21-16.08.53:928][ 14]LogDirectoryWatcher: A directory notification for 'D:/GameJam1_MakeHimFall/MakeHimFall/Content/Collections/' was aborted.
[2017.09.21-16.08.53:928][ 14]LogDirectoryWatcher: A directory notification for 'D:/GameJam1_MakeHimFall/MakeHimFall/Content/Developers/JeanMaxime/Collections/' was aborted.
[2017.09.21-16.08.53:928][ 14]LogDirectoryWatcher: A directory notification for 'D:/GameJam1_MakeHimFall/MakeHimFall/Saved/Collections/' was aborted.
[2017.09.21-16.08.53:929][ 14]LogModuleManager: Shutting down and abandoning module StatsViewer (518)
[2017.09.21-16.08.53:929][ 14]LogModuleManager: Shutting down and abandoning module FoliageEdit (516)
[2017.09.21-16.08.53:929][ 14]LogModuleManager: Shutting down and abandoning module LandscapeEditor (514)
[2017.09.21-16.08.53:929][ 14]LogModuleManager: Shutting down and abandoning module MeshPaintMode (512)
[2017.09.21-16.08.53:929][ 14]LogModuleManager: Shutting down and abandoning module SceneDepthPickerMode (510)
[2017.09.21-16.08.53:929][ 14]LogModuleManager: Shutting down and abandoning module ActorPickerMode (508)
[2017.09.21-16.08.53:929][ 14]LogModuleManager: Shutting down and abandoning module GeometryMode (506)
[2017.09.21-16.08.53:929][ 14]LogModuleManager: Shutting down and abandoning module TextureAlignMode (504)
[2017.09.21-16.08.53:929][ 14]LogModuleManager: Shutting down and abandoning module BspMode (502)
[2017.09.21-16.08.53:929][ 14]LogModuleManager: Shutting down and abandoning module PIEPreviewDeviceProfileSelector (500)
[2017.09.21-16.08.53:929][ 14]LogModuleManager: Shutting down and abandoning module HardwareSurvey (498)
[2017.09.21-16.08.53:929][ 14]LogModuleManager: Shutting down and abandoning module SequenceRecorderSections (496)
[2017.09.21-16.08.53:929][ 14]LogModuleManager: Shutting down and abandoning module AutomationWorker (494)
[2017.09.21-16.08.53:929][ 14]LogModuleManager: Shutting down and abandoning module MatineeToLevelSequence (492)
[2017.09.21-16.08.53:929][ 14]LogModuleManager: Shutting down and abandoning module LevelSequenceEditor (490)
[2017.09.21-16.08.53:929][ 14]LogModuleManager: Shutting down and abandoning module PlacementMode (489)
[2017.09.21-16.08.53:929][ 14]LogModuleManager: Shutting down and abandoning module WmfMediaFactory (486)
[2017.09.21-16.08.53:929][ 14]LogModuleManager: Shutting down and abandoning module WmfMediaEditor (484)
[2017.09.21-16.08.53:929][ 14]LogModuleManager: Shutting down and abandoning module AvfMediaFactory (482)
[2017.09.21-16.08.53:929][ 14]LogModuleManager: Shutting down and abandoning module AvfMediaEditor (480)
[2017.09.21-16.08.53:929][ 14]LogModuleManager: Shutting down and abandoning module AndroidMediaFactory (478)
[2017.09.21-16.08.53:929][ 14]LogModuleManager: Shutting down and abandoning module Media (477)
[2017.09.21-16.08.53:929][ 14]LogModuleManager: Shutting down and abandoning module AndroidMediaEditor (474)
[2017.09.21-16.08.53:929][ 14]LogModuleManager: Shutting down and abandoning module CharacterAI (472)
[2017.09.21-16.08.53:929][ 14]LogModuleManager: Shutting down and abandoning module AudioCapture (470)
[2017.09.21-16.08.53:929][ 14]LogModuleManager: Shutting down and abandoning module SequenceRecorder (469)
[2017.09.21-16.08.53:929][ 14]LogModuleManager: Shutting down and abandoning module SmartSnapping (466)
[2017.09.21-16.08.53:929][ 14]LogModuleManager: Shutting down and abandoning module SessionServices (464)
[2017.09.21-16.08.53:929][ 14]LogModuleManager: Shutting down and abandoning module ViewportSnapping (462)
[2017.09.21-16.08.53:929][ 14]LogModuleManager: Shutting down and abandoning module ViewportInteraction (460)
[2017.09.21-16.08.53:929][ 14]LogModuleManager: Shutting down and abandoning module ClothPainter (458)
[2017.09.21-16.08.53:929][ 14]LogModuleManager: Shutting down and abandoning module LogVisualizer (456)
[2017.09.21-16.08.53:929][ 14]LogModuleManager: Shutting down and abandoning module IntroTutorials (454)
[2017.09.21-16.08.53:929][ 14]LogModuleManager: Shutting down and abandoning module GameProjectGeneration (453)
[2017.09.21-16.08.53:929][ 14]LogModuleManager: Shutting down and abandoning module IOSPlatformEditor (450)
[2017.09.21-16.08.53:929][ 14]LogModuleManager: Shutting down and abandoning module HTML5PlatformEditor (448)
[2017.09.21-16.08.53:929][ 14]LogModuleManager: Shutting down and abandoning module AndroidPlatformEditor (446)
[2017.09.21-16.08.53:930][ 14]LogModuleManager: Shutting down and abandoning module AndroidDeviceDetection (445)
[2017.09.21-16.08.54:486][ 14]LogModuleManager: Shutting down and abandoning module WindowsPlatformEditor (442)
[2017.09.21-16.08.54:486][ 14]LogModuleManager: Shutting down and abandoning module IOSRuntimeSettings (440)
[2017.09.21-16.08.54:486][ 14]LogModuleManager: Shutting down and abandoning module AndroidRuntimeSettings (438)
[2017.09.21-16.08.54:486][ 14]LogModuleManager: Shutting down and abandoning module InputBindingEditor (436)
[2017.09.21-16.08.54:486][ 14]LogModuleManager: Shutting down and abandoning module MergeActors (434)
[2017.09.21-16.08.54:486][ 14]LogModuleManager: Shutting down and abandoning module SizeMap (432)
[2017.09.21-16.08.54:486][ 14]LogModuleManager: Shutting down and abandoning module TreeMap (430)
[2017.09.21-16.08.54:486][ 14]LogModuleManager: Shutting down and abandoning module ReferenceViewer (428)
[2017.09.21-16.08.54:486][ 14]LogModuleManager: Shutting down and abandoning module LocalizationDashboard (426)
[2017.09.21-16.08.54:486][ 14]LogModuleManager: Shutting down and abandoning module LocalizationService (425)
[2017.09.21-16.08.54:486][ 14]LogModuleManager: Shutting down and abandoning module HardwareTargeting (422)
[2017.09.21-16.08.54:486][ 14]LogModuleManager: Shutting down and abandoning module DeviceProfileEditor (420)
[2017.09.21-16.08.54:486][ 14]LogModuleManager: Shutting down and abandoning module UndoHistory (418)
[2017.09.21-16.08.54:487][ 14]LogModuleManager: Shutting down and abandoning module XmlParser (416)
[2017.09.21-16.08.54:487][ 14]LogModuleManager: Shutting down and abandoning module Blutility (414)
[2017.09.21-16.08.54:487][ 14]LogModuleManager: Shutting down and abandoning module ProjectSettingsViewer (412)
[2017.09.21-16.08.54:487][ 14]LogModuleManager: Shutting down and abandoning module ProjectTargetPlatformEditor (411)
[2017.09.21-16.08.54:487][ 14]LogModuleManager: Shutting down and abandoning module EditorSettingsViewer (408)
[2017.09.21-16.08.54:487][ 14]LogModuleManager: Shutting down and abandoning module SettingsEditor (406)
[2017.09.21-16.08.54:487][ 14]LogModuleManager: Shutting down and abandoning module ProjectLauncher (404)
[2017.09.21-16.08.54:487][ 14]LogModuleManager: Shutting down and abandoning module SessionFrontend (402)
[2017.09.21-16.08.54:487][ 14]LogModuleManager: Shutting down and abandoning module ProfilerClient (400)
[2017.09.21-16.08.54:487][ 14]LogModuleManager: Shutting down and abandoning module DeviceManager (398)
[2017.09.21-16.08.54:487][ 14]LogModuleManager: Shutting down and abandoning module TargetDeviceServices (397)
[2017.09.21-16.08.54:550][ 14]LogModuleManager: Shutting down and abandoning module AutomationController (394)
[2017.09.21-16.08.54:550][ 14]LogModuleManager: Shutting down and abandoning module AutomationWindow (392)
[2017.09.21-16.08.54:550][ 14]LogModuleManager: Shutting down and abandoning module Layers (390)
[2017.09.21-16.08.54:550][ 14]LogModuleManager: Shutting down and abandoning module ComponentVisualizers (388)
[2017.09.21-16.08.54:550][ 14]LogModuleManager: Shutting down and abandoning module DetailCustomizations (386)
[2017.09.21-16.08.54:550][ 14]LogModuleManager: Shutting down and abandoning module PackagesDialog (384)
[2017.09.21-16.08.54:550][ 14]LogModuleManager: Shutting down and abandoning module Persona (382)
[2017.09.21-16.08.54:550][ 14]LogModuleManager: Shutting down and abandoning module AdvancedPreviewScene (381)
[2017.09.21-16.08.54:550][ 14]LogModuleManager: Shutting down and abandoning module AnimGraph (379)
[2017.09.21-16.08.54:550][ 14]LogModuleManager: Shutting down and abandoning module Kismet (376)
[2017.09.21-16.08.54:557][ 14]LogModuleManager: Shutting down and abandoning module ClassViewer (374)
[2017.09.21-16.08.54:557][ 14]LogModuleManager: Shutting down and abandoning module Toolbox (372)
[2017.09.21-16.08.54:557][ 14]LogModuleManager: Shutting down and abandoning module ModuleUI (370)
[2017.09.21-16.08.54:557][ 14]LogModuleManager: Shutting down and abandoning module MovieSceneTools (368)
[2017.09.21-16.08.54:557][ 14]LogModuleManager: Shutting down and abandoning module OutputLog (366)
[2017.09.21-16.08.54:557][ 14]LogModuleManager: Shutting down and abandoning module GammaUI (364)
[2017.09.21-16.08.54:557][ 14]LogModuleManager: Shutting down and abandoning module Documentation (362)
[2017.09.21-16.08.54:557][ 14]LogModuleManager: Shutting down and abandoning module MovieSceneTracks (360)
[2017.09.21-16.08.54:557][ 14]LogModuleManager: Shutting down and abandoning module MovieScene (358)
[2017.09.21-16.08.54:557][ 14]LogModuleManager: Shutting down and abandoning module Niagara (356)
[2017.09.21-16.08.54:558][ 14]LogModuleManager: Shutting down and abandoning module NiagaraEditor (355)
[2017.09.21-16.08.54:558][ 14]LogModuleManager: Shutting down and abandoning module StreamingPauseRendering (352)
[2017.09.21-16.08.54:558][ 14]LogModuleManager: Shutting down and abandoning module LauncherPlatform (350)
[2017.09.21-16.08.54:558][ 14]LogModuleManager: Shutting down and abandoning module AnalyticsET (348)
[2017.09.21-16.08.54:558][ 14]LogModuleManager: Shutting down and abandoning module PortalServices (346)
[2017.09.21-16.08.54:558][ 14]LogModuleManager: Shutting down and abandoning module PortalRpc (344)
[2017.09.21-16.08.54:558][ 14]LogModuleManager: Shutting down and abandoning module MessagingRpc (342)
[2017.09.21-16.08.54:558][ 14]LogModuleManager: Shutting down and abandoning module AIModule (340)
[2017.09.21-16.08.54:558][ 14]LogModuleManager: Shutting down and abandoning module GameplayDebugger (339)
[2017.09.21-16.08.54:558][ 14]LogModuleManager: Shutting down and abandoning module AITestSuite (337)
[2017.09.21-16.08.54:558][ 14]LogModuleManager: Shutting down and abandoning module ProfilerService (334)
[2017.09.21-16.08.54:669][ 14]LogModuleManager: Shutting down and abandoning module TaskGraph (332)
[2017.09.21-16.08.54:669][ 14]LogModuleManager: Shutting down and abandoning module SteamVRController (330)
[2017.09.21-16.08.54:669][ 14]LogModuleManager: Shutting down and abandoning module ProceduralMeshComponentEditor (328)
[2017.09.21-16.08.54:669][ 14]LogModuleManager: Shutting down and abandoning module ProceduralMeshComponent (326)
[2017.09.21-16.08.54:669][ 14]LogModuleManager: Shutting down and abandoning module OculusInput (324)
[2017.09.21-16.08.54:669][ 14]LogModuleManager: Shutting down and abandoning module MobilePatchingUtils (322)
[2017.09.21-16.08.54:669][ 14]LogModuleManager: Shutting down and abandoning module CustomMeshComponent (320)
[2017.09.21-16.08.54:669][ 14]LogModuleManager: Shutting down and abandoning module CableComponent (318)
[2017.09.21-16.08.54:669][ 14]LogModuleManager: Shutting down and abandoning module ArchVisCharacter (316)
[2017.09.21-16.08.54:669][ 14]LogModuleManager: Shutting down and abandoning module AndroidPermission (314)
[2017.09.21-16.08.54:669][ 14]LogModuleManager: Shutting down and abandoning module MediaPlayerEditor (310)
[2017.09.21-16.08.54:669][ 14]LogModuleManager: Shutting down and abandoning module HTML5Networking (308)
[2017.09.21-16.08.54:669][ 14]LogModuleManager: Shutting down and abandoning module AlembicImporter (306)
[2017.09.21-16.08.54:669][ 14]LogModuleManager: Shutting down and abandoning module AlembicLibrary (305)
[2017.09.21-16.08.54:669][ 14]LogModuleManager: Shutting down and abandoning module GeometryCache (304)
[2017.09.21-16.08.54:669][ 14]LogModuleManager: Shutting down and abandoning module GeometryCacheEd (303)
[2017.09.21-16.08.54:669][ 14]LogModuleManager: Shutting down and abandoning module SpeedTreeImporter (298)
[2017.09.21-16.08.54:669][ 14]LogModuleManager: Shutting down and abandoning module PluginBrowser (296)
[2017.09.21-16.08.54:669][ 14]LogModuleManager: Shutting down and abandoning module MobileLauncherProfileWizard (294)
[2017.09.21-16.08.54:669][ 14]LogModuleManager: Shutting down and abandoning module VisualStudioSourceCodeAccess (292)
[2017.09.21-16.08.54:669][ 14]LogModuleManager: Shutting down and abandoning module DesktopPlatform (291)
[2017.09.21-16.08.54:669][ 14]LogModuleManager: Shutting down and abandoning module UObjectPlugin (288)
[2017.09.21-16.08.54:669][ 14]LogModuleManager: Shutting down and abandoning module SubversionSourceControl (286)
[2017.09.21-16.08.54:669][ 14]LogModuleManager: Shutting down and abandoning module PerforceSourceControl (284)
[2017.09.21-16.08.54:669][ 14]LogModuleManager: Shutting down and abandoning module GitSourceControl (282)
[2017.09.21-16.08.54:669][ 14]LogModuleManager: Shutting down and abandoning module SourceControl (281)
[2017.09.21-16.08.54:669][ 14]LogModuleManager: Shutting down and abandoning module LightPropagationVolumeEditor (278)
[2017.09.21-16.08.54:669][ 14]LogModuleManager: Shutting down and abandoning module PaperTiledImporter (276)
[2017.09.21-16.08.54:669][ 14]LogModuleManager: Shutting down and abandoning module PaperSpriteSheetImporter (274)
[2017.09.21-16.08.54:669][ 14]LogModuleManager: Shutting down and abandoning module Paper2DEditor (272)
[2017.09.21-16.08.54:669][ 14]LogModuleManager: Shutting down and abandoning module MeshPaint (271)
[2017.09.21-16.08.54:669][ 14]LogModuleManager: Shutting down and abandoning module LevelEditor (269)
[2017.09.21-16.08.54:670][ 14]LogModuleManager: Shutting down and abandoning module PixelInspectorModule (268)
[2017.09.21-16.08.54:670][ 14]LogModuleManager: Shutting down and abandoning module MainFrame (266)
[2017.09.21-16.08.54:670][ 14]LogModuleManager: Shutting down and abandoning module HotReload (265)
[2017.09.21-16.08.54:671][ 14]LogModuleManager: Shutting down and abandoning module RuntimePhysXCooking (260)
[2017.09.21-16.08.54:671][ 14]LogModuleManager: Shutting down and abandoning module PhysXVehiclesEditor (258)
[2017.09.21-16.08.54:671][ 14]LogModuleManager: Shutting down and abandoning module PhysXVehicles (256)
[2017.09.21-16.08.54:671][ 14]LogModuleManager: Shutting down and abandoning module OculusEditor (254)
[2017.09.21-16.08.54:671][ 14]LogModuleManager: Shutting down and abandoning module LocationServicesBPLibrary (252)
[2017.09.21-16.08.54:671][ 14]LogModuleManager: Shutting down and abandoning module ImmediatePhysicsEditor (250)
[2017.09.21-16.08.54:671][ 14]LogModuleManager: Shutting down and abandoning module ImmediatePhysics (248)
[2017.09.21-16.08.54:671][ 14]LogModuleManager: Shutting down and abandoning module UdpMessaging (246)
[2017.09.21-16.08.54:771][ 14]LogModuleManager: Shutting down and abandoning module TcpMessaging (244)
[2017.09.21-16.08.54:872][ 14]LogModuleManager: Shutting down and abandoning module GameplayTagsEditor (242)
[2017.09.21-16.08.54:872][ 14]LogModuleManager: Shutting down and abandoning module FacialAnimationEditor (240)
[2017.09.21-16.08.54:872][ 14]LogModuleManager: Shutting down and abandoning module FacialAnimation (238)
[2017.09.21-16.08.54:872][ 14]LogModuleManager: Shutting down and abandoning module AssetManagerEditor (236)
[2017.09.21-16.08.54:872][ 14]LogModuleManager: Shutting down and abandoning module GraphEditor (235)
[2017.09.21-16.08.54:872][ 14]LogModuleManager: Shutting down and abandoning module ContentBrowser (233)
[2017.09.21-16.08.54:873][ 14]LogModuleManager: Shutting down and abandoning module LightPropagationVolumeRuntime (230)
[2017.09.21-16.08.54:873][ 14]LogModuleManager: Shutting down and abandoning module Paper2D (228)
[2017.09.21-16.08.54:873][ 14]LogModuleManager: Shutting down and abandoning module WindowsMoviePlayer (226)
[2017.09.21-16.08.54:873][ 14]LogModuleManager: Shutting down and abandoning module WmfMedia (224)
[2017.09.21-16.08.54:873][ 14]LogModuleManager: Shutting down and abandoning module PacketHandler (222)
[2017.09.21-16.08.54:874][ 14]LogModuleManager: Shutting down and abandoning module ClothingSystemEditor (220)
[2017.09.21-16.08.54:874][ 14]LogModuleManager: Shutting down and abandoning module ClothingSystemRuntime (218)
[2017.09.21-16.08.54:874][ 14]LogModuleManager: Shutting down and abandoning module Overlay (216)
[2017.09.21-16.08.54:874][ 14]LogModuleManager: Shutting down and abandoning module OverlayEditor (215)
[2017.09.21-16.08.54:874][ 14]LogModuleManager: Shutting down and abandoning module MediaAssets (212)
[2017.09.21-16.08.54:874][ 14]LogModuleManager: Shutting down and abandoning module VREditor (210)
[2017.09.21-16.08.54:874][ 14]LogModuleManager: Shutting down and abandoning module StringTableEditor (208)
[2017.09.21-16.08.54:874][ 14]LogModuleManager: Shutting down and abandoning module GameplayTasksEditor (206)
[2017.09.21-16.08.54:874][ 14]LogModuleManager: Shutting down and abandoning module BehaviorTreeEditor (204)
[2017.09.21-16.08.54:874][ 14]LogModuleManager: Shutting down and abandoning module FunctionalTesting (202)
[2017.09.21-16.08.54:874][ 14]LogModuleManager: Shutting down and abandoning module CollisionAnalyzer (200)
[2017.09.21-16.08.54:874][ 14]LogModuleManager: Shutting down and abandoning module WorkspaceMenuStructure (199)
[2017.09.21-16.08.54:874][ 14]LogModuleManager: Shutting down and abandoning module UMG (196)
[2017.09.21-16.08.54:874][ 14]LogModuleManager: Shutting down and abandoning module UMGEditor (195)
[2017.09.21-16.08.54:874][ 14]LogModuleManager: Shutting down and abandoning module Sequencer (194)
[2017.09.21-16.08.54:874][ 14]LogModuleManager: Shutting down and abandoning module MessageLog (191)
[2017.09.21-16.08.54:874][ 14]LogModuleManager: Shutting down and abandoning module SlateReflector (186)
[2017.09.21-16.08.54:874][ 14]LogModuleManager: Shutting down and abandoning module Slate (184)
[2017.09.21-16.08.54:874][ 14]LogModuleManager: Shutting down and abandoning module EditorStyle (182)
[2017.09.21-16.08.54:877][ 14]LogModuleManager: Shutting down and abandoning module MRMesh (180)
[2017.09.21-16.08.54:877][ 14]LogModuleManager: Shutting down and abandoning module SourceCodeAccess (178)
[2017.09.21-16.08.54:877][ 14]LogModuleManager: Shutting down and abandoning module HeadMountedDisplay (176)
[2017.09.21-16.08.54:877][ 14]LogModuleManager: Shutting down and abandoning module XAudio2 (174)
[2017.09.21-16.08.54:877][ 14]LogModuleManager: Shutting down and abandoning module Networking (172)
[2017.09.21-16.08.54:877][ 14]LogModuleManager: Shutting down and abandoning module Core (168)
[2017.09.21-16.08.54:877][ 14]LogModuleManager: Shutting down and abandoning module KismetCompiler (164)
[2017.09.21-16.08.54:877][ 14]LogModuleManager: Shutting down and abandoning module LevelSequence (162)
[2017.09.21-16.08.54:877][ 14]LogModuleManager: Shutting down and abandoning module MeshUtilities (160)
[2017.09.21-16.08.54:877][ 14]LogModuleManager: Shutting down and abandoning module MeshMergeUtilities (159)
[2017.09.21-16.08.54:877][ 14]LogModuleManager: Shutting down and abandoning module MeshReductionInterface (158)
[2017.09.21-16.08.54:877][ 14]LogModuleManager: Shutting down and abandoning module SimplygonSwarm (157)
[2017.09.21-16.08.54:877][ 14]LogModuleManager: Shutting down and abandoning module SimplygonMeshReduction (155)
[2017.09.21-16.08.54:877][ 14]LogModuleManager: Shutting down and abandoning module QuadricMeshReduction (153)
[2017.09.21-16.08.54:877][ 14]LogModuleManager: Shutting down and abandoning module MaterialBaking (149)
[2017.09.21-16.08.54:877][ 14]LogModuleManager: Shutting down and abandoning module DirectoryWatcher (146)
[2017.09.21-16.08.54:878][ 14]LogModuleManager: Shutting down and abandoning module DerivedDataCache (144)
[2017.09.21-16.08.54:910][ 14]LogDerivedDataCache: Shutdown
[2017.09.21-16.08.54:910][ 14]LogModuleManager: Shutting down and abandoning module TargetPlatform (142)
[2017.09.21-16.08.54:910][ 14]LogModuleManager: Shutting down and abandoning module VulkanShaderFormat (141)
[2017.09.21-16.08.54:910][ 14]LogModuleManager: Shutting down and abandoning module ShaderFormatVectorVM (139)
[2017.09.21-16.08.54:910][ 14]LogModuleManager: Shutting down and abandoning module ShaderFormatOpenGL (137)
[2017.09.21-16.08.54:910][ 14]LogModuleManager: Shutting down and abandoning module ShaderFormatD3D (135)
[2017.09.21-16.08.54:910][ 14]LogModuleManager: Shutting down and abandoning module MetalShaderFormat (133)
[2017.09.21-16.08.54:910][ 14]LogModuleManager: Shutting down and abandoning module TextureFormatUncompressed (131)
[2017.09.21-16.08.54:910][ 14]LogModuleManager: Shutting down and abandoning module TextureFormatPVR (129)
[2017.09.21-16.08.54:910][ 14]LogModuleManager: Shutting down and abandoning module TextureFormatDXT (127)
[2017.09.21-16.08.54:910][ 14]LogModuleManager: Shutting down and abandoning module TextureFormatIntelISPCTexComp (125)
[2017.09.21-16.08.54:910][ 14]LogModuleManager: Shutting down and abandoning module TextureFormatASTC (123)
[2017.09.21-16.08.54:910][ 14]LogModuleManager: Shutting down and abandoning module ImageWrapper (122)
[2017.09.21-16.08.54:911][ 14]LogModuleManager: Shutting down and abandoning module TextureFormatAndroid (119)
[2017.09.21-16.08.54:911][ 14]LogModuleManager: Shutting down and abandoning module AudioFormatOpus (117)
[2017.09.21-16.08.54:911][ 14]LogModuleManager: Shutting down and abandoning module AudioFormatOgg (115)
[2017.09.21-16.08.54:911][ 14]LogModuleManager: Shutting down and abandoning module AudioFormatADPCM (113)
[2017.09.21-16.08.54:911][ 14]LogModuleManager: Shutting down and abandoning module LinuxTargetPlatform (111)
[2017.09.21-16.08.54:911][ 14]LogModuleManager: Shutting down and abandoning module LinuxServerTargetPlatform (109)
[2017.09.21-16.08.54:911][ 14]LogModuleManager: Shutting down and abandoning module LinuxNoEditorTargetPlatform (107)
[2017.09.21-16.08.54:911][ 14]LogModuleManager: Shutting down and abandoning module LinuxClientTargetPlatform (105)
[2017.09.21-16.08.54:911][ 14]LogModuleManager: Shutting down and abandoning module TVOSTargetPlatform (103)
[2017.09.21-16.08.54:911][ 14]LogModuleManager: Shutting down and abandoning module Messaging (101)
[2017.09.21-16.08.54:911][ 14]LogModuleManager: Shutting down and abandoning module IOSTargetPlatform (99)
[2017.09.21-16.08.54:911][ 14]LogModuleManager: Shutting down and abandoning module HTML5TargetPlatform (97)
[2017.09.21-16.08.54:911][ 14]LogModuleManager: Shutting down and abandoning module Android_PVRTCTargetPlatform (95)
[2017.09.21-16.08.54:911][ 14]LogModuleManager: Shutting down and abandoning module Android_MultiTargetPlatform (93)
[2017.09.21-16.08.54:911][ 14]LogModuleManager: Shutting down and abandoning module Android_ETC2TargetPlatform (91)
[2017.09.21-16.08.54:911][ 14]LogModuleManager: Shutting down and abandoning module Android_ETC1TargetPlatform (89)
[2017.09.21-16.08.54:911][ 14]LogModuleManager: Shutting down and abandoning module Android_DXTTargetPlatform (87)
[2017.09.21-16.08.54:911][ 14]LogModuleManager: Shutting down and abandoning module Android_ATCTargetPlatform (85)
[2017.09.21-16.08.54:911][ 14]LogModuleManager: Shutting down and abandoning module Android_ASTCTargetPlatform (83)
[2017.09.21-16.08.54:911][ 14]LogModuleManager: Shutting down and abandoning module AndroidTargetPlatform (81)
[2017.09.21-16.08.54:911][ 14]LogModuleManager: Shutting down and abandoning module WindowsTargetPlatform (79)
[2017.09.21-16.08.54:911][ 14]LogModuleManager: Shutting down and abandoning module WindowsServerTargetPlatform (77)
[2017.09.21-16.08.54:911][ 14]LogModuleManager: Shutting down and abandoning module WindowsNoEditorTargetPlatform (75)
[2017.09.21-16.08.54:911][ 14]LogModuleManager: Shutting down and abandoning module WindowsClientTargetPlatform (73)
[2017.09.21-16.08.54:911][ 14]LogModuleManager: Shutting down and abandoning module MacTargetPlatform (71)
[2017.09.21-16.08.54:911][ 14]LogModuleManager: Shutting down and abandoning module MacServerTargetPlatform (69)
[2017.09.21-16.08.54:911][ 14]LogModuleManager: Shutting down and abandoning module MacNoEditorTargetPlatform (67)
[2017.09.21-16.08.54:911][ 14]LogModuleManager: Shutting down and abandoning module MacClientTargetPlatform (65)
[2017.09.21-16.08.54:911][ 14]LogModuleManager: Shutting down and abandoning module AllDesktopTargetPlatform (63)
[2017.09.21-16.08.54:911][ 14]LogModuleManager: Shutting down and abandoning module InputCore (60)
[2017.09.21-16.08.54:911][ 14]LogModuleManager: Shutting down and abandoning module Settings (58)
[2017.09.21-16.08.54:911][ 14]LogModuleManager: Shutting down and abandoning module PhysXCooking (56)
[2017.09.21-16.08.54:911][ 14]LogModuleManager: Shutting down and abandoning module SteamVR (54)
[2017.09.21-16.08.54:911][ 14]LogModuleManager: Shutting down and abandoning module OculusHMD (52)
[2017.09.21-16.08.54:911][ 14]LogModuleManager: Shutting down and abandoning module ExampleDeviceProfileSelector (50)
[2017.09.21-16.08.54:911][ 14]LogModuleManager: Shutting down and abandoning module OnlineBlueprintSupport (48)
[2017.09.21-16.08.54:911][ 14]LogModuleManager: Shutting down and abandoning module OnlineSubsystem (44)
[2017.09.21-16.08.54:911][ 14]LogOnline: Display: Unloading online subsystem: NULL
[2017.09.21-16.08.54:911][ 14]LogModuleManager: Shutting down and abandoning module XMPP (43)
[2017.09.21-16.08.54:911][ 14]LogModuleManager: Shutting down and abandoning module HTTP (41)
[2017.09.21-16.08.54:911][ 14]LogHttp: Display: Http module shutting down, but needs to wait on 1 outstanding Http requests:
[2017.09.21-16.08.54:911][ 14]LogHttp: Display: 	verb=[POST] url=[https://datarouter.ol.epicgames.com/datarouter/api/v1/public/data?SessionID=%7BF17BC078-4D37-651D-BFC1-1CA5822221B4%7D&AppID=UEEditor.Rocket.Release&AppVersion=4.17.1-3586342%2B%2B%2BUE4%2BRelease-4.17&UserID=813752124354e19d5db43da2575d523d%7Cb08348a7138a48b4a524bb2d648592d7%7Ca23590b9-0628-4d38-a4a7-d0c72dd4835d&AppEnvironment=datacollector-binary&UploadType=eteventstream] status=Processing
[2017.09.21-16.08.54:925][ 14]LogModuleManager: Shutting down and abandoning module SSL (40)
[2017.09.21-16.08.54:926][ 14]LogModuleManager: Shutting down and abandoning module AnimationModifiers (36)
[2017.09.21-16.08.54:926][ 14]LogModuleManager: Shutting down and abandoning module PropertyEditor (35)
[2017.09.21-16.08.54:926][ 14]LogModuleManager: Shutting down and abandoning module AudioEditor (32)
[2017.09.21-16.08.54:926][ 14]LogModuleManager: Shutting down and abandoning module TextureCompressor (30)
[2017.09.21-16.08.54:926][ 14]LogModuleManager: Shutting down and abandoning module ShaderCore (28)
[2017.09.21-16.08.54:926][ 14]LogModuleManager: Shutting down and abandoning module Landscape (26)
[2017.09.21-16.08.54:926][ 14]LogModuleManager: Shutting down and abandoning module SlateRHIRenderer (24)
[2017.09.21-16.08.54:928][ 14]LogModuleManager: Shutting down and abandoning module OpenGLDrv (22)
[2017.09.21-16.08.54:928][ 14]LogModuleManager: Shutting down and abandoning module D3D11RHI (20)
[2017.09.21-16.08.54:928][ 14]LogModuleManager: Shutting down and abandoning module AnimGraphRuntime (18)
[2017.09.21-16.08.54:928][ 14]LogModuleManager: Shutting down and abandoning module Renderer (16)
[2017.09.21-16.08.54:928][ 14]LogModuleManager: Shutting down and abandoning module Engine (14)
[2017.09.21-16.08.54:928][ 14]LogModuleManager: Shutting down and abandoning module CoreUObject (12)
[2017.09.21-16.08.54:928][ 14]LogModuleManager: Shutting down and abandoning module NetworkFile (10)
[2017.09.21-16.08.54:928][ 14]LogModuleManager: Shutting down and abandoning module CookedIterativeFile (8)
[2017.09.21-16.08.54:928][ 14]LogModuleManager: Shutting down and abandoning module StreamingFile (6)
[2017.09.21-16.08.54:928][ 14]LogModuleManager: Shutting down and abandoning module SandboxFile (4)
[2017.09.21-16.08.54:928][ 14]LogModuleManager: Shutting down and abandoning module PakFile (2)
[2017.09.21-16.08.54:931][ 14]LogExit: Exiting.
[2017.09.21-16.08.54:949][ 14]Log file closed, 09/21/17 12:08:54
