Log file open, 09/14/17 07:47:20
LogInit:Display: Running engine for game: MakeHimFall
LogPlatformFile: Not using cached read wrapper
LogInit:Display: RandInit(-1837018087) SRandInit(-1837018087).
LogTaskGraph: Started task graph with 5 named threads and 8 total threads with 1 sets of task threads.
LogStats: Stats thread started at 0.085040
LogInit: Using libcurl 7.47.1
LogInit:  - built for x86_64-pc-win32
LogInit:  - supports SSL with OpenSSL/1.0.2g
LogInit:  - supports HTTP deflate (compression) using libz 1.2.8
LogInit:  - other features:
LogInit:      CURL_VERSION_SSL
LogInit:      CURL_VERSION_LIBZ
LogInit:      CURL_VERSION_IPV6
LogInit:      CURL_VERSION_ASYNCHDNS
LogInit:      CURL_VERSION_LARGEFILE
LogInit:      CURL_VERSION_IDN
LogInit:  CurlRequestOptions (configurable via config and command line):
LogInit:  - bVerifyPeer = false  - Libcurl will NOT verify peer certificate
LogInit:  - bUseHttpProxy = false  - Libcurl will NOT use HTTP proxy
LogInit:  - bDontReuseConnections = false  - Libcurl will reuse connections
LogInit:  - CertBundlePath = nullptr  - Libcurl will use whatever was configured at build time.
LogInit: Build: ++UE4+Release-4.15-CL-3450819
LogInit: Engine Version: 4.15.3-3450819+++UE4+Release-4.15
LogInit: Compatible Engine Version: 4.15.0-3299760+++UE4+Release-4.15
LogInit: Net CL: 3299760
LogDevObjectVersion: Number of dev versions registered: 14
LogDevObjectVersion:   Dev-Blueprints (B0D832E4-1F89-4F0D-ACCF-7EB736FD4AA2): 8
LogDevObjectVersion:   Dev-Build (E1C64328-A22C-4D53-A36C-8E866417BD8C): 0
LogDevObjectVersion:   Dev-Core (375EC13C-06E4-48FB-B500-84F0262A717E): 2
LogDevObjectVersion:   Dev-Editor (E4B068ED-F494-42E9-A231-DA0B2E46BB41): 14
LogDevObjectVersion:   Dev-Framework (CFFC743F-43B0-4480-9391-14DF171D2073): 22
LogDevObjectVersion:   Dev-Mobile (B02B49B5-BB20-44E9-A304-32B752E40360): 0
LogDevObjectVersion:   Dev-Networking (A4E4105C-59A1-49B5-A7C5-40C4547EDFEE): 0
LogDevObjectVersion:   Dev-Online (39C831C9-5AE6-47DC-9A44-9C173E1C8E7C): 0
LogDevObjectVersion:   Dev-Physics (78F01B33-EBEA-4F98-B9B4-84EACCB95AA2): 0
LogDevObjectVersion:   Dev-Platform (6631380F-2D4D-43E0-8009-CF276956A95A): 0
LogDevObjectVersion:   Dev-Rendering (12F88B9F-8875-4AFC-A67C-D90C383ABD29): 12
LogDevObjectVersion:   Dev-Sequencer (7B5AE74C-D270-4C10-A958-57980B212A5A): 3
LogDevObjectVersion:   Dev-VR (D7296918-1DD6-4BDD-9DE2-64A83CC13884): 0
LogDevObjectVersion:   Dev-LoadTimes (C2A15278-BFE7-4AFE-6C17-90FF531DF755): 1
LogInit: Compiled (64-bit): May 21 2017 11:02:34
LogInit: Compiled with Visual C++: 19.00.23026.00
LogInit: Build Configuration: Development
LogInit: Branch Name: ++UE4+Release-4.15
LogInit: Command line:  
LogInit: Base directory: C:/Program Files/Epic Games/UE_4.15/Engine/Binaries/Win64/
LogInit: Installed Engine Build: 1
LogInit: Presizing for max 8388607 objects, including 0 objects not considered by GC, pre-allocating 0 bytes for permanent pool.
LogInit: Object subsystem initialized
[2017.09.14-11.47.21:993][  0]LogInit: Selected Device Profile: [Windows]
[2017.09.14-11.47.21:993][  0]LogInit: Applying CVar settings loaded from the selected device profile: [Windows]
[2017.09.14-11.47.22:016][  0]LogInit: Computer: JMAX-PC
[2017.09.14-11.47.22:016][  0]LogInit: User: JeanMaxime
[2017.09.14-11.47.22:016][  0]LogInit: CPU Page size=65536, Cores=4
[2017.09.14-11.47.22:016][  0]LogInit: High frequency timer resolution =2.435780 MHz
[2017.09.14-11.47.22:016][  0]LogMemory: Memory total: Physical=15.9GB (16GB approx)
[2017.09.14-11.47.22:016][  0]LogMemory: Platform Memory Stats for Windows
[2017.09.14-11.47.22:016][  0]LogMemory: Process Physical Memory: 263.80 MB used, 263.80 MB peak
[2017.09.14-11.47.22:016][  0]LogMemory: Process Virtual Memory: 262.39 MB used, 262.39 MB peak
[2017.09.14-11.47.22:016][  0]LogMemory: Physical Memory: 5139.81 MB used,  11127.19 MB free, 16267.00 MB total
[2017.09.14-11.47.22:016][  0]LogMemory: Virtual Memory: 631.09 MB used,  11127.19 MB free, 134217728.00 MB total
[2017.09.14-11.47.22:114][  0]LogTextLocalizationManager: No translations for ('fr-FR') exist, falling back to 'en' for localization and internationalization data.
[2017.09.14-11.47.26:378][  0]LogD3D11RHI: D3D11 adapters:
[2017.09.14-11.47.26:987][  0]LogD3D11RHI:    0. 'NVIDIA GeForce GTX 860M' (Feature Level 11_0)
[2017.09.14-11.47.26:987][  0]LogD3D11RHI:       4065/0/8133 MB DedicatedVideo/DedicatedSystem/SharedSystem, Outputs:1, VendorId:0x10de
[2017.09.14-11.47.26:992][  0]LogD3D11RHI:    1. 'Intel(R) HD Graphics 4600' (Feature Level 11_0)
[2017.09.14-11.47.26:992][  0]LogD3D11RHI:       112/0/2048 MB DedicatedVideo/DedicatedSystem/SharedSystem, Outputs:0, VendorId:0x8086
[2017.09.14-11.47.26:994][  0]LogD3D11RHI:    2. 'Microsoft Basic Render Driver' (Feature Level 11_0)
[2017.09.14-11.47.26:994][  0]LogD3D11RHI:       0/0/8133 MB DedicatedVideo/DedicatedSystem/SharedSystem, Outputs:0, VendorId:0x1414
[2017.09.14-11.47.26:994][  0]LogD3D11RHI: Chosen D3D11 Adapter: 0
[2017.09.14-11.47.27:000][  0]LogD3D11RHI: Creating new Direct3DDevice
[2017.09.14-11.47.27:000][  0]LogD3D11RHI:     GPU DeviceId: 0x1392 (for the marketing name, search the web for "GPU Device Id")
[2017.09.14-11.47.27:000][  0]LogWindows: EnumDisplayDevices:
[2017.09.14-11.47.27:000][  0]LogWindows:    0. 'Intel(R) HD Graphics 4600' (P:1 D:1)
[2017.09.14-11.47.27:000][  0]LogWindows:    1. 'Intel(R) HD Graphics 4600' (P:0 D:0)
[2017.09.14-11.47.27:001][  0]LogWindows:    2. 'Intel(R) HD Graphics 4600' (P:0 D:0)
[2017.09.14-11.47.27:001][  0]LogWindows: DebugString: PrimaryIsNotTheChoosenAdapter PrimaryIsNotTheChoosenAdapter PrimaryIsNotTheChoosenAdapter FoundDriverCount:0 
[2017.09.14-11.47.27:001][  0]LogD3D11RHI:     Adapter Name: NVIDIA GeForce GTX 860M
[2017.09.14-11.47.27:001][  0]LogD3D11RHI:   Driver Version: Unknown (internal:Unknown, unified:Unknown)
[2017.09.14-11.47.27:001][  0]LogD3D11RHI:      Driver Date: Unknown
[2017.09.14-11.47.27:001][  0]LogRHI: Texture pool is 1361 MB (70% of 1945 MB)
[2017.09.14-11.47.27:589][  0]LogD3D11RHI: Async texture creation enabled
[2017.09.14-11.47.27:628][  0]LogD3D11RHI: GPU Timing Frequency: 1000.000000 (Debug: 2 1)
[2017.09.14-11.47.27:629][  0]LogShaderCompilers: Guid format shader working directory is 16 characters bigger than the processId version (D:/GameJam1_MakeHimFall/MakeHimFall/Intermediate/Shaders/WorkingDirectory/13252/).
[2017.09.14-11.47.27:629][  0]LogShaderCompilers: Cleaned the shader compiler working directory 'C:/Users/Jean-Maxime/AppData/Local/Temp/UnrealShaderWorkingDir/0AA680B343018D3FA670AE90FEAE9F49/'.
[2017.09.14-11.47.27:629][  0]LogShaderCompilers:Display: Using Local Shader Compiler.
[2017.09.14-11.47.28:876][  0]LogTemp:Display: Loaded TP AllDesktopTargetPlatform
[2017.09.14-11.47.28:942][  0]LogTemp:Display: Loaded TP MacClientTargetPlatform
[2017.09.14-11.47.29:007][  0]LogTemp:Display: Loaded TP MacNoEditorTargetPlatform
[2017.09.14-11.47.29:072][  0]LogTemp:Display: Loaded TP MacServerTargetPlatform
[2017.09.14-11.47.29:138][  0]LogTemp:Display: Loaded TP MacTargetPlatform
[2017.09.14-11.47.29:203][  0]LogTemp:Display: Loaded TP WindowsClientTargetPlatform
[2017.09.14-11.47.29:270][  0]LogTemp:Display: Loaded TP WindowsNoEditorTargetPlatform
[2017.09.14-11.47.29:337][  0]LogTemp:Display: Loaded TP WindowsServerTargetPlatform
[2017.09.14-11.47.29:392][  0]LogTemp:Display: Loaded TP WindowsTargetPlatform
[2017.09.14-11.47.29:474][  0]LogTemp:Display: Loaded TP AndroidTargetPlatform
[2017.09.14-11.47.29:542][  0]LogTemp:Display: Loaded TP Android_ASTCTargetPlatform
[2017.09.14-11.47.29:606][  0]LogTemp:Display: Loaded TP Android_ATCTargetPlatform
[2017.09.14-11.47.29:674][  0]LogTemp:Display: Loaded TP Android_DXTTargetPlatform
[2017.09.14-11.47.29:737][  0]LogTemp:Display: Loaded TP Android_ETC1TargetPlatform
[2017.09.14-11.47.29:800][  0]LogTemp:Display: Loaded TP Android_ETC2TargetPlatform
[2017.09.14-11.47.29:934][  0]LogTemp:Display: Loaded TP Android_MultiTargetPlatform
[2017.09.14-11.47.29:934][  0]LogTemp:Display: Loaded TP Android_PVRTCTargetPlatform
[2017.09.14-11.47.29:984][  0]LogTemp:Display: Loaded TP HTML5TargetPlatform
[2017.09.14-11.47.30:117][  0]LogTemp:Display: Loaded TP IOSTargetPlatform
[2017.09.14-11.47.30:153][  0]LogTemp:Display: Loaded TP TVOSTargetPlatform
[2017.09.14-11.47.30:215][  0]LogTemp:Display: Loaded TP LinuxClientTargetPlatform
[2017.09.14-11.47.30:278][  0]LogTemp:Display: Loaded TP LinuxNoEditorTargetPlatform
[2017.09.14-11.47.30:340][  0]LogTemp:Display: Loaded TP LinuxServerTargetPlatform
[2017.09.14-11.47.30:405][  0]LogTemp:Display: Loaded TP LinuxTargetPlatform
[2017.09.14-11.47.30:405][  0]LogTargetPlatformManager:Display: Building Assets For Windows
[2017.09.14-11.47.30:918][  0]LogDerivedDataCache:Display: Max Cache Size: 512 MB
[2017.09.14-11.47.34:897][  0]LogDerivedDataCache: Loaded boot cache 3.98s 50MB C:/Users/Jean-Maxime/AppData/Local/UnrealEngine/4.15/DerivedDataCache/Boot.ddc.
[2017.09.14-11.47.34:897][  0]LogDerivedDataCache:Display: Loaded Boot cache: C:/Users/Jean-Maxime/AppData/Local/UnrealEngine/4.15/DerivedDataCache/Boot.ddc
[2017.09.14-11.47.34:897][  0]LogDerivedDataCache: FDerivedDataBackendGraph:  Pak pak cache file D:/GameJam1_MakeHimFall/MakeHimFall/DerivedDataCache/DDC.ddp not found, will not use a pak cache.
[2017.09.14-11.47.34:897][  0]LogDerivedDataCache: Unable to find inner node Pak for hierarchical cache Hierarchy.
[2017.09.14-11.47.34:897][  0]LogDerivedDataCache: FDerivedDataBackendGraph:  CompressedPak pak cache file D:/GameJam1_MakeHimFall/MakeHimFall/DerivedDataCache/Compressed.ddp not found, will not use a pak cache.
[2017.09.14-11.47.34:897][  0]LogDerivedDataCache: Unable to find inner node CompressedPak for hierarchical cache Hierarchy.
[2017.09.14-11.47.35:025][  0]LogDerivedDataCache:Display: Pak cache opened for reading ../../../Engine/DerivedDataCache/Compressed.ddp.
[2017.09.14-11.47.35:038][  0]LogDerivedDataCache: Using Local data cache path C:/Users/Jean-Maxime/AppData/Local/UnrealEngine/Common/DerivedDataCache: Writable
[2017.09.14-11.47.35:047][  0]LogSlate: Using Freetype 2.6.0
[2017.09.14-11.47.35:048][  0]LogSlate: SlateFontCache - WITH_FREETYPE: 1, WITH_HARFBUZZ: 1
[2017.09.14-11.47.35:048][  0]LogSlate: SlateFontCache - WITH_FREETYPE: 1, WITH_HARFBUZZ: 1
[2017.09.14-11.47.35:654][  0]LogInit: Selected Device Profile: [Windows]
[2017.09.14-11.47.35:657][  0]LogContentStreaming: Texture pool size is 0.00 MB
[2017.09.14-11.47.35:889][  0]LogMeshUtilities: Using QuadricMeshReduction for automatic static mesh reduction
[2017.09.14-11.47.35:943][  0]LogSimplygon: Simplygon DLL not present - disabling.
[2017.09.14-11.47.36:005][  0]LogMeshUtilities: Using SimplygonSwarm for distributed automatic mesh merging
[2017.09.14-11.47.36:005][  0]LogMeshUtilities: No automatic skeletal mesh reduction module available
[2017.09.14-11.47.36:005][  0]LogMeshUtilities: No automatic mesh merging module available
[2017.09.14-11.47.36:595][  0]LogNetVersion: GetLocalNetworkVersion: CL: 3299760, ProjectName: makehimfall, ProjectVersion: , EngineNetworkVersion: 2, GameNetworkVersion: 0, NetworkChecksum: 4172576148
[2017.09.14-11.47.36:643][  0]LogAssetRegistry: FAssetRegistry took 0.0216 seconds to start up
[2017.09.14-11.47.36:676][  0]LogPackageLocalizationCache: Processed 3 localized package path(s) for 1 prioritized culture(s) in 0.010174 seconds
[2017.09.14-11.47.36:682][  0]LogUObjectArray: 32493 objects as part of root set at end of initial load.
[2017.09.14-11.47.36:682][  0]LogUObjectAllocator: 7077032 out of 0 bytes used by permanent object pool.
[2017.09.14-11.47.36:682][  0]LogUObjectArray: CloseDisregardForGC: 0/0 objects in disregard for GC pool
[2017.09.14-11.47.36:750][  0]LogInit: WinSock: version 1.1 (2.2), MaxSocks=32767, MaxUdp=65467
[2017.09.14-11.47.46:349][  0]LogTcpMessaging: Initializing TcpMessaging bridge
[2017.09.14-11.47.46:396][  0]LogUdpMessaging: Initializing bridge on interface 0.0.0.0:0 to multicast group 230.0.0.1:6666.
[2017.09.14-11.47.46:955][  0]LogMaterial: Uniform references updated for custom material expression Custom.
[2017.09.14-11.47.47:425][  0]SourceControl: Info Source control is disabled
[2017.09.14-11.47.47:426][  0]SourceControl: Info Source control is disabled
[2017.09.14-11.47.47:488][  0]SourceControl: Info Source control is disabled
[2017.09.14-11.47.47:550][  0]SourceControl: Info Source control is disabled
[2017.09.14-11.47.49:164][  0]LogEngine: Initializing Engine...
[2017.09.14-11.47.49:165][  0]LogHMD: Failed to initialize OpenVR with code 110
[2017.09.14-11.47.49:274][  0]LogStats: UGameplayTagsManager::ConstructGameplayTagTree: Construct from data asset -  0.000 s
[2017.09.14-11.47.49:274][  0]LogStats: UGameplayTagsManager::ConstructGameplayTagTree: GameplayTagTreeChangedEvent.Broadcast -  0.000 s
[2017.09.14-11.47.49:423][  0]LogAIModule: Creating AISystem for world Untitled
[2017.09.14-11.47.49:432][  0]LogInit: XAudio2 using 'Speakers (Realtek High Definition Audio)' : 2 channels at 48 kHz using 32 bits per sample (channel mask 0x3)
[2017.09.14-11.47.49:563][  0]LogInit: FAudioDevice initialized.
[2017.09.14-11.47.49:590][  0]LogDerivedDataCache: Saved boot cache 0.03s 50MB C:/Users/Jean-Maxime/AppData/Local/UnrealEngine/4.15/DerivedDataCache/Boot.ddc.
[2017.09.14-11.47.49:597][  0]LogInit: Texture streaming: Enabled
[2017.09.14-11.47.49:701][  0]LogEngineSessionManager: EngineSessionManager initialized
[2017.09.14-11.47.49:702][  0]LogEngineSessionManager: EngineSessionManager sent abnormal shutdown report. Type=AbnormalShutdown, SessionId={7B8AABF6-48FD-4673-6599-81BCD3CADC68}
[2017.09.14-11.47.49:812][  0]LogInit: Transaction tracking system initialized
[2017.09.14-11.47.50:244][  0]BlueprintLog: New page: Editor Load
[2017.09.14-11.47.51:316][  0]LocalizationService: Info Localization service is disabled
[2017.09.14-11.47.52:187][  0]LogConsoleResponse:Display: 
[2017.09.14-11.47.52:579][  0]LogCook:Display: Max memory allowance for cook 16384mb min free memory 0mb
[2017.09.14-11.47.52:579][  0]LogCook:Display: Mobile HDR setting 1
[2017.09.14-11.47.52:750][  0]LogFileCache: Scanning file cache for directory 'D:/GameJam1_MakeHimFall/MakeHimFall/Content/' took 0.01s
[2017.09.14-11.47.54:009][  0]SourceControl: Info Source control is disabled
[2017.09.14-11.47.54:009][  0]Cmd: MAP LOAD FILE="../../../Engine/Content/Maps/Templates/Template_Default.umap" TEMPLATE=1 SHOWPROGRESS=1 FEATURELEVEL=3
[2017.09.14-11.47.54:071][  0]LightingResults: New page: Lighting Build
[2017.09.14-11.47.54:122][  0]MapCheck: New page: Map Check
[2017.09.14-11.47.54:122][  0]LightingResults: New page: Lighting Build
[2017.09.14-11.47.54:568][  0]LogAIModule: Creating AISystem for world Untitled_1
[2017.09.14-11.47.54:586][  0]LogActorComponent: RegisterComponentWithWorld: (/Temp/Untitled_1.Untitled_1:PersistentLevel.WorldSettings_1.StaticMeshComponent0) Trying to register component with IsPendingKill() == true. Aborting.
[2017.09.14-11.47.54:624][  0]LogEditorServer: Finished looking for orphan Actors (0.000 secs)
[2017.09.14-11.47.54:627][  0]Cmd: MAP CHECKDEP NOCLEARLOG
[2017.09.14-11.47.54:698][  0]MapCheck: Info Map check complete: 0 Error(s), 0 Warning(s), took 71.762ms to complete.
[2017.09.14-11.47.54:699][  0]LogFileHelpers: Loading map 'Template_Default' took 0.690
[2017.09.14-11.47.54:751][  0]LogWindowsTextInputMethodSystem:Display: IME system now deactivated.
[2017.09.14-11.47.54:895][  0]LogCollectionManager: Loaded 0 collections in 0.002014 seconds
[2017.09.14-11.47.54:985][  0]LogFileCache: Scanning file cache for directory 'D:/GameJam1_MakeHimFall/MakeHimFall/Saved/Collections/' took 0.01s
[2017.09.14-11.47.54:985][  0]LogFileCache: Scanning file cache for directory 'D:/GameJam1_MakeHimFall/MakeHimFall/Content/Developers/JeanMaxime/Collections/' took 0.01s
[2017.09.14-11.47.54:985][  0]LogFileCache: Scanning file cache for directory 'D:/GameJam1_MakeHimFall/MakeHimFall/Content/Collections/' took 0.01s
[2017.09.14-11.47.54:985][  0]LogCollectionManager: Rebuilt the GUID cache for 0 collections in 0.000002 seconds
[2017.09.14-11.47.54:995][  0]LogContentBrowser: Native class hierarchy populated in 0.0093 seconds. Added 2245 classes and 453 folders.
[2017.09.14-11.47.55:073][  0]LogContentBrowser: Native class hierarchy updated for 'WidgetCarousel' in 0.0005 seconds. Added 0 classes and 0 folders.
[2017.09.14-11.47.55:584][  0]LogContentBrowser: Native class hierarchy updated for 'AddContentDialog' in 0.0006 seconds. Added 0 classes and 0 folders.
[2017.09.14-11.47.55:636][  0]LogContentBrowser: Native class hierarchy updated for 'SceneOutliner' in 0.0006 seconds. Added 1 classes and 2 folders.
[2017.09.14-11.47.55:686][  0]LogCrashTracker: Crashtracker disabled due to settings.
[2017.09.14-11.47.55:692][  0]LogUObjectGlobals:Warning: Failed to find object 'Class None.'
[2017.09.14-11.47.55:773][  0]LogContentBrowser: Native class hierarchy updated for 'HierarchicalLODOutliner' in 0.0006 seconds. Added 1 classes and 2 folders.
[2017.09.14-11.47.55:773][  0]LogLoad: (Engine Initialization) Total time: 36.16 seconds
[2017.09.14-11.47.55:773][  0]LogLoad: (Engine Initialization) Total Blueprint compile time: 0.12 seconds
[2017.09.14-11.47.55:773][  0]LogExternalProfiler: Found external profiler: VSPerf
[2017.09.14-11.47.55:773][  0]LogExternalProfiler: Using external profiler: VSPerf
[2017.09.14-11.47.55:792][  0]LogOcInput: OculusInput pre-init called
[2017.09.14-11.47.55:809][  0]LogAssetRegistry: Asset discovery search completed in 19.1872 seconds
[2017.09.14-11.47.55:809][  0]LogCollectionManager: Rebuilt the object cache for 0 collections in 0.000003 seconds (found 0 objects)
[2017.09.14-11.47.55:809][  0]LogCollectionManager: Fixed up redirectors for 0 collections in 0.000016 seconds (updated 0 objects)
[2017.09.14-11.47.55:811][  0]LogContentStreaming: Texture pool size now 1000 MB
[2017.09.14-11.47.55:820][  0]LogSlate: Took 0.000482 seconds to synchronously load lazily loaded font '../../../Engine/Content/Slate/Fonts/Roboto-Regular.ttf' (155K)
[2017.09.14-11.47.55:823][  0]LogSlate: Took 0.000298 seconds to synchronously load lazily loaded font '../../../Engine/Content/Slate/Fonts/Roboto-Bold.ttf' (160K)
[2017.09.14-11.47.55:829][  0]LogSlate: Took 0.000228 seconds to synchronously load lazily loaded font '../../../Engine/Content/Editor/Slate/Fonts/FontAwesome.ttf' (139K)
[2017.09.14-11.47.55:902][  0]LogSlate: Took 0.000462 seconds to synchronously load lazily loaded font '../../../Engine/Content/Slate/Fonts/Roboto-Light.ttf' (159K)
[2017.09.14-11.47.55:960][  0]LogRenderer: Reallocating scene render targets to support 964x436 NumSamples 1 (Frame:2).
[2017.09.14-11.49.40:964][290]LogEditorViewport: Clicking on Actor (LMB): PlayerStart (Player Start)
[2017.09.14-11.49.43:686][450]Cmd: EDIT COPY
[2017.09.14-11.49.44:120][476]Cmd: EDIT PASTE
[2017.09.14-11.49.44:126][476]LogNavigationPoint: PostEditMove Clear paths rebuilt
[2017.09.14-11.49.46:061][591]LogNavigationPoint: PostEditMove Clear paths rebuilt
[2017.09.14-11.49.46:446][614]LogEditorViewport: Clicking on Actor (LMB): StaticMeshActor (Floor)
[2017.09.14-11.50.00:294][248]LogTextFormatter:Warning: Failed to parse argument "ExistingAsset" as a number (using "0" as a fallback). Please check your format string for errors: "{ExistingAsset} already exists. Do you want to replace it?".
[2017.09.14-11.50.01:407][248]LogSlate: Took 0.000263 seconds to synchronously load lazily loaded font '../../../Engine/Content/Slate/Fonts/Roboto-Light.ttf' (159K)
[2017.09.14-11.50.01:912][248]Cmd: OBJ SAVEPACKAGE PACKAGE="/Game/Maps/Level_1" FILE="D:/GameJam1_MakeHimFall/MakeHimFall/Content/Maps/Level_1.umap" SILENT=true AUTOSAVING=false KEEPDIRTY=false
[2017.09.14-11.50.02:014][248]LogSavePackage: Save=50.66ms
[2017.09.14-11.50.02:015][248]LogSavePackage: Moving 'D:/GameJam1_MakeHimFall/MakeHimFall/Saved/Level_1D1EE64794D6B73B040FF71BCA24DAA28.tmp' to 'D:/GameJam1_MakeHimFall/MakeHimFall/Content/Maps/Level_1.umap'
[2017.09.14-11.50.02:016][248]LogSavePackage:Display: Finished SavePackage D:/GameJam1_MakeHimFall/MakeHimFall/Content/Maps/Level_1.umap
[2017.09.14-11.50.02:038][248]LogFileHelpers: Saving map 'Level_1' took 0.728
[2017.09.14-11.50.21:367][ 31]LogSlate: Only BGRA pngs, bmps or icos are supported in by External Image Picker
[2017.09.14-11.50.21:435][ 33]LogTemp:Display: Executing iPhonePackager certificates Engine -bundlename com.YourCompany.MakeHimFall

[2017.09.14-11.50.21:435][ 33]LogTemp:Display: CWD: C:\Program Files\Epic Games\UE_4.15\Engine\Binaries\DotNET\IOS

[2017.09.14-11.50.21:435][ 33]LogTemp:Display: Initial Dir: C:\Program Files\Epic Games\UE_4.15

[2017.09.14-11.50.21:436][ 33]LogTemp:Display: Env CWD: C:\Program Files\Epic Games\UE_4.15\Engine\Binaries\DotNET\IOS

[2017.09.14-11.50.21:436][ 33]LogTemp:Display: BranchPath = JMAX-PC/C/Program Files/Epic Games/UE_4.15/Engine/Binaries --- GameBranchPath = JMAX-PC/C/Program Files/Epic Games/UE_4.15/Engine/Binaries

[2017.09.14-11.50.21:463][ 34]LogTemp:Display: IPP ERROR: Application exception: System.IO.DirectoryNotFoundException: Impossible de trouver une partie du chemin d'acc?s 'C:\Users\Jean-Maxime\AppData\Local\Apple Computer\MobileDevice\Provisioning Profiles'.

[2017.09.14-11.50.21:463][ 34]LogTemp:Display:    ? System.IO.__Error.WinIOError(Int32 errorCode, String maybeFullPath)

[2017.09.14-11.50.21:463][ 34]LogTemp:Display:    ? System.IO.FileSystemEnumerableIterator`1.CommonInit()

[2017.09.14-11.50.21:463][ 34]LogTemp:Display:    ? System.IO.Directory.EnumerateFiles(String path, String searchPattern)

[2017.09.14-11.50.21:463][ 34]LogTemp:Display:    ? iPhonePackager.CodeSignatureBuilder.FindProvisions(String CFBundleIdentifier)

[2017.09.14-11.50.21:463][ 34]LogTemp:Display:    ? iPhonePackager.Program.Main(String[] args)

[2017.09.14-11.50.31:625][635]LogSlate:Warning: Prevented a slow task dialog from being summoned while a context menu was open
[2017.09.14-11.50.48:070][563]LogSlate: Only BGRA pngs, bmps or icos are supported in by External Image Picker
[2017.09.14-11.50.48:123][565]LogTemp:Display: Executing iPhonePackager certificates Engine -bundlename com.YourCompany.MakeHimFall

[2017.09.14-11.50.48:123][565]LogTemp:Display: CWD: C:\Program Files\Epic Games\UE_4.15\Engine\Binaries\DotNET\IOS

[2017.09.14-11.50.48:123][565]LogTemp:Display: Initial Dir: C:\Program Files\Epic Games\UE_4.15

[2017.09.14-11.50.48:123][565]LogTemp:Display: Env CWD: C:\Program Files\Epic Games\UE_4.15\Engine\Binaries\DotNET\IOS

[2017.09.14-11.50.48:128][565]LogTemp:Display: BranchPath = JMAX-PC/C/Program Files/Epic Games/UE_4.15/Engine/Binaries --- GameBranchPath = JMAX-PC/C/Program Files/Epic Games/UE_4.15/Engine/Binaries

[2017.09.14-11.50.48:157][567]LogTemp:Display: IPP ERROR: Application exception: System.IO.DirectoryNotFoundException: Impossible de trouver une partie du chemin d'acc?s 'C:\Users\Jean-Maxime\AppData\Local\Apple Computer\MobileDevice\Provisioning Profiles'.

[2017.09.14-11.50.48:157][567]LogTemp:Display:    ? System.IO.__Error.WinIOError(Int32 errorCode, String maybeFullPath)

[2017.09.14-11.50.48:157][567]LogTemp:Display:    ? System.IO.FileSystemEnumerableIterator`1.CommonInit()

[2017.09.14-11.50.48:157][567]LogTemp:Display:    ? System.IO.Directory.EnumerateFiles(String path, String searchPattern)

[2017.09.14-11.50.48:157][567]LogTemp:Display:    ? iPhonePackager.CodeSignatureBuilder.FindProvisions(String CFBundleIdentifier)

[2017.09.14-11.50.48:157][567]LogTemp:Display:    ? iPhonePackager.Program.Main(String[] args)

[2017.09.14-11.51.04:581][550]LogSlate: Took 0.000271 seconds to synchronously load lazily loaded font '../../../Engine/Content/Slate/Fonts/Roboto-Light.ttf' (159K)
[2017.09.14-11.51.19:546][443]Cmd: OBJ SAVEPACKAGE PACKAGE="/Game/Maps/Level_1" FILE="D:/GameJam1_MakeHimFall/MakeHimFall/Content/Maps/Level_1.umap" SILENT=true AUTOSAVING=false KEEPDIRTY=false
[2017.09.14-11.51.19:581][443]LogSavePackage: Save=24.13ms
[2017.09.14-11.51.19:581][443]LogSavePackage: Moving 'D:/GameJam1_MakeHimFall/MakeHimFall/Saved/Level_1B064BE094605BC76238AA494CA55827C.tmp' to 'D:/GameJam1_MakeHimFall/MakeHimFall/Content/Maps/Level_1.umap'
[2017.09.14-11.51.19:583][443]LogSavePackage:Display: Finished SavePackage D:/GameJam1_MakeHimFall/MakeHimFall/Content/Maps/Level_1.umap
[2017.09.14-12.46.28:771][736]LogEditorViewport: Clicking on Actor (LMB): PlayerStart (Player Start)
[2017.09.14-12.46.34:065][ 24]LogContentBrowser: Native class hierarchy updated for 'BlueprintGraph' in 0.0010 seconds. Added 112 classes and 0 folders.
[2017.09.14-12.46.34:646][ 24]LogSlate: Took 0.000300 seconds to synchronously load lazily loaded font '../../../Engine/Content/Slate/Fonts/Roboto-Regular.ttf' (155K)
[2017.09.14-12.46.34:747][ 24]LogSlate: Took 0.021174 seconds to synchronously load lazily loaded font '../../../Engine/Content/Editor/Slate/Fonts/Roboto-BoldCondensed.ttf' (158K)
[2017.09.14-12.46.34:852][ 25]LogSlate: Took 0.011271 seconds to synchronously load lazily loaded font '../../../Engine/Content/Editor/Slate/Fonts/Roboto-Italic.ttf' (157K)
[2017.09.14-12.46.54:786][215]LogTemp: Repeting last play command: New Editor Window (PIE)
[2017.09.14-12.46.54:797][215]LogPlayLevel: PlayLevel: No blueprints needed recompiling
[2017.09.14-12.46.54:799][215]PIE: New page: PIE session: Level_1 (Sep 14, 2017, 4:46:54 AM)
[2017.09.14-12.46.54:799][215]LogPlayLevel: Creating play world package: /Game/Maps/UEDPIE_1_Level_1
[2017.09.14-12.46.54:801][215]LogPlayLevel: PIE: StaticDuplicateObject took: (0.001887s)
[2017.09.14-12.46.54:801][215]LogAIModule: Creating AISystem for world Level_1
[2017.09.14-12.46.54:801][215]LogPlayLevel: PIE: World Init took: (0.000737s)
[2017.09.14-12.46.54:801][215]LogPlayLevel: PIE: Created PIE world by copying editor world from /Game/Maps/Level_1.Level_1 to /Game/Maps/UEDPIE_1_Level_1.Level_1 (0.002813s)
[2017.09.14-12.46.54:826][215]LogInit: XAudio2 using 'Speakers (Realtek High Definition Audio)' : 2 channels at 48 kHz using 32 bits per sample (channel mask 0x3)
[2017.09.14-12.46.54:840][215]LogInit: FAudioDevice initialized.
[2017.09.14-12.46.54:895][215]LogLoad: Game class is 'BP_GameModeMHF_C'
[2017.09.14-12.46.54:898][215]LogWorld: Bringing World /Game/Maps/UEDPIE_1_Level_1.Level_1 up for play (max tick rate 60) at 2017.09.14-08.46.54
[2017.09.14-12.46.54:898][215]LogWorld: Bringing up level for play took: 0.001603
[2017.09.14-12.46.54:951][215]LogContentBrowser: Native class hierarchy updated for 'MovieSceneCapture' in 0.0006 seconds. Added 11 classes and 0 folders.
[2017.09.14-12.46.54:961][215]PIE: Info Play in editor start time for /Game/Maps/UEDPIE_1_Level_1 0.775
[2017.09.14-12.46.54:963][215]PIE: New page: PIE session: Level_1 (Sep 14, 2017, 4:46:54 AM)
[2017.09.14-12.46.54:963][215]LogPlayLevel: Creating play world package: /Game/Maps/UEDPIE_2_Level_1
[2017.09.14-12.46.54:964][215]LogPlayLevel: PIE: StaticDuplicateObject took: (0.001643s)
[2017.09.14-12.46.54:965][215]LogAIModule: Creating AISystem for world Level_1
[2017.09.14-12.46.54:965][215]LogPlayLevel: PIE: World Init took: (0.000767s)
[2017.09.14-12.46.54:965][215]LogPlayLevel: PIE: Created PIE world by copying editor world from /Game/Maps/Level_1.Level_1 to /Game/Maps/UEDPIE_2_Level_1.Level_1 (0.002589s)
[2017.09.14-12.46.55:033][215]LogLoad: Game class is 'BP_GameModeMHF_C'
[2017.09.14-12.46.55:035][215]LogWorld: Bringing World /Game/Maps/UEDPIE_2_Level_1.Level_1 up for play (max tick rate 60) at 2017.09.14-08.46.55
[2017.09.14-12.46.55:035][215]LogWorld: Bringing up level for play took: 0.001022
[2017.09.14-12.46.55:043][215]PIE: Info Play in editor start time for /Game/Maps/UEDPIE_2_Level_1 0.857
[2017.09.14-12.46.56:494][296]LogNet: Browse: /Game/Maps/Level_1?listen
[2017.09.14-12.46.56:494][296]LogLoad: LoadMap: /Game/Maps/Level_1?listen
[2017.09.14-12.46.56:510][296]Cmd: MEM
[2017.09.14-12.46.56:523][296]LogMemory: Platform Memory Stats for Windows
[2017.09.14-12.46.56:523][296]LogMemory: Process Physical Memory: 952.94 MB used, 1250.72 MB peak
[2017.09.14-12.46.56:523][296]LogMemory: Process Virtual Memory: 1759.82 MB used, 1759.82 MB peak
[2017.09.14-12.46.56:523][296]LogMemory: Physical Memory: 6618.01 MB used,  9649.00 MB free, 16267.00 MB total
[2017.09.14-12.46.56:523][296]LogMemory: Virtual Memory: 2519.23 MB used,  9649.00 MB free, 134217728.00 MB total
[2017.09.14-12.46.56:523][296]LogMemory: 
[2017.09.14-12.46.56:523][296]Allocator Stats for TBB: (not implemented)
[2017.09.14-12.46.56:523][296]LogPlayLevel: Creating play world package: /Game/Maps/UEDPIE_1_Level_1
[2017.09.14-12.46.56:525][296]LogPlayLevel: PIE: StaticDuplicateObject took: (0.001663s)
[2017.09.14-12.46.56:526][296]LogAIModule: Creating AISystem for world Level_1
[2017.09.14-12.46.56:526][296]LogPlayLevel: PIE: World Init took: (0.000999s)
[2017.09.14-12.46.56:526][296]LogPlayLevel: PIE: Created PIE world by copying editor world from /Game/Maps/Level_1.Level_1 to /Game/Maps/UEDPIE_1_Level_1.Level_1 (0.002984s)
[2017.09.14-12.46.56:526][296]LogLoad: Game class is 'BP_GameModeMHF_C'
[2017.09.14-12.46.56:527][296]LogInit: WinSock: Socket queue 131072 / 131072
[2017.09.14-12.46.56:529][296]LogInit: WinSock: I am jmax-pc (172.21.205.141:0)
[2017.09.14-12.46.56:529][296]PacketHandlerLog: Loaded PacketHandler component: Engine.EngineHandlerComponentFactory (StatelessConnectHandlerComponent)
[2017.09.14-12.46.56:529][296]LogNet: GameNetDriver IpNetDriver_0 IpNetDriver listening on port 7777
[2017.09.14-12.46.56:530][296]LogWorld: Bringing World /Game/Maps/UEDPIE_1_Level_1.Level_1 up for play (max tick rate 60) at 2017.09.14-08.46.56
[2017.09.14-12.46.56:531][296]LogWorld: Bringing up level for play took: 0.000890
[2017.09.14-12.46.56:533][296]LogLoad: Took 0.038250 seconds to LoadMap(/Game/Maps/UEDPIE_1_Level_1)
[2017.09.14-12.46.57:530][354]LogNet: Browse: 127.0.0.1//Engine/Maps/Entry
[2017.09.14-12.46.57:531][354]LogInit: WinSock: Socket queue 32768 / 32768
[2017.09.14-12.46.57:531][354]PacketHandlerLog: Loaded PacketHandler component: Engine.EngineHandlerComponentFactory (StatelessConnectHandlerComponent)
[2017.09.14-12.46.57:531][354]LogNet: Game client on port 7777, rate 10000
[2017.09.14-12.46.57:531][354]LogNetVersion: GetLocalNetworkVersion: CL: 3299760, ProjectName: makehimfall, ProjectVersion: 1.0.0.0, EngineNetworkVersion: 2, GameNetworkVersion: 0, NetworkChecksum: 2703269883
[2017.09.14-12.46.57:531][354]LogNet: UPendingNetGame::InitNetDriver: Sending hello. [UNetConnection] RemoteAddr: 127.0.0.1:7777, Name: IpConnection_0, Driver: PendingNetDriver IpNetDriver_1, IsServer: NO, PC: NULL, Owner: NULL
[2017.09.14-12.46.57:546][355]LogNet: NotifyAcceptingConnection accepted from: 127.0.0.1:61108
[2017.09.14-12.46.57:547][355]LogHandshake: SendConnectChallenge. Timestamp: 1.072280, Cookie: 071024066051217139173118009249164017255002148038175217025118
[2017.09.14-12.46.57:547][355]LogHandshake: SendChallengeResponse. Timestamp: 1.072280, Cookie: 071024066051217139173118009249164017255002148038175217025118
[2017.09.14-12.46.57:563][356]LogNet: NotifyAcceptingConnection accepted from: 127.0.0.1:61108
[2017.09.14-12.46.57:563][356]LogNet: Server accepting post-challenge connection from: 127.0.0.1:61108
[2017.09.14-12.46.57:563][356]PacketHandlerLog: Loaded PacketHandler component: Engine.EngineHandlerComponentFactory (StatelessConnectHandlerComponent)
[2017.09.14-12.46.57:563][356]LogNet: NotifyAcceptedConnection: Name: Level_1, TimeStamp: 09/14/17 08:46:57, [UNetConnection] RemoteAddr: 127.0.0.1:61108, Name: IpConnection_1, Driver: GameNetDriver IpNetDriver_0, IsServer: YES, PC: NULL, Owner: NULL
[2017.09.14-12.46.57:563][356]LogNet: AddClientConnection: Added client connection: [UNetConnection] RemoteAddr: 127.0.0.1:61108, Name: IpConnection_1, Driver: GameNetDriver IpNetDriver_0, IsServer: YES, PC: NULL, Owner: NULL
[2017.09.14-12.46.57:563][356]LogNet: NotifyAcceptingChannel Control 0 server World /Game/Maps/UEDPIE_1_Level_1.Level_1: Accepted
[2017.09.14-12.46.57:563][356]LogNet: Remote platform little endian=1
[2017.09.14-12.46.57:563][356]LogNet: This platform little endian=1
[2017.09.14-12.46.57:580][357]LogNet: Login request: /Engine/Maps/Entry userId: Invalid
[2017.09.14-12.46.57:581][357]LogNet: Welcomed by server (Level: /Game/Maps/UEDPIE_1_Level_1, Game: /Game/BP/BP_GameModeMHF.BP_GameModeMHF_C)
[2017.09.14-12.46.57:581][357]LogLoad: LoadMap: 127.0.0.1//Game/Maps/UEDPIE_1_Level_1?game=/Game/BP/BP_GameModeMHF.BP_GameModeMHF_C
[2017.09.14-12.46.57:600][357]Cmd: MEM
[2017.09.14-12.46.57:615][357]LogMemory: Platform Memory Stats for Windows
[2017.09.14-12.46.57:615][357]LogMemory: Process Physical Memory: 974.36 MB used, 1250.72 MB peak
[2017.09.14-12.46.57:615][357]LogMemory: Process Virtual Memory: 1844.36 MB used, 1844.36 MB peak
[2017.09.14-12.46.57:615][357]LogMemory: Physical Memory: 6635.60 MB used,  9631.41 MB free, 16267.00 MB total
[2017.09.14-12.46.57:615][357]LogMemory: Virtual Memory: 2571.65 MB used,  9631.41 MB free, 134217728.00 MB total
[2017.09.14-12.46.57:615][357]LogMemory: 
[2017.09.14-12.46.57:615][357]Allocator Stats for TBB: (not implemented)
[2017.09.14-12.46.57:617][357]LogAIModule: Creating AISystem for world Level_1
[2017.09.14-12.46.57:636][357]LogWorld: Bringing World /Game/Maps/UEDPIE_2_Level_1.Level_1 up for play (max tick rate 60) at 2017.09.14-08.46.57
[2017.09.14-12.46.57:636][357]LogWorld: Bringing up level for play took: 0.017699
[2017.09.14-12.46.57:636][357]LogLoad: Took 0.055274 seconds to LoadMap(/Game/Maps/UEDPIE_1_Level_1)
[2017.09.14-12.46.57:656][358]LogNet: Client netspeed is 10000
[2017.09.14-12.46.57:656][358]LogNet: Join request: /Engine/Maps/Entry?SplitscreenCount=1
[2017.09.14-12.46.57:658][358]LogNet: Join succeeded: 259
[2017.09.14-12.46.59:413][457]LogNet: UChannel::CleanUp: ChIndex == 0. Closing connection. [UChannel] ChIndex: 0, Closing: 0 [UNetConnection] RemoteAddr: 127.0.0.1:61108, Name: IpConnection_1, Driver: GameNetDriver IpNetDriver_0, IsServer: YES, PC: PlayerController_1, Owner: PlayerController_1
[2017.09.14-12.46.59:413][457]LogNet: UNetConnection::Close: [UNetConnection] RemoteAddr: 127.0.0.1:61108, Name: IpConnection_1, Driver: GameNetDriver IpNetDriver_0, IsServer: YES, PC: PlayerController_1, Owner: PlayerController_1, Channels: 3, Time: 2017.09.14-12.46.59
[2017.09.14-12.46.59:413][457]LogNet: UChannel::Close: Sending CloseBunch. ChIndex == 0. Name: [UChannel] ChIndex: 0, Closing: 0 [UNetConnection] RemoteAddr: 127.0.0.1:61108, Name: IpConnection_1, Driver: GameNetDriver IpNetDriver_0, IsServer: YES, PC: PlayerController_1, Owner: PlayerController_1
[2017.09.14-12.46.59:414][457]LogNet: UChannel::CleanUp: ChIndex == 0. Closing connection. [UChannel] ChIndex: 0, Closing: 0 [UNetConnection] RemoteAddr: 127.0.0.1:7777, Name: IpConnection_0, Driver: GameNetDriver IpNetDriver_1, IsServer: NO, PC: PlayerController_1, Owner: PlayerController_1
[2017.09.14-12.46.59:414][457]LogNet: UNetConnection::Close: [UNetConnection] RemoteAddr: 127.0.0.1:7777, Name: IpConnection_0, Driver: GameNetDriver IpNetDriver_1, IsServer: NO, PC: PlayerController_1, Owner: PlayerController_1, Channels: 3, Time: 2017.09.14-12.46.59
[2017.09.14-12.46.59:414][457]LogNet: UChannel::Close: Sending CloseBunch. ChIndex == 0. Name: [UChannel] ChIndex: 0, Closing: 0 [UNetConnection] RemoteAddr: 127.0.0.1:7777, Name: IpConnection_0, Driver: GameNetDriver IpNetDriver_1, IsServer: NO, PC: PlayerController_1, Owner: PlayerController_1
[2017.09.14-12.46.59:416][457]LogExit: GameNetDriver None shut down
[2017.09.14-12.46.59:416][457]LogExit: GameNetDriver None shut down
[2017.09.14-12.58.27:104][685]BlueprintLog: New page: Compile mainMenu
[2017.09.14-12.58.27:959][729]LogTemp: Repeting last play command: New Editor Window (PIE)
[2017.09.14-12.58.27:973][729]LogPlayLevel: PlayLevel: No blueprints needed recompiling
[2017.09.14-12.58.27:975][729]PIE: New page: PIE session: Level_1 (Sep 14, 2017, 4:58:27 AM)
[2017.09.14-12.58.27:975][729]LogPlayLevel: Creating play world package: /Game/Maps/UEDPIE_1_Level_1
[2017.09.14-12.58.27:977][729]LogPlayLevel: PIE: StaticDuplicateObject took: (0.001868s)
[2017.09.14-12.58.27:977][729]LogAIModule: Creating AISystem for world Level_1
[2017.09.14-12.58.27:978][729]LogPlayLevel: PIE: World Init took: (0.000788s)
[2017.09.14-12.58.27:978][729]LogPlayLevel: PIE: Created PIE world by copying editor world from /Game/Maps/Level_1.Level_1 to /Game/Maps/UEDPIE_1_Level_1.Level_1 (0.002852s)
[2017.09.14-12.58.27:995][729]LogInit: XAudio2 using 'Speakers (Realtek High Definition Audio)' : 2 channels at 48 kHz using 32 bits per sample (channel mask 0x3)
[2017.09.14-12.58.28:008][729]LogInit: FAudioDevice initialized.
[2017.09.14-12.58.28:050][729]LogLoad: Game class is 'BP_GameModeMHF_C'
[2017.09.14-12.58.28:052][729]LogWorld: Bringing World /Game/Maps/UEDPIE_1_Level_1.Level_1 up for play (max tick rate 60) at 2017.09.14-08.58.28
[2017.09.14-12.58.28:052][729]LogWorld: Bringing up level for play took: 0.000941
[2017.09.14-12.58.28:059][729]PIE: Info Play in editor start time for /Game/Maps/UEDPIE_1_Level_1 -0.127
[2017.09.14-12.58.28:061][729]PIE: New page: PIE session: Level_1 (Sep 14, 2017, 4:58:28 AM)
[2017.09.14-12.58.28:061][729]LogPlayLevel: Creating play world package: /Game/Maps/UEDPIE_2_Level_1
[2017.09.14-12.58.28:063][729]LogPlayLevel: PIE: StaticDuplicateObject took: (0.001565s)
[2017.09.14-12.58.28:064][729]LogAIModule: Creating AISystem for world Level_1
[2017.09.14-12.58.28:064][729]LogPlayLevel: PIE: World Init took: (0.001064s)
[2017.09.14-12.58.28:064][729]LogPlayLevel: PIE: Created PIE world by copying editor world from /Game/Maps/Level_1.Level_1 to /Game/Maps/UEDPIE_2_Level_1.Level_1 (0.002899s)
[2017.09.14-12.58.28:131][729]LogLoad: Game class is 'BP_GameModeMHF_C'
[2017.09.14-12.58.28:133][729]LogWorld: Bringing World /Game/Maps/UEDPIE_2_Level_1.Level_1 up for play (max tick rate 60) at 2017.09.14-08.58.28
[2017.09.14-12.58.28:133][729]LogWorld: Bringing up level for play took: 0.000847
[2017.09.14-12.58.28:141][729]PIE: Info Play in editor start time for /Game/Maps/UEDPIE_2_Level_1 -0.045
[2017.09.14-12.58.29:499][803]LogNet: Browse: /Game/Maps/Level_1?listen
[2017.09.14-12.58.29:499][803]LogLoad: LoadMap: /Game/Maps/Level_1?listen
[2017.09.14-12.58.29:519][803]Cmd: MEM
[2017.09.14-12.58.29:535][803]LogMemory: Platform Memory Stats for Windows
[2017.09.14-12.58.29:535][803]LogMemory: Process Physical Memory: 1012.35 MB used, 1250.72 MB peak
[2017.09.14-12.58.29:535][803]LogMemory: Process Virtual Memory: 1889.39 MB used, 1889.39 MB peak
[2017.09.14-12.58.29:535][803]LogMemory: Physical Memory: 6790.70 MB used,  9476.30 MB free, 16267.00 MB total
[2017.09.14-12.58.29:535][803]LogMemory: Virtual Memory: 2641.37 MB used,  9476.30 MB free, 134217728.00 MB total
[2017.09.14-12.58.29:535][803]LogMemory: 
[2017.09.14-12.58.29:535][803]Allocator Stats for TBB: (not implemented)
[2017.09.14-12.58.29:535][803]LogPlayLevel: Creating play world package: /Game/Maps/UEDPIE_1_Level_1
[2017.09.14-12.58.29:537][803]LogPlayLevel: PIE: StaticDuplicateObject took: (0.001795s)
[2017.09.14-12.58.29:537][803]LogAIModule: Creating AISystem for world Level_1
[2017.09.14-12.58.29:538][803]LogPlayLevel: PIE: World Init took: (0.000737s)
[2017.09.14-12.58.29:538][803]LogPlayLevel: PIE: Created PIE world by copying editor world from /Game/Maps/Level_1.Level_1 to /Game/Maps/UEDPIE_1_Level_1.Level_1 (0.002744s)
[2017.09.14-12.58.29:538][803]LogLoad: Game class is 'BP_GameModeMHF_C'
[2017.09.14-12.58.29:538][803]LogInit: WinSock: Socket queue 131072 / 131072
[2017.09.14-12.58.29:539][803]PacketHandlerLog: Loaded PacketHandler component: Engine.EngineHandlerComponentFactory (StatelessConnectHandlerComponent)
[2017.09.14-12.58.29:539][803]LogNet: GameNetDriver IpNetDriver_2 IpNetDriver listening on port 7777
[2017.09.14-12.58.29:540][803]LogWorld: Bringing World /Game/Maps/UEDPIE_1_Level_1.Level_1 up for play (max tick rate 60) at 2017.09.14-08.58.29
[2017.09.14-12.58.29:541][803]LogWorld: Bringing up level for play took: 0.001074
[2017.09.14-12.58.29:543][803]LogLoad: Took 0.043726 seconds to LoadMap(/Game/Maps/UEDPIE_1_Level_1)
[2017.09.14-12.58.30:321][849]LogNet: Browse: 127.0.0.1//Engine/Maps/Entry
[2017.09.14-12.58.30:321][849]LogInit: WinSock: Socket queue 32768 / 32768
[2017.09.14-12.58.30:322][849]PacketHandlerLog: Loaded PacketHandler component: Engine.EngineHandlerComponentFactory (StatelessConnectHandlerComponent)
[2017.09.14-12.58.30:322][849]LogNet: Game client on port 7777, rate 10000
[2017.09.14-12.58.30:322][849]LogNet: UPendingNetGame::InitNetDriver: Sending hello. [UNetConnection] RemoteAddr: 127.0.0.1:7777, Name: IpConnection_2, Driver: PendingNetDriver IpNetDriver_3, IsServer: NO, PC: NULL, Owner: NULL
[2017.09.14-12.58.30:337][850]LogNet: NotifyAcceptingConnection accepted from: 127.0.0.1:62539
[2017.09.14-12.58.30:337][850]LogHandshake: SendConnectChallenge. Timestamp: 0.855446, Cookie: 240228091022020119099225159150148219144241185204013089093253
[2017.09.14-12.58.30:338][850]LogHandshake: SendChallengeResponse. Timestamp: 0.855446, Cookie: 240228091022020119099225159150148219144241185204013089093253
[2017.09.14-12.58.30:354][851]LogNet: NotifyAcceptingConnection accepted from: 127.0.0.1:62539
[2017.09.14-12.58.30:354][851]LogNet: Server accepting post-challenge connection from: 127.0.0.1:62539
[2017.09.14-12.58.30:354][851]PacketHandlerLog: Loaded PacketHandler component: Engine.EngineHandlerComponentFactory (StatelessConnectHandlerComponent)
[2017.09.14-12.58.30:354][851]LogNet: NotifyAcceptedConnection: Name: Level_1, TimeStamp: 09/14/17 08:58:30, [UNetConnection] RemoteAddr: 127.0.0.1:62539, Name: IpConnection_3, Driver: GameNetDriver IpNetDriver_2, IsServer: YES, PC: NULL, Owner: NULL
[2017.09.14-12.58.30:354][851]LogNet: AddClientConnection: Added client connection: [UNetConnection] RemoteAddr: 127.0.0.1:62539, Name: IpConnection_3, Driver: GameNetDriver IpNetDriver_2, IsServer: YES, PC: NULL, Owner: NULL
[2017.09.14-12.58.30:354][851]LogNet: NotifyAcceptingChannel Control 0 server World /Game/Maps/UEDPIE_1_Level_1.Level_1: Accepted
[2017.09.14-12.58.30:354][851]LogNet: Remote platform little endian=1
[2017.09.14-12.58.30:354][851]LogNet: This platform little endian=1
[2017.09.14-12.58.30:371][852]LogNet: Login request: /Engine/Maps/Entry userId: Invalid
[2017.09.14-12.58.30:372][852]LogNet: Welcomed by server (Level: /Game/Maps/UEDPIE_1_Level_1, Game: /Game/BP/BP_GameModeMHF.BP_GameModeMHF_C)
[2017.09.14-12.58.30:372][852]LogLoad: LoadMap: 127.0.0.1//Game/Maps/UEDPIE_1_Level_1?game=/Game/BP/BP_GameModeMHF.BP_GameModeMHF_C
[2017.09.14-12.58.30:395][852]Cmd: MEM
[2017.09.14-12.58.30:409][852]LogMemory: Platform Memory Stats for Windows
[2017.09.14-12.58.30:409][852]LogMemory: Process Physical Memory: 1020.43 MB used, 1250.72 MB peak
[2017.09.14-12.58.30:409][852]LogMemory: Process Virtual Memory: 1977.38 MB used, 1977.38 MB peak
[2017.09.14-12.58.30:409][852]LogMemory: Physical Memory: 6802.89 MB used,  9464.11 MB free, 16267.00 MB total
[2017.09.14-12.58.30:409][852]LogMemory: Virtual Memory: 2733.37 MB used,  9464.11 MB free, 134217728.00 MB total
[2017.09.14-12.58.30:409][852]LogMemory: 
[2017.09.14-12.58.30:409][852]Allocator Stats for TBB: (not implemented)
[2017.09.14-12.58.30:411][852]LogAIModule: Creating AISystem for world Level_1
[2017.09.14-12.58.30:413][852]LogWorld: Bringing World /Game/Maps/UEDPIE_2_Level_1.Level_1 up for play (max tick rate 60) at 2017.09.14-08.58.30
[2017.09.14-12.58.30:413][852]LogWorld: Bringing up level for play took: 0.000823
[2017.09.14-12.58.30:413][852]LogLoad: Took 0.042049 seconds to LoadMap(/Game/Maps/UEDPIE_1_Level_1)
[2017.09.14-12.58.30:436][853]LogNet: Client netspeed is 10000
[2017.09.14-12.58.30:436][853]LogNet: Join request: /Engine/Maps/Entry?SplitscreenCount=1
[2017.09.14-12.58.30:437][853]LogNet: Join succeeded: 263
[2017.09.14-12.58.32:933][995]LogNet: UChannel::CleanUp: ChIndex == 0. Closing connection. [UChannel] ChIndex: 0, Closing: 0 [UNetConnection] RemoteAddr: 127.0.0.1:62539, Name: IpConnection_3, Driver: GameNetDriver IpNetDriver_2, IsServer: YES, PC: None, Owner: None
[2017.09.14-12.58.32:933][995]LogNet: UNetConnection::Close: [UNetConnection] RemoteAddr: 127.0.0.1:62539, Name: IpConnection_3, Driver: GameNetDriver IpNetDriver_2, IsServer: YES, PC: None, Owner: None, Channels: 2, Time: 2017.09.14-12.58.32
[2017.09.14-12.58.32:933][995]LogNet: UChannel::Close: Sending CloseBunch. ChIndex == 0. Name: [UChannel] ChIndex: 0, Closing: 0 [UNetConnection] RemoteAddr: 127.0.0.1:62539, Name: IpConnection_3, Driver: GameNetDriver IpNetDriver_2, IsServer: YES, PC: None, Owner: None
[2017.09.14-12.58.32:933][995]LogNet: UChannel::CleanUp: ChIndex == 0. Closing connection. [UChannel] ChIndex: 0, Closing: 0 [UNetConnection] RemoteAddr: 127.0.0.1:7777, Name: IpConnection_2, Driver: GameNetDriver IpNetDriver_3, IsServer: NO, PC: None, Owner: None
[2017.09.14-12.58.32:933][995]LogNet: UNetConnection::Close: [UNetConnection] RemoteAddr: 127.0.0.1:7777, Name: IpConnection_2, Driver: GameNetDriver IpNetDriver_3, IsServer: NO, PC: None, Owner: None, Channels: 2, Time: 2017.09.14-12.58.32
[2017.09.14-12.58.32:933][995]LogNet: UChannel::Close: Sending CloseBunch. ChIndex == 0. Name: [UChannel] ChIndex: 0, Closing: 0 [UNetConnection] RemoteAddr: 127.0.0.1:7777, Name: IpConnection_2, Driver: GameNetDriver IpNetDriver_3, IsServer: NO, PC: None, Owner: None
[2017.09.14-12.58.32:935][995]LogExit: GameNetDriver None shut down
[2017.09.14-12.58.32:935][995]LogExit: GameNetDriver None shut down
[2017.09.14-12.58.44:321][672]BlueprintLog: New page: Compile mainMenu
[2017.09.14-13.00.24:180][264]LogFileHelpers: Editor autosave (incl. sublevels) for '/Game/Maps/Level_1' took 0.017
[2017.09.14-13.00.24:182][264]OBJ SavePackage: Generating thumbnails for [0] asset(s) in package [/Game/HUD/mainMenu] ([1] browsable assets)...
[2017.09.14-13.00.24:182][264]OBJ SavePackage: Finished generating thumbnails for package [/Game/HUD/mainMenu]
[2017.09.14-13.00.24:182][264]Cmd: OBJ SAVEPACKAGE PACKAGE="/Game/HUD/mainMenu" FILE="D:/GameJam1_MakeHimFall/MakeHimFall/Saved/Autosaves/Game/HUD/mainMenu_Auto1.uasset" SILENT=false AUTOSAVING=true
[2017.09.14-13.00.24:198][264]LogSavePackage: Save=12.81ms
[2017.09.14-13.00.24:198][264]LogSavePackage: Moving 'D:/GameJam1_MakeHimFall/MakeHimFall/Saved/mainMenu_Auto1CF97F9B74168FA0391D1CFBF3DBA4983.tmp' to 'D:/GameJam1_MakeHimFall/MakeHimFall/Saved/Autosaves/Game/HUD/mainMenu_Auto1.uasset'
[2017.09.14-13.00.24:199][264]LogSavePackage:Display: Finished SavePackage D:/GameJam1_MakeHimFall/MakeHimFall/Saved/Autosaves/Game/HUD/mainMenu_Auto1.uasset
[2017.09.14-13.00.24:199][264]LogFileHelpers: Auto-saving content packages took 0.018
[2017.09.14-13.00.46:928][618]BlueprintLog: New page: Compile BP_GameModeMHF
[2017.09.14-13.01.05:295][711]BlueprintLog: New page: Compile BP_GameModeMHF
[2017.09.14-13.01.39:336][738]BlueprintLog: New page: Compile BP_GameModeMHF
[2017.09.14-13.06.36:364][121]LogEditorTransaction: Undo Delete current selection
[2017.09.14-13.06.38:589][251]LogEditorTransaction: Undo Add Node
[2017.09.14-13.06.39:517][304]LogEditorTransaction: Undo Edit Game Engage
[2017.09.14-13.06.42:174][463]LogEditorTransaction: Undo Edit Game Engage
[2017.09.14-13.06.43:010][513]LogEditorTransaction: Undo Delete current selection
[2017.09.14-13.06.44:940][626]LogEditorTransaction: Undo Delete current selection
[2017.09.14-13.07.03:548][709]BlueprintLog: New page: Compile mainMenu
[2017.09.14-13.08.21:157][298]BlueprintLog: New page: Compile BP_GameModeMHF
[2017.09.14-13.08.38:586][319]BlueprintLog: New page: Compile mainMenu
[2017.09.14-13.08.39:428][363]LogTemp: Repeting last play command: New Editor Window (PIE)
[2017.09.14-13.08.39:441][363]LogBlueprintUserMessages: Early PlayInEditor Detection: Level '/Game/Maps/Level_1.Level_1:PersistentLevel' has LevelScriptBlueprint '/Game/Maps/Level_1.Level_1:PersistentLevel.Level' with GeneratedClass '/Game/Maps/Level_1.Level_C' with ClassGeneratedBy '/Game/Maps/Level_1.Level_1:PersistentLevel.Level'
[2017.09.14-13.08.39:441][363]LogPlayLevel: PlayLevel: No blueprints needed recompiling
[2017.09.14-13.08.39:442][363]PIE: New page: PIE session: Level_1 (Sep 14, 2017, 5:08:39 AM)
[2017.09.14-13.08.39:442][363]LogPlayLevel: Creating play world package: /Game/Maps/UEDPIE_1_Level_1
[2017.09.14-13.08.39:444][363]LogPlayLevel: PIE: StaticDuplicateObject took: (0.002222s)
[2017.09.14-13.08.39:445][363]LogAIModule: Creating AISystem for world Level_1
[2017.09.14-13.08.39:445][363]LogPlayLevel: PIE: World Init took: (0.000785s)
[2017.09.14-13.08.39:445][363]LogPlayLevel: PIE: Created PIE world by copying editor world from /Game/Maps/Level_1.Level_1 to /Game/Maps/UEDPIE_1_Level_1.Level_1 (0.003231s)
[2017.09.14-13.08.39:466][363]LogInit: XAudio2 using 'Speakers (Realtek High Definition Audio)' : 2 channels at 48 kHz using 32 bits per sample (channel mask 0x3)
[2017.09.14-13.08.39:479][363]LogInit: FAudioDevice initialized.
[2017.09.14-13.08.39:525][363]LogLoad: Game class is 'BP_GameModeMHF_C'
[2017.09.14-13.08.39:527][363]LogWorld: Bringing World /Game/Maps/UEDPIE_1_Level_1.Level_1 up for play (max tick rate 60) at 2017.09.14-09.08.39
[2017.09.14-13.08.39:527][363]LogWorld: Bringing up level for play took: 0.001115
[2017.09.14-13.08.39:536][363]PIE: Info Play in editor start time for /Game/Maps/UEDPIE_1_Level_1 -0.651
[2017.09.14-13.08.39:537][363]PIE: New page: PIE session: Level_1 (Sep 14, 2017, 5:08:39 AM)
[2017.09.14-13.08.39:537][363]LogPlayLevel: Creating play world package: /Game/Maps/UEDPIE_2_Level_1
[2017.09.14-13.08.39:539][363]LogPlayLevel: PIE: StaticDuplicateObject took: (0.001938s)
[2017.09.14-13.08.39:540][363]LogAIModule: Creating AISystem for world Level_1
[2017.09.14-13.08.39:540][363]LogPlayLevel: PIE: World Init took: (0.001058s)
[2017.09.14-13.08.39:540][363]LogPlayLevel: PIE: Created PIE world by copying editor world from /Game/Maps/Level_1.Level_1 to /Game/Maps/UEDPIE_2_Level_1.Level_1 (0.003248s)
[2017.09.14-13.08.39:604][363]LogLoad: Game class is 'BP_GameModeMHF_C'
[2017.09.14-13.08.39:606][363]LogWorld: Bringing World /Game/Maps/UEDPIE_2_Level_1.Level_1 up for play (max tick rate 60) at 2017.09.14-09.08.39
[2017.09.14-13.08.39:606][363]LogWorld: Bringing up level for play took: 0.000952
[2017.09.14-13.08.39:614][363]PIE: Info Play in editor start time for /Game/Maps/UEDPIE_2_Level_1 -0.573
[2017.09.14-13.08.39:626][363]LogBlueprintUserMessages: Late PlayInEditor Detection: Level '/Game/Maps/Level_1.Level_1:PersistentLevel' has LevelScriptBlueprint '/Game/Maps/Level_1.Level_1:PersistentLevel.Level' with GeneratedClass '/Game/Maps/Level_1.Level_C' with ClassGeneratedBy '/Game/Maps/Level_1.Level_1:PersistentLevel.Level'
[2017.09.14-13.08.40:758][426]LogNet: Browse: /Game/Maps/Level_1?listen
[2017.09.14-13.08.40:758][426]LogLoad: LoadMap: /Game/Maps/Level_1?listen
[2017.09.14-13.08.40:779][426]Cmd: MEM
[2017.09.14-13.08.40:795][426]LogMemory: Platform Memory Stats for Windows
[2017.09.14-13.08.40:795][426]LogMemory: Process Physical Memory: 880.71 MB used, 1250.72 MB peak
[2017.09.14-13.08.40:795][426]LogMemory: Process Virtual Memory: 2102.33 MB used, 2102.33 MB peak
[2017.09.14-13.08.40:795][426]LogMemory: Physical Memory: 8710.78 MB used,  7556.23 MB free, 16267.00 MB total
[2017.09.14-13.08.40:795][426]LogMemory: Virtual Memory: 2881.38 MB used,  7556.23 MB free, 134217728.00 MB total
[2017.09.14-13.08.40:795][426]LogMemory: 
[2017.09.14-13.08.40:795][426]Allocator Stats for TBB: (not implemented)
[2017.09.14-13.08.40:795][426]LogPlayLevel: Creating play world package: /Game/Maps/UEDPIE_1_Level_1
[2017.09.14-13.08.40:797][426]LogPlayLevel: PIE: StaticDuplicateObject took: (0.001748s)
[2017.09.14-13.08.40:797][426]LogAIModule: Creating AISystem for world Level_1
[2017.09.14-13.08.40:797][426]LogPlayLevel: PIE: World Init took: (0.000655s)
[2017.09.14-13.08.40:798][426]LogPlayLevel: PIE: Created PIE world by copying editor world from /Game/Maps/Level_1.Level_1 to /Game/Maps/UEDPIE_1_Level_1.Level_1 (0.002598s)
[2017.09.14-13.08.40:798][426]LogLoad: Game class is 'BP_GameModeMHF_C'
[2017.09.14-13.08.40:798][426]LogInit: WinSock: Socket queue 131072 / 131072
[2017.09.14-13.08.40:798][426]PacketHandlerLog: Loaded PacketHandler component: Engine.EngineHandlerComponentFactory (StatelessConnectHandlerComponent)
[2017.09.14-13.08.40:798][426]LogNet: GameNetDriver IpNetDriver_4 IpNetDriver listening on port 7777
[2017.09.14-13.08.40:800][426]LogWorld: Bringing World /Game/Maps/UEDPIE_1_Level_1.Level_1 up for play (max tick rate 60) at 2017.09.14-09.08.40
[2017.09.14-13.08.40:800][426]LogWorld: Bringing up level for play took: 0.000860
[2017.09.14-13.08.40:802][426]LogLoad: Took 0.044011 seconds to LoadMap(/Game/Maps/UEDPIE_1_Level_1)
[2017.09.14-13.08.41:583][472]LogNet: Browse: 127.0.0.1//Engine/Maps/Entry
[2017.09.14-13.08.41:583][472]LogInit: WinSock: Socket queue 32768 / 32768
[2017.09.14-13.08.41:584][472]PacketHandlerLog: Loaded PacketHandler component: Engine.EngineHandlerComponentFactory (StatelessConnectHandlerComponent)
[2017.09.14-13.08.41:584][472]LogNet: Game client on port 7777, rate 10000
[2017.09.14-13.08.41:584][472]LogNet: UPendingNetGame::InitNetDriver: Sending hello. [UNetConnection] RemoteAddr: 127.0.0.1:7777, Name: IpConnection_4, Driver: PendingNetDriver IpNetDriver_5, IsServer: NO, PC: NULL, Owner: NULL
[2017.09.14-13.08.41:600][473]LogNet: NotifyAcceptingConnection accepted from: 127.0.0.1:55329
[2017.09.14-13.08.41:600][473]LogHandshake: SendConnectChallenge. Timestamp: 0.859405, Cookie: 249028040055210236103212192110139116116236231003168168027006
[2017.09.14-13.08.41:600][473]LogHandshake: SendChallengeResponse. Timestamp: 0.859405, Cookie: 249028040055210236103212192110139116116236231003168168027006
[2017.09.14-13.08.41:616][474]LogNet: NotifyAcceptingConnection accepted from: 127.0.0.1:55329
[2017.09.14-13.08.41:616][474]LogNet: Server accepting post-challenge connection from: 127.0.0.1:55329
[2017.09.14-13.08.41:616][474]PacketHandlerLog: Loaded PacketHandler component: Engine.EngineHandlerComponentFactory (StatelessConnectHandlerComponent)
[2017.09.14-13.08.41:616][474]LogNet: NotifyAcceptedConnection: Name: Level_1, TimeStamp: 09/14/17 09:08:41, [UNetConnection] RemoteAddr: 127.0.0.1:55329, Name: IpConnection_5, Driver: GameNetDriver IpNetDriver_4, IsServer: YES, PC: NULL, Owner: NULL
[2017.09.14-13.08.41:616][474]LogNet: AddClientConnection: Added client connection: [UNetConnection] RemoteAddr: 127.0.0.1:55329, Name: IpConnection_5, Driver: GameNetDriver IpNetDriver_4, IsServer: YES, PC: NULL, Owner: NULL
[2017.09.14-13.08.41:616][474]LogNet: NotifyAcceptingChannel Control 0 server World /Game/Maps/UEDPIE_1_Level_1.Level_1: Accepted
[2017.09.14-13.08.41:616][474]LogNet: Remote platform little endian=1
[2017.09.14-13.08.41:616][474]LogNet: This platform little endian=1
[2017.09.14-13.08.41:633][475]LogNet: Login request: /Engine/Maps/Entry userId: Invalid
[2017.09.14-13.08.41:633][475]LogNet: Welcomed by server (Level: /Game/Maps/UEDPIE_1_Level_1, Game: /Game/BP/BP_GameModeMHF.BP_GameModeMHF_C)
[2017.09.14-13.08.41:633][475]LogLoad: LoadMap: 127.0.0.1//Game/Maps/UEDPIE_1_Level_1?game=/Game/BP/BP_GameModeMHF.BP_GameModeMHF_C
[2017.09.14-13.08.41:658][475]Cmd: MEM
[2017.09.14-13.08.41:674][475]LogMemory: Platform Memory Stats for Windows
[2017.09.14-13.08.41:674][475]LogMemory: Process Physical Memory: 883.92 MB used, 1250.72 MB peak
[2017.09.14-13.08.41:674][475]LogMemory: Process Virtual Memory: 2200.34 MB used, 2200.34 MB peak
[2017.09.14-13.08.41:674][475]LogMemory: Physical Memory: 8699.57 MB used,  7567.43 MB free, 16267.00 MB total
[2017.09.14-13.08.41:674][475]LogMemory: Virtual Memory: 2977.38 MB used,  7567.43 MB free, 134217728.00 MB total
[2017.09.14-13.08.41:674][475]LogMemory: 
[2017.09.14-13.08.41:674][475]Allocator Stats for TBB: (not implemented)
[2017.09.14-13.08.41:676][475]LogAIModule: Creating AISystem for world Level_1
[2017.09.14-13.08.41:678][475]LogWorld: Bringing World /Game/Maps/UEDPIE_2_Level_1.Level_1 up for play (max tick rate 60) at 2017.09.14-09.08.41
[2017.09.14-13.08.41:678][475]LogWorld: Bringing up level for play took: 0.000962
[2017.09.14-13.08.41:679][475]LogLoad: Took 0.045284 seconds to LoadMap(/Game/Maps/UEDPIE_1_Level_1)
[2017.09.14-13.08.41:700][476]LogNet: Client netspeed is 10000
[2017.09.14-13.08.41:700][476]LogNet: Join request: /Engine/Maps/Entry?SplitscreenCount=1
[2017.09.14-13.08.41:702][476]LogNet: Join succeeded: 267
[2017.09.14-13.08.44:605][650]LogBlueprintUserMessages: Early EndPlayMap Detection: Level '/Game/Maps/Level_1.Level_1:PersistentLevel' has LevelScriptBlueprint '/Game/Maps/Level_1.Level_1:PersistentLevel.Level' with GeneratedClass '/Game/Maps/Level_1.Level_C' with ClassGeneratedBy '/Game/Maps/Level_1.Level_1:PersistentLevel.Level'
[2017.09.14-13.08.44:697][650]LogBlueprintUserMessages: Late EndPlayMap Detection: Level '/Game/Maps/Level_1.Level_1:PersistentLevel' has LevelScriptBlueprint '/Game/Maps/Level_1.Level_1:PersistentLevel.Level' with GeneratedClass '/Game/Maps/Level_1.Level_C' with ClassGeneratedBy '/Game/Maps/Level_1.Level_1:PersistentLevel.Level'
[2017.09.14-13.08.44:714][650]LogNet: UChannel::CleanUp: ChIndex == 0. Closing connection. [UChannel] ChIndex: 0, Closing: 0 [UNetConnection] RemoteAddr: 127.0.0.1:55329, Name: IpConnection_5, Driver: GameNetDriver IpNetDriver_4, IsServer: YES, PC: None, Owner: None
[2017.09.14-13.08.44:714][650]LogNet: UNetConnection::Close: [UNetConnection] RemoteAddr: 127.0.0.1:55329, Name: IpConnection_5, Driver: GameNetDriver IpNetDriver_4, IsServer: YES, PC: None, Owner: None, Channels: 2, Time: 2017.09.14-13.08.44
[2017.09.14-13.08.44:714][650]LogNet: UChannel::Close: Sending CloseBunch. ChIndex == 0. Name: [UChannel] ChIndex: 0, Closing: 0 [UNetConnection] RemoteAddr: 127.0.0.1:55329, Name: IpConnection_5, Driver: GameNetDriver IpNetDriver_4, IsServer: YES, PC: None, Owner: None
[2017.09.14-13.08.44:714][650]LogNet: UChannel::CleanUp: ChIndex == 0. Closing connection. [UChannel] ChIndex: 0, Closing: 0 [UNetConnection] RemoteAddr: 127.0.0.1:7777, Name: IpConnection_4, Driver: GameNetDriver IpNetDriver_5, IsServer: NO, PC: None, Owner: None
[2017.09.14-13.08.44:714][650]LogNet: UNetConnection::Close: [UNetConnection] RemoteAddr: 127.0.0.1:7777, Name: IpConnection_4, Driver: GameNetDriver IpNetDriver_5, IsServer: NO, PC: None, Owner: None, Channels: 2, Time: 2017.09.14-13.08.44
[2017.09.14-13.08.44:714][650]LogNet: UChannel::Close: Sending CloseBunch. ChIndex == 0. Name: [UChannel] ChIndex: 0, Closing: 0 [UNetConnection] RemoteAddr: 127.0.0.1:7777, Name: IpConnection_4, Driver: GameNetDriver IpNetDriver_5, IsServer: NO, PC: None, Owner: None
[2017.09.14-13.08.44:716][650]LogExit: GameNetDriver None shut down
[2017.09.14-13.08.44:717][650]LogExit: GameNetDriver None shut down
[2017.09.14-13.09.05:442][891]LogSlate:Warning: Prevented a slow task dialog from being summoned while a context menu was open
[2017.09.14-13.10.47:485][986]BlueprintLog: New page: Compile mainMenu
[2017.09.14-13.10.48:198][ 22]LogTemp: Repeting last play command: New Editor Window (PIE)
[2017.09.14-13.10.48:213][ 22]LogBlueprintUserMessages: Early PlayInEditor Detection: Level '/Game/Maps/Level_1.Level_1:PersistentLevel' has LevelScriptBlueprint '/Game/Maps/Level_1.Level_1:PersistentLevel.Level' with GeneratedClass '/Game/Maps/Level_1.Level_C' with ClassGeneratedBy '/Game/Maps/Level_1.Level_1:PersistentLevel.Level'
[2017.09.14-13.10.48:213][ 22]LogPlayLevel: PlayLevel: No blueprints needed recompiling
[2017.09.14-13.10.48:214][ 22]PIE: New page: PIE session: Level_1 (Sep 14, 2017, 5:10:48 AM)
[2017.09.14-13.10.48:214][ 22]LogPlayLevel: Creating play world package: /Game/Maps/UEDPIE_1_Level_1
[2017.09.14-13.10.48:216][ 22]LogPlayLevel: PIE: StaticDuplicateObject took: (0.001927s)
[2017.09.14-13.10.48:217][ 22]LogAIModule: Creating AISystem for world Level_1
[2017.09.14-13.10.48:217][ 22]LogPlayLevel: PIE: World Init took: (0.000923s)
[2017.09.14-13.10.48:217][ 22]LogPlayLevel: PIE: Created PIE world by copying editor world from /Game/Maps/Level_1.Level_1 to /Game/Maps/UEDPIE_1_Level_1.Level_1 (0.003075s)
[2017.09.14-13.10.48:236][ 22]LogInit: XAudio2 using 'Speakers (Realtek High Definition Audio)' : 2 channels at 48 kHz using 32 bits per sample (channel mask 0x3)
[2017.09.14-13.10.48:250][ 22]LogInit: FAudioDevice initialized.
[2017.09.14-13.10.48:292][ 22]LogLoad: Game class is 'BP_GameModeMHF_C'
[2017.09.14-13.10.48:294][ 22]LogWorld: Bringing World /Game/Maps/UEDPIE_1_Level_1.Level_1 up for play (max tick rate 60) at 2017.09.14-09.10.48
[2017.09.14-13.10.48:294][ 22]LogWorld: Bringing up level for play took: 0.000996
[2017.09.14-13.10.48:302][ 22]PIE: Info Play in editor start time for /Game/Maps/UEDPIE_1_Level_1 0.115
[2017.09.14-13.10.48:303][ 22]PIE: New page: PIE session: Level_1 (Sep 14, 2017, 5:10:48 AM)
[2017.09.14-13.10.48:303][ 22]LogPlayLevel: Creating play world package: /Game/Maps/UEDPIE_2_Level_1
[2017.09.14-13.10.48:305][ 22]LogPlayLevel: PIE: StaticDuplicateObject took: (0.001854s)
[2017.09.14-13.10.48:306][ 22]LogAIModule: Creating AISystem for world Level_1
[2017.09.14-13.10.48:306][ 22]LogPlayLevel: PIE: World Init took: (0.000715s)
[2017.09.14-13.10.48:306][ 22]LogPlayLevel: PIE: Created PIE world by copying editor world from /Game/Maps/Level_1.Level_1 to /Game/Maps/UEDPIE_2_Level_1.Level_1 (0.002789s)
[2017.09.14-13.10.48:372][ 22]LogLoad: Game class is 'BP_GameModeMHF_C'
[2017.09.14-13.10.48:374][ 22]LogWorld: Bringing World /Game/Maps/UEDPIE_2_Level_1.Level_1 up for play (max tick rate 60) at 2017.09.14-09.10.48
[2017.09.14-13.10.48:374][ 22]LogWorld: Bringing up level for play took: 0.000930
[2017.09.14-13.10.48:383][ 22]PIE: Info Play in editor start time for /Game/Maps/UEDPIE_2_Level_1 0.196
[2017.09.14-13.10.48:398][ 22]LogBlueprintUserMessages: Late PlayInEditor Detection: Level '/Game/Maps/Level_1.Level_1:PersistentLevel' has LevelScriptBlueprint '/Game/Maps/Level_1.Level_1:PersistentLevel.Level' with GeneratedClass '/Game/Maps/Level_1.Level_C' with ClassGeneratedBy '/Game/Maps/Level_1.Level_1:PersistentLevel.Level'
[2017.09.14-13.10.52:221][246]LogBlueprintUserMessages: Early EndPlayMap Detection: Level '/Game/Maps/Level_1.Level_1:PersistentLevel' has LevelScriptBlueprint '/Game/Maps/Level_1.Level_1:PersistentLevel.Level' with GeneratedClass '/Game/Maps/Level_1.Level_C' with ClassGeneratedBy '/Game/Maps/Level_1.Level_1:PersistentLevel.Level'
[2017.09.14-13.10.52:313][246]LogBlueprintUserMessages: Late EndPlayMap Detection: Level '/Game/Maps/Level_1.Level_1:PersistentLevel' has LevelScriptBlueprint '/Game/Maps/Level_1.Level_1:PersistentLevel.Level' with GeneratedClass '/Game/Maps/Level_1.Level_C' with ClassGeneratedBy '/Game/Maps/Level_1.Level_1:PersistentLevel.Level'
[2017.09.14-13.11.31:687][599]LogFileHelpers: Editor autosave (incl. sublevels) for '/Game/Maps/Level_1' took 0.019
[2017.09.14-13.11.31:689][599]OBJ SavePackage: Generating thumbnails for [0] asset(s) in package [/Game/BP/BP_GameModeMHF] ([1] browsable assets)...
[2017.09.14-13.11.31:689][599]OBJ SavePackage: Finished generating thumbnails for package [/Game/BP/BP_GameModeMHF]
[2017.09.14-13.11.31:689][599]Cmd: OBJ SAVEPACKAGE PACKAGE="/Game/BP/BP_GameModeMHF" FILE="D:/GameJam1_MakeHimFall/MakeHimFall/Saved/Autosaves/Game/BP/BP_GameModeMHF_Auto2.uasset" SILENT=false AUTOSAVING=true
[2017.09.14-13.11.31:706][599]LogSavePackage: Save=14.63ms
[2017.09.14-13.11.31:706][599]LogSavePackage: Moving 'D:/GameJam1_MakeHimFall/MakeHimFall/Saved/BP_GameModeMHF_Auto22C6FD54D4A98CA1B5FDCA8B8A5C0EFDB.tmp' to 'D:/GameJam1_MakeHimFall/MakeHimFall/Saved/Autosaves/Game/BP/BP_GameModeMHF_Auto2.uasset'
[2017.09.14-13.11.31:707][599]LogSavePackage:Display: Finished SavePackage D:/GameJam1_MakeHimFall/MakeHimFall/Saved/Autosaves/Game/BP/BP_GameModeMHF_Auto2.uasset
[2017.09.14-13.11.31:708][599]OBJ SavePackage: Generating thumbnails for [0] asset(s) in package [/Game/HUD/mainMenu] ([1] browsable assets)...
[2017.09.14-13.11.31:708][599]OBJ SavePackage: Finished generating thumbnails for package [/Game/HUD/mainMenu]
[2017.09.14-13.11.31:708][599]Cmd: OBJ SAVEPACKAGE PACKAGE="/Game/HUD/mainMenu" FILE="D:/GameJam1_MakeHimFall/MakeHimFall/Saved/Autosaves/Game/HUD/mainMenu_Auto2.uasset" SILENT=false AUTOSAVING=true
[2017.09.14-13.11.31:724][599]LogSavePackage: Save=14.01ms
[2017.09.14-13.11.31:724][599]LogSavePackage: Moving 'D:/GameJam1_MakeHimFall/MakeHimFall/Saved/mainMenu_Auto25927685F40E78958841FE58A098B4EEA.tmp' to 'D:/GameJam1_MakeHimFall/MakeHimFall/Saved/Autosaves/Game/HUD/mainMenu_Auto2.uasset'
[2017.09.14-13.11.31:725][599]LogSavePackage:Display: Finished SavePackage D:/GameJam1_MakeHimFall/MakeHimFall/Saved/Autosaves/Game/HUD/mainMenu_Auto2.uasset
[2017.09.14-13.11.31:725][599]LogFileHelpers: Auto-saving content packages took 0.038
[2017.09.14-13.11.38:620][ 12]BlueprintLog: New page: Compile BP_GameModeMHF
[2017.09.14-13.12.06:767][679]BlueprintLog: New page: Compile mainMenu
[2017.09.14-13.12.08:259][761]LogTemp: Repeting last play command: New Editor Window (PIE)
[2017.09.14-13.12.08:272][761]LogBlueprintUserMessages: Early PlayInEditor Detection: Level '/Game/Maps/Level_1.Level_1:PersistentLevel' has LevelScriptBlueprint '/Game/Maps/Level_1.Level_1:PersistentLevel.Level' with GeneratedClass '/Game/Maps/Level_1.Level_C' with ClassGeneratedBy '/Game/Maps/Level_1.Level_1:PersistentLevel.Level'
[2017.09.14-13.12.08:272][761]LogPlayLevel: PlayLevel: No blueprints needed recompiling
[2017.09.14-13.12.08:273][761]PIE: New page: PIE session: Level_1 (Sep 14, 2017, 5:12:08 AM)
[2017.09.14-13.12.08:273][761]LogPlayLevel: Creating play world package: /Game/Maps/UEDPIE_1_Level_1
[2017.09.14-13.12.08:276][761]LogPlayLevel: PIE: StaticDuplicateObject took: (0.002021s)
[2017.09.14-13.12.08:276][761]LogAIModule: Creating AISystem for world Level_1
[2017.09.14-13.12.08:276][761]LogPlayLevel: PIE: World Init took: (0.000863s)
[2017.09.14-13.12.08:277][761]LogPlayLevel: PIE: Created PIE world by copying editor world from /Game/Maps/Level_1.Level_1 to /Game/Maps/UEDPIE_1_Level_1.Level_1 (0.003107s)
[2017.09.14-13.12.08:296][761]LogInit: XAudio2 using 'Speakers (Realtek High Definition Audio)' : 2 channels at 48 kHz using 32 bits per sample (channel mask 0x3)
[2017.09.14-13.12.08:309][761]LogInit: FAudioDevice initialized.
[2017.09.14-13.12.08:350][761]LogLoad: Game class is 'BP_GameModeMHF_C'
[2017.09.14-13.12.08:351][761]LogWorld: Bringing World /Game/Maps/UEDPIE_1_Level_1.Level_1 up for play (max tick rate 60) at 2017.09.14-09.12.08
[2017.09.14-13.12.08:351][761]LogWorld: Bringing up level for play took: 0.000866
